running egg_info
creating ../build/courseworks_params/courseworks_params.egg-info
writing ../build/courseworks_params/courseworks_params.egg-info/PKG-INFO
writing dependency_links to ../build/courseworks_params/courseworks_params.egg-info/dependency_links.txt
writing entry points to ../build/courseworks_params/courseworks_params.egg-info/entry_points.txt
writing requirements to ../build/courseworks_params/courseworks_params.egg-info/requires.txt
writing top-level names to ../build/courseworks_params/courseworks_params.egg-info/top_level.txt
writing manifest file '../build/courseworks_params/courseworks_params.egg-info/SOURCES.txt'
reading manifest file '../build/courseworks_params/courseworks_params.egg-info/SOURCES.txt'
adding license file 'LICENSE'
writing manifest file '../build/courseworks_params/courseworks_params.egg-info/SOURCES.txt'
running build
running build_py
creating /home/mcr2/ros2_ws/src/build/courseworks_params/build
creating /home/mcr2/ros2_ws/src/build/courseworks_params/build/lib
creating /home/mcr2/ros2_ws/src/build/courseworks_params/build/lib/courseworks_params
copying courseworks_params/signal_params.py -> /home/mcr2/ros2_ws/src/build/courseworks_params/build/lib/courseworks_params
/usr/lib/python3/dist-packages/setuptools/command/install.py:34: SetuptoolsDeprecationWarning: setup.py install is deprecated. Use build and pip and other standards-based tools.
  warnings.warn(
copying courseworks_params/__init__.py -> /home/mcr2/ros2_ws/src/build/courseworks_params/build/lib/courseworks_params
running install
running install_lib
creating /home/mcr2/ros2_ws/src/install/courseworks_params/lib/python3.10/site-packages/courseworks_params
copying /home/mcr2/ros2_ws/src/build/courseworks_params/build/lib/courseworks_params/signal_params.py -> /home/mcr2/ros2_ws/src/install/courseworks_params/lib/python3.10/site-packages/courseworks_params
copying /home/mcr2/ros2_ws/src/build/courseworks_params/build/lib/courseworks_params/__init__.py -> /home/mcr2/ros2_ws/src/install/courseworks_params/lib/python3.10/site-packages/courseworks_params
byte-compiling /home/mcr2/ros2_ws/src/install/courseworks_params/lib/python3.10/site-packages/courseworks_params/signal_params.py to signal_params.cpython-310.pyc
byte-compiling /home/mcr2/ros2_ws/src/install/courseworks_params/lib/python3.10/site-packages/courseworks_params/__init__.py to __init__.cpython-310.pyc
running install_data
creating /home/mcr2/ros2_ws/src/install/courseworks_params/share/ament_index
creating /home/mcr2/ros2_ws/src/install/courseworks_params/share/ament_index/resource_index
creating /home/mcr2/ros2_ws/src/install/courseworks_params/share/ament_index/resource_index/packages
copying resource/courseworks_params -> /home/mcr2/ros2_ws/src/install/courseworks_params/share/ament_index/resource_index/packages
copying package.xml -> /home/mcr2/ros2_ws/src/install/courseworks_params/share/courseworks_params
running install_egg_info
Copying ../build/courseworks_params/courseworks_params.egg-info to /home/mcr2/ros2_ws/src/install/courseworks_params/lib/python3.10/site-packages/courseworks_params-0.0.0-py3.10.egg-info
running install_scripts
Installing signal_params script to /home/mcr2/ros2_ws/src/install/courseworks_params/lib/courseworks_params
writing list of installed files to '/home/mcr2/ros2_ws/src/build/courseworks_params/install.log'
