[1.320s] Invoking command in '/home/mcr2/ros2_ws/src/courseworks_params': PYTHONPATH=/home/mcr2/ros2_ws/src/build/courseworks_params/prefix_override:/home/mcr2/ros2_ws/src/install/courseworks_params/lib/python3.10/site-packages:${PYTHONPATH} /usr/bin/python3 setup.py egg_info --egg-base ../build/courseworks_params build --build-base /home/mcr2/ros2_ws/src/build/courseworks_params/build install --record /home/mcr2/ros2_ws/src/build/courseworks_params/install.log --single-version-externally-managed
[1.599s] running egg_info
[1.599s] creating ../build/courseworks_params/courseworks_params.egg-info
[1.600s] writing ../build/courseworks_params/courseworks_params.egg-info/PKG-INFO
[1.600s] writing dependency_links to ../build/courseworks_params/courseworks_params.egg-info/dependency_links.txt
[1.600s] writing entry points to ../build/courseworks_params/courseworks_params.egg-info/entry_points.txt
[1.600s] writing requirements to ../build/courseworks_params/courseworks_params.egg-info/requires.txt
[1.600s] writing top-level names to ../build/courseworks_params/courseworks_params.egg-info/top_level.txt
[1.601s] writing manifest file '../build/courseworks_params/courseworks_params.egg-info/SOURCES.txt'
[1.602s] reading manifest file '../build/courseworks_params/courseworks_params.egg-info/SOURCES.txt'
[1.603s] adding license file 'LICENSE'
[1.603s] writing manifest file '../build/courseworks_params/courseworks_params.egg-info/SOURCES.txt'
[1.604s] running build
[1.604s] running build_py
[1.604s] creating /home/mcr2/ros2_ws/src/build/courseworks_params/build
[1.604s] creating /home/mcr2/ros2_ws/src/build/courseworks_params/build/lib
[1.604s] creating /home/mcr2/ros2_ws/src/build/courseworks_params/build/lib/courseworks_params
[1.604s] copying courseworks_params/signal_params.py -> /home/mcr2/ros2_ws/src/build/courseworks_params/build/lib/courseworks_params
[1.605s] /usr/lib/python3/dist-packages/setuptools/command/install.py:34: SetuptoolsDeprecationWarning: setup.py install is deprecated. Use build and pip and other standards-based tools.
[1.605s]   warnings.warn(
[1.605s] copying courseworks_params/__init__.py -> /home/mcr2/ros2_ws/src/build/courseworks_params/build/lib/courseworks_params
[1.605s] running install
[1.606s] running install_lib
[1.606s] creating /home/mcr2/ros2_ws/src/install/courseworks_params/lib/python3.10/site-packages/courseworks_params
[1.606s] copying /home/mcr2/ros2_ws/src/build/courseworks_params/build/lib/courseworks_params/signal_params.py -> /home/mcr2/ros2_ws/src/install/courseworks_params/lib/python3.10/site-packages/courseworks_params
[1.606s] copying /home/mcr2/ros2_ws/src/build/courseworks_params/build/lib/courseworks_params/__init__.py -> /home/mcr2/ros2_ws/src/install/courseworks_params/lib/python3.10/site-packages/courseworks_params
[1.607s] byte-compiling /home/mcr2/ros2_ws/src/install/courseworks_params/lib/python3.10/site-packages/courseworks_params/signal_params.py to signal_params.cpython-310.pyc
[1.607s] byte-compiling /home/mcr2/ros2_ws/src/install/courseworks_params/lib/python3.10/site-packages/courseworks_params/__init__.py to __init__.cpython-310.pyc
[1.608s] running install_data
[1.608s] creating /home/mcr2/ros2_ws/src/install/courseworks_params/share/ament_index
[1.608s] creating /home/mcr2/ros2_ws/src/install/courseworks_params/share/ament_index/resource_index
[1.609s] creating /home/mcr2/ros2_ws/src/install/courseworks_params/share/ament_index/resource_index/packages
[1.609s] copying resource/courseworks_params -> /home/mcr2/ros2_ws/src/install/courseworks_params/share/ament_index/resource_index/packages
[1.609s] copying package.xml -> /home/mcr2/ros2_ws/src/install/courseworks_params/share/courseworks_params
[1.609s] running install_egg_info
[1.612s] Copying ../build/courseworks_params/courseworks_params.egg-info to /home/mcr2/ros2_ws/src/install/courseworks_params/lib/python3.10/site-packages/courseworks_params-0.0.0-py3.10.egg-info
[1.613s] running install_scripts
[1.639s] Installing signal_params script to /home/mcr2/ros2_ws/src/install/courseworks_params/lib/courseworks_params
[1.639s] writing list of installed files to '/home/mcr2/ros2_ws/src/build/courseworks_params/install.log'
[1.739s] Invoked command in '/home/mcr2/ros2_ws/src/courseworks_params' returned '0': PYTHONPATH=/home/mcr2/ros2_ws/src/build/courseworks_params/prefix_override:/home/mcr2/ros2_ws/src/install/courseworks_params/lib/python3.10/site-packages:${PYTHONPATH} /usr/bin/python3 setup.py egg_info --egg-base ../build/courseworks_params build --build-base /home/mcr2/ros2_ws/src/build/courseworks_params/build install --record /home/mcr2/ros2_ws/src/build/courseworks_params/install.log --single-version-externally-managed
