[2.601s] Invoking command in '/home/mcr2/ros2_ws/src/final_challenge': PYTHONPATH=/home/mcr2/ros2_ws/src/build/final_challenge/prefix_override:/home/mcr2/ros2_ws/src/install/final_challenge/lib/python3.10/site-packages:${PYTHONPATH} /usr/bin/python3 setup.py egg_info --egg-base ../build/final_challenge build --build-base /home/mcr2/ros2_ws/src/build/final_challenge/build install --record /home/mcr2/ros2_ws/src/build/final_challenge/install.log --single-version-externally-managed
[3.202s] running egg_info
[3.203s] writing ../build/final_challenge/final_challenge.egg-info/PKG-INFO
[3.204s] writing dependency_links to ../build/final_challenge/final_challenge.egg-info/dependency_links.txt
[3.206s] writing entry points to ../build/final_challenge/final_challenge.egg-info/entry_points.txt
[3.207s] writing requirements to ../build/final_challenge/final_challenge.egg-info/requires.txt
[3.207s] writing top-level names to ../build/final_challenge/final_challenge.egg-info/top_level.txt
[3.212s] reading manifest file '../build/final_challenge/final_challenge.egg-info/SOURCES.txt'
[3.216s] writing manifest file '../build/final_challenge/final_challenge.egg-info/SOURCES.txt'
[3.216s] running build
[3.216s] running build_py
[3.216s] copying final_challenge/setpoint.py -> /home/mcr2/ros2_ws/src/build/final_challenge/build/lib/final_challenge
[3.216s] running install
[3.216s] /usr/lib/python3/dist-packages/setuptools/command/install.py:34: SetuptoolsDeprecationWarning: setup.py install is deprecated. Use build and pip and other standards-based tools.
[3.217s]   warnings.warn(
[3.217s] running install_lib
[3.218s] copying /home/mcr2/ros2_ws/src/build/final_challenge/build/lib/final_challenge/setpoint.py -> /home/mcr2/ros2_ws/src/install/final_challenge/lib/python3.10/site-packages/final_challenge
[3.219s] byte-compiling /home/mcr2/ros2_ws/src/install/final_challenge/lib/python3.10/site-packages/final_challenge/setpoint.py to setpoint.cpython-310.pyc
[3.221s] running install_data
[3.222s] copying launch/setpoint_launch.py -> /home/mcr2/ros2_ws/src/install/final_challenge/share/final_challenge
[3.222s] running install_egg_info
[3.225s] removing '/home/mcr2/ros2_ws/src/install/final_challenge/lib/python3.10/site-packages/final_challenge-0.0.0-py3.10.egg-info' (and everything under it)
[3.234s] Copying ../build/final_challenge/final_challenge.egg-info to /home/mcr2/ros2_ws/src/install/final_challenge/lib/python3.10/site-packages/final_challenge-0.0.0-py3.10.egg-info
[3.247s] running install_scripts
[3.297s] Installing setpoint script to /home/mcr2/ros2_ws/src/install/final_challenge/lib/final_challenge
[3.297s] writing list of installed files to '/home/mcr2/ros2_ws/src/build/final_challenge/install.log'
[3.892s] Invoked command in '/home/mcr2/ros2_ws/src/final_challenge' returned '0': PYTHONPATH=/home/mcr2/ros2_ws/src/build/final_challenge/prefix_override:/home/mcr2/ros2_ws/src/install/final_challenge/lib/python3.10/site-packages:${PYTHONPATH} /usr/bin/python3 setup.py egg_info --egg-base ../build/final_challenge build --build-base /home/mcr2/ros2_ws/src/build/final_challenge/build install --record /home/mcr2/ros2_ws/src/build/final_challenge/install.log --single-version-externally-managed
