running egg_info
creating ../build/signal_decomposition/signal_decomposition.egg-info
writing ../build/signal_decomposition/signal_decomposition.egg-info/PKG-INFO
writing dependency_links to ../build/signal_decomposition/signal_decomposition.egg-info/dependency_links.txt
writing entry points to ../build/signal_decomposition/signal_decomposition.egg-info/entry_points.txt
writing requirements to ../build/signal_decomposition/signal_decomposition.egg-info/requires.txt
writing top-level names to ../build/signal_decomposition/signal_decomposition.egg-info/top_level.txt
writing manifest file '../build/signal_decomposition/signal_decomposition.egg-info/SOURCES.txt'
reading manifest file '../build/signal_decomposition/signal_decomposition.egg-info/SOURCES.txt'
adding license file 'LICENSE'
writing manifest file '../build/signal_decomposition/signal_decomposition.egg-info/SOURCES.txt'
running build
running build_py
creating /home/mcr2/ros2_ws/src/build/signal_decomposition/build
creating /home/mcr2/ros2_ws/src/build/signal_decomposition/build/lib
creating /home/mcr2/ros2_ws/src/build/signal_decomposition/build/lib/signal_decomposition
copying signal_decomposition/signal_reconstruction.py -> /home/mcr2/ros2_ws/src/build/signal_decomposition/build/lib/signal_decomposition
copying signal_decomposition/signal_generator.py -> /home/mcr2/ros2_ws/src/build/signal_decomposition/build/lib/signal_decomposition
copying signal_decomposition/__init__.py -> /home/mcr2/ros2_ws/src/build/signal_decomposition/build/lib/signal_decomposition
running install
/usr/lib/python3/dist-packages/setuptools/command/install.py:34: SetuptoolsDeprecationWarning: setup.py install is deprecated. Use build and pip and other standards-based tools.
  warnings.warn(
running install_lib
creating /home/mcr2/ros2_ws/src/install/signal_decomposition/lib/python3.10/site-packages/signal_decomposition
copying /home/mcr2/ros2_ws/src/build/signal_decomposition/build/lib/signal_decomposition/signal_reconstruction.py -> /home/mcr2/ros2_ws/src/install/signal_decomposition/lib/python3.10/site-packages/signal_decomposition
copying /home/mcr2/ros2_ws/src/build/signal_decomposition/build/lib/signal_decomposition/signal_generator.py -> /home/mcr2/ros2_ws/src/install/signal_decomposition/lib/python3.10/site-packages/signal_decomposition
copying /home/mcr2/ros2_ws/src/build/signal_decomposition/build/lib/signal_decomposition/__init__.py -> /home/mcr2/ros2_ws/src/install/signal_decomposition/lib/python3.10/site-packages/signal_decomposition
byte-compiling /home/mcr2/ros2_ws/src/install/signal_decomposition/lib/python3.10/site-packages/signal_decomposition/signal_reconstruction.py to signal_reconstruction.cpython-310.pyc
byte-compiling /home/mcr2/ros2_ws/src/install/signal_decomposition/lib/python3.10/site-packages/signal_decomposition/signal_generator.py to signal_generator.cpython-310.pyc
byte-compiling /home/mcr2/ros2_ws/src/install/signal_decomposition/lib/python3.10/site-packages/signal_decomposition/__init__.py to __init__.cpython-310.pyc
running install_data
creating /home/mcr2/ros2_ws/src/install/signal_decomposition/share/ament_index
creating /home/mcr2/ros2_ws/src/install/signal_decomposition/share/ament_index/resource_index
creating /home/mcr2/ros2_ws/src/install/signal_decomposition/share/ament_index/resource_index/packages
copying resource/signal_decomposition -> /home/mcr2/ros2_ws/src/install/signal_decomposition/share/ament_index/resource_index/packages
copying package.xml -> /home/mcr2/ros2_ws/src/install/signal_decomposition/share/signal_decomposition
copying launch/signal_decomposition_launch.py -> /home/mcr2/ros2_ws/src/install/signal_decomposition/share/signal_decomposition
creating /home/mcr2/ros2_ws/src/install/signal_decomposition/share/signal_decomposition/config
copying config/params.yaml -> /home/mcr2/ros2_ws/src/install/signal_decomposition/share/signal_decomposition/config
running install_egg_info
Copying ../build/signal_decomposition/signal_decomposition.egg-info to /home/mcr2/ros2_ws/src/install/signal_decomposition/lib/python3.10/site-packages/signal_decomposition-0.0.0-py3.10.egg-info
running install_scripts
Installing signal_generator script to /home/mcr2/ros2_ws/src/install/signal_decomposition/lib/signal_decomposition
Installing signal_reconstruction script to /home/mcr2/ros2_ws/src/install/signal_decomposition/lib/signal_decomposition
writing list of installed files to '/home/mcr2/ros2_ws/src/build/signal_decomposition/install.log'
