[0.731s] Invoking command in '/home/mcr2/ros2_ws/src/signal_decomposition': AMENT_PREFIX_PATH=/home/mcr2/ros2_ws/src/install/signal_msg:${AMENT_PREFIX_PATH} CMAKE_PREFIX_PATH=/home/mcr2/ros2_ws/src/install/signal_msg:${CMAKE_PREFIX_PATH} LD_LIBRARY_PATH=/home/mcr2/ros2_ws/src/install/signal_msg/lib:${LD_LIBRARY_PATH} PYTHONPATH=/home/mcr2/ros2_ws/src/build/signal_decomposition/prefix_override:/home/mcr2/ros2_ws/src/install/signal_decomposition/lib/python3.10/site-packages:/home/mcr2/ros2_ws/src/install/signal_msg/local/lib/python3.10/dist-packages:${PYTHONPATH} /usr/bin/python3 setup.py egg_info --egg-base ../build/signal_decomposition build --build-base /home/mcr2/ros2_ws/src/build/signal_decomposition/build install --record /home/mcr2/ros2_ws/src/build/signal_decomposition/install.log --single-version-externally-managed
[0.933s] running egg_info
[0.934s] creating ../build/signal_decomposition/signal_decomposition.egg-info
[0.934s] writing ../build/signal_decomposition/signal_decomposition.egg-info/PKG-INFO
[0.934s] writing dependency_links to ../build/signal_decomposition/signal_decomposition.egg-info/dependency_links.txt
[0.935s] writing entry points to ../build/signal_decomposition/signal_decomposition.egg-info/entry_points.txt
[0.935s] writing requirements to ../build/signal_decomposition/signal_decomposition.egg-info/requires.txt
[0.935s] writing top-level names to ../build/signal_decomposition/signal_decomposition.egg-info/top_level.txt
[0.935s] writing manifest file '../build/signal_decomposition/signal_decomposition.egg-info/SOURCES.txt'
[0.936s] reading manifest file '../build/signal_decomposition/signal_decomposition.egg-info/SOURCES.txt'
[0.936s] adding license file 'LICENSE'
[0.937s] writing manifest file '../build/signal_decomposition/signal_decomposition.egg-info/SOURCES.txt'
[0.937s] running build
[0.937s] running build_py
[0.937s] creating /home/mcr2/ros2_ws/src/build/signal_decomposition/build
[0.938s] creating /home/mcr2/ros2_ws/src/build/signal_decomposition/build/lib
[0.938s] creating /home/mcr2/ros2_ws/src/build/signal_decomposition/build/lib/signal_decomposition
[0.938s] copying signal_decomposition/signal_reconstruction.py -> /home/mcr2/ros2_ws/src/build/signal_decomposition/build/lib/signal_decomposition
[0.938s] copying signal_decomposition/signal_generator.py -> /home/mcr2/ros2_ws/src/build/signal_decomposition/build/lib/signal_decomposition
[0.938s] copying signal_decomposition/__init__.py -> /home/mcr2/ros2_ws/src/build/signal_decomposition/build/lib/signal_decomposition
[0.938s] running install
[0.939s] /usr/lib/python3/dist-packages/setuptools/command/install.py:34: SetuptoolsDeprecationWarning: setup.py install is deprecated. Use build and pip and other standards-based tools.
[0.939s]   warnings.warn(
[0.939s] running install_lib
[0.939s] creating /home/mcr2/ros2_ws/src/install/signal_decomposition/lib/python3.10/site-packages/signal_decomposition
[0.939s] copying /home/mcr2/ros2_ws/src/build/signal_decomposition/build/lib/signal_decomposition/signal_reconstruction.py -> /home/mcr2/ros2_ws/src/install/signal_decomposition/lib/python3.10/site-packages/signal_decomposition
[0.939s] copying /home/mcr2/ros2_ws/src/build/signal_decomposition/build/lib/signal_decomposition/signal_generator.py -> /home/mcr2/ros2_ws/src/install/signal_decomposition/lib/python3.10/site-packages/signal_decomposition
[0.939s] copying /home/mcr2/ros2_ws/src/build/signal_decomposition/build/lib/signal_decomposition/__init__.py -> /home/mcr2/ros2_ws/src/install/signal_decomposition/lib/python3.10/site-packages/signal_decomposition
[0.939s] byte-compiling /home/mcr2/ros2_ws/src/install/signal_decomposition/lib/python3.10/site-packages/signal_decomposition/signal_reconstruction.py to signal_reconstruction.cpython-310.pyc
[0.940s] byte-compiling /home/mcr2/ros2_ws/src/install/signal_decomposition/lib/python3.10/site-packages/signal_decomposition/signal_generator.py to signal_generator.cpython-310.pyc
[0.941s] byte-compiling /home/mcr2/ros2_ws/src/install/signal_decomposition/lib/python3.10/site-packages/signal_decomposition/__init__.py to __init__.cpython-310.pyc
[0.941s] running install_data
[0.941s] creating /home/mcr2/ros2_ws/src/install/signal_decomposition/share/ament_index
[0.942s] creating /home/mcr2/ros2_ws/src/install/signal_decomposition/share/ament_index/resource_index
[0.942s] creating /home/mcr2/ros2_ws/src/install/signal_decomposition/share/ament_index/resource_index/packages
[0.942s] copying resource/signal_decomposition -> /home/mcr2/ros2_ws/src/install/signal_decomposition/share/ament_index/resource_index/packages
[0.942s] copying package.xml -> /home/mcr2/ros2_ws/src/install/signal_decomposition/share/signal_decomposition
[0.942s] copying launch/signal_decomposition_launch.py -> /home/mcr2/ros2_ws/src/install/signal_decomposition/share/signal_decomposition
[0.943s] creating /home/mcr2/ros2_ws/src/install/signal_decomposition/share/signal_decomposition/config
[0.943s] copying config/params.yaml -> /home/mcr2/ros2_ws/src/install/signal_decomposition/share/signal_decomposition/config
[0.943s] running install_egg_info
[0.944s] Copying ../build/signal_decomposition/signal_decomposition.egg-info to /home/mcr2/ros2_ws/src/install/signal_decomposition/lib/python3.10/site-packages/signal_decomposition-0.0.0-py3.10.egg-info
[0.944s] running install_scripts
[0.960s] Installing signal_generator script to /home/mcr2/ros2_ws/src/install/signal_decomposition/lib/signal_decomposition
[0.961s] Installing signal_reconstruction script to /home/mcr2/ros2_ws/src/install/signal_decomposition/lib/signal_decomposition
[0.961s] writing list of installed files to '/home/mcr2/ros2_ws/src/build/signal_decomposition/install.log'
[0.980s] Invoked command in '/home/mcr2/ros2_ws/src/signal_decomposition' returned '0': AMENT_PREFIX_PATH=/home/mcr2/ros2_ws/src/install/signal_msg:${AMENT_PREFIX_PATH} CMAKE_PREFIX_PATH=/home/mcr2/ros2_ws/src/install/signal_msg:${CMAKE_PREFIX_PATH} LD_LIBRARY_PATH=/home/mcr2/ros2_ws/src/install/signal_msg/lib:${LD_LIBRARY_PATH} PYTHONPATH=/home/mcr2/ros2_ws/src/build/signal_decomposition/prefix_override:/home/mcr2/ros2_ws/src/install/signal_decomposition/lib/python3.10/site-packages:/home/mcr2/ros2_ws/src/install/signal_msg/local/lib/python3.10/dist-packages:${PYTHONPATH} /usr/bin/python3 setup.py egg_info --egg-base ../build/signal_decomposition build --build-base /home/mcr2/ros2_ws/src/build/signal_decomposition/build install --record /home/mcr2/ros2_ws/src/build/signal_decomposition/install.log --single-version-externally-managed
