[1.533s] DEBUG:colcon:Command line arguments: ['/usr/bin/colcon', 'build']
[1.533s] DEBUG:colcon:Parsed command line arguments: Namespace(log_base=None, log_level=None, verb_name='build', build_base='build', install_base='install', merge_install=False, symlink_install=False, test_result_base=None, continue_on_error=False, executor='parallel', parallel_workers=6, event_handlers=None, ignore_user_meta=False, metas=['./colcon.meta'], base_paths=['.'], packages_ignore=None, packages_ignore_regex=None, paths=None, packages_up_to=None, packages_up_to_regex=None, packages_above=None, packages_above_and_dependencies=None, packages_above_depth=None, packages_select_by_dep=None, packages_skip_by_dep=None, packages_skip_up_to=None, packages_select_build_failed=False, packages_skip_build_finished=False, packages_select_test_failures=False, packages_skip_test_passed=False, packages_select=None, packages_skip=None, packages_select_regex=None, packages_skip_regex=None, packages_start=None, packages_end=None, allow_overriding=[], cmake_args=None, cmake_target=None, cmake_target_skip_unavailable=False, cmake_clean_cache=False, cmake_clean_first=False, cmake_force_configure=False, ament_cmake_args=None, catkin_cmake_args=None, catkin_skip_building_tests=False, verb_parser=<colcon_defaults.argument_parser.defaults.DefaultArgumentsDecorator object at 0x7c84853ca860>, verb_extension=<colcon_core.verb.build.BuildVerb object at 0x7c84853c9270>, main=<bound method BuildVerb.main of <colcon_core.verb.build.BuildVerb object at 0x7c84853c9270>>)
[1.635s] Level 1:colcon.colcon_core.package_discovery:discover_packages(colcon_meta) check parameters
[1.636s] Level 1:colcon.colcon_core.package_discovery:discover_packages(recursive) check parameters
[1.636s] Level 1:colcon.colcon_core.package_discovery:discover_packages(ignore) check parameters
[1.636s] Level 1:colcon.colcon_core.package_discovery:discover_packages(path) check parameters
[1.636s] Level 1:colcon.colcon_core.package_discovery:discover_packages(colcon_meta) discover
[1.636s] Level 1:colcon.colcon_core.package_discovery:discover_packages(recursive) discover
[1.636s] INFO:colcon.colcon_core.package_discovery:Crawling recursively for packages in '/home/mcr2/final_challenge'
[1.636s] Level 1:colcon.colcon_core.package_identification:_identify(.) by extensions ['ignore', 'ignore_ament_install']
[1.636s] Level 1:colcon.colcon_core.package_identification:_identify(.) by extension 'ignore'
[1.636s] Level 1:colcon.colcon_core.package_identification:_identify(.) by extension 'ignore_ament_install'
[1.636s] Level 1:colcon.colcon_core.package_identification:_identify(.) by extensions ['colcon_pkg']
[1.636s] Level 1:colcon.colcon_core.package_identification:_identify(.) by extension 'colcon_pkg'
[1.636s] Level 1:colcon.colcon_core.package_identification:_identify(.) by extensions ['colcon_meta']
[1.636s] Level 1:colcon.colcon_core.package_identification:_identify(.) by extension 'colcon_meta'
[1.636s] Level 1:colcon.colcon_core.package_identification:_identify(.) by extensions ['ros']
[1.636s] Level 1:colcon.colcon_core.package_identification:_identify(.) by extension 'ros'
[1.676s] DEBUG:colcon.colcon_core.package_identification:Package '.' with type 'ros.ament_python' and name 'final_challenge'
[1.676s] Level 1:colcon.colcon_core.package_discovery:discover_packages(recursive) using defaults
[1.676s] Level 1:colcon.colcon_core.package_discovery:discover_packages(ignore) discover
[1.677s] Level 1:colcon.colcon_core.package_discovery:discover_packages(ignore) using defaults
[1.677s] Level 1:colcon.colcon_core.package_discovery:discover_packages(path) discover
[1.677s] Level 1:colcon.colcon_core.package_discovery:discover_packages(path) using defaults
[1.790s] Level 1:colcon.colcon_core.package_discovery:discover_packages(prefix_path) check parameters
[1.790s] Level 1:colcon.colcon_core.package_discovery:discover_packages(prefix_path) discover
[1.821s] DEBUG:colcon.colcon_installed_package_information.package_discovery:Found 18 installed packages in /home/mcr2/ros2_utilities_ws/install
[1.834s] DEBUG:colcon.colcon_installed_package_information.package_discovery:Found 360 installed packages in /opt/ros/humble
[1.835s] Level 1:colcon.colcon_core.package_discovery:discover_packages(prefix_path) using defaults
[1.988s] Level 5:colcon.colcon_core.verb:set package 'final_challenge' build argument 'cmake_args' from command line to 'None'
[1.988s] Level 5:colcon.colcon_core.verb:set package 'final_challenge' build argument 'cmake_target' from command line to 'None'
[1.988s] Level 5:colcon.colcon_core.verb:set package 'final_challenge' build argument 'cmake_target_skip_unavailable' from command line to 'False'
[1.988s] Level 5:colcon.colcon_core.verb:set package 'final_challenge' build argument 'cmake_clean_cache' from command line to 'False'
[1.988s] Level 5:colcon.colcon_core.verb:set package 'final_challenge' build argument 'cmake_clean_first' from command line to 'False'
[1.988s] Level 5:colcon.colcon_core.verb:set package 'final_challenge' build argument 'cmake_force_configure' from command line to 'False'
[1.988s] Level 5:colcon.colcon_core.verb:set package 'final_challenge' build argument 'ament_cmake_args' from command line to 'None'
[1.988s] Level 5:colcon.colcon_core.verb:set package 'final_challenge' build argument 'catkin_cmake_args' from command line to 'None'
[1.988s] Level 5:colcon.colcon_core.verb:set package 'final_challenge' build argument 'catkin_skip_building_tests' from command line to 'False'
[1.988s] DEBUG:colcon.colcon_core.verb:Building package 'final_challenge' with the following arguments: {'ament_cmake_args': None, 'build_base': '/home/mcr2/final_challenge/build/final_challenge', 'catkin_cmake_args': None, 'catkin_skip_building_tests': False, 'cmake_args': None, 'cmake_clean_cache': False, 'cmake_clean_first': False, 'cmake_force_configure': False, 'cmake_target': None, 'cmake_target_skip_unavailable': False, 'install_base': '/home/mcr2/final_challenge/install/final_challenge', 'merge_install': False, 'path': '/home/mcr2/final_challenge', 'symlink_install': False, 'test_result_base': None}
[2.000s] INFO:colcon.colcon_core.executor:Executing jobs using 'parallel' executor
[2.013s] DEBUG:colcon.colcon_parallel_executor.executor.parallel:run_until_complete
[2.013s] INFO:colcon.colcon_ros.task.ament_python.build:Building ROS package in '/home/mcr2/final_challenge' with build type 'ament_python'
[2.013s] Level 1:colcon.colcon_core.shell:create_environment_hook('final_challenge', 'ament_prefix_path')
[2.041s] INFO:colcon.colcon_core.plugin_system:Skipping extension 'colcon_core.shell.bat': Not used on non-Windows systems
[2.041s] INFO:colcon.colcon_core.shell:Creating environment hook '/home/mcr2/final_challenge/install/final_challenge/share/final_challenge/hook/ament_prefix_path.ps1'
[2.045s] INFO:colcon.colcon_core.shell:Creating environment descriptor '/home/mcr2/final_challenge/install/final_challenge/share/final_challenge/hook/ament_prefix_path.dsv'
[2.047s] INFO:colcon.colcon_core.shell:Creating environment hook '/home/mcr2/final_challenge/install/final_challenge/share/final_challenge/hook/ament_prefix_path.sh'
[2.061s] INFO:colcon.colcon_core.shell:Skip shell extension 'powershell' for command environment: Not usable outside of PowerShell
[2.061s] DEBUG:colcon.colcon_core.shell:Skip shell extension 'dsv' for command environment
[2.433s] INFO:colcon.colcon_core.task.python.build:Building Python package in '/home/mcr2/final_challenge'
[2.445s] INFO:colcon.colcon_core.shell:Skip shell extension 'powershell' for command environment: Not usable outside of PowerShell
[2.445s] DEBUG:colcon.colcon_core.shell:Skip shell extension 'dsv' for command environment
[2.940s] DEBUG:colcon.colcon_core.event_handler.log_command:Invoking command in '/home/mcr2/final_challenge': PYTHONPATH=/home/mcr2/final_challenge/build/final_challenge/prefix_override:/home/mcr2/final_challenge/install/final_challenge/lib/python3.10/site-packages:${PYTHONPATH} /usr/bin/python3 setup.py egg_info --egg-base build/final_challenge build --build-base /home/mcr2/final_challenge/build/final_challenge/build install --record /home/mcr2/final_challenge/build/final_challenge/install.log --single-version-externally-managed
[3.220s] DEBUG:colcon.colcon_core.event_handler.log_command:Invoked command in '/home/mcr2/final_challenge' returned '0': PYTHONPATH=/home/mcr2/final_challenge/build/final_challenge/prefix_override:/home/mcr2/final_challenge/install/final_challenge/lib/python3.10/site-packages:${PYTHONPATH} /usr/bin/python3 setup.py egg_info --egg-base build/final_challenge build --build-base /home/mcr2/final_challenge/build/final_challenge/build install --record /home/mcr2/final_challenge/build/final_challenge/install.log --single-version-externally-managed
[3.246s] Level 1:colcon.colcon_core.environment:checking '/home/mcr2/final_challenge/install/final_challenge' for CMake module files
[3.247s] Level 1:colcon.colcon_core.environment:checking '/home/mcr2/final_challenge/install/final_challenge' for CMake config files
[3.249s] Level 1:colcon.colcon_core.environment:checking '/home/mcr2/final_challenge/install/final_challenge/lib'
[3.249s] Level 1:colcon.colcon_core.environment:checking '/home/mcr2/final_challenge/install/final_challenge/bin'
[3.249s] Level 1:colcon.colcon_core.environment:checking '/home/mcr2/final_challenge/install/final_challenge/lib/pkgconfig/final_challenge.pc'
[3.249s] Level 1:colcon.colcon_core.environment:checking '/home/mcr2/final_challenge/install/final_challenge/lib/python3.10/site-packages'
[3.249s] Level 1:colcon.colcon_core.shell:create_environment_hook('final_challenge', 'pythonpath')
[3.263s] INFO:colcon.colcon_core.shell:Creating environment hook '/home/mcr2/final_challenge/install/final_challenge/share/final_challenge/hook/pythonpath.ps1'
[3.264s] INFO:colcon.colcon_core.shell:Creating environment descriptor '/home/mcr2/final_challenge/install/final_challenge/share/final_challenge/hook/pythonpath.dsv'
[3.264s] INFO:colcon.colcon_core.shell:Creating environment hook '/home/mcr2/final_challenge/install/final_challenge/share/final_challenge/hook/pythonpath.sh'
[3.265s] Level 1:colcon.colcon_core.environment:checking '/home/mcr2/final_challenge/install/final_challenge/bin'
[3.265s] Level 1:colcon.colcon_core.environment:create_environment_scripts_only(final_challenge)
[3.276s] INFO:colcon.colcon_core.shell:Creating package script '/home/mcr2/final_challenge/install/final_challenge/share/final_challenge/package.ps1'
[3.278s] INFO:colcon.colcon_core.shell:Creating package descriptor '/home/mcr2/final_challenge/install/final_challenge/share/final_challenge/package.dsv'
[3.279s] INFO:colcon.colcon_core.shell:Creating package script '/home/mcr2/final_challenge/install/final_challenge/share/final_challenge/package.sh'
[3.281s] INFO:colcon.colcon_core.shell:Creating package script '/home/mcr2/final_challenge/install/final_challenge/share/final_challenge/package.bash'
[3.282s] INFO:colcon.colcon_core.shell:Creating package script '/home/mcr2/final_challenge/install/final_challenge/share/final_challenge/package.zsh'
[3.284s] Level 1:colcon.colcon_core.environment:create_file_with_runtime_dependencies(/home/mcr2/final_challenge/install/final_challenge/share/colcon-core/packages/final_challenge)
[3.284s] DEBUG:colcon.colcon_parallel_executor.executor.parallel:closing loop
[3.285s] DEBUG:colcon.colcon_parallel_executor.executor.parallel:loop closed
[3.285s] DEBUG:colcon.colcon_parallel_executor.executor.parallel:run_until_complete finished with '0'
[3.288s] DEBUG:colcon.colcon_core.event_reactor:joining thread
[3.312s] INFO:colcon.colcon_core.plugin_system:Skipping extension 'colcon_notification.desktop_notification.terminal_notifier': Not used on non-Darwin systems
[3.312s] INFO:colcon.colcon_core.plugin_system:Skipping extension 'colcon_notification.desktop_notification.win32': Not used on non-Windows systems
[3.312s] INFO:colcon.colcon_notification.desktop_notification:Sending desktop notification using 'notify2'
[3.323s] DEBUG:colcon.colcon_core.event_reactor:joined thread
[3.340s] INFO:colcon.colcon_core.shell:Creating prefix script '/home/mcr2/final_challenge/install/local_setup.ps1'
[3.342s] INFO:colcon.colcon_core.shell:Creating prefix util module '/home/mcr2/final_challenge/install/_local_setup_util_ps1.py'
[3.344s] INFO:colcon.colcon_core.shell:Creating prefix chain script '/home/mcr2/final_challenge/install/setup.ps1'
[3.360s] INFO:colcon.colcon_core.shell:Creating prefix script '/home/mcr2/final_challenge/install/local_setup.sh'
[3.362s] INFO:colcon.colcon_core.shell:Creating prefix util module '/home/mcr2/final_challenge/install/_local_setup_util_sh.py'
[3.363s] INFO:colcon.colcon_core.shell:Creating prefix chain script '/home/mcr2/final_challenge/install/setup.sh'
[3.383s] INFO:colcon.colcon_core.shell:Creating prefix script '/home/mcr2/final_challenge/install/local_setup.bash'
[3.385s] INFO:colcon.colcon_core.shell:Creating prefix chain script '/home/mcr2/final_challenge/install/setup.bash'
[3.404s] INFO:colcon.colcon_core.shell:Creating prefix script '/home/mcr2/final_challenge/install/local_setup.zsh'
[3.405s] INFO:colcon.colcon_core.shell:Creating prefix chain script '/home/mcr2/final_challenge/install/setup.zsh'
