[1.203s] DEBUG:colcon:Command line arguments: ['/usr/bin/colcon', 'build']
[1.203s] DEBUG:colcon:Parsed command line arguments: Namespace(log_base=None, log_level=None, verb_name='build', build_base='build', install_base='install', merge_install=False, symlink_install=False, test_result_base=None, continue_on_error=False, executor='parallel', parallel_workers=6, event_handlers=None, ignore_user_meta=False, metas=['./colcon.meta'], base_paths=['.'], packages_ignore=None, packages_ignore_regex=None, paths=None, packages_up_to=None, packages_up_to_regex=None, packages_above=None, packages_above_and_dependencies=None, packages_above_depth=None, packages_select_by_dep=None, packages_skip_by_dep=None, packages_skip_up_to=None, packages_select_build_failed=False, packages_skip_build_finished=False, packages_select_test_failures=False, packages_skip_test_passed=False, packages_select=None, packages_skip=None, packages_select_regex=None, packages_skip_regex=None, packages_start=None, packages_end=None, allow_overriding=[], cmake_args=None, cmake_target=None, cmake_target_skip_unavailable=False, cmake_clean_cache=False, cmake_clean_first=False, cmake_force_configure=False, ament_cmake_args=None, catkin_cmake_args=None, catkin_skip_building_tests=False, verb_parser=<colcon_defaults.argument_parser.defaults.DefaultArgumentsDecorator object at 0x75131b423460>, verb_extension=<colcon_core.verb.build.BuildVerb object at 0x75131b423400>, main=<bound method BuildVerb.main of <colcon_core.verb.build.BuildVerb object at 0x75131b423400>>)
[1.288s] Level 1:colcon.colcon_core.package_discovery:discover_packages(colcon_meta) check parameters
[1.288s] Level 1:colcon.colcon_core.package_discovery:discover_packages(recursive) check parameters
[1.288s] Level 1:colcon.colcon_core.package_discovery:discover_packages(ignore) check parameters
[1.288s] Level 1:colcon.colcon_core.package_discovery:discover_packages(path) check parameters
[1.288s] Level 1:colcon.colcon_core.package_discovery:discover_packages(colcon_meta) discover
[1.288s] Level 1:colcon.colcon_core.package_discovery:discover_packages(recursive) discover
[1.288s] INFO:colcon.colcon_core.package_discovery:Crawling recursively for packages in '/home/mcr2/ros2_ws/src'
[1.288s] Level 1:colcon.colcon_core.package_identification:_identify(.) by extensions ['ignore', 'ignore_ament_install']
[1.289s] Level 1:colcon.colcon_core.package_identification:_identify(.) by extension 'ignore'
[1.289s] Level 1:colcon.colcon_core.package_identification:_identify(.) by extension 'ignore_ament_install'
[1.289s] Level 1:colcon.colcon_core.package_identification:_identify(.) by extensions ['colcon_pkg']
[1.289s] Level 1:colcon.colcon_core.package_identification:_identify(.) by extension 'colcon_pkg'
[1.289s] Level 1:colcon.colcon_core.package_identification:_identify(.) by extensions ['colcon_meta']
[1.289s] Level 1:colcon.colcon_core.package_identification:_identify(.) by extension 'colcon_meta'
[1.289s] Level 1:colcon.colcon_core.package_identification:_identify(.) by extensions ['ros']
[1.289s] Level 1:colcon.colcon_core.package_identification:_identify(.) by extension 'ros'
[1.302s] Level 1:colcon.colcon_core.package_identification:_identify(.) by extensions ['cmake', 'python']
[1.302s] Level 1:colcon.colcon_core.package_identification:_identify(.) by extension 'cmake'
[1.302s] Level 1:colcon.colcon_core.package_identification:_identify(.) by extension 'python'
[1.302s] Level 1:colcon.colcon_core.package_identification:_identify(.) by extensions ['python_setup_py']
[1.302s] Level 1:colcon.colcon_core.package_identification:_identify(.) by extension 'python_setup_py'
[1.302s] Level 1:colcon.colcon_core.package_identification:_identify(basic_comms) by extensions ['ignore', 'ignore_ament_install']
[1.302s] Level 1:colcon.colcon_core.package_identification:_identify(basic_comms) by extension 'ignore'
[1.303s] Level 1:colcon.colcon_core.package_identification:_identify(basic_comms) by extension 'ignore_ament_install'
[1.303s] Level 1:colcon.colcon_core.package_identification:_identify(basic_comms) by extensions ['colcon_pkg']
[1.303s] Level 1:colcon.colcon_core.package_identification:_identify(basic_comms) by extension 'colcon_pkg'
[1.303s] Level 1:colcon.colcon_core.package_identification:_identify(basic_comms) by extensions ['colcon_meta']
[1.303s] Level 1:colcon.colcon_core.package_identification:_identify(basic_comms) by extension 'colcon_meta'
[1.303s] Level 1:colcon.colcon_core.package_identification:_identify(basic_comms) by extensions ['ros']
[1.303s] Level 1:colcon.colcon_core.package_identification:_identify(basic_comms) by extension 'ros'
[1.306s] DEBUG:colcon.colcon_core.package_identification:Package 'basic_comms' with type 'ros.ament_python' and name 'basic_comms'
[1.306s] Level 1:colcon.colcon_core.package_identification:_identify(build) by extensions ['ignore', 'ignore_ament_install']
[1.306s] Level 1:colcon.colcon_core.package_identification:_identify(build) by extension 'ignore'
[1.306s] Level 1:colcon.colcon_core.package_identification:_identify(build) ignored
[1.307s] Level 1:colcon.colcon_core.package_identification:_identify(courseworks) by extensions ['ignore', 'ignore_ament_install']
[1.307s] Level 1:colcon.colcon_core.package_identification:_identify(courseworks) by extension 'ignore'
[1.307s] Level 1:colcon.colcon_core.package_identification:_identify(courseworks) by extension 'ignore_ament_install'
[1.307s] Level 1:colcon.colcon_core.package_identification:_identify(courseworks) by extensions ['colcon_pkg']
[1.307s] Level 1:colcon.colcon_core.package_identification:_identify(courseworks) by extension 'colcon_pkg'
[1.307s] Level 1:colcon.colcon_core.package_identification:_identify(courseworks) by extensions ['colcon_meta']
[1.307s] Level 1:colcon.colcon_core.package_identification:_identify(courseworks) by extension 'colcon_meta'
[1.307s] Level 1:colcon.colcon_core.package_identification:_identify(courseworks) by extensions ['ros']
[1.307s] Level 1:colcon.colcon_core.package_identification:_identify(courseworks) by extension 'ros'
[1.308s] DEBUG:colcon.colcon_core.package_identification:Package 'courseworks' with type 'ros.ament_python' and name 'courseworks'
[1.308s] Level 1:colcon.colcon_core.package_identification:_identify(courseworks_params) by extensions ['ignore', 'ignore_ament_install']
[1.308s] Level 1:colcon.colcon_core.package_identification:_identify(courseworks_params) by extension 'ignore'
[1.308s] Level 1:colcon.colcon_core.package_identification:_identify(courseworks_params) by extension 'ignore_ament_install'
[1.308s] Level 1:colcon.colcon_core.package_identification:_identify(courseworks_params) by extensions ['colcon_pkg']
[1.308s] Level 1:colcon.colcon_core.package_identification:_identify(courseworks_params) by extension 'colcon_pkg'
[1.309s] Level 1:colcon.colcon_core.package_identification:_identify(courseworks_params) by extensions ['colcon_meta']
[1.309s] Level 1:colcon.colcon_core.package_identification:_identify(courseworks_params) by extension 'colcon_meta'
[1.309s] Level 1:colcon.colcon_core.package_identification:_identify(courseworks_params) by extensions ['ros']
[1.309s] Level 1:colcon.colcon_core.package_identification:_identify(courseworks_params) by extension 'ros'
[1.310s] DEBUG:colcon.colcon_core.package_identification:Package 'courseworks_params' with type 'ros.ament_python' and name 'courseworks_params'
[1.310s] Level 1:colcon.colcon_core.package_identification:_identify(install) by extensions ['ignore', 'ignore_ament_install']
[1.310s] Level 1:colcon.colcon_core.package_identification:_identify(install) by extension 'ignore'
[1.310s] Level 1:colcon.colcon_core.package_identification:_identify(install) ignored
[1.310s] Level 1:colcon.colcon_core.package_identification:_identify(log) by extensions ['ignore', 'ignore_ament_install']
[1.311s] Level 1:colcon.colcon_core.package_identification:_identify(log) by extension 'ignore'
[1.311s] Level 1:colcon.colcon_core.package_identification:_identify(log) ignored
[1.311s] Level 1:colcon.colcon_core.package_identification:_identify(msgs_clase) by extensions ['ignore', 'ignore_ament_install']
[1.311s] Level 1:colcon.colcon_core.package_identification:_identify(msgs_clase) by extension 'ignore'
[1.311s] Level 1:colcon.colcon_core.package_identification:_identify(msgs_clase) by extension 'ignore_ament_install'
[1.311s] Level 1:colcon.colcon_core.package_identification:_identify(msgs_clase) by extensions ['colcon_pkg']
[1.311s] Level 1:colcon.colcon_core.package_identification:_identify(msgs_clase) by extension 'colcon_pkg'
[1.311s] Level 1:colcon.colcon_core.package_identification:_identify(msgs_clase) by extensions ['colcon_meta']
[1.311s] Level 1:colcon.colcon_core.package_identification:_identify(msgs_clase) by extension 'colcon_meta'
[1.311s] Level 1:colcon.colcon_core.package_identification:_identify(msgs_clase) by extensions ['ros']
[1.311s] Level 1:colcon.colcon_core.package_identification:_identify(msgs_clase) by extension 'ros'
[1.312s] DEBUG:colcon.colcon_core.package_identification:Package 'msgs_clase' with type 'ros.ament_cmake' and name 'msgs_clase'
[1.313s] Level 1:colcon.colcon_core.package_identification:_identify(signal_decomposition) by extensions ['ignore', 'ignore_ament_install']
[1.313s] Level 1:colcon.colcon_core.package_identification:_identify(signal_decomposition) by extension 'ignore'
[1.313s] Level 1:colcon.colcon_core.package_identification:_identify(signal_decomposition) by extension 'ignore_ament_install'
[1.313s] Level 1:colcon.colcon_core.package_identification:_identify(signal_decomposition) by extensions ['colcon_pkg']
[1.313s] Level 1:colcon.colcon_core.package_identification:_identify(signal_decomposition) by extension 'colcon_pkg'
[1.313s] Level 1:colcon.colcon_core.package_identification:_identify(signal_decomposition) by extensions ['colcon_meta']
[1.313s] Level 1:colcon.colcon_core.package_identification:_identify(signal_decomposition) by extension 'colcon_meta'
[1.313s] Level 1:colcon.colcon_core.package_identification:_identify(signal_decomposition) by extensions ['ros']
[1.313s] Level 1:colcon.colcon_core.package_identification:_identify(signal_decomposition) by extension 'ros'
[1.314s] DEBUG:colcon.colcon_core.package_identification:Package 'signal_decomposition' with type 'ros.ament_python' and name 'signal_decomposition'
[1.314s] Level 1:colcon.colcon_core.package_identification:_identify(signal_msg) by extensions ['ignore', 'ignore_ament_install']
[1.314s] Level 1:colcon.colcon_core.package_identification:_identify(signal_msg) by extension 'ignore'
[1.314s] Level 1:colcon.colcon_core.package_identification:_identify(signal_msg) by extension 'ignore_ament_install'
[1.314s] Level 1:colcon.colcon_core.package_identification:_identify(signal_msg) by extensions ['colcon_pkg']
[1.314s] Level 1:colcon.colcon_core.package_identification:_identify(signal_msg) by extension 'colcon_pkg'
[1.314s] Level 1:colcon.colcon_core.package_identification:_identify(signal_msg) by extensions ['colcon_meta']
[1.314s] Level 1:colcon.colcon_core.package_identification:_identify(signal_msg) by extension 'colcon_meta'
[1.314s] Level 1:colcon.colcon_core.package_identification:_identify(signal_msg) by extensions ['ros']
[1.314s] Level 1:colcon.colcon_core.package_identification:_identify(signal_msg) by extension 'ros'
[1.315s] DEBUG:colcon.colcon_core.package_identification:Package 'signal_msg' with type 'ros.ament_cmake' and name 'signal_msg'
[1.315s] Level 1:colcon.colcon_core.package_identification:_identify(sphere_msgs) by extensions ['ignore', 'ignore_ament_install']
[1.315s] Level 1:colcon.colcon_core.package_identification:_identify(sphere_msgs) by extension 'ignore'
[1.315s] Level 1:colcon.colcon_core.package_identification:_identify(sphere_msgs) by extension 'ignore_ament_install'
[1.315s] Level 1:colcon.colcon_core.package_identification:_identify(sphere_msgs) by extensions ['colcon_pkg']
[1.315s] Level 1:colcon.colcon_core.package_identification:_identify(sphere_msgs) by extension 'colcon_pkg'
[1.315s] Level 1:colcon.colcon_core.package_identification:_identify(sphere_msgs) by extensions ['colcon_meta']
[1.315s] Level 1:colcon.colcon_core.package_identification:_identify(sphere_msgs) by extension 'colcon_meta'
[1.315s] Level 1:colcon.colcon_core.package_identification:_identify(sphere_msgs) by extensions ['ros']
[1.315s] Level 1:colcon.colcon_core.package_identification:_identify(sphere_msgs) by extension 'ros'
[1.316s] DEBUG:colcon.colcon_core.package_identification:Package 'sphere_msgs' with type 'ros.ament_python' and name 'sphere_msgs'
[1.316s] Level 1:colcon.colcon_core.package_discovery:discover_packages(recursive) using defaults
[1.316s] Level 1:colcon.colcon_core.package_discovery:discover_packages(ignore) discover
[1.316s] Level 1:colcon.colcon_core.package_discovery:discover_packages(ignore) using defaults
[1.316s] Level 1:colcon.colcon_core.package_discovery:discover_packages(path) discover
[1.316s] Level 1:colcon.colcon_core.package_discovery:discover_packages(path) using defaults
[1.433s] Level 1:colcon.colcon_core.package_discovery:discover_packages(prefix_path) check parameters
[1.433s] Level 1:colcon.colcon_core.package_discovery:discover_packages(prefix_path) discover
[1.477s] DEBUG:colcon.colcon_installed_package_information.package_discovery:Found 18 installed packages in /home/mcr2/ros2_utilities_ws/install
[1.491s] DEBUG:colcon.colcon_installed_package_information.package_discovery:Found 360 installed packages in /opt/ros/humble
[1.505s] Level 1:colcon.colcon_core.package_discovery:discover_packages(prefix_path) using defaults
[1.669s] Level 5:colcon.colcon_core.verb:set package 'basic_comms' build argument 'cmake_args' from command line to 'None'
[1.669s] Level 5:colcon.colcon_core.verb:set package 'basic_comms' build argument 'cmake_target' from command line to 'None'
[1.669s] Level 5:colcon.colcon_core.verb:set package 'basic_comms' build argument 'cmake_target_skip_unavailable' from command line to 'False'
[1.669s] Level 5:colcon.colcon_core.verb:set package 'basic_comms' build argument 'cmake_clean_cache' from command line to 'False'
[1.669s] Level 5:colcon.colcon_core.verb:set package 'basic_comms' build argument 'cmake_clean_first' from command line to 'False'
[1.669s] Level 5:colcon.colcon_core.verb:set package 'basic_comms' build argument 'cmake_force_configure' from command line to 'False'
[1.669s] Level 5:colcon.colcon_core.verb:set package 'basic_comms' build argument 'ament_cmake_args' from command line to 'None'
[1.670s] Level 5:colcon.colcon_core.verb:set package 'basic_comms' build argument 'catkin_cmake_args' from command line to 'None'
[1.670s] Level 5:colcon.colcon_core.verb:set package 'basic_comms' build argument 'catkin_skip_building_tests' from command line to 'False'
[1.670s] DEBUG:colcon.colcon_core.verb:Building package 'basic_comms' with the following arguments: {'ament_cmake_args': None, 'build_base': '/home/mcr2/ros2_ws/src/build/basic_comms', 'catkin_cmake_args': None, 'catkin_skip_building_tests': False, 'cmake_args': None, 'cmake_clean_cache': False, 'cmake_clean_first': False, 'cmake_force_configure': False, 'cmake_target': None, 'cmake_target_skip_unavailable': False, 'install_base': '/home/mcr2/ros2_ws/src/install/basic_comms', 'merge_install': False, 'path': '/home/mcr2/ros2_ws/src/basic_comms', 'symlink_install': False, 'test_result_base': None}
[1.687s] Level 5:colcon.colcon_core.verb:set package 'courseworks' build argument 'cmake_args' from command line to 'None'
[1.688s] Level 5:colcon.colcon_core.verb:set package 'courseworks' build argument 'cmake_target' from command line to 'None'
[1.688s] Level 5:colcon.colcon_core.verb:set package 'courseworks' build argument 'cmake_target_skip_unavailable' from command line to 'False'
[1.688s] Level 5:colcon.colcon_core.verb:set package 'courseworks' build argument 'cmake_clean_cache' from command line to 'False'
[1.688s] Level 5:colcon.colcon_core.verb:set package 'courseworks' build argument 'cmake_clean_first' from command line to 'False'
[1.688s] Level 5:colcon.colcon_core.verb:set package 'courseworks' build argument 'cmake_force_configure' from command line to 'False'
[1.688s] Level 5:colcon.colcon_core.verb:set package 'courseworks' build argument 'ament_cmake_args' from command line to 'None'
[1.688s] Level 5:colcon.colcon_core.verb:set package 'courseworks' build argument 'catkin_cmake_args' from command line to 'None'
[1.688s] Level 5:colcon.colcon_core.verb:set package 'courseworks' build argument 'catkin_skip_building_tests' from command line to 'False'
[1.688s] DEBUG:colcon.colcon_core.verb:Building package 'courseworks' with the following arguments: {'ament_cmake_args': None, 'build_base': '/home/mcr2/ros2_ws/src/build/courseworks', 'catkin_cmake_args': None, 'catkin_skip_building_tests': False, 'cmake_args': None, 'cmake_clean_cache': False, 'cmake_clean_first': False, 'cmake_force_configure': False, 'cmake_target': None, 'cmake_target_skip_unavailable': False, 'install_base': '/home/mcr2/ros2_ws/src/install/courseworks', 'merge_install': False, 'path': '/home/mcr2/ros2_ws/src/courseworks', 'symlink_install': False, 'test_result_base': None}
[1.707s] Level 5:colcon.colcon_core.verb:set package 'courseworks_params' build argument 'cmake_args' from command line to 'None'
[1.707s] Level 5:colcon.colcon_core.verb:set package 'courseworks_params' build argument 'cmake_target' from command line to 'None'
[1.707s] Level 5:colcon.colcon_core.verb:set package 'courseworks_params' build argument 'cmake_target_skip_unavailable' from command line to 'False'
[1.707s] Level 5:colcon.colcon_core.verb:set package 'courseworks_params' build argument 'cmake_clean_cache' from command line to 'False'
[1.707s] Level 5:colcon.colcon_core.verb:set package 'courseworks_params' build argument 'cmake_clean_first' from command line to 'False'
[1.707s] Level 5:colcon.colcon_core.verb:set package 'courseworks_params' build argument 'cmake_force_configure' from command line to 'False'
[1.707s] Level 5:colcon.colcon_core.verb:set package 'courseworks_params' build argument 'ament_cmake_args' from command line to 'None'
[1.707s] Level 5:colcon.colcon_core.verb:set package 'courseworks_params' build argument 'catkin_cmake_args' from command line to 'None'
[1.707s] Level 5:colcon.colcon_core.verb:set package 'courseworks_params' build argument 'catkin_skip_building_tests' from command line to 'False'
[1.707s] DEBUG:colcon.colcon_core.verb:Building package 'courseworks_params' with the following arguments: {'ament_cmake_args': None, 'build_base': '/home/mcr2/ros2_ws/src/build/courseworks_params', 'catkin_cmake_args': None, 'catkin_skip_building_tests': False, 'cmake_args': None, 'cmake_clean_cache': False, 'cmake_clean_first': False, 'cmake_force_configure': False, 'cmake_target': None, 'cmake_target_skip_unavailable': False, 'install_base': '/home/mcr2/ros2_ws/src/install/courseworks_params', 'merge_install': False, 'path': '/home/mcr2/ros2_ws/src/courseworks_params', 'symlink_install': False, 'test_result_base': None}
[1.726s] Level 5:colcon.colcon_core.verb:set package 'msgs_clase' build argument 'cmake_args' from command line to 'None'
[1.726s] Level 5:colcon.colcon_core.verb:set package 'msgs_clase' build argument 'cmake_target' from command line to 'None'
[1.726s] Level 5:colcon.colcon_core.verb:set package 'msgs_clase' build argument 'cmake_target_skip_unavailable' from command line to 'False'
[1.726s] Level 5:colcon.colcon_core.verb:set package 'msgs_clase' build argument 'cmake_clean_cache' from command line to 'False'
[1.726s] Level 5:colcon.colcon_core.verb:set package 'msgs_clase' build argument 'cmake_clean_first' from command line to 'False'
[1.726s] Level 5:colcon.colcon_core.verb:set package 'msgs_clase' build argument 'cmake_force_configure' from command line to 'False'
[1.726s] Level 5:colcon.colcon_core.verb:set package 'msgs_clase' build argument 'ament_cmake_args' from command line to 'None'
[1.726s] Level 5:colcon.colcon_core.verb:set package 'msgs_clase' build argument 'catkin_cmake_args' from command line to 'None'
[1.726s] Level 5:colcon.colcon_core.verb:set package 'msgs_clase' build argument 'catkin_skip_building_tests' from command line to 'False'
[1.726s] DEBUG:colcon.colcon_core.verb:Building package 'msgs_clase' with the following arguments: {'ament_cmake_args': None, 'build_base': '/home/mcr2/ros2_ws/src/build/msgs_clase', 'catkin_cmake_args': None, 'catkin_skip_building_tests': False, 'cmake_args': None, 'cmake_clean_cache': False, 'cmake_clean_first': False, 'cmake_force_configure': False, 'cmake_target': None, 'cmake_target_skip_unavailable': False, 'install_base': '/home/mcr2/ros2_ws/src/install/msgs_clase', 'merge_install': False, 'path': '/home/mcr2/ros2_ws/src/msgs_clase', 'symlink_install': False, 'test_result_base': None}
[1.745s] Level 5:colcon.colcon_core.verb:set package 'signal_msg' build argument 'cmake_args' from command line to 'None'
[1.745s] Level 5:colcon.colcon_core.verb:set package 'signal_msg' build argument 'cmake_target' from command line to 'None'
[1.745s] Level 5:colcon.colcon_core.verb:set package 'signal_msg' build argument 'cmake_target_skip_unavailable' from command line to 'False'
[1.745s] Level 5:colcon.colcon_core.verb:set package 'signal_msg' build argument 'cmake_clean_cache' from command line to 'False'
[1.745s] Level 5:colcon.colcon_core.verb:set package 'signal_msg' build argument 'cmake_clean_first' from command line to 'False'
[1.745s] Level 5:colcon.colcon_core.verb:set package 'signal_msg' build argument 'cmake_force_configure' from command line to 'False'
[1.745s] Level 5:colcon.colcon_core.verb:set package 'signal_msg' build argument 'ament_cmake_args' from command line to 'None'
[1.745s] Level 5:colcon.colcon_core.verb:set package 'signal_msg' build argument 'catkin_cmake_args' from command line to 'None'
[1.745s] Level 5:colcon.colcon_core.verb:set package 'signal_msg' build argument 'catkin_skip_building_tests' from command line to 'False'
[1.745s] DEBUG:colcon.colcon_core.verb:Building package 'signal_msg' with the following arguments: {'ament_cmake_args': None, 'build_base': '/home/mcr2/ros2_ws/src/build/signal_msg', 'catkin_cmake_args': None, 'catkin_skip_building_tests': False, 'cmake_args': None, 'cmake_clean_cache': False, 'cmake_clean_first': False, 'cmake_force_configure': False, 'cmake_target': None, 'cmake_target_skip_unavailable': False, 'install_base': '/home/mcr2/ros2_ws/src/install/signal_msg', 'merge_install': False, 'path': '/home/mcr2/ros2_ws/src/signal_msg', 'symlink_install': False, 'test_result_base': None}
[1.765s] Level 5:colcon.colcon_core.verb:set package 'signal_decomposition' build argument 'cmake_args' from command line to 'None'
[1.765s] Level 5:colcon.colcon_core.verb:set package 'signal_decomposition' build argument 'cmake_target' from command line to 'None'
[1.765s] Level 5:colcon.colcon_core.verb:set package 'signal_decomposition' build argument 'cmake_target_skip_unavailable' from command line to 'False'
[1.765s] Level 5:colcon.colcon_core.verb:set package 'signal_decomposition' build argument 'cmake_clean_cache' from command line to 'False'
[1.765s] Level 5:colcon.colcon_core.verb:set package 'signal_decomposition' build argument 'cmake_clean_first' from command line to 'False'
[1.765s] Level 5:colcon.colcon_core.verb:set package 'signal_decomposition' build argument 'cmake_force_configure' from command line to 'False'
[1.765s] Level 5:colcon.colcon_core.verb:set package 'signal_decomposition' build argument 'ament_cmake_args' from command line to 'None'
[1.765s] Level 5:colcon.colcon_core.verb:set package 'signal_decomposition' build argument 'catkin_cmake_args' from command line to 'None'
[1.765s] Level 5:colcon.colcon_core.verb:set package 'signal_decomposition' build argument 'catkin_skip_building_tests' from command line to 'False'
[1.765s] DEBUG:colcon.colcon_core.verb:Building package 'signal_decomposition' with the following arguments: {'ament_cmake_args': None, 'build_base': '/home/mcr2/ros2_ws/src/build/signal_decomposition', 'catkin_cmake_args': None, 'catkin_skip_building_tests': False, 'cmake_args': None, 'cmake_clean_cache': False, 'cmake_clean_first': False, 'cmake_force_configure': False, 'cmake_target': None, 'cmake_target_skip_unavailable': False, 'install_base': '/home/mcr2/ros2_ws/src/install/signal_decomposition', 'merge_install': False, 'path': '/home/mcr2/ros2_ws/src/signal_decomposition', 'symlink_install': False, 'test_result_base': None}
[1.784s] Level 5:colcon.colcon_core.verb:set package 'sphere_msgs' build argument 'cmake_args' from command line to 'None'
[1.784s] Level 5:colcon.colcon_core.verb:set package 'sphere_msgs' build argument 'cmake_target' from command line to 'None'
[1.784s] Level 5:colcon.colcon_core.verb:set package 'sphere_msgs' build argument 'cmake_target_skip_unavailable' from command line to 'False'
[1.784s] Level 5:colcon.colcon_core.verb:set package 'sphere_msgs' build argument 'cmake_clean_cache' from command line to 'False'
[1.784s] Level 5:colcon.colcon_core.verb:set package 'sphere_msgs' build argument 'cmake_clean_first' from command line to 'False'
[1.784s] Level 5:colcon.colcon_core.verb:set package 'sphere_msgs' build argument 'cmake_force_configure' from command line to 'False'
[1.784s] Level 5:colcon.colcon_core.verb:set package 'sphere_msgs' build argument 'ament_cmake_args' from command line to 'None'
[1.784s] Level 5:colcon.colcon_core.verb:set package 'sphere_msgs' build argument 'catkin_cmake_args' from command line to 'None'
[1.784s] Level 5:colcon.colcon_core.verb:set package 'sphere_msgs' build argument 'catkin_skip_building_tests' from command line to 'False'
[1.784s] DEBUG:colcon.colcon_core.verb:Building package 'sphere_msgs' with the following arguments: {'ament_cmake_args': None, 'build_base': '/home/mcr2/ros2_ws/src/build/sphere_msgs', 'catkin_cmake_args': None, 'catkin_skip_building_tests': False, 'cmake_args': None, 'cmake_clean_cache': False, 'cmake_clean_first': False, 'cmake_force_configure': False, 'cmake_target': None, 'cmake_target_skip_unavailable': False, 'install_base': '/home/mcr2/ros2_ws/src/install/sphere_msgs', 'merge_install': False, 'path': '/home/mcr2/ros2_ws/src/sphere_msgs', 'symlink_install': False, 'test_result_base': None}
[1.802s] INFO:colcon.colcon_core.executor:Executing jobs using 'parallel' executor
[1.819s] DEBUG:colcon.colcon_parallel_executor.executor.parallel:run_until_complete
[1.819s] INFO:colcon.colcon_ros.task.ament_cmake.build:Building ROS package in '/home/mcr2/ros2_ws/src/msgs_clase' with build type 'ament_cmake'
[1.820s] INFO:colcon.colcon_cmake.task.cmake.build:Building CMake package in '/home/mcr2/ros2_ws/src/msgs_clase'
[1.855s] INFO:colcon.colcon_core.plugin_system:Skipping extension 'colcon_core.shell.bat': Not used on non-Windows systems
[1.855s] INFO:colcon.colcon_core.shell:Skip shell extension 'powershell' for command environment: Not usable outside of PowerShell
[1.855s] DEBUG:colcon.colcon_core.shell:Skip shell extension 'dsv' for command environment
[1.912s] INFO:colcon.colcon_ros.task.ament_cmake.build:Building ROS package in '/home/mcr2/ros2_ws/src/signal_msg' with build type 'ament_cmake'
[1.912s] INFO:colcon.colcon_cmake.task.cmake.build:Building CMake package in '/home/mcr2/ros2_ws/src/signal_msg'
[1.929s] INFO:colcon.colcon_core.shell:Skip shell extension 'powershell' for command environment: Not usable outside of PowerShell
[1.929s] DEBUG:colcon.colcon_core.shell:Skip shell extension 'dsv' for command environment
[1.976s] INFO:colcon.colcon_ros.task.ament_python.build:Building ROS package in '/home/mcr2/ros2_ws/src/basic_comms' with build type 'ament_python'
[1.976s] Level 1:colcon.colcon_core.shell:create_environment_hook('basic_comms', 'ament_prefix_path')
[1.991s] INFO:colcon.colcon_core.shell:Creating environment hook '/home/mcr2/ros2_ws/src/install/basic_comms/share/basic_comms/hook/ament_prefix_path.ps1'
[1.994s] INFO:colcon.colcon_core.shell:Creating environment descriptor '/home/mcr2/ros2_ws/src/install/basic_comms/share/basic_comms/hook/ament_prefix_path.dsv'
[1.996s] INFO:colcon.colcon_core.shell:Creating environment hook '/home/mcr2/ros2_ws/src/install/basic_comms/share/basic_comms/hook/ament_prefix_path.sh'
[2.012s] INFO:colcon.colcon_core.shell:Skip shell extension 'powershell' for command environment: Not usable outside of PowerShell
[2.013s] DEBUG:colcon.colcon_core.shell:Skip shell extension 'dsv' for command environment
[2.058s] INFO:colcon.colcon_ros.task.ament_python.build:Building ROS package in '/home/mcr2/ros2_ws/src/courseworks' with build type 'ament_python'
[2.058s] Level 1:colcon.colcon_core.shell:create_environment_hook('courseworks', 'ament_prefix_path')
[2.076s] INFO:colcon.colcon_core.shell:Creating environment hook '/home/mcr2/ros2_ws/src/install/courseworks/share/courseworks/hook/ament_prefix_path.ps1'
[2.076s] INFO:colcon.colcon_core.shell:Creating environment descriptor '/home/mcr2/ros2_ws/src/install/courseworks/share/courseworks/hook/ament_prefix_path.dsv'
[2.077s] INFO:colcon.colcon_core.shell:Creating environment hook '/home/mcr2/ros2_ws/src/install/courseworks/share/courseworks/hook/ament_prefix_path.sh'
[2.090s] INFO:colcon.colcon_core.shell:Skip shell extension 'powershell' for command environment: Not usable outside of PowerShell
[2.090s] DEBUG:colcon.colcon_core.shell:Skip shell extension 'dsv' for command environment
[2.128s] INFO:colcon.colcon_ros.task.ament_python.build:Building ROS package in '/home/mcr2/ros2_ws/src/courseworks_params' with build type 'ament_python'
[2.129s] Level 1:colcon.colcon_core.shell:create_environment_hook('courseworks_params', 'ament_prefix_path')
[2.149s] INFO:colcon.colcon_core.shell:Creating environment hook '/home/mcr2/ros2_ws/src/install/courseworks_params/share/courseworks_params/hook/ament_prefix_path.ps1'
[2.149s] INFO:colcon.colcon_core.shell:Creating environment descriptor '/home/mcr2/ros2_ws/src/install/courseworks_params/share/courseworks_params/hook/ament_prefix_path.dsv'
[2.150s] INFO:colcon.colcon_core.shell:Creating environment hook '/home/mcr2/ros2_ws/src/install/courseworks_params/share/courseworks_params/hook/ament_prefix_path.sh'
[2.164s] INFO:colcon.colcon_core.shell:Skip shell extension 'powershell' for command environment: Not usable outside of PowerShell
[2.164s] DEBUG:colcon.colcon_core.shell:Skip shell extension 'dsv' for command environment
[2.225s] DEBUG:colcon.colcon_core.event_handler.log_command:Invoking command in '/home/mcr2/ros2_ws/src/build/msgs_clase': CMAKE_PREFIX_PATH=${CMAKE_PREFIX_PATH}:/opt/ros/humble /usr/bin/cmake --build /home/mcr2/ros2_ws/src/build/msgs_clase -- -j6 -l6
[2.231s] DEBUG:colcon.colcon_core.event_handler.log_command:Invoking command in '/home/mcr2/ros2_ws/src/build/signal_msg': CMAKE_PREFIX_PATH=${CMAKE_PREFIX_PATH}:/opt/ros/humble /usr/bin/cmake /home/mcr2/ros2_ws/src/signal_msg -DCMAKE_INSTALL_PREFIX=/home/mcr2/ros2_ws/src/install/signal_msg
[2.539s] INFO:colcon.colcon_core.task.python.build:Building Python package in '/home/mcr2/ros2_ws/src/basic_comms'
[2.553s] INFO:colcon.colcon_core.shell:Skip shell extension 'powershell' for command environment: Not usable outside of PowerShell
[2.553s] DEBUG:colcon.colcon_core.shell:Skip shell extension 'dsv' for command environment
[2.917s] INFO:colcon.colcon_core.task.python.build:Building Python package in '/home/mcr2/ros2_ws/src/courseworks'
[2.935s] INFO:colcon.colcon_core.shell:Skip shell extension 'powershell' for command environment: Not usable outside of PowerShell
[2.935s] DEBUG:colcon.colcon_core.shell:Skip shell extension 'dsv' for command environment
[3.003s] DEBUG:colcon.colcon_core.event_handler.log_command:Invoked command in '/home/mcr2/ros2_ws/src/build/msgs_clase' returned '0': CMAKE_PREFIX_PATH=${CMAKE_PREFIX_PATH}:/opt/ros/humble /usr/bin/cmake --build /home/mcr2/ros2_ws/src/build/msgs_clase -- -j6 -l6
[3.338s] INFO:colcon.colcon_core.task.python.build:Building Python package in '/home/mcr2/ros2_ws/src/courseworks_params'
[3.355s] INFO:colcon.colcon_core.shell:Skip shell extension 'powershell' for command environment: Not usable outside of PowerShell
[3.355s] DEBUG:colcon.colcon_core.shell:Skip shell extension 'dsv' for command environment
[3.449s] DEBUG:colcon.colcon_core.event_handler.log_command:Invoking command in '/home/mcr2/ros2_ws/src/build/msgs_clase': CMAKE_PREFIX_PATH=${CMAKE_PREFIX_PATH}:/opt/ros/humble /usr/bin/cmake --install /home/mcr2/ros2_ws/src/build/msgs_clase
[3.550s] Level 1:colcon.colcon_core.environment:create_environment_scripts_only(msgs_clase)
[3.554s] DEBUG:colcon.colcon_core.event_handler.log_command:Invoked command in '/home/mcr2/ros2_ws/src/build/msgs_clase' returned '0': CMAKE_PREFIX_PATH=${CMAKE_PREFIX_PATH}:/opt/ros/humble /usr/bin/cmake --install /home/mcr2/ros2_ws/src/build/msgs_clase
[3.576s] Level 1:colcon.colcon_core.environment:checking '/home/mcr2/ros2_ws/src/install/msgs_clase' for CMake module files
[3.577s] Level 1:colcon.colcon_core.environment:checking '/home/mcr2/ros2_ws/src/install/msgs_clase' for CMake config files
[3.578s] Level 1:colcon.colcon_core.shell:create_environment_hook('msgs_clase', 'cmake_prefix_path')
[3.596s] INFO:colcon.colcon_core.shell:Creating environment hook '/home/mcr2/ros2_ws/src/install/msgs_clase/share/msgs_clase/hook/cmake_prefix_path.ps1'
[3.597s] INFO:colcon.colcon_core.shell:Creating environment descriptor '/home/mcr2/ros2_ws/src/install/msgs_clase/share/msgs_clase/hook/cmake_prefix_path.dsv'
[3.597s] INFO:colcon.colcon_core.shell:Creating environment hook '/home/mcr2/ros2_ws/src/install/msgs_clase/share/msgs_clase/hook/cmake_prefix_path.sh'
[3.598s] Level 1:colcon.colcon_core.environment:checking '/home/mcr2/ros2_ws/src/install/msgs_clase/lib'
[3.598s] Level 1:colcon.colcon_core.shell:create_environment_hook('msgs_clase', 'ld_library_path_lib')
[3.616s] INFO:colcon.colcon_core.shell:Creating environment hook '/home/mcr2/ros2_ws/src/install/msgs_clase/share/msgs_clase/hook/ld_library_path_lib.ps1'
[3.617s] INFO:colcon.colcon_core.shell:Creating environment descriptor '/home/mcr2/ros2_ws/src/install/msgs_clase/share/msgs_clase/hook/ld_library_path_lib.dsv'
[3.617s] INFO:colcon.colcon_core.shell:Creating environment hook '/home/mcr2/ros2_ws/src/install/msgs_clase/share/msgs_clase/hook/ld_library_path_lib.sh'
[3.618s] Level 1:colcon.colcon_core.environment:checking '/home/mcr2/ros2_ws/src/install/msgs_clase/bin'
[3.618s] Level 1:colcon.colcon_core.environment:checking '/home/mcr2/ros2_ws/src/install/msgs_clase/lib/pkgconfig/msgs_clase.pc'
[3.618s] Level 1:colcon.colcon_core.environment:checking '/home/mcr2/ros2_ws/src/install/msgs_clase/lib/python3.10/site-packages'
[3.618s] Level 1:colcon.colcon_core.environment:checking '/home/mcr2/ros2_ws/src/install/msgs_clase/bin'
[3.636s] INFO:colcon.colcon_core.shell:Creating package script '/home/mcr2/ros2_ws/src/install/msgs_clase/share/msgs_clase/package.ps1'
[3.638s] INFO:colcon.colcon_core.shell:Creating package descriptor '/home/mcr2/ros2_ws/src/install/msgs_clase/share/msgs_clase/package.dsv'
[3.639s] INFO:colcon.colcon_core.shell:Creating package script '/home/mcr2/ros2_ws/src/install/msgs_clase/share/msgs_clase/package.sh'
[3.641s] INFO:colcon.colcon_core.shell:Creating package script '/home/mcr2/ros2_ws/src/install/msgs_clase/share/msgs_clase/package.bash'
[3.643s] INFO:colcon.colcon_core.shell:Creating package script '/home/mcr2/ros2_ws/src/install/msgs_clase/share/msgs_clase/package.zsh'
[3.644s] Level 1:colcon.colcon_core.environment:create_file_with_runtime_dependencies(/home/mcr2/ros2_ws/src/install/msgs_clase/share/colcon-core/packages/msgs_clase)
[3.900s] Level 1:colcon.colcon_core.environment:create_environment_scripts_only(msgs_clase)
[3.919s] Level 1:colcon.colcon_core.environment:checking '/home/mcr2/ros2_ws/src/install/msgs_clase' for CMake module files
[3.919s] Level 1:colcon.colcon_core.environment:checking '/home/mcr2/ros2_ws/src/install/msgs_clase' for CMake config files
[3.920s] Level 1:colcon.colcon_core.shell:create_environment_hook('msgs_clase', 'cmake_prefix_path')
[3.938s] INFO:colcon.colcon_core.shell:Creating environment hook '/home/mcr2/ros2_ws/src/install/msgs_clase/share/msgs_clase/hook/cmake_prefix_path.ps1'
[3.938s] INFO:colcon.colcon_core.shell:Creating environment descriptor '/home/mcr2/ros2_ws/src/install/msgs_clase/share/msgs_clase/hook/cmake_prefix_path.dsv'
[3.939s] INFO:colcon.colcon_core.shell:Creating environment hook '/home/mcr2/ros2_ws/src/install/msgs_clase/share/msgs_clase/hook/cmake_prefix_path.sh'
[3.940s] Level 1:colcon.colcon_core.environment:checking '/home/mcr2/ros2_ws/src/install/msgs_clase/lib'
[3.940s] Level 1:colcon.colcon_core.shell:create_environment_hook('msgs_clase', 'ld_library_path_lib')
[3.959s] INFO:colcon.colcon_core.shell:Creating environment hook '/home/mcr2/ros2_ws/src/install/msgs_clase/share/msgs_clase/hook/ld_library_path_lib.ps1'
[3.960s] INFO:colcon.colcon_core.shell:Creating environment descriptor '/home/mcr2/ros2_ws/src/install/msgs_clase/share/msgs_clase/hook/ld_library_path_lib.dsv'
[3.960s] INFO:colcon.colcon_core.shell:Creating environment hook '/home/mcr2/ros2_ws/src/install/msgs_clase/share/msgs_clase/hook/ld_library_path_lib.sh'
[3.961s] Level 1:colcon.colcon_core.environment:checking '/home/mcr2/ros2_ws/src/install/msgs_clase/bin'
[3.961s] Level 1:colcon.colcon_core.environment:checking '/home/mcr2/ros2_ws/src/install/msgs_clase/lib/pkgconfig/msgs_clase.pc'
[3.961s] Level 1:colcon.colcon_core.environment:checking '/home/mcr2/ros2_ws/src/install/msgs_clase/lib/python3.10/site-packages'
[3.961s] Level 1:colcon.colcon_core.environment:checking '/home/mcr2/ros2_ws/src/install/msgs_clase/bin'
[3.979s] INFO:colcon.colcon_core.shell:Creating package script '/home/mcr2/ros2_ws/src/install/msgs_clase/share/msgs_clase/package.ps1'
[3.980s] INFO:colcon.colcon_core.shell:Creating package descriptor '/home/mcr2/ros2_ws/src/install/msgs_clase/share/msgs_clase/package.dsv'
[3.981s] INFO:colcon.colcon_core.shell:Creating package script '/home/mcr2/ros2_ws/src/install/msgs_clase/share/msgs_clase/package.sh'
[3.981s] INFO:colcon.colcon_core.shell:Creating package script '/home/mcr2/ros2_ws/src/install/msgs_clase/share/msgs_clase/package.bash'
[3.982s] INFO:colcon.colcon_core.shell:Creating package script '/home/mcr2/ros2_ws/src/install/msgs_clase/share/msgs_clase/package.zsh'
[3.982s] Level 1:colcon.colcon_core.environment:create_file_with_runtime_dependencies(/home/mcr2/ros2_ws/src/install/msgs_clase/share/colcon-core/packages/msgs_clase)
[3.984s] INFO:colcon.colcon_ros.task.ament_python.build:Building ROS package in '/home/mcr2/ros2_ws/src/sphere_msgs' with build type 'ament_python'
[3.984s] Level 1:colcon.colcon_core.shell:create_environment_hook('sphere_msgs', 'ament_prefix_path')
[4.001s] INFO:colcon.colcon_core.shell:Creating environment hook '/home/mcr2/ros2_ws/src/install/sphere_msgs/share/sphere_msgs/hook/ament_prefix_path.ps1'
[4.002s] INFO:colcon.colcon_core.shell:Creating environment descriptor '/home/mcr2/ros2_ws/src/install/sphere_msgs/share/sphere_msgs/hook/ament_prefix_path.dsv'
[4.002s] INFO:colcon.colcon_core.shell:Creating environment hook '/home/mcr2/ros2_ws/src/install/sphere_msgs/share/sphere_msgs/hook/ament_prefix_path.sh'
[4.015s] INFO:colcon.colcon_core.shell:Skip shell extension 'powershell' for command environment: Not usable outside of PowerShell
[4.015s] DEBUG:colcon.colcon_core.shell:Skip shell extension 'dsv' for command environment
[4.069s] DEBUG:colcon.colcon_core.event_handler.log_command:Invoking command in '/home/mcr2/ros2_ws/src/basic_comms': PYTHONPATH=/home/mcr2/ros2_ws/src/build/basic_comms/prefix_override:/home/mcr2/ros2_ws/src/install/basic_comms/lib/python3.10/site-packages:${PYTHONPATH} /usr/bin/python3 setup.py egg_info --egg-base ../build/basic_comms build --build-base /home/mcr2/ros2_ws/src/build/basic_comms/build install --record /home/mcr2/ros2_ws/src/build/basic_comms/install.log --single-version-externally-managed
[4.076s] DEBUG:colcon.colcon_core.event_handler.log_command:Invoking command in '/home/mcr2/ros2_ws/src/courseworks_params': PYTHONPATH=/home/mcr2/ros2_ws/src/build/courseworks_params/prefix_override:/home/mcr2/ros2_ws/src/install/courseworks_params/lib/python3.10/site-packages:${PYTHONPATH} /usr/bin/python3 setup.py egg_info --egg-base ../build/courseworks_params build --build-base /home/mcr2/ros2_ws/src/build/courseworks_params/build install --record /home/mcr2/ros2_ws/src/build/courseworks_params/install.log --single-version-externally-managed
[4.079s] DEBUG:colcon.colcon_core.event_handler.log_command:Invoking command in '/home/mcr2/ros2_ws/src/courseworks': PYTHONPATH=/home/mcr2/ros2_ws/src/build/courseworks/prefix_override:/home/mcr2/ros2_ws/src/install/courseworks/lib/python3.10/site-packages:${PYTHONPATH} /usr/bin/python3 setup.py egg_info --egg-base ../build/courseworks build --build-base /home/mcr2/ros2_ws/src/build/courseworks/build install --record /home/mcr2/ros2_ws/src/build/courseworks/install.log --single-version-externally-managed
[4.428s] INFO:colcon.colcon_core.task.python.build:Building Python package in '/home/mcr2/ros2_ws/src/sphere_msgs'
[4.452s] INFO:colcon.colcon_core.shell:Skip shell extension 'powershell' for command environment: Not usable outside of PowerShell
[4.452s] DEBUG:colcon.colcon_core.shell:Skip shell extension 'dsv' for command environment
[4.517s] DEBUG:colcon.colcon_core.event_handler.log_command:Invoked command in '/home/mcr2/ros2_ws/src/courseworks_params' returned '0': PYTHONPATH=/home/mcr2/ros2_ws/src/build/courseworks_params/prefix_override:/home/mcr2/ros2_ws/src/install/courseworks_params/lib/python3.10/site-packages:${PYTHONPATH} /usr/bin/python3 setup.py egg_info --egg-base ../build/courseworks_params build --build-base /home/mcr2/ros2_ws/src/build/courseworks_params/build install --record /home/mcr2/ros2_ws/src/build/courseworks_params/install.log --single-version-externally-managed
[4.529s] Level 1:colcon.colcon_core.environment:checking '/home/mcr2/ros2_ws/src/install/courseworks_params' for CMake module files
[4.530s] Level 1:colcon.colcon_core.environment:checking '/home/mcr2/ros2_ws/src/install/courseworks_params' for CMake config files
[4.530s] Level 1:colcon.colcon_core.environment:checking '/home/mcr2/ros2_ws/src/install/courseworks_params/lib'
[4.531s] Level 1:colcon.colcon_core.environment:checking '/home/mcr2/ros2_ws/src/install/courseworks_params/bin'
[4.531s] Level 1:colcon.colcon_core.environment:checking '/home/mcr2/ros2_ws/src/install/courseworks_params/lib/pkgconfig/courseworks_params.pc'
[4.531s] Level 1:colcon.colcon_core.environment:checking '/home/mcr2/ros2_ws/src/install/courseworks_params/lib/python3.10/site-packages'
[4.531s] Level 1:colcon.colcon_core.shell:create_environment_hook('courseworks_params', 'pythonpath')
[4.549s] INFO:colcon.colcon_core.shell:Creating environment hook '/home/mcr2/ros2_ws/src/install/courseworks_params/share/courseworks_params/hook/pythonpath.ps1'
[4.550s] INFO:colcon.colcon_core.shell:Creating environment descriptor '/home/mcr2/ros2_ws/src/install/courseworks_params/share/courseworks_params/hook/pythonpath.dsv'
[4.550s] INFO:colcon.colcon_core.shell:Creating environment hook '/home/mcr2/ros2_ws/src/install/courseworks_params/share/courseworks_params/hook/pythonpath.sh'
[4.551s] Level 1:colcon.colcon_core.environment:checking '/home/mcr2/ros2_ws/src/install/courseworks_params/bin'
[4.551s] Level 1:colcon.colcon_core.environment:create_environment_scripts_only(courseworks_params)
[4.566s] INFO:colcon.colcon_core.shell:Creating package script '/home/mcr2/ros2_ws/src/install/courseworks_params/share/courseworks_params/package.ps1'
[4.567s] INFO:colcon.colcon_core.shell:Creating package descriptor '/home/mcr2/ros2_ws/src/install/courseworks_params/share/courseworks_params/package.dsv'
[4.568s] INFO:colcon.colcon_core.shell:Creating package script '/home/mcr2/ros2_ws/src/install/courseworks_params/share/courseworks_params/package.sh'
[4.568s] INFO:colcon.colcon_core.shell:Creating package script '/home/mcr2/ros2_ws/src/install/courseworks_params/share/courseworks_params/package.bash'
[4.569s] INFO:colcon.colcon_core.shell:Creating package script '/home/mcr2/ros2_ws/src/install/courseworks_params/share/courseworks_params/package.zsh'
[4.569s] Level 1:colcon.colcon_core.environment:create_file_with_runtime_dependencies(/home/mcr2/ros2_ws/src/install/courseworks_params/share/colcon-core/packages/courseworks_params)
[4.572s] DEBUG:colcon.colcon_core.event_handler.log_command:Invoked command in '/home/mcr2/ros2_ws/src/basic_comms' returned '0': PYTHONPATH=/home/mcr2/ros2_ws/src/build/basic_comms/prefix_override:/home/mcr2/ros2_ws/src/install/basic_comms/lib/python3.10/site-packages:${PYTHONPATH} /usr/bin/python3 setup.py egg_info --egg-base ../build/basic_comms build --build-base /home/mcr2/ros2_ws/src/build/basic_comms/build install --record /home/mcr2/ros2_ws/src/build/basic_comms/install.log --single-version-externally-managed
[4.592s] Level 1:colcon.colcon_core.environment:checking '/home/mcr2/ros2_ws/src/install/basic_comms' for CMake module files
[4.592s] Level 1:colcon.colcon_core.environment:checking '/home/mcr2/ros2_ws/src/install/basic_comms' for CMake config files
[4.593s] Level 1:colcon.colcon_core.environment:checking '/home/mcr2/ros2_ws/src/install/basic_comms/lib'
[4.593s] Level 1:colcon.colcon_core.environment:checking '/home/mcr2/ros2_ws/src/install/basic_comms/bin'
[4.593s] Level 1:colcon.colcon_core.environment:checking '/home/mcr2/ros2_ws/src/install/basic_comms/lib/pkgconfig/basic_comms.pc'
[4.593s] Level 1:colcon.colcon_core.environment:checking '/home/mcr2/ros2_ws/src/install/basic_comms/lib/python3.10/site-packages'
[4.594s] Level 1:colcon.colcon_core.shell:create_environment_hook('basic_comms', 'pythonpath')
[4.614s] INFO:colcon.colcon_core.shell:Creating environment hook '/home/mcr2/ros2_ws/src/install/basic_comms/share/basic_comms/hook/pythonpath.ps1'
[4.615s] INFO:colcon.colcon_core.shell:Creating environment descriptor '/home/mcr2/ros2_ws/src/install/basic_comms/share/basic_comms/hook/pythonpath.dsv'
[4.615s] INFO:colcon.colcon_core.shell:Creating environment hook '/home/mcr2/ros2_ws/src/install/basic_comms/share/basic_comms/hook/pythonpath.sh'
[4.616s] Level 1:colcon.colcon_core.environment:checking '/home/mcr2/ros2_ws/src/install/basic_comms/bin'
[4.616s] Level 1:colcon.colcon_core.environment:create_environment_scripts_only(basic_comms)
[4.636s] INFO:colcon.colcon_core.shell:Creating package script '/home/mcr2/ros2_ws/src/install/basic_comms/share/basic_comms/package.ps1'
[4.637s] INFO:colcon.colcon_core.shell:Creating package descriptor '/home/mcr2/ros2_ws/src/install/basic_comms/share/basic_comms/package.dsv'
[4.638s] INFO:colcon.colcon_core.shell:Creating package script '/home/mcr2/ros2_ws/src/install/basic_comms/share/basic_comms/package.sh'
[4.638s] INFO:colcon.colcon_core.shell:Creating package script '/home/mcr2/ros2_ws/src/install/basic_comms/share/basic_comms/package.bash'
[4.639s] INFO:colcon.colcon_core.shell:Creating package script '/home/mcr2/ros2_ws/src/install/basic_comms/share/basic_comms/package.zsh'
[4.639s] Level 1:colcon.colcon_core.environment:create_file_with_runtime_dependencies(/home/mcr2/ros2_ws/src/install/basic_comms/share/colcon-core/packages/basic_comms)
[4.642s] DEBUG:colcon.colcon_core.event_handler.log_command:Invoked command in '/home/mcr2/ros2_ws/src/courseworks' returned '0': PYTHONPATH=/home/mcr2/ros2_ws/src/build/courseworks/prefix_override:/home/mcr2/ros2_ws/src/install/courseworks/lib/python3.10/site-packages:${PYTHONPATH} /usr/bin/python3 setup.py egg_info --egg-base ../build/courseworks build --build-base /home/mcr2/ros2_ws/src/build/courseworks/build install --record /home/mcr2/ros2_ws/src/build/courseworks/install.log --single-version-externally-managed
[4.658s] Level 1:colcon.colcon_core.environment:checking '/home/mcr2/ros2_ws/src/install/courseworks' for CMake module files
[4.658s] Level 1:colcon.colcon_core.environment:checking '/home/mcr2/ros2_ws/src/install/courseworks' for CMake config files
[4.659s] Level 1:colcon.colcon_core.environment:checking '/home/mcr2/ros2_ws/src/install/courseworks/lib'
[4.659s] Level 1:colcon.colcon_core.environment:checking '/home/mcr2/ros2_ws/src/install/courseworks/bin'
[4.659s] Level 1:colcon.colcon_core.environment:checking '/home/mcr2/ros2_ws/src/install/courseworks/lib/pkgconfig/courseworks.pc'
[4.659s] Level 1:colcon.colcon_core.environment:checking '/home/mcr2/ros2_ws/src/install/courseworks/lib/python3.10/site-packages'
[4.660s] Level 1:colcon.colcon_core.shell:create_environment_hook('courseworks', 'pythonpath')
[4.673s] INFO:colcon.colcon_core.shell:Creating environment hook '/home/mcr2/ros2_ws/src/install/courseworks/share/courseworks/hook/pythonpath.ps1'
[4.673s] INFO:colcon.colcon_core.shell:Creating environment descriptor '/home/mcr2/ros2_ws/src/install/courseworks/share/courseworks/hook/pythonpath.dsv'
[4.674s] INFO:colcon.colcon_core.shell:Creating environment hook '/home/mcr2/ros2_ws/src/install/courseworks/share/courseworks/hook/pythonpath.sh'
[4.675s] Level 1:colcon.colcon_core.environment:checking '/home/mcr2/ros2_ws/src/install/courseworks/bin'
[4.675s] Level 1:colcon.colcon_core.environment:create_environment_scripts_only(courseworks)
[4.697s] INFO:colcon.colcon_core.shell:Creating package script '/home/mcr2/ros2_ws/src/install/courseworks/share/courseworks/package.ps1'
[4.698s] INFO:colcon.colcon_core.shell:Creating package descriptor '/home/mcr2/ros2_ws/src/install/courseworks/share/courseworks/package.dsv'
[4.699s] INFO:colcon.colcon_core.shell:Creating package script '/home/mcr2/ros2_ws/src/install/courseworks/share/courseworks/package.sh'
[4.699s] INFO:colcon.colcon_core.shell:Creating package script '/home/mcr2/ros2_ws/src/install/courseworks/share/courseworks/package.bash'
[4.700s] INFO:colcon.colcon_core.shell:Creating package script '/home/mcr2/ros2_ws/src/install/courseworks/share/courseworks/package.zsh'
[4.700s] Level 1:colcon.colcon_core.environment:create_file_with_runtime_dependencies(/home/mcr2/ros2_ws/src/install/courseworks/share/colcon-core/packages/courseworks)
[5.082s] DEBUG:colcon.colcon_core.event_handler.log_command:Invoking command in '/home/mcr2/ros2_ws/src/sphere_msgs': AMENT_PREFIX_PATH=/home/mcr2/ros2_ws/src/install/msgs_clase:${AMENT_PREFIX_PATH} CMAKE_PREFIX_PATH=/home/mcr2/ros2_ws/src/install/msgs_clase:${CMAKE_PREFIX_PATH} LD_LIBRARY_PATH=/home/mcr2/ros2_ws/src/install/msgs_clase/lib:${LD_LIBRARY_PATH} PYTHONPATH=/home/mcr2/ros2_ws/src/build/sphere_msgs/prefix_override:/home/mcr2/ros2_ws/src/install/sphere_msgs/lib/python3.10/site-packages:/home/mcr2/ros2_ws/src/install/msgs_clase/local/lib/python3.10/dist-packages:${PYTHONPATH} /usr/bin/python3 setup.py egg_info --egg-base ../build/sphere_msgs build --build-base /home/mcr2/ros2_ws/src/build/sphere_msgs/build install --record /home/mcr2/ros2_ws/src/build/sphere_msgs/install.log --single-version-externally-managed
[5.102s] DEBUG:colcon.colcon_core.event_handler.log_command:Invoked command in '/home/mcr2/ros2_ws/src/build/signal_msg' returned '0': CMAKE_PREFIX_PATH=${CMAKE_PREFIX_PATH}:/opt/ros/humble /usr/bin/cmake /home/mcr2/ros2_ws/src/signal_msg -DCMAKE_INSTALL_PREFIX=/home/mcr2/ros2_ws/src/install/signal_msg
[5.103s] DEBUG:colcon.colcon_core.event_handler.log_command:Invoking command in '/home/mcr2/ros2_ws/src/build/signal_msg': CMAKE_PREFIX_PATH=${CMAKE_PREFIX_PATH}:/opt/ros/humble /usr/bin/cmake --build /home/mcr2/ros2_ws/src/build/signal_msg -- -j6 -l6
[5.421s] DEBUG:colcon.colcon_core.event_handler.log_command:Invoked command in '/home/mcr2/ros2_ws/src/sphere_msgs' returned '0': AMENT_PREFIX_PATH=/home/mcr2/ros2_ws/src/install/msgs_clase:${AMENT_PREFIX_PATH} CMAKE_PREFIX_PATH=/home/mcr2/ros2_ws/src/install/msgs_clase:${CMAKE_PREFIX_PATH} LD_LIBRARY_PATH=/home/mcr2/ros2_ws/src/install/msgs_clase/lib:${LD_LIBRARY_PATH} PYTHONPATH=/home/mcr2/ros2_ws/src/build/sphere_msgs/prefix_override:/home/mcr2/ros2_ws/src/install/sphere_msgs/lib/python3.10/site-packages:/home/mcr2/ros2_ws/src/install/msgs_clase/local/lib/python3.10/dist-packages:${PYTHONPATH} /usr/bin/python3 setup.py egg_info --egg-base ../build/sphere_msgs build --build-base /home/mcr2/ros2_ws/src/build/sphere_msgs/build install --record /home/mcr2/ros2_ws/src/build/sphere_msgs/install.log --single-version-externally-managed
[5.441s] Level 1:colcon.colcon_core.environment:checking '/home/mcr2/ros2_ws/src/install/sphere_msgs' for CMake module files
[5.442s] Level 1:colcon.colcon_core.environment:checking '/home/mcr2/ros2_ws/src/install/sphere_msgs' for CMake config files
[5.443s] Level 1:colcon.colcon_core.environment:checking '/home/mcr2/ros2_ws/src/install/sphere_msgs/lib'
[5.443s] Level 1:colcon.colcon_core.environment:checking '/home/mcr2/ros2_ws/src/install/sphere_msgs/bin'
[5.444s] Level 1:colcon.colcon_core.environment:checking '/home/mcr2/ros2_ws/src/install/sphere_msgs/lib/pkgconfig/sphere_msgs.pc'
[5.444s] Level 1:colcon.colcon_core.environment:checking '/home/mcr2/ros2_ws/src/install/sphere_msgs/lib/python3.10/site-packages'
[5.444s] Level 1:colcon.colcon_core.shell:create_environment_hook('sphere_msgs', 'pythonpath')
[5.468s] INFO:colcon.colcon_core.shell:Creating environment hook '/home/mcr2/ros2_ws/src/install/sphere_msgs/share/sphere_msgs/hook/pythonpath.ps1'
[5.469s] INFO:colcon.colcon_core.shell:Creating environment descriptor '/home/mcr2/ros2_ws/src/install/sphere_msgs/share/sphere_msgs/hook/pythonpath.dsv'
[5.470s] INFO:colcon.colcon_core.shell:Creating environment hook '/home/mcr2/ros2_ws/src/install/sphere_msgs/share/sphere_msgs/hook/pythonpath.sh'
[5.471s] Level 1:colcon.colcon_core.environment:checking '/home/mcr2/ros2_ws/src/install/sphere_msgs/bin'
[5.471s] Level 1:colcon.colcon_core.environment:create_environment_scripts_only(sphere_msgs)
[5.493s] INFO:colcon.colcon_core.shell:Creating package script '/home/mcr2/ros2_ws/src/install/sphere_msgs/share/sphere_msgs/package.ps1'
[5.494s] INFO:colcon.colcon_core.shell:Creating package descriptor '/home/mcr2/ros2_ws/src/install/sphere_msgs/share/sphere_msgs/package.dsv'
[5.495s] INFO:colcon.colcon_core.shell:Creating package script '/home/mcr2/ros2_ws/src/install/sphere_msgs/share/sphere_msgs/package.sh'
[5.495s] INFO:colcon.colcon_core.shell:Creating package script '/home/mcr2/ros2_ws/src/install/sphere_msgs/share/sphere_msgs/package.bash'
[5.496s] INFO:colcon.colcon_core.shell:Creating package script '/home/mcr2/ros2_ws/src/install/sphere_msgs/share/sphere_msgs/package.zsh'
[5.496s] Level 1:colcon.colcon_core.environment:create_file_with_runtime_dependencies(/home/mcr2/ros2_ws/src/install/sphere_msgs/share/colcon-core/packages/sphere_msgs)
[7.414s] DEBUG:colcon.colcon_core.event_handler.log_command:Invoked command in '/home/mcr2/ros2_ws/src/build/signal_msg' returned '0': CMAKE_PREFIX_PATH=${CMAKE_PREFIX_PATH}:/opt/ros/humble /usr/bin/cmake --build /home/mcr2/ros2_ws/src/build/signal_msg -- -j6 -l6
[7.625s] DEBUG:colcon.colcon_core.event_handler.log_command:Invoking command in '/home/mcr2/ros2_ws/src/build/signal_msg': CMAKE_PREFIX_PATH=${CMAKE_PREFIX_PATH}:/opt/ros/humble /usr/bin/cmake --install /home/mcr2/ros2_ws/src/build/signal_msg
[7.705s] Level 1:colcon.colcon_core.environment:create_environment_scripts_only(signal_msg)
[7.705s] DEBUG:colcon.colcon_core.event_handler.log_command:Invoked command in '/home/mcr2/ros2_ws/src/build/signal_msg' returned '0': CMAKE_PREFIX_PATH=${CMAKE_PREFIX_PATH}:/opt/ros/humble /usr/bin/cmake --install /home/mcr2/ros2_ws/src/build/signal_msg
[7.718s] Level 1:colcon.colcon_core.environment:checking '/home/mcr2/ros2_ws/src/install/signal_msg' for CMake module files
[7.719s] Level 1:colcon.colcon_core.environment:checking '/home/mcr2/ros2_ws/src/install/signal_msg' for CMake config files
[7.719s] Level 1:colcon.colcon_core.shell:create_environment_hook('signal_msg', 'cmake_prefix_path')
[7.730s] INFO:colcon.colcon_core.shell:Creating environment hook '/home/mcr2/ros2_ws/src/install/signal_msg/share/signal_msg/hook/cmake_prefix_path.ps1'
[7.731s] INFO:colcon.colcon_core.shell:Creating environment descriptor '/home/mcr2/ros2_ws/src/install/signal_msg/share/signal_msg/hook/cmake_prefix_path.dsv'
[7.731s] INFO:colcon.colcon_core.shell:Creating environment hook '/home/mcr2/ros2_ws/src/install/signal_msg/share/signal_msg/hook/cmake_prefix_path.sh'
[7.731s] Level 1:colcon.colcon_core.environment:checking '/home/mcr2/ros2_ws/src/install/signal_msg/lib'
[7.732s] Level 1:colcon.colcon_core.shell:create_environment_hook('signal_msg', 'ld_library_path_lib')
[7.744s] INFO:colcon.colcon_core.shell:Creating environment hook '/home/mcr2/ros2_ws/src/install/signal_msg/share/signal_msg/hook/ld_library_path_lib.ps1'
[7.744s] INFO:colcon.colcon_core.shell:Creating environment descriptor '/home/mcr2/ros2_ws/src/install/signal_msg/share/signal_msg/hook/ld_library_path_lib.dsv'
[7.744s] INFO:colcon.colcon_core.shell:Creating environment hook '/home/mcr2/ros2_ws/src/install/signal_msg/share/signal_msg/hook/ld_library_path_lib.sh'
[7.744s] Level 1:colcon.colcon_core.environment:checking '/home/mcr2/ros2_ws/src/install/signal_msg/bin'
[7.744s] Level 1:colcon.colcon_core.environment:checking '/home/mcr2/ros2_ws/src/install/signal_msg/lib/pkgconfig/signal_msg.pc'
[7.745s] Level 1:colcon.colcon_core.environment:checking '/home/mcr2/ros2_ws/src/install/signal_msg/lib/python3.10/site-packages'
[7.745s] Level 1:colcon.colcon_core.environment:checking '/home/mcr2/ros2_ws/src/install/signal_msg/bin'
[7.756s] INFO:colcon.colcon_core.shell:Creating package script '/home/mcr2/ros2_ws/src/install/signal_msg/share/signal_msg/package.ps1'
[7.756s] INFO:colcon.colcon_core.shell:Creating package descriptor '/home/mcr2/ros2_ws/src/install/signal_msg/share/signal_msg/package.dsv'
[7.757s] INFO:colcon.colcon_core.shell:Creating package script '/home/mcr2/ros2_ws/src/install/signal_msg/share/signal_msg/package.sh'
[7.757s] INFO:colcon.colcon_core.shell:Creating package script '/home/mcr2/ros2_ws/src/install/signal_msg/share/signal_msg/package.bash'
[7.758s] INFO:colcon.colcon_core.shell:Creating package script '/home/mcr2/ros2_ws/src/install/signal_msg/share/signal_msg/package.zsh'
[7.758s] Level 1:colcon.colcon_core.environment:create_file_with_runtime_dependencies(/home/mcr2/ros2_ws/src/install/signal_msg/share/colcon-core/packages/signal_msg)
[7.970s] Level 1:colcon.colcon_core.environment:create_environment_scripts_only(signal_msg)
[7.987s] Level 1:colcon.colcon_core.environment:checking '/home/mcr2/ros2_ws/src/install/signal_msg' for CMake module files
[7.987s] Level 1:colcon.colcon_core.environment:checking '/home/mcr2/ros2_ws/src/install/signal_msg' for CMake config files
[7.988s] Level 1:colcon.colcon_core.shell:create_environment_hook('signal_msg', 'cmake_prefix_path')
[8.001s] INFO:colcon.colcon_core.shell:Creating environment hook '/home/mcr2/ros2_ws/src/install/signal_msg/share/signal_msg/hook/cmake_prefix_path.ps1'
[8.001s] INFO:colcon.colcon_core.shell:Creating environment descriptor '/home/mcr2/ros2_ws/src/install/signal_msg/share/signal_msg/hook/cmake_prefix_path.dsv'
[8.002s] INFO:colcon.colcon_core.shell:Creating environment hook '/home/mcr2/ros2_ws/src/install/signal_msg/share/signal_msg/hook/cmake_prefix_path.sh'
[8.003s] Level 1:colcon.colcon_core.environment:checking '/home/mcr2/ros2_ws/src/install/signal_msg/lib'
[8.003s] Level 1:colcon.colcon_core.shell:create_environment_hook('signal_msg', 'ld_library_path_lib')
[8.021s] INFO:colcon.colcon_core.shell:Creating environment hook '/home/mcr2/ros2_ws/src/install/signal_msg/share/signal_msg/hook/ld_library_path_lib.ps1'
[8.021s] INFO:colcon.colcon_core.shell:Creating environment descriptor '/home/mcr2/ros2_ws/src/install/signal_msg/share/signal_msg/hook/ld_library_path_lib.dsv'
[8.022s] INFO:colcon.colcon_core.shell:Creating environment hook '/home/mcr2/ros2_ws/src/install/signal_msg/share/signal_msg/hook/ld_library_path_lib.sh'
[8.023s] Level 1:colcon.colcon_core.environment:checking '/home/mcr2/ros2_ws/src/install/signal_msg/bin'
[8.023s] Level 1:colcon.colcon_core.environment:checking '/home/mcr2/ros2_ws/src/install/signal_msg/lib/pkgconfig/signal_msg.pc'
[8.023s] Level 1:colcon.colcon_core.environment:checking '/home/mcr2/ros2_ws/src/install/signal_msg/lib/python3.10/site-packages'
[8.023s] Level 1:colcon.colcon_core.environment:checking '/home/mcr2/ros2_ws/src/install/signal_msg/bin'
[8.036s] INFO:colcon.colcon_core.shell:Creating package script '/home/mcr2/ros2_ws/src/install/signal_msg/share/signal_msg/package.ps1'
[8.037s] INFO:colcon.colcon_core.shell:Creating package descriptor '/home/mcr2/ros2_ws/src/install/signal_msg/share/signal_msg/package.dsv'
[8.037s] INFO:colcon.colcon_core.shell:Creating package script '/home/mcr2/ros2_ws/src/install/signal_msg/share/signal_msg/package.sh'
[8.038s] INFO:colcon.colcon_core.shell:Creating package script '/home/mcr2/ros2_ws/src/install/signal_msg/share/signal_msg/package.bash'
[8.038s] INFO:colcon.colcon_core.shell:Creating package script '/home/mcr2/ros2_ws/src/install/signal_msg/share/signal_msg/package.zsh'
[8.038s] Level 1:colcon.colcon_core.environment:create_file_with_runtime_dependencies(/home/mcr2/ros2_ws/src/install/signal_msg/share/colcon-core/packages/signal_msg)
[8.039s] INFO:colcon.colcon_ros.task.ament_python.build:Building ROS package in '/home/mcr2/ros2_ws/src/signal_decomposition' with build type 'ament_python'
[8.039s] Level 1:colcon.colcon_core.shell:create_environment_hook('signal_decomposition', 'ament_prefix_path')
[8.058s] INFO:colcon.colcon_core.shell:Creating environment hook '/home/mcr2/ros2_ws/src/install/signal_decomposition/share/signal_decomposition/hook/ament_prefix_path.ps1'
[8.059s] INFO:colcon.colcon_core.shell:Creating environment descriptor '/home/mcr2/ros2_ws/src/install/signal_decomposition/share/signal_decomposition/hook/ament_prefix_path.dsv'
[8.060s] INFO:colcon.colcon_core.shell:Creating environment hook '/home/mcr2/ros2_ws/src/install/signal_decomposition/share/signal_decomposition/hook/ament_prefix_path.sh'
[8.076s] INFO:colcon.colcon_core.shell:Skip shell extension 'powershell' for command environment: Not usable outside of PowerShell
[8.076s] DEBUG:colcon.colcon_core.shell:Skip shell extension 'dsv' for command environment
[8.350s] INFO:colcon.colcon_core.task.python.build:Building Python package in '/home/mcr2/ros2_ws/src/signal_decomposition'
[8.365s] INFO:colcon.colcon_core.shell:Skip shell extension 'powershell' for command environment: Not usable outside of PowerShell
[8.365s] DEBUG:colcon.colcon_core.shell:Skip shell extension 'dsv' for command environment
[8.772s] DEBUG:colcon.colcon_core.event_handler.log_command:Invoking command in '/home/mcr2/ros2_ws/src/signal_decomposition': AMENT_PREFIX_PATH=/home/mcr2/ros2_ws/src/install/signal_msg:${AMENT_PREFIX_PATH} CMAKE_PREFIX_PATH=/home/mcr2/ros2_ws/src/install/signal_msg:${CMAKE_PREFIX_PATH} LD_LIBRARY_PATH=/home/mcr2/ros2_ws/src/install/signal_msg/lib:${LD_LIBRARY_PATH} PYTHONPATH=/home/mcr2/ros2_ws/src/build/signal_decomposition/prefix_override:/home/mcr2/ros2_ws/src/install/signal_decomposition/lib/python3.10/site-packages:/home/mcr2/ros2_ws/src/install/signal_msg/local/lib/python3.10/dist-packages:${PYTHONPATH} /usr/bin/python3 setup.py egg_info --egg-base ../build/signal_decomposition build --build-base /home/mcr2/ros2_ws/src/build/signal_decomposition/build install --record /home/mcr2/ros2_ws/src/build/signal_decomposition/install.log --single-version-externally-managed
[9.021s] DEBUG:colcon.colcon_core.event_handler.log_command:Invoked command in '/home/mcr2/ros2_ws/src/signal_decomposition' returned '0': AMENT_PREFIX_PATH=/home/mcr2/ros2_ws/src/install/signal_msg:${AMENT_PREFIX_PATH} CMAKE_PREFIX_PATH=/home/mcr2/ros2_ws/src/install/signal_msg:${CMAKE_PREFIX_PATH} LD_LIBRARY_PATH=/home/mcr2/ros2_ws/src/install/signal_msg/lib:${LD_LIBRARY_PATH} PYTHONPATH=/home/mcr2/ros2_ws/src/build/signal_decomposition/prefix_override:/home/mcr2/ros2_ws/src/install/signal_decomposition/lib/python3.10/site-packages:/home/mcr2/ros2_ws/src/install/signal_msg/local/lib/python3.10/dist-packages:${PYTHONPATH} /usr/bin/python3 setup.py egg_info --egg-base ../build/signal_decomposition build --build-base /home/mcr2/ros2_ws/src/build/signal_decomposition/build install --record /home/mcr2/ros2_ws/src/build/signal_decomposition/install.log --single-version-externally-managed
[9.033s] Level 1:colcon.colcon_core.environment:checking '/home/mcr2/ros2_ws/src/install/signal_decomposition' for CMake module files
[9.034s] Level 1:colcon.colcon_core.environment:checking '/home/mcr2/ros2_ws/src/install/signal_decomposition' for CMake config files
[9.034s] Level 1:colcon.colcon_core.environment:checking '/home/mcr2/ros2_ws/src/install/signal_decomposition/lib'
[9.034s] Level 1:colcon.colcon_core.environment:checking '/home/mcr2/ros2_ws/src/install/signal_decomposition/bin'
[9.035s] Level 1:colcon.colcon_core.environment:checking '/home/mcr2/ros2_ws/src/install/signal_decomposition/lib/pkgconfig/signal_decomposition.pc'
[9.035s] Level 1:colcon.colcon_core.environment:checking '/home/mcr2/ros2_ws/src/install/signal_decomposition/lib/python3.10/site-packages'
[9.035s] Level 1:colcon.colcon_core.shell:create_environment_hook('signal_decomposition', 'pythonpath')
[9.049s] INFO:colcon.colcon_core.shell:Creating environment hook '/home/mcr2/ros2_ws/src/install/signal_decomposition/share/signal_decomposition/hook/pythonpath.ps1'
[9.050s] INFO:colcon.colcon_core.shell:Creating environment descriptor '/home/mcr2/ros2_ws/src/install/signal_decomposition/share/signal_decomposition/hook/pythonpath.dsv'
[9.050s] INFO:colcon.colcon_core.shell:Creating environment hook '/home/mcr2/ros2_ws/src/install/signal_decomposition/share/signal_decomposition/hook/pythonpath.sh'
[9.050s] Level 1:colcon.colcon_core.environment:checking '/home/mcr2/ros2_ws/src/install/signal_decomposition/bin'
[9.050s] Level 1:colcon.colcon_core.environment:create_environment_scripts_only(signal_decomposition)
[9.062s] INFO:colcon.colcon_core.shell:Creating package script '/home/mcr2/ros2_ws/src/install/signal_decomposition/share/signal_decomposition/package.ps1'
[9.062s] INFO:colcon.colcon_core.shell:Creating package descriptor '/home/mcr2/ros2_ws/src/install/signal_decomposition/share/signal_decomposition/package.dsv'
[9.063s] INFO:colcon.colcon_core.shell:Creating package script '/home/mcr2/ros2_ws/src/install/signal_decomposition/share/signal_decomposition/package.sh'
[9.063s] INFO:colcon.colcon_core.shell:Creating package script '/home/mcr2/ros2_ws/src/install/signal_decomposition/share/signal_decomposition/package.bash'
[9.063s] INFO:colcon.colcon_core.shell:Creating package script '/home/mcr2/ros2_ws/src/install/signal_decomposition/share/signal_decomposition/package.zsh'
[9.064s] Level 1:colcon.colcon_core.environment:create_file_with_runtime_dependencies(/home/mcr2/ros2_ws/src/install/signal_decomposition/share/colcon-core/packages/signal_decomposition)
[9.064s] DEBUG:colcon.colcon_parallel_executor.executor.parallel:closing loop
[9.065s] DEBUG:colcon.colcon_parallel_executor.executor.parallel:loop closed
[9.065s] DEBUG:colcon.colcon_parallel_executor.executor.parallel:run_until_complete finished with '0'
[9.065s] DEBUG:colcon.colcon_core.event_reactor:joining thread
[9.092s] INFO:colcon.colcon_core.plugin_system:Skipping extension 'colcon_notification.desktop_notification.terminal_notifier': Not used on non-Darwin systems
[9.092s] INFO:colcon.colcon_core.plugin_system:Skipping extension 'colcon_notification.desktop_notification.win32': Not used on non-Windows systems
[9.092s] INFO:colcon.colcon_notification.desktop_notification:Sending desktop notification using 'notify2'
[9.112s] DEBUG:colcon.colcon_core.event_reactor:joined thread
[9.128s] INFO:colcon.colcon_core.shell:Creating prefix script '/home/mcr2/ros2_ws/src/install/local_setup.ps1'
[9.130s] INFO:colcon.colcon_core.shell:Creating prefix util module '/home/mcr2/ros2_ws/src/install/_local_setup_util_ps1.py'
[9.132s] INFO:colcon.colcon_core.shell:Creating prefix chain script '/home/mcr2/ros2_ws/src/install/setup.ps1'
[9.155s] INFO:colcon.colcon_core.shell:Creating prefix script '/home/mcr2/ros2_ws/src/install/local_setup.sh'
[9.156s] INFO:colcon.colcon_core.shell:Creating prefix util module '/home/mcr2/ros2_ws/src/install/_local_setup_util_sh.py'
[9.157s] INFO:colcon.colcon_core.shell:Creating prefix chain script '/home/mcr2/ros2_ws/src/install/setup.sh'
[9.176s] INFO:colcon.colcon_core.shell:Creating prefix script '/home/mcr2/ros2_ws/src/install/local_setup.bash'
[9.177s] INFO:colcon.colcon_core.shell:Creating prefix chain script '/home/mcr2/ros2_ws/src/install/setup.bash'
[9.195s] INFO:colcon.colcon_core.shell:Creating prefix script '/home/mcr2/ros2_ws/src/install/local_setup.zsh'
[9.197s] INFO:colcon.colcon_core.shell:Creating prefix chain script '/home/mcr2/ros2_ws/src/install/setup.zsh'
