[2.699s] Invoking command in '/home/mcr2/ros2_ws/src/courseworks_params': PYTHONPATH=/home/mcr2/ros2_ws/src/build/courseworks_params/prefix_override:/home/mcr2/ros2_ws/src/install/courseworks_params/lib/python3.10/site-packages:${PYTHONPATH} /usr/bin/python3 setup.py egg_info --egg-base ../build/courseworks_params build --build-base /home/mcr2/ros2_ws/src/build/courseworks_params/build install --record /home/mcr2/ros2_ws/src/build/courseworks_params/install.log --single-version-externally-managed
[3.316s] running egg_info
[3.321s] writing ../build/courseworks_params/courseworks_params.egg-info/PKG-INFO
[3.321s] writing dependency_links to ../build/courseworks_params/courseworks_params.egg-info/dependency_links.txt
[3.321s] writing entry points to ../build/courseworks_params/courseworks_params.egg-info/entry_points.txt
[3.322s] writing requirements to ../build/courseworks_params/courseworks_params.egg-info/requires.txt
[3.322s] writing top-level names to ../build/courseworks_params/courseworks_params.egg-info/top_level.txt
[3.323s] reading manifest file '../build/courseworks_params/courseworks_params.egg-info/SOURCES.txt'
[3.324s] adding license file 'LICENSE'
[3.325s] writing manifest file '../build/courseworks_params/courseworks_params.egg-info/SOURCES.txt'
[3.325s] running build
[3.325s] running build_py
[3.326s] running install
[3.326s] /usr/lib/python3/dist-packages/setuptools/command/install.py:34: SetuptoolsDeprecationWarning: setup.py install is deprecated. Use build and pip and other standards-based tools.
[3.326s]   warnings.warn(
[3.327s] running install_lib
[3.328s] running install_data
[3.329s] running install_egg_info
[3.331s] removing '/home/mcr2/ros2_ws/src/install/courseworks_params/lib/python3.10/site-packages/courseworks_params-0.0.0-py3.10.egg-info' (and everything under it)
[3.331s] Copying ../build/courseworks_params/courseworks_params.egg-info to /home/mcr2/ros2_ws/src/install/courseworks_params/lib/python3.10/site-packages/courseworks_params-0.0.0-py3.10.egg-info
[3.333s] running install_scripts
[3.367s] Installing signal_params script to /home/mcr2/ros2_ws/src/install/courseworks_params/lib/courseworks_params
[3.368s] writing list of installed files to '/home/mcr2/ros2_ws/src/build/courseworks_params/install.log'
[3.601s] Invoked command in '/home/mcr2/ros2_ws/src/courseworks_params' returned '0': PYTHONPATH=/home/mcr2/ros2_ws/src/build/courseworks_params/prefix_override:/home/mcr2/ros2_ws/src/install/courseworks_params/lib/python3.10/site-packages:${PYTHONPATH} /usr/bin/python3 setup.py egg_info --egg-base ../build/courseworks_params build --build-base /home/mcr2/ros2_ws/src/build/courseworks_params/build install --record /home/mcr2/ros2_ws/src/build/courseworks_params/install.log --single-version-externally-managed
