[1.186s] Invoking command in '/home/mcr2/ros2_ws/src/courseworks': PYTHONPATH=/home/mcr2/ros2_ws/src/build/courseworks/prefix_override:/home/mcr2/ros2_ws/src/install/courseworks/lib/python3.10/site-packages:${PYTHONPATH} /usr/bin/python3 setup.py egg_info --egg-base ../build/courseworks build --build-base /home/mcr2/ros2_ws/src/build/courseworks/build install --record /home/mcr2/ros2_ws/src/build/courseworks/install.log --single-version-externally-managed
[1.444s] running egg_info
[1.445s] creating ../build/courseworks/courseworks.egg-info
[1.445s] writing ../build/courseworks/courseworks.egg-info/PKG-INFO
[1.446s] writing dependency_links to ../build/courseworks/courseworks.egg-info/dependency_links.txt
[1.446s] writing entry points to ../build/courseworks/courseworks.egg-info/entry_points.txt
[1.446s] writing requirements to ../build/courseworks/courseworks.egg-info/requires.txt
[1.446s] writing top-level names to ../build/courseworks/courseworks.egg-info/top_level.txt
[1.446s] writing manifest file '../build/courseworks/courseworks.egg-info/SOURCES.txt'
[1.448s] reading manifest file '../build/courseworks/courseworks.egg-info/SOURCES.txt'
[1.449s] writing manifest file '../build/courseworks/courseworks.egg-info/SOURCES.txt'
[1.449s] running build
[1.449s] running build_py
[1.449s] creating /home/mcr2/ros2_ws/src/build/courseworks/build
[1.449s] creating /home/mcr2/ros2_ws/src/build/courseworks/build/lib
[1.449s] creating /home/mcr2/ros2_ws/src/build/courseworks/build/lib/courseworks
[1.449s] copying courseworks/process.py -> /home/mcr2/ros2_ws/src/build/courseworks/build/lib/courseworks
[1.449s] copying courseworks/signal_generator.py -> /home/mcr2/ros2_ws/src/build/courseworks/build/lib/courseworks
[1.449s] copying courseworks/__init__.py -> /home/mcr2/ros2_ws/src/build/courseworks/build/lib/courseworks
[1.449s] running install
[1.450s] /usr/lib/python3/dist-packages/setuptools/command/install.py:34: SetuptoolsDeprecationWarning: setup.py install is deprecated. Use build and pip and other standards-based tools.
[1.450s]   warnings.warn(
[1.450s] running install_lib
[1.451s] creating /home/mcr2/ros2_ws/src/install/courseworks/lib/python3.10/site-packages/courseworks
[1.451s] copying /home/mcr2/ros2_ws/src/build/courseworks/build/lib/courseworks/process.py -> /home/mcr2/ros2_ws/src/install/courseworks/lib/python3.10/site-packages/courseworks
[1.451s] copying /home/mcr2/ros2_ws/src/build/courseworks/build/lib/courseworks/signal_generator.py -> /home/mcr2/ros2_ws/src/install/courseworks/lib/python3.10/site-packages/courseworks
[1.451s] copying /home/mcr2/ros2_ws/src/build/courseworks/build/lib/courseworks/__init__.py -> /home/mcr2/ros2_ws/src/install/courseworks/lib/python3.10/site-packages/courseworks
[1.452s] byte-compiling /home/mcr2/ros2_ws/src/install/courseworks/lib/python3.10/site-packages/courseworks/process.py to process.cpython-310.pyc
[1.452s] byte-compiling /home/mcr2/ros2_ws/src/install/courseworks/lib/python3.10/site-packages/courseworks/signal_generator.py to signal_generator.cpython-310.pyc
[1.452s] byte-compiling /home/mcr2/ros2_ws/src/install/courseworks/lib/python3.10/site-packages/courseworks/__init__.py to __init__.cpython-310.pyc
[1.452s] running install_data
[1.453s] creating /home/mcr2/ros2_ws/src/install/courseworks/share/ament_index
[1.453s] creating /home/mcr2/ros2_ws/src/install/courseworks/share/ament_index/resource_index
[1.453s] creating /home/mcr2/ros2_ws/src/install/courseworks/share/ament_index/resource_index/packages
[1.454s] copying resource/courseworks -> /home/mcr2/ros2_ws/src/install/courseworks/share/ament_index/resource_index/packages
[1.454s] copying package.xml -> /home/mcr2/ros2_ws/src/install/courseworks/share/courseworks
[1.454s] running install_egg_info
[1.456s] Copying ../build/courseworks/courseworks.egg-info to /home/mcr2/ros2_ws/src/install/courseworks/lib/python3.10/site-packages/courseworks-0.0.0-py3.10.egg-info
[1.457s] running install_scripts
[1.481s] Installing process script to /home/mcr2/ros2_ws/src/install/courseworks/lib/courseworks
[1.481s] Installing signal_generator script to /home/mcr2/ros2_ws/src/install/courseworks/lib/courseworks
[1.481s] writing list of installed files to '/home/mcr2/ros2_ws/src/build/courseworks/install.log'
[1.503s] Invoked command in '/home/mcr2/ros2_ws/src/courseworks' returned '0': PYTHONPATH=/home/mcr2/ros2_ws/src/build/courseworks/prefix_override:/home/mcr2/ros2_ws/src/install/courseworks/lib/python3.10/site-packages:${PYTHONPATH} /usr/bin/python3 setup.py egg_info --egg-base ../build/courseworks build --build-base /home/mcr2/ros2_ws/src/build/courseworks/build install --record /home/mcr2/ros2_ws/src/build/courseworks/install.log --single-version-externally-managed
