[2.521s] Invoking command in '/home/mcr2/ros2_ws/src/basic_comms': PYTHONPATH=/home/mcr2/ros2_ws/src/build/basic_comms/prefix_override:/home/mcr2/ros2_ws/src/install/basic_comms/lib/python3.10/site-packages:${PYTHONPATH} /usr/bin/python3 setup.py egg_info --egg-base ../build/basic_comms build --build-base /home/mcr2/ros2_ws/src/build/basic_comms/build install --record /home/mcr2/ros2_ws/src/build/basic_comms/install.log --single-version-externally-managed
[2.826s] running egg_info
[2.827s] writing ../build/basic_comms/basic_comms.egg-info/PKG-INFO
[2.828s] writing dependency_links to ../build/basic_comms/basic_comms.egg-info/dependency_links.txt
[2.828s] writing entry points to ../build/basic_comms/basic_comms.egg-info/entry_points.txt
[2.830s] writing requirements to ../build/basic_comms/basic_comms.egg-info/requires.txt
[2.830s] writing top-level names to ../build/basic_comms/basic_comms.egg-info/top_level.txt
[2.831s] reading manifest file '../build/basic_comms/basic_comms.egg-info/SOURCES.txt'
[2.833s] writing manifest file '../build/basic_comms/basic_comms.egg-info/SOURCES.txt'
[2.833s] running build
[2.833s] running build_py
[2.835s] running install
[2.835s] /usr/lib/python3/dist-packages/setuptools/command/install.py:34: SetuptoolsDeprecationWarning: setup.py install is deprecated. Use build and pip and other standards-based tools.
[2.835s]   warnings.warn(
[2.835s] running install_lib
[2.837s] running install_data
[2.838s] running install_egg_info
[2.840s] removing '/home/mcr2/ros2_ws/src/install/basic_comms/lib/python3.10/site-packages/basic_comms-0.0.0-py3.10.egg-info' (and everything under it)
[2.841s] Copying ../build/basic_comms/basic_comms.egg-info to /home/mcr2/ros2_ws/src/install/basic_comms/lib/python3.10/site-packages/basic_comms-0.0.0-py3.10.egg-info
[2.842s] running install_scripts
[2.872s] Installing listener script to /home/mcr2/ros2_ws/src/install/basic_comms/lib/basic_comms
[2.873s] Installing talker script to /home/mcr2/ros2_ws/src/install/basic_comms/lib/basic_comms
[2.874s] writing list of installed files to '/home/mcr2/ros2_ws/src/build/basic_comms/install.log'
[3.658s] Invoked command in '/home/mcr2/ros2_ws/src/basic_comms' returned '0': PYTHONPATH=/home/mcr2/ros2_ws/src/build/basic_comms/prefix_override:/home/mcr2/ros2_ws/src/install/basic_comms/lib/python3.10/site-packages:${PYTHONPATH} /usr/bin/python3 setup.py egg_info --egg-base ../build/basic_comms build --build-base /home/mcr2/ros2_ws/src/build/basic_comms/build install --record /home/mcr2/ros2_ws/src/build/basic_comms/install.log --single-version-externally-managed
