[0.711s] Invoking command in '/home/mcr2/ros2_ws/src/basic_comms': PYTHONPATH=/home/mcr2/ros2_ws/src/basic_comms/build/basic_comms/prefix_override:/home/mcr2/ros2_ws/src/basic_comms/install/basic_comms/lib/python3.10/site-packages:${PYTHONPATH} /usr/bin/python3 setup.py egg_info --egg-base build/basic_comms build --build-base /home/mcr2/ros2_ws/src/basic_comms/build/basic_comms/build install --record /home/mcr2/ros2_ws/src/basic_comms/build/basic_comms/install.log --single-version-externally-managed
[0.908s] running egg_info
[0.909s] creating build/basic_comms/basic_comms.egg-info
[0.909s] writing build/basic_comms/basic_comms.egg-info/PKG-INFO
[0.909s] writing dependency_links to build/basic_comms/basic_comms.egg-info/dependency_links.txt
[0.910s] writing entry points to build/basic_comms/basic_comms.egg-info/entry_points.txt
[0.910s] writing requirements to build/basic_comms/basic_comms.egg-info/requires.txt
[0.910s] writing top-level names to build/basic_comms/basic_comms.egg-info/top_level.txt
[0.911s] writing manifest file 'build/basic_comms/basic_comms.egg-info/SOURCES.txt'
[0.913s] reading manifest file 'build/basic_comms/basic_comms.egg-info/SOURCES.txt'
[0.913s] writing manifest file 'build/basic_comms/basic_comms.egg-info/SOURCES.txt'
[0.913s] running build
[0.913s] running build_py
[0.913s] creating /home/mcr2/ros2_ws/src/basic_comms/build/basic_comms/build
[0.913s] creating /home/mcr2/ros2_ws/src/basic_comms/build/basic_comms/build/lib
[0.924s] creating /home/mcr2/ros2_ws/src/basic_comms/build/basic_comms/build/lib/basic_comms
[0.924s] copying basic_comms/talker.py -> /home/mcr2/ros2_ws/src/basic_comms/build/basic_comms/build/lib/basic_comms
[0.924s] copying basic_comms/listener.py -> /home/mcr2/ros2_ws/src/basic_comms/build/basic_comms/build/lib/basic_comms
[0.925s] copying basic_comms/__init__.py -> /home/mcr2/ros2_ws/src/basic_comms/build/basic_comms/build/lib/basic_comms
[0.926s] running install
[0.927s] /usr/lib/python3/dist-packages/setuptools/command/install.py:34: SetuptoolsDeprecationWarning: setup.py install is deprecated. Use build and pip and other standards-based tools.
[0.927s]   warnings.warn(
[0.928s] running install_lib
[0.931s] creating /home/mcr2/ros2_ws/src/basic_comms/install/basic_comms/lib/python3.10/site-packages/basic_comms
[0.932s] copying /home/mcr2/ros2_ws/src/basic_comms/build/basic_comms/build/lib/basic_comms/talker.py -> /home/mcr2/ros2_ws/src/basic_comms/install/basic_comms/lib/python3.10/site-packages/basic_comms
[0.932s] copying /home/mcr2/ros2_ws/src/basic_comms/build/basic_comms/build/lib/basic_comms/listener.py -> /home/mcr2/ros2_ws/src/basic_comms/install/basic_comms/lib/python3.10/site-packages/basic_comms
[0.932s] copying /home/mcr2/ros2_ws/src/basic_comms/build/basic_comms/build/lib/basic_comms/__init__.py -> /home/mcr2/ros2_ws/src/basic_comms/install/basic_comms/lib/python3.10/site-packages/basic_comms
[0.934s] byte-compiling /home/mcr2/ros2_ws/src/basic_comms/install/basic_comms/lib/python3.10/site-packages/basic_comms/talker.py to talker.cpython-310.pyc
[0.934s] byte-compiling /home/mcr2/ros2_ws/src/basic_comms/install/basic_comms/lib/python3.10/site-packages/basic_comms/listener.py to listener.cpython-310.pyc
[0.935s] byte-compiling /home/mcr2/ros2_ws/src/basic_comms/install/basic_comms/lib/python3.10/site-packages/basic_comms/__init__.py to __init__.cpython-310.pyc
[0.935s] running install_data
[0.936s] creating /home/mcr2/ros2_ws/src/basic_comms/install/basic_comms/share/ament_index
[0.936s] creating /home/mcr2/ros2_ws/src/basic_comms/install/basic_comms/share/ament_index/resource_index
[0.937s] creating /home/mcr2/ros2_ws/src/basic_comms/install/basic_comms/share/ament_index/resource_index/packages
[0.937s] copying resource/basic_comms -> /home/mcr2/ros2_ws/src/basic_comms/install/basic_comms/share/ament_index/resource_index/packages
[0.937s] copying package.xml -> /home/mcr2/ros2_ws/src/basic_comms/install/basic_comms/share/basic_comms
[0.937s] creating /home/mcr2/ros2_ws/src/basic_comms/install/basic_comms/share/basic_comms/launch
[0.937s] copying launch/chit_chat_group_launch.py -> /home/mcr2/ros2_ws/src/basic_comms/install/basic_comms/share/basic_comms/launch
[0.938s] copying launch/chit_chat_launch.py -> /home/mcr2/ros2_ws/src/basic_comms/install/basic_comms/share/basic_comms/launch
[0.938s] running install_egg_info
[0.942s] Copying build/basic_comms/basic_comms.egg-info to /home/mcr2/ros2_ws/src/basic_comms/install/basic_comms/lib/python3.10/site-packages/basic_comms-0.0.0-py3.10.egg-info
[0.943s] running install_scripts
[0.962s] Installing listener script to /home/mcr2/ros2_ws/src/basic_comms/install/basic_comms/lib/basic_comms
[0.963s] Installing talker script to /home/mcr2/ros2_ws/src/basic_comms/install/basic_comms/lib/basic_comms
[0.963s] writing list of installed files to '/home/mcr2/ros2_ws/src/basic_comms/build/basic_comms/install.log'
[0.984s] Invoked command in '/home/mcr2/ros2_ws/src/basic_comms' returned '0': PYTHONPATH=/home/mcr2/ros2_ws/src/basic_comms/build/basic_comms/prefix_override:/home/mcr2/ros2_ws/src/basic_comms/install/basic_comms/lib/python3.10/site-packages:${PYTHONPATH} /usr/bin/python3 setup.py egg_info --egg-base build/basic_comms build --build-base /home/mcr2/ros2_ws/src/basic_comms/build/basic_comms/build install --record /home/mcr2/ros2_ws/src/basic_comms/build/basic_comms/install.log --single-version-externally-managed
