[0.436s] Invoking command in '/home/mcr2/ros2_ws/src/build/signal_msg': CMAKE_PREFIX_PATH=${CMAKE_PREFIX_PATH}:/opt/ros/humble /usr/bin/cmake --build /home/mcr2/ros2_ws/src/build/signal_msg -- -j6 -l6
[1.728s] [  3%] Built target signal_msg__cpp
[1.728s] [ 12%] Built target signal_msg__rosidl_generator_c
[1.728s] [ 12%] Built target ament_cmake_python_copy_signal_msg
[1.728s] [ 22%] Built target signal_msg__rosidl_typesupport_cpp
[1.729s] [ 32%] Built target signal_msg__rosidl_typesupport_fastrtps_cpp
[1.729s] [ 41%] Built target signal_msg__rosidl_typesupport_introspection_cpp
[1.729s] [ 51%] Built target signal_msg__rosidl_typesupport_fastrtps_c
[1.729s] [ 61%] Built target signal_msg__rosidl_typesupport_introspection_c
[1.729s] [ 70%] Built target signal_msg__rosidl_typesupport_c
[1.729s] [ 70%] Built target signal_msg
[1.730s] [ 74%] Built target signal_msg__py
[1.730s] [ 80%] Built target signal_msg__rosidl_generator_py
[1.730s] [ 87%] Built target signal_msg__rosidl_typesupport_fastrtps_c__pyext
[1.730s] [ 93%] Built target signal_msg__rosidl_typesupport_introspection_c__pyext
[1.730s] running egg_info
[1.730s] writing signal_msg.egg-info/PKG-INFO
[1.731s] writing dependency_links to signal_msg.egg-info/dependency_links.txt
[1.731s] writing top-level names to signal_msg.egg-info/top_level.txt
[1.731s] reading manifest file 'signal_msg.egg-info/SOURCES.txt'
[1.731s] writing manifest file 'signal_msg.egg-info/SOURCES.txt'
[1.731s] [100%] Built target signal_msg__rosidl_typesupport_c__pyext
[1.731s] [100%] Built target ament_cmake_python_build_signal_msg_egg
[1.733s] Invoked command in '/home/mcr2/ros2_ws/src/build/signal_msg' returned '0': CMAKE_PREFIX_PATH=${CMAKE_PREFIX_PATH}:/opt/ros/humble /usr/bin/cmake --build /home/mcr2/ros2_ws/src/build/signal_msg -- -j6 -l6
[2.106s] Invoking command in '/home/mcr2/ros2_ws/src/build/signal_msg': CMAKE_PREFIX_PATH=${CMAKE_PREFIX_PATH}:/opt/ros/humble /usr/bin/cmake --install /home/mcr2/ros2_ws/src/build/signal_msg
[2.129s] -- Install configuration: ""
[2.131s] -- Up-to-date: /home/mcr2/ros2_ws/src/install/signal_msg/share/ament_index/resource_index/rosidl_interfaces/signal_msg
[2.132s] -- Up-to-date: /home/mcr2/ros2_ws/src/install/signal_msg/include/signal_msg/signal_msg
[2.132s] -- Up-to-date: /home/mcr2/ros2_ws/src/install/signal_msg/include/signal_msg/signal_msg/msg
[2.133s] -- Up-to-date: /home/mcr2/ros2_ws/src/install/signal_msg/include/signal_msg/signal_msg/msg/signal_decomposed.h
[2.133s] -- Up-to-date: /home/mcr2/ros2_ws/src/install/signal_msg/include/signal_msg/signal_msg/msg/detail
[2.136s] -- Up-to-date: /home/mcr2/ros2_ws/src/install/signal_msg/include/signal_msg/signal_msg/msg/detail/signal_decomposed__functions.h
[2.136s] -- Up-to-date: /home/mcr2/ros2_ws/src/install/signal_msg/include/signal_msg/signal_msg/msg/detail/signal_decomposed__type_support.h
[2.136s] -- Up-to-date: /home/mcr2/ros2_ws/src/install/signal_msg/include/signal_msg/signal_msg/msg/detail/signal_decomposed__functions.c
[2.136s] -- Up-to-date: /home/mcr2/ros2_ws/src/install/signal_msg/include/signal_msg/signal_msg/msg/detail/signal_decomposed__struct.h
[2.136s] -- Up-to-date: /home/mcr2/ros2_ws/src/install/signal_msg/include/signal_msg/signal_msg/msg/rosidl_generator_c__visibility_control.h
[2.137s] -- Up-to-date: /home/mcr2/ros2_ws/src/install/signal_msg/share/signal_msg/environment/library_path.sh
[2.138s] -- Up-to-date: /home/mcr2/ros2_ws/src/install/signal_msg/share/signal_msg/environment/library_path.dsv
[2.139s] -- Up-to-date: /home/mcr2/ros2_ws/src/install/signal_msg/lib/libsignal_msg__rosidl_generator_c.so
[2.140s] -- Up-to-date: /home/mcr2/ros2_ws/src/install/signal_msg/include/signal_msg/signal_msg
[2.140s] -- Up-to-date: /home/mcr2/ros2_ws/src/install/signal_msg/include/signal_msg/signal_msg/msg
[2.141s] -- Up-to-date: /home/mcr2/ros2_ws/src/install/signal_msg/include/signal_msg/signal_msg/msg/rosidl_typesupport_fastrtps_c__visibility_control.h
[2.141s] -- Up-to-date: /home/mcr2/ros2_ws/src/install/signal_msg/include/signal_msg/signal_msg/msg/detail
[2.143s] -- Up-to-date: /home/mcr2/ros2_ws/src/install/signal_msg/include/signal_msg/signal_msg/msg/detail/signal_decomposed__rosidl_typesupport_fastrtps_c.h
[2.144s] -- Up-to-date: /home/mcr2/ros2_ws/src/install/signal_msg/lib/libsignal_msg__rosidl_typesupport_fastrtps_c.so
[2.145s] -- Up-to-date: /home/mcr2/ros2_ws/src/install/signal_msg/include/signal_msg/signal_msg
[2.145s] -- Up-to-date: /home/mcr2/ros2_ws/src/install/signal_msg/include/signal_msg/signal_msg/msg
[2.145s] -- Up-to-date: /home/mcr2/ros2_ws/src/install/signal_msg/include/signal_msg/signal_msg/msg/detail
[2.145s] -- Up-to-date: /home/mcr2/ros2_ws/src/install/signal_msg/include/signal_msg/signal_msg/msg/detail/signal_decomposed__struct.hpp
[2.145s] -- Up-to-date: /home/mcr2/ros2_ws/src/install/signal_msg/include/signal_msg/signal_msg/msg/detail/signal_decomposed__traits.hpp
[2.146s] -- Up-to-date: /home/mcr2/ros2_ws/src/install/signal_msg/include/signal_msg/signal_msg/msg/detail/signal_decomposed__builder.hpp
[2.146s] -- Up-to-date: /home/mcr2/ros2_ws/src/install/signal_msg/include/signal_msg/signal_msg/msg/signal_decomposed.hpp
[2.146s] -- Up-to-date: /home/mcr2/ros2_ws/src/install/signal_msg/include/signal_msg/signal_msg
[2.146s] -- Up-to-date: /home/mcr2/ros2_ws/src/install/signal_msg/include/signal_msg/signal_msg/msg
[2.146s] -- Up-to-date: /home/mcr2/ros2_ws/src/install/signal_msg/include/signal_msg/signal_msg/msg/rosidl_typesupport_fastrtps_cpp__visibility_control.h
[2.147s] -- Up-to-date: /home/mcr2/ros2_ws/src/install/signal_msg/include/signal_msg/signal_msg/msg/detail
[2.147s] -- Up-to-date: /home/mcr2/ros2_ws/src/install/signal_msg/include/signal_msg/signal_msg/msg/detail/dds_fastrtps
[2.147s] -- Up-to-date: /home/mcr2/ros2_ws/src/install/signal_msg/include/signal_msg/signal_msg/msg/detail/signal_decomposed__rosidl_typesupport_fastrtps_cpp.hpp
[2.149s] -- Up-to-date: /home/mcr2/ros2_ws/src/install/signal_msg/lib/libsignal_msg__rosidl_typesupport_fastrtps_cpp.so
[2.149s] -- Up-to-date: /home/mcr2/ros2_ws/src/install/signal_msg/include/signal_msg/signal_msg
[2.149s] -- Up-to-date: /home/mcr2/ros2_ws/src/install/signal_msg/include/signal_msg/signal_msg/msg
[2.149s] -- Up-to-date: /home/mcr2/ros2_ws/src/install/signal_msg/include/signal_msg/signal_msg/msg/rosidl_typesupport_introspection_c__visibility_control.h
[2.149s] -- Up-to-date: /home/mcr2/ros2_ws/src/install/signal_msg/include/signal_msg/signal_msg/msg/detail
[2.150s] -- Up-to-date: /home/mcr2/ros2_ws/src/install/signal_msg/include/signal_msg/signal_msg/msg/detail/signal_decomposed__rosidl_typesupport_introspection_c.h
[2.150s] -- Up-to-date: /home/mcr2/ros2_ws/src/install/signal_msg/include/signal_msg/signal_msg/msg/detail/signal_decomposed__type_support.c
[2.151s] -- Up-to-date: /home/mcr2/ros2_ws/src/install/signal_msg/lib/libsignal_msg__rosidl_typesupport_introspection_c.so
[2.152s] -- Up-to-date: /home/mcr2/ros2_ws/src/install/signal_msg/lib/libsignal_msg__rosidl_typesupport_c.so
[2.152s] -- Up-to-date: /home/mcr2/ros2_ws/src/install/signal_msg/include/signal_msg/signal_msg
[2.152s] -- Up-to-date: /home/mcr2/ros2_ws/src/install/signal_msg/include/signal_msg/signal_msg/msg
[2.152s] -- Up-to-date: /home/mcr2/ros2_ws/src/install/signal_msg/include/signal_msg/signal_msg/msg/detail
[2.152s] -- Up-to-date: /home/mcr2/ros2_ws/src/install/signal_msg/include/signal_msg/signal_msg/msg/detail/signal_decomposed__type_support.cpp
[2.153s] -- Up-to-date: /home/mcr2/ros2_ws/src/install/signal_msg/include/signal_msg/signal_msg/msg/detail/signal_decomposed__rosidl_typesupport_introspection_cpp.hpp
[2.154s] -- Up-to-date: /home/mcr2/ros2_ws/src/install/signal_msg/lib/libsignal_msg__rosidl_typesupport_introspection_cpp.so
[2.155s] -- Up-to-date: /home/mcr2/ros2_ws/src/install/signal_msg/lib/libsignal_msg__rosidl_typesupport_cpp.so
[2.155s] -- Up-to-date: /home/mcr2/ros2_ws/src/install/signal_msg/share/signal_msg/environment/pythonpath.sh
[2.155s] -- Up-to-date: /home/mcr2/ros2_ws/src/install/signal_msg/share/signal_msg/environment/pythonpath.dsv
[2.156s] -- Up-to-date: /home/mcr2/ros2_ws/src/install/signal_msg/local/lib/python3.10/dist-packages/signal_msg-0.0.0-py3.10.egg-info
[2.157s] -- Installing: /home/mcr2/ros2_ws/src/install/signal_msg/local/lib/python3.10/dist-packages/signal_msg-0.0.0-py3.10.egg-info/PKG-INFO
[2.157s] -- Installing: /home/mcr2/ros2_ws/src/install/signal_msg/local/lib/python3.10/dist-packages/signal_msg-0.0.0-py3.10.egg-info/top_level.txt
[2.157s] -- Installing: /home/mcr2/ros2_ws/src/install/signal_msg/local/lib/python3.10/dist-packages/signal_msg-0.0.0-py3.10.egg-info/SOURCES.txt
[2.158s] -- Installing: /home/mcr2/ros2_ws/src/install/signal_msg/local/lib/python3.10/dist-packages/signal_msg-0.0.0-py3.10.egg-info/dependency_links.txt
[2.158s] -- Up-to-date: /home/mcr2/ros2_ws/src/install/signal_msg/local/lib/python3.10/dist-packages/signal_msg
[2.159s] -- Up-to-date: /home/mcr2/ros2_ws/src/install/signal_msg/local/lib/python3.10/dist-packages/signal_msg/signal_msg_s__rosidl_typesupport_fastrtps_c.cpython-310-x86_64-linux-gnu.so
[2.159s] -- Up-to-date: /home/mcr2/ros2_ws/src/install/signal_msg/local/lib/python3.10/dist-packages/signal_msg/_signal_msg_s.ep.rosidl_typesupport_fastrtps_c.c
[2.159s] -- Up-to-date: /home/mcr2/ros2_ws/src/install/signal_msg/local/lib/python3.10/dist-packages/signal_msg/signal_msg_s__rosidl_typesupport_introspection_c.cpython-310-x86_64-linux-gnu.so
[2.159s] -- Up-to-date: /home/mcr2/ros2_ws/src/install/signal_msg/local/lib/python3.10/dist-packages/signal_msg/signal_msg_s__rosidl_typesupport_c.cpython-310-x86_64-linux-gnu.so
[2.159s] -- Up-to-date: /home/mcr2/ros2_ws/src/install/signal_msg/local/lib/python3.10/dist-packages/signal_msg/_signal_msg_s.ep.rosidl_typesupport_c.c
[2.159s] -- Up-to-date: /home/mcr2/ros2_ws/src/install/signal_msg/local/lib/python3.10/dist-packages/signal_msg/_signal_msg_s.ep.rosidl_typesupport_introspection_c.c
[2.159s] -- Up-to-date: /home/mcr2/ros2_ws/src/install/signal_msg/local/lib/python3.10/dist-packages/signal_msg/libsignal_msg__rosidl_generator_py.so
[2.159s] -- Up-to-date: /home/mcr2/ros2_ws/src/install/signal_msg/local/lib/python3.10/dist-packages/signal_msg/msg
[2.160s] -- Up-to-date: /home/mcr2/ros2_ws/src/install/signal_msg/local/lib/python3.10/dist-packages/signal_msg/msg/_signal_decomposed_s.c
[2.160s] -- Up-to-date: /home/mcr2/ros2_ws/src/install/signal_msg/local/lib/python3.10/dist-packages/signal_msg/msg/_signal_decomposed.py
[2.160s] -- Up-to-date: /home/mcr2/ros2_ws/src/install/signal_msg/local/lib/python3.10/dist-packages/signal_msg/msg/__init__.py
[2.161s] -- Up-to-date: /home/mcr2/ros2_ws/src/install/signal_msg/local/lib/python3.10/dist-packages/signal_msg/__init__.py
[2.220s] Listing '/home/mcr2/ros2_ws/src/install/signal_msg/local/lib/python3.10/dist-packages/signal_msg'...
[2.220s] Listing '/home/mcr2/ros2_ws/src/install/signal_msg/local/lib/python3.10/dist-packages/signal_msg/msg'...
[2.226s] -- Up-to-date: /home/mcr2/ros2_ws/src/install/signal_msg/local/lib/python3.10/dist-packages/signal_msg/signal_msg_s__rosidl_typesupport_fastrtps_c.cpython-310-x86_64-linux-gnu.so
[2.227s] -- Up-to-date: /home/mcr2/ros2_ws/src/install/signal_msg/local/lib/python3.10/dist-packages/signal_msg/signal_msg_s__rosidl_typesupport_introspection_c.cpython-310-x86_64-linux-gnu.so
[2.228s] -- Up-to-date: /home/mcr2/ros2_ws/src/install/signal_msg/local/lib/python3.10/dist-packages/signal_msg/signal_msg_s__rosidl_typesupport_c.cpython-310-x86_64-linux-gnu.so
[2.229s] -- Up-to-date: /home/mcr2/ros2_ws/src/install/signal_msg/lib/libsignal_msg__rosidl_generator_py.so
[2.230s] -- Up-to-date: /home/mcr2/ros2_ws/src/install/signal_msg/share/signal_msg/msg/SignalDecomposed.idl
[2.230s] -- Up-to-date: /home/mcr2/ros2_ws/src/install/signal_msg/share/signal_msg/msg/SignalDecomposed.msg
[2.230s] -- Up-to-date: /home/mcr2/ros2_ws/src/install/signal_msg/share/ament_index/resource_index/package_run_dependencies/signal_msg
[2.230s] -- Up-to-date: /home/mcr2/ros2_ws/src/install/signal_msg/share/ament_index/resource_index/parent_prefix_path/signal_msg
[2.230s] -- Up-to-date: /home/mcr2/ros2_ws/src/install/signal_msg/share/signal_msg/environment/ament_prefix_path.sh
[2.230s] -- Up-to-date: /home/mcr2/ros2_ws/src/install/signal_msg/share/signal_msg/environment/ament_prefix_path.dsv
[2.231s] -- Up-to-date: /home/mcr2/ros2_ws/src/install/signal_msg/share/signal_msg/environment/path.sh
[2.231s] -- Up-to-date: /home/mcr2/ros2_ws/src/install/signal_msg/share/signal_msg/environment/path.dsv
[2.231s] -- Up-to-date: /home/mcr2/ros2_ws/src/install/signal_msg/share/signal_msg/local_setup.bash
[2.231s] -- Up-to-date: /home/mcr2/ros2_ws/src/install/signal_msg/share/signal_msg/local_setup.sh
[2.231s] -- Up-to-date: /home/mcr2/ros2_ws/src/install/signal_msg/share/signal_msg/local_setup.zsh
[2.231s] -- Up-to-date: /home/mcr2/ros2_ws/src/install/signal_msg/share/signal_msg/local_setup.dsv
[2.231s] -- Installing: /home/mcr2/ros2_ws/src/install/signal_msg/share/signal_msg/package.dsv
[2.232s] -- Up-to-date: /home/mcr2/ros2_ws/src/install/signal_msg/share/ament_index/resource_index/packages/signal_msg
[2.233s] -- Up-to-date: /home/mcr2/ros2_ws/src/install/signal_msg/share/signal_msg/cmake/export_signal_msg__rosidl_generator_cExport.cmake
[2.233s] -- Up-to-date: /home/mcr2/ros2_ws/src/install/signal_msg/share/signal_msg/cmake/export_signal_msg__rosidl_generator_cExport-noconfig.cmake
[2.234s] -- Up-to-date: /home/mcr2/ros2_ws/src/install/signal_msg/share/signal_msg/cmake/export_signal_msg__rosidl_typesupport_fastrtps_cExport.cmake
[2.234s] -- Up-to-date: /home/mcr2/ros2_ws/src/install/signal_msg/share/signal_msg/cmake/export_signal_msg__rosidl_typesupport_fastrtps_cExport-noconfig.cmake
[2.235s] -- Up-to-date: /home/mcr2/ros2_ws/src/install/signal_msg/share/signal_msg/cmake/export_signal_msg__rosidl_generator_cppExport.cmake
[2.235s] -- Up-to-date: /home/mcr2/ros2_ws/src/install/signal_msg/share/signal_msg/cmake/export_signal_msg__rosidl_typesupport_fastrtps_cppExport.cmake
[2.235s] -- Up-to-date: /home/mcr2/ros2_ws/src/install/signal_msg/share/signal_msg/cmake/export_signal_msg__rosidl_typesupport_fastrtps_cppExport-noconfig.cmake
[2.236s] -- Up-to-date: /home/mcr2/ros2_ws/src/install/signal_msg/share/signal_msg/cmake/signal_msg__rosidl_typesupport_introspection_cExport.cmake
[2.236s] -- Up-to-date: /home/mcr2/ros2_ws/src/install/signal_msg/share/signal_msg/cmake/signal_msg__rosidl_typesupport_introspection_cExport-noconfig.cmake
[2.237s] -- Up-to-date: /home/mcr2/ros2_ws/src/install/signal_msg/share/signal_msg/cmake/signal_msg__rosidl_typesupport_cExport.cmake
[2.237s] -- Up-to-date: /home/mcr2/ros2_ws/src/install/signal_msg/share/signal_msg/cmake/signal_msg__rosidl_typesupport_cExport-noconfig.cmake
[2.237s] -- Up-to-date: /home/mcr2/ros2_ws/src/install/signal_msg/share/signal_msg/cmake/signal_msg__rosidl_typesupport_introspection_cppExport.cmake
[2.237s] -- Up-to-date: /home/mcr2/ros2_ws/src/install/signal_msg/share/signal_msg/cmake/signal_msg__rosidl_typesupport_introspection_cppExport-noconfig.cmake
[2.239s] -- Up-to-date: /home/mcr2/ros2_ws/src/install/signal_msg/share/signal_msg/cmake/signal_msg__rosidl_typesupport_cppExport.cmake
[2.239s] -- Up-to-date: /home/mcr2/ros2_ws/src/install/signal_msg/share/signal_msg/cmake/signal_msg__rosidl_typesupport_cppExport-noconfig.cmake
[2.239s] -- Up-to-date: /home/mcr2/ros2_ws/src/install/signal_msg/share/signal_msg/cmake/export_signal_msg__rosidl_generator_pyExport.cmake
[2.239s] -- Up-to-date: /home/mcr2/ros2_ws/src/install/signal_msg/share/signal_msg/cmake/export_signal_msg__rosidl_generator_pyExport-noconfig.cmake
[2.239s] -- Up-to-date: /home/mcr2/ros2_ws/src/install/signal_msg/share/signal_msg/cmake/rosidl_cmake-extras.cmake
[2.239s] -- Up-to-date: /home/mcr2/ros2_ws/src/install/signal_msg/share/signal_msg/cmake/ament_cmake_export_dependencies-extras.cmake
[2.239s] -- Up-to-date: /home/mcr2/ros2_ws/src/install/signal_msg/share/signal_msg/cmake/ament_cmake_export_include_directories-extras.cmake
[2.239s] -- Up-to-date: /home/mcr2/ros2_ws/src/install/signal_msg/share/signal_msg/cmake/ament_cmake_export_libraries-extras.cmake
[2.239s] -- Up-to-date: /home/mcr2/ros2_ws/src/install/signal_msg/share/signal_msg/cmake/ament_cmake_export_targets-extras.cmake
[2.239s] -- Up-to-date: /home/mcr2/ros2_ws/src/install/signal_msg/share/signal_msg/cmake/rosidl_cmake_export_typesupport_targets-extras.cmake
[2.240s] -- Up-to-date: /home/mcr2/ros2_ws/src/install/signal_msg/share/signal_msg/cmake/rosidl_cmake_export_typesupport_libraries-extras.cmake
[2.241s] -- Up-to-date: /home/mcr2/ros2_ws/src/install/signal_msg/share/signal_msg/cmake/signal_msgConfig.cmake
[2.241s] -- Up-to-date: /home/mcr2/ros2_ws/src/install/signal_msg/share/signal_msg/cmake/signal_msgConfig-version.cmake
[2.241s] -- Up-to-date: /home/mcr2/ros2_ws/src/install/signal_msg/share/signal_msg/package.xml
[2.248s] Invoked command in '/home/mcr2/ros2_ws/src/build/signal_msg' returned '0': CMAKE_PREFIX_PATH=${CMAKE_PREFIX_PATH}:/opt/ros/humble /usr/bin/cmake --install /home/mcr2/ros2_ws/src/build/signal_msg
