[2.911s] Invoking command in '/home/mcr2/ros2_ws/src/basic_comms': PYTHONPATH=/home/mcr2/ros2_ws/src/build/basic_comms/prefix_override:/home/mcr2/ros2_ws/src/install/basic_comms/lib/python3.10/site-packages:${PYTHONPATH} /usr/bin/python3 setup.py egg_info --egg-base ../build/basic_comms build --build-base /home/mcr2/ros2_ws/src/build/basic_comms/build install --record /home/mcr2/ros2_ws/src/build/basic_comms/install.log --single-version-externally-managed
[3.617s] running egg_info
[3.622s] writing ../build/basic_comms/basic_comms.egg-info/PKG-INFO
[3.623s] writing dependency_links to ../build/basic_comms/basic_comms.egg-info/dependency_links.txt
[3.623s] writing entry points to ../build/basic_comms/basic_comms.egg-info/entry_points.txt
[3.623s] writing requirements to ../build/basic_comms/basic_comms.egg-info/requires.txt
[3.623s] writing top-level names to ../build/basic_comms/basic_comms.egg-info/top_level.txt
[3.626s] reading manifest file '../build/basic_comms/basic_comms.egg-info/SOURCES.txt'
[3.628s] writing manifest file '../build/basic_comms/basic_comms.egg-info/SOURCES.txt'
[3.629s] running build
[3.629s] running build_py
[3.629s] running install
[3.631s] /usr/lib/python3/dist-packages/setuptools/command/install.py:34: SetuptoolsDeprecationWarning: setup.py install is deprecated. Use build and pip and other standards-based tools.
[3.631s]   warnings.warn(
[3.631s] running install_lib
[3.633s] running install_data
[3.633s] running install_egg_info
[3.637s] removing '/home/mcr2/ros2_ws/src/install/basic_comms/lib/python3.10/site-packages/basic_comms-0.0.0-py3.10.egg-info' (and everything under it)
[3.637s] Copying ../build/basic_comms/basic_comms.egg-info to /home/mcr2/ros2_ws/src/install/basic_comms/lib/python3.10/site-packages/basic_comms-0.0.0-py3.10.egg-info
[3.643s] running install_scripts
[3.687s] Installing listener script to /home/mcr2/ros2_ws/src/install/basic_comms/lib/basic_comms
[3.691s] Installing talker script to /home/mcr2/ros2_ws/src/install/basic_comms/lib/basic_comms
[3.692s] writing list of installed files to '/home/mcr2/ros2_ws/src/build/basic_comms/install.log'
[4.291s] Invoked command in '/home/mcr2/ros2_ws/src/basic_comms' returned '0': PYTHONPATH=/home/mcr2/ros2_ws/src/build/basic_comms/prefix_override:/home/mcr2/ros2_ws/src/install/basic_comms/lib/python3.10/site-packages:${PYTHONPATH} /usr/bin/python3 setup.py egg_info --egg-base ../build/basic_comms build --build-base /home/mcr2/ros2_ws/src/build/basic_comms/build install --record /home/mcr2/ros2_ws/src/build/basic_comms/install.log --single-version-externally-managed
