[0.513s] Invoking command in '/home/mcr2/ros2_ws/src/build/msgs_clase': CMAKE_PREFIX_PATH=${CMAKE_PREFIX_PATH}:/opt/ros/humble /usr/bin/cmake --build /home/mcr2/ros2_ws/src/build/msgs_clase -- -j6 -l6
[1.808s] [  3%] Built target msgs_clase__cpp
[1.809s] [  3%] Built target ament_cmake_python_copy_msgs_clase
[1.809s] [ 12%] Built target msgs_clase__rosidl_generator_c
[1.809s] [ 22%] Built target msgs_clase__rosidl_typesupport_cpp
[1.810s] [ 32%] Built target msgs_clase__rosidl_typesupport_introspection_cpp
[1.811s] [ 41%] Built target msgs_clase__rosidl_typesupport_fastrtps_cpp
[1.811s] [ 51%] Built target msgs_clase__rosidl_typesupport_fastrtps_c
[1.812s] [ 61%] Built target msgs_clase__rosidl_typesupport_introspection_c
[1.812s] [ 70%] Built target msgs_clase__rosidl_typesupport_c
[1.812s] [ 70%] Built target msgs_clase
[1.813s] [ 74%] Built target msgs_clase__py
[1.813s] running egg_info
[1.813s] writing msgs_clase.egg-info/PKG-INFO
[1.813s] writing dependency_links to msgs_clase.egg-info/dependency_links.txt
[1.813s] writing top-level names to msgs_clase.egg-info/top_level.txt
[1.813s] reading manifest file 'msgs_clase.egg-info/SOURCES.txt'
[1.814s] writing manifest file 'msgs_clase.egg-info/SOURCES.txt'
[1.814s] [ 80%] Built target msgs_clase__rosidl_generator_py
[1.814s] [ 80%] Built target ament_cmake_python_build_msgs_clase_egg
[1.814s] [ 87%] Built target msgs_clase__rosidl_typesupport_c__pyext
[1.814s] [ 93%] Built target msgs_clase__rosidl_typesupport_fastrtps_c__pyext
[1.814s] [100%] Built target msgs_clase__rosidl_typesupport_introspection_c__pyext
[1.819s] Invoked command in '/home/mcr2/ros2_ws/src/build/msgs_clase' returned '0': CMAKE_PREFIX_PATH=${CMAKE_PREFIX_PATH}:/opt/ros/humble /usr/bin/cmake --build /home/mcr2/ros2_ws/src/build/msgs_clase -- -j6 -l6
[2.185s] Invoking command in '/home/mcr2/ros2_ws/src/build/msgs_clase': CMAKE_PREFIX_PATH=${CMAKE_PREFIX_PATH}:/opt/ros/humble /usr/bin/cmake --install /home/mcr2/ros2_ws/src/build/msgs_clase
[2.206s] -- Install configuration: ""
[2.209s] -- Up-to-date: /home/mcr2/ros2_ws/src/install/msgs_clase/share/ament_index/resource_index/rosidl_interfaces/msgs_clase
[2.210s] -- Up-to-date: /home/mcr2/ros2_ws/src/install/msgs_clase/include/msgs_clase/msgs_clase
[2.215s] -- Up-to-date: /home/mcr2/ros2_ws/src/install/msgs_clase/include/msgs_clase/msgs_clase/msg
[2.215s] -- Up-to-date: /home/mcr2/ros2_ws/src/install/msgs_clase/include/msgs_clase/msgs_clase/msg/sphere.h
[2.215s] -- Up-to-date: /home/mcr2/ros2_ws/src/install/msgs_clase/include/msgs_clase/msgs_clase/msg/detail
[2.216s] -- Up-to-date: /home/mcr2/ros2_ws/src/install/msgs_clase/include/msgs_clase/msgs_clase/msg/detail/sphere__struct.h
[2.216s] -- Up-to-date: /home/mcr2/ros2_ws/src/install/msgs_clase/include/msgs_clase/msgs_clase/msg/detail/sphere__type_support.h
[2.216s] -- Up-to-date: /home/mcr2/ros2_ws/src/install/msgs_clase/include/msgs_clase/msgs_clase/msg/detail/sphere__functions.h
[2.216s] -- Up-to-date: /home/mcr2/ros2_ws/src/install/msgs_clase/include/msgs_clase/msgs_clase/msg/detail/sphere__functions.c
[2.216s] -- Up-to-date: /home/mcr2/ros2_ws/src/install/msgs_clase/include/msgs_clase/msgs_clase/msg/rosidl_generator_c__visibility_control.h
[2.216s] -- Up-to-date: /home/mcr2/ros2_ws/src/install/msgs_clase/share/msgs_clase/environment/library_path.sh
[2.217s] -- Up-to-date: /home/mcr2/ros2_ws/src/install/msgs_clase/share/msgs_clase/environment/library_path.dsv
[2.218s] -- Up-to-date: /home/mcr2/ros2_ws/src/install/msgs_clase/lib/libmsgs_clase__rosidl_generator_c.so
[2.218s] -- Up-to-date: /home/mcr2/ros2_ws/src/install/msgs_clase/include/msgs_clase/msgs_clase
[2.218s] -- Up-to-date: /home/mcr2/ros2_ws/src/install/msgs_clase/include/msgs_clase/msgs_clase/msg
[2.218s] -- Up-to-date: /home/mcr2/ros2_ws/src/install/msgs_clase/include/msgs_clase/msgs_clase/msg/rosidl_typesupport_fastrtps_c__visibility_control.h
[2.218s] -- Up-to-date: /home/mcr2/ros2_ws/src/install/msgs_clase/include/msgs_clase/msgs_clase/msg/detail
[2.218s] -- Up-to-date: /home/mcr2/ros2_ws/src/install/msgs_clase/include/msgs_clase/msgs_clase/msg/detail/sphere__rosidl_typesupport_fastrtps_c.h
[2.219s] -- Up-to-date: /home/mcr2/ros2_ws/src/install/msgs_clase/lib/libmsgs_clase__rosidl_typesupport_fastrtps_c.so
[2.219s] -- Up-to-date: /home/mcr2/ros2_ws/src/install/msgs_clase/include/msgs_clase/msgs_clase
[2.219s] -- Up-to-date: /home/mcr2/ros2_ws/src/install/msgs_clase/include/msgs_clase/msgs_clase/msg
[2.219s] -- Up-to-date: /home/mcr2/ros2_ws/src/install/msgs_clase/include/msgs_clase/msgs_clase/msg/detail
[2.219s] -- Up-to-date: /home/mcr2/ros2_ws/src/install/msgs_clase/include/msgs_clase/msgs_clase/msg/detail/sphere__builder.hpp
[2.220s] -- Up-to-date: /home/mcr2/ros2_ws/src/install/msgs_clase/include/msgs_clase/msgs_clase/msg/detail/sphere__struct.hpp
[2.220s] -- Up-to-date: /home/mcr2/ros2_ws/src/install/msgs_clase/include/msgs_clase/msgs_clase/msg/detail/sphere__traits.hpp
[2.220s] -- Up-to-date: /home/mcr2/ros2_ws/src/install/msgs_clase/include/msgs_clase/msgs_clase/msg/sphere.hpp
[2.220s] -- Up-to-date: /home/mcr2/ros2_ws/src/install/msgs_clase/include/msgs_clase/msgs_clase
[2.220s] -- Up-to-date: /home/mcr2/ros2_ws/src/install/msgs_clase/include/msgs_clase/msgs_clase/msg
[2.220s] -- Up-to-date: /home/mcr2/ros2_ws/src/install/msgs_clase/include/msgs_clase/msgs_clase/msg/rosidl_typesupport_fastrtps_cpp__visibility_control.h
[2.220s] -- Up-to-date: /home/mcr2/ros2_ws/src/install/msgs_clase/include/msgs_clase/msgs_clase/msg/detail
[2.220s] -- Up-to-date: /home/mcr2/ros2_ws/src/install/msgs_clase/include/msgs_clase/msgs_clase/msg/detail/dds_fastrtps
[2.220s] -- Up-to-date: /home/mcr2/ros2_ws/src/install/msgs_clase/include/msgs_clase/msgs_clase/msg/detail/sphere__rosidl_typesupport_fastrtps_cpp.hpp
[2.220s] -- Up-to-date: /home/mcr2/ros2_ws/src/install/msgs_clase/lib/libmsgs_clase__rosidl_typesupport_fastrtps_cpp.so
[2.220s] -- Up-to-date: /home/mcr2/ros2_ws/src/install/msgs_clase/include/msgs_clase/msgs_clase
[2.221s] -- Up-to-date: /home/mcr2/ros2_ws/src/install/msgs_clase/include/msgs_clase/msgs_clase/msg
[2.221s] -- Up-to-date: /home/mcr2/ros2_ws/src/install/msgs_clase/include/msgs_clase/msgs_clase/msg/rosidl_typesupport_introspection_c__visibility_control.h
[2.221s] -- Up-to-date: /home/mcr2/ros2_ws/src/install/msgs_clase/include/msgs_clase/msgs_clase/msg/detail
[2.221s] -- Up-to-date: /home/mcr2/ros2_ws/src/install/msgs_clase/include/msgs_clase/msgs_clase/msg/detail/sphere__type_support.c
[2.221s] -- Up-to-date: /home/mcr2/ros2_ws/src/install/msgs_clase/include/msgs_clase/msgs_clase/msg/detail/sphere__rosidl_typesupport_introspection_c.h
[2.221s] -- Up-to-date: /home/mcr2/ros2_ws/src/install/msgs_clase/lib/libmsgs_clase__rosidl_typesupport_introspection_c.so
[2.222s] -- Up-to-date: /home/mcr2/ros2_ws/src/install/msgs_clase/lib/libmsgs_clase__rosidl_typesupport_c.so
[2.223s] -- Up-to-date: /home/mcr2/ros2_ws/src/install/msgs_clase/include/msgs_clase/msgs_clase
[2.223s] -- Up-to-date: /home/mcr2/ros2_ws/src/install/msgs_clase/include/msgs_clase/msgs_clase/msg
[2.223s] -- Up-to-date: /home/mcr2/ros2_ws/src/install/msgs_clase/include/msgs_clase/msgs_clase/msg/detail
[2.223s] -- Up-to-date: /home/mcr2/ros2_ws/src/install/msgs_clase/include/msgs_clase/msgs_clase/msg/detail/sphere__type_support.cpp
[2.223s] -- Up-to-date: /home/mcr2/ros2_ws/src/install/msgs_clase/include/msgs_clase/msgs_clase/msg/detail/sphere__rosidl_typesupport_introspection_cpp.hpp
[2.224s] -- Up-to-date: /home/mcr2/ros2_ws/src/install/msgs_clase/lib/libmsgs_clase__rosidl_typesupport_introspection_cpp.so
[2.226s] -- Up-to-date: /home/mcr2/ros2_ws/src/install/msgs_clase/lib/libmsgs_clase__rosidl_typesupport_cpp.so
[2.226s] -- Up-to-date: /home/mcr2/ros2_ws/src/install/msgs_clase/share/msgs_clase/environment/pythonpath.sh
[2.226s] -- Up-to-date: /home/mcr2/ros2_ws/src/install/msgs_clase/share/msgs_clase/environment/pythonpath.dsv
[2.227s] -- Up-to-date: /home/mcr2/ros2_ws/src/install/msgs_clase/local/lib/python3.10/dist-packages/msgs_clase-0.0.0-py3.10.egg-info
[2.228s] -- Installing: /home/mcr2/ros2_ws/src/install/msgs_clase/local/lib/python3.10/dist-packages/msgs_clase-0.0.0-py3.10.egg-info/PKG-INFO
[2.228s] -- Installing: /home/mcr2/ros2_ws/src/install/msgs_clase/local/lib/python3.10/dist-packages/msgs_clase-0.0.0-py3.10.egg-info/top_level.txt
[2.228s] -- Installing: /home/mcr2/ros2_ws/src/install/msgs_clase/local/lib/python3.10/dist-packages/msgs_clase-0.0.0-py3.10.egg-info/SOURCES.txt
[2.228s] -- Installing: /home/mcr2/ros2_ws/src/install/msgs_clase/local/lib/python3.10/dist-packages/msgs_clase-0.0.0-py3.10.egg-info/dependency_links.txt
[2.228s] -- Up-to-date: /home/mcr2/ros2_ws/src/install/msgs_clase/local/lib/python3.10/dist-packages/msgs_clase
[2.229s] -- Up-to-date: /home/mcr2/ros2_ws/src/install/msgs_clase/local/lib/python3.10/dist-packages/msgs_clase/msgs_clase_s__rosidl_typesupport_introspection_c.cpython-310-x86_64-linux-gnu.so
[2.229s] -- Up-to-date: /home/mcr2/ros2_ws/src/install/msgs_clase/local/lib/python3.10/dist-packages/msgs_clase/_msgs_clase_s.ep.rosidl_typesupport_fastrtps_c.c
[2.229s] -- Up-to-date: /home/mcr2/ros2_ws/src/install/msgs_clase/local/lib/python3.10/dist-packages/msgs_clase/msgs_clase_s__rosidl_typesupport_c.cpython-310-x86_64-linux-gnu.so
[2.229s] -- Up-to-date: /home/mcr2/ros2_ws/src/install/msgs_clase/local/lib/python3.10/dist-packages/msgs_clase/_msgs_clase_s.ep.rosidl_typesupport_introspection_c.c
[2.229s] -- Up-to-date: /home/mcr2/ros2_ws/src/install/msgs_clase/local/lib/python3.10/dist-packages/msgs_clase/msgs_clase_s__rosidl_typesupport_fastrtps_c.cpython-310-x86_64-linux-gnu.so
[2.229s] -- Up-to-date: /home/mcr2/ros2_ws/src/install/msgs_clase/local/lib/python3.10/dist-packages/msgs_clase/_msgs_clase_s.ep.rosidl_typesupport_c.c
[2.229s] -- Up-to-date: /home/mcr2/ros2_ws/src/install/msgs_clase/local/lib/python3.10/dist-packages/msgs_clase/msg
[2.229s] -- Up-to-date: /home/mcr2/ros2_ws/src/install/msgs_clase/local/lib/python3.10/dist-packages/msgs_clase/msg/_sphere_s.c
[2.230s] -- Up-to-date: /home/mcr2/ros2_ws/src/install/msgs_clase/local/lib/python3.10/dist-packages/msgs_clase/msg/_sphere.py
[2.230s] -- Up-to-date: /home/mcr2/ros2_ws/src/install/msgs_clase/local/lib/python3.10/dist-packages/msgs_clase/msg/__init__.py
[2.230s] -- Up-to-date: /home/mcr2/ros2_ws/src/install/msgs_clase/local/lib/python3.10/dist-packages/msgs_clase/libmsgs_clase__rosidl_generator_py.so
[2.230s] -- Up-to-date: /home/mcr2/ros2_ws/src/install/msgs_clase/local/lib/python3.10/dist-packages/msgs_clase/__init__.py
[2.319s] Listing '/home/mcr2/ros2_ws/src/install/msgs_clase/local/lib/python3.10/dist-packages/msgs_clase'...
[2.319s] Listing '/home/mcr2/ros2_ws/src/install/msgs_clase/local/lib/python3.10/dist-packages/msgs_clase/msg'...
[2.335s] -- Up-to-date: /home/mcr2/ros2_ws/src/install/msgs_clase/local/lib/python3.10/dist-packages/msgs_clase/msgs_clase_s__rosidl_typesupport_fastrtps_c.cpython-310-x86_64-linux-gnu.so
[2.337s] -- Up-to-date: /home/mcr2/ros2_ws/src/install/msgs_clase/local/lib/python3.10/dist-packages/msgs_clase/msgs_clase_s__rosidl_typesupport_introspection_c.cpython-310-x86_64-linux-gnu.so
[2.337s] -- Up-to-date: /home/mcr2/ros2_ws/src/install/msgs_clase/local/lib/python3.10/dist-packages/msgs_clase/msgs_clase_s__rosidl_typesupport_c.cpython-310-x86_64-linux-gnu.so
[2.338s] -- Up-to-date: /home/mcr2/ros2_ws/src/install/msgs_clase/lib/libmsgs_clase__rosidl_generator_py.so
[2.339s] -- Up-to-date: /home/mcr2/ros2_ws/src/install/msgs_clase/share/msgs_clase/msg/Sphere.idl
[2.339s] -- Up-to-date: /home/mcr2/ros2_ws/src/install/msgs_clase/share/msgs_clase/msg/Sphere.msg
[2.339s] -- Up-to-date: /home/mcr2/ros2_ws/src/install/msgs_clase/share/ament_index/resource_index/package_run_dependencies/msgs_clase
[2.340s] -- Up-to-date: /home/mcr2/ros2_ws/src/install/msgs_clase/share/ament_index/resource_index/parent_prefix_path/msgs_clase
[2.340s] -- Up-to-date: /home/mcr2/ros2_ws/src/install/msgs_clase/share/msgs_clase/environment/ament_prefix_path.sh
[2.340s] -- Up-to-date: /home/mcr2/ros2_ws/src/install/msgs_clase/share/msgs_clase/environment/ament_prefix_path.dsv
[2.340s] -- Up-to-date: /home/mcr2/ros2_ws/src/install/msgs_clase/share/msgs_clase/environment/path.sh
[2.340s] -- Up-to-date: /home/mcr2/ros2_ws/src/install/msgs_clase/share/msgs_clase/environment/path.dsv
[2.340s] -- Up-to-date: /home/mcr2/ros2_ws/src/install/msgs_clase/share/msgs_clase/local_setup.bash
[2.340s] -- Up-to-date: /home/mcr2/ros2_ws/src/install/msgs_clase/share/msgs_clase/local_setup.sh
[2.340s] -- Up-to-date: /home/mcr2/ros2_ws/src/install/msgs_clase/share/msgs_clase/local_setup.zsh
[2.340s] -- Up-to-date: /home/mcr2/ros2_ws/src/install/msgs_clase/share/msgs_clase/local_setup.dsv
[2.340s] -- Installing: /home/mcr2/ros2_ws/src/install/msgs_clase/share/msgs_clase/package.dsv
[2.341s] -- Up-to-date: /home/mcr2/ros2_ws/src/install/msgs_clase/share/ament_index/resource_index/packages/msgs_clase
[2.343s] -- Up-to-date: /home/mcr2/ros2_ws/src/install/msgs_clase/share/msgs_clase/cmake/export_msgs_clase__rosidl_generator_cExport.cmake
[2.343s] -- Up-to-date: /home/mcr2/ros2_ws/src/install/msgs_clase/share/msgs_clase/cmake/export_msgs_clase__rosidl_generator_cExport-noconfig.cmake
[2.344s] -- Up-to-date: /home/mcr2/ros2_ws/src/install/msgs_clase/share/msgs_clase/cmake/export_msgs_clase__rosidl_typesupport_fastrtps_cExport.cmake
[2.344s] -- Up-to-date: /home/mcr2/ros2_ws/src/install/msgs_clase/share/msgs_clase/cmake/export_msgs_clase__rosidl_typesupport_fastrtps_cExport-noconfig.cmake
[2.344s] -- Up-to-date: /home/mcr2/ros2_ws/src/install/msgs_clase/share/msgs_clase/cmake/export_msgs_clase__rosidl_generator_cppExport.cmake
[2.345s] -- Up-to-date: /home/mcr2/ros2_ws/src/install/msgs_clase/share/msgs_clase/cmake/export_msgs_clase__rosidl_typesupport_fastrtps_cppExport.cmake
[2.345s] -- Up-to-date: /home/mcr2/ros2_ws/src/install/msgs_clase/share/msgs_clase/cmake/export_msgs_clase__rosidl_typesupport_fastrtps_cppExport-noconfig.cmake
[2.346s] -- Up-to-date: /home/mcr2/ros2_ws/src/install/msgs_clase/share/msgs_clase/cmake/msgs_clase__rosidl_typesupport_introspection_cExport.cmake
[2.346s] -- Up-to-date: /home/mcr2/ros2_ws/src/install/msgs_clase/share/msgs_clase/cmake/msgs_clase__rosidl_typesupport_introspection_cExport-noconfig.cmake
[2.347s] -- Up-to-date: /home/mcr2/ros2_ws/src/install/msgs_clase/share/msgs_clase/cmake/msgs_clase__rosidl_typesupport_cExport.cmake
[2.347s] -- Up-to-date: /home/mcr2/ros2_ws/src/install/msgs_clase/share/msgs_clase/cmake/msgs_clase__rosidl_typesupport_cExport-noconfig.cmake
[2.348s] -- Up-to-date: /home/mcr2/ros2_ws/src/install/msgs_clase/share/msgs_clase/cmake/msgs_clase__rosidl_typesupport_introspection_cppExport.cmake
[2.348s] -- Up-to-date: /home/mcr2/ros2_ws/src/install/msgs_clase/share/msgs_clase/cmake/msgs_clase__rosidl_typesupport_introspection_cppExport-noconfig.cmake
[2.348s] -- Up-to-date: /home/mcr2/ros2_ws/src/install/msgs_clase/share/msgs_clase/cmake/msgs_clase__rosidl_typesupport_cppExport.cmake
[2.349s] -- Up-to-date: /home/mcr2/ros2_ws/src/install/msgs_clase/share/msgs_clase/cmake/msgs_clase__rosidl_typesupport_cppExport-noconfig.cmake
[2.349s] -- Up-to-date: /home/mcr2/ros2_ws/src/install/msgs_clase/share/msgs_clase/cmake/export_msgs_clase__rosidl_generator_pyExport.cmake
[2.349s] -- Up-to-date: /home/mcr2/ros2_ws/src/install/msgs_clase/share/msgs_clase/cmake/export_msgs_clase__rosidl_generator_pyExport-noconfig.cmake
[2.349s] -- Up-to-date: /home/mcr2/ros2_ws/src/install/msgs_clase/share/msgs_clase/cmake/rosidl_cmake-extras.cmake
[2.350s] -- Up-to-date: /home/mcr2/ros2_ws/src/install/msgs_clase/share/msgs_clase/cmake/ament_cmake_export_dependencies-extras.cmake
[2.350s] -- Up-to-date: /home/mcr2/ros2_ws/src/install/msgs_clase/share/msgs_clase/cmake/ament_cmake_export_include_directories-extras.cmake
[2.350s] -- Up-to-date: /home/mcr2/ros2_ws/src/install/msgs_clase/share/msgs_clase/cmake/ament_cmake_export_libraries-extras.cmake
[2.350s] -- Up-to-date: /home/mcr2/ros2_ws/src/install/msgs_clase/share/msgs_clase/cmake/ament_cmake_export_targets-extras.cmake
[2.350s] -- Up-to-date: /home/mcr2/ros2_ws/src/install/msgs_clase/share/msgs_clase/cmake/rosidl_cmake_export_typesupport_targets-extras.cmake
[2.350s] -- Up-to-date: /home/mcr2/ros2_ws/src/install/msgs_clase/share/msgs_clase/cmake/rosidl_cmake_export_typesupport_libraries-extras.cmake
[2.350s] -- Up-to-date: /home/mcr2/ros2_ws/src/install/msgs_clase/share/msgs_clase/cmake/msgs_claseConfig.cmake
[2.350s] -- Up-to-date: /home/mcr2/ros2_ws/src/install/msgs_clase/share/msgs_clase/cmake/msgs_claseConfig-version.cmake
[2.350s] -- Up-to-date: /home/mcr2/ros2_ws/src/install/msgs_clase/share/msgs_clase/package.xml
[2.447s] Invoked command in '/home/mcr2/ros2_ws/src/build/msgs_clase' returned '0': CMAKE_PREFIX_PATH=${CMAKE_PREFIX_PATH}:/opt/ros/humble /usr/bin/cmake --install /home/mcr2/ros2_ws/src/build/msgs_clase
