[3.577s] Invoking command in '/home/mcr2/ros2_ws/src/courseworks': PYTHONPATH=/home/mcr2/ros2_ws/src/build/courseworks/prefix_override:/home/mcr2/ros2_ws/src/install/courseworks/lib/python3.10/site-packages:${PYTHONPATH} /usr/bin/python3 setup.py egg_info --egg-base ../build/courseworks build --build-base /home/mcr2/ros2_ws/src/build/courseworks/build install --record /home/mcr2/ros2_ws/src/build/courseworks/install.log --single-version-externally-managed
[4.098s] running egg_info
[4.101s] writing ../build/courseworks/courseworks.egg-info/PKG-INFO
[4.104s] writing dependency_links to ../build/courseworks/courseworks.egg-info/dependency_links.txt
[4.105s] writing entry points to ../build/courseworks/courseworks.egg-info/entry_points.txt
[4.106s] writing requirements to ../build/courseworks/courseworks.egg-info/requires.txt
[4.107s] writing top-level names to ../build/courseworks/courseworks.egg-info/top_level.txt
[4.112s] reading manifest file '../build/courseworks/courseworks.egg-info/SOURCES.txt'
[4.114s] writing manifest file '../build/courseworks/courseworks.egg-info/SOURCES.txt'
[4.114s] running build
[4.114s] running build_py
[4.116s] running install
[4.117s] /usr/lib/python3/dist-packages/setuptools/command/install.py:34: SetuptoolsDeprecationWarning: setup.py install is deprecated. Use build and pip and other standards-based tools.
[4.117s]   warnings.warn(
[4.118s] running install_lib
[4.122s] running install_data
[4.125s] running install_egg_info
[4.128s] removing '/home/mcr2/ros2_ws/src/install/courseworks/lib/python3.10/site-packages/courseworks-0.0.0-py3.10.egg-info' (and everything under it)
[4.129s] Copying ../build/courseworks/courseworks.egg-info to /home/mcr2/ros2_ws/src/install/courseworks/lib/python3.10/site-packages/courseworks-0.0.0-py3.10.egg-info
[4.132s] running install_scripts
[4.182s] Installing reconstruction script to /home/mcr2/ros2_ws/src/install/courseworks/lib/courseworks
[4.183s] Installing signal_generator script to /home/mcr2/ros2_ws/src/install/courseworks/lib/courseworks
[4.184s] writing list of installed files to '/home/mcr2/ros2_ws/src/build/courseworks/install.log'
[4.528s] Invoked command in '/home/mcr2/ros2_ws/src/courseworks' returned '0': PYTHONPATH=/home/mcr2/ros2_ws/src/build/courseworks/prefix_override:/home/mcr2/ros2_ws/src/install/courseworks/lib/python3.10/site-packages:${PYTHONPATH} /usr/bin/python3 setup.py egg_info --egg-base ../build/courseworks build --build-base /home/mcr2/ros2_ws/src/build/courseworks/build install --record /home/mcr2/ros2_ws/src/build/courseworks/install.log --single-version-externally-managed
