[3.708s] Invoking command in '/home/mcr2/ros2_ws/src/basic_comms': PYTHONPATH=/home/mcr2/ros2_ws/src/build/basic_comms/prefix_override:/home/mcr2/ros2_ws/src/install/basic_comms/lib/python3.10/site-packages:${PYTHONPATH} /usr/bin/python3 setup.py egg_info --egg-base ../build/basic_comms build --build-base /home/mcr2/ros2_ws/src/build/basic_comms/build install --record /home/mcr2/ros2_ws/src/build/basic_comms/install.log --single-version-externally-managed
[4.236s] running egg_info
[4.240s] writing ../build/basic_comms/basic_comms.egg-info/PKG-INFO
[4.241s] writing dependency_links to ../build/basic_comms/basic_comms.egg-info/dependency_links.txt
[4.241s] writing entry points to ../build/basic_comms/basic_comms.egg-info/entry_points.txt
[4.242s] writing requirements to ../build/basic_comms/basic_comms.egg-info/requires.txt
[4.243s] writing top-level names to ../build/basic_comms/basic_comms.egg-info/top_level.txt
[4.246s] reading manifest file '../build/basic_comms/basic_comms.egg-info/SOURCES.txt'
[4.249s] writing manifest file '../build/basic_comms/basic_comms.egg-info/SOURCES.txt'
[4.249s] running build
[4.250s] running build_py
[4.254s] running install
[4.254s] /usr/lib/python3/dist-packages/setuptools/command/install.py:34: SetuptoolsDeprecationWarning: setup.py install is deprecated. Use build and pip and other standards-based tools.
[4.255s]   warnings.warn(
[4.255s] running install_lib
[4.259s] running install_data
[4.263s] running install_egg_info
[4.266s] removing '/home/mcr2/ros2_ws/src/install/basic_comms/lib/python3.10/site-packages/basic_comms-0.0.0-py3.10.egg-info' (and everything under it)
[4.266s] Copying ../build/basic_comms/basic_comms.egg-info to /home/mcr2/ros2_ws/src/install/basic_comms/lib/python3.10/site-packages/basic_comms-0.0.0-py3.10.egg-info
[4.271s] running install_scripts
[4.323s] Installing listener script to /home/mcr2/ros2_ws/src/install/basic_comms/lib/basic_comms
[4.325s] Installing talker script to /home/mcr2/ros2_ws/src/install/basic_comms/lib/basic_comms
[4.325s] writing list of installed files to '/home/mcr2/ros2_ws/src/build/basic_comms/install.log'
[4.801s] Invoked command in '/home/mcr2/ros2_ws/src/basic_comms' returned '0': PYTHONPATH=/home/mcr2/ros2_ws/src/build/basic_comms/prefix_override:/home/mcr2/ros2_ws/src/install/basic_comms/lib/python3.10/site-packages:${PYTHONPATH} /usr/bin/python3 setup.py egg_info --egg-base ../build/basic_comms build --build-base /home/mcr2/ros2_ws/src/build/basic_comms/build install --record /home/mcr2/ros2_ws/src/build/basic_comms/install.log --single-version-externally-managed
