[2.284s] Invoking command in '/home/mcr2/ros2_ws/src/basic_comms': PYTHONPATH=/home/mcr2/ros2_ws/src/build/basic_comms/prefix_override:/home/mcr2/ros2_ws/src/install/basic_comms/lib/python3.10/site-packages:${PYTHONPATH} /usr/bin/python3 setup.py egg_info --egg-base ../build/basic_comms build --build-base /home/mcr2/ros2_ws/src/build/basic_comms/build install --record /home/mcr2/ros2_ws/src/build/basic_comms/install.log --single-version-externally-managed
[2.575s] running egg_info
[2.576s] writing ../build/basic_comms/basic_comms.egg-info/PKG-INFO
[2.576s] writing dependency_links to ../build/basic_comms/basic_comms.egg-info/dependency_links.txt
[2.576s] writing entry points to ../build/basic_comms/basic_comms.egg-info/entry_points.txt
[2.577s] writing requirements to ../build/basic_comms/basic_comms.egg-info/requires.txt
[2.577s] writing top-level names to ../build/basic_comms/basic_comms.egg-info/top_level.txt
[2.579s] reading manifest file '../build/basic_comms/basic_comms.egg-info/SOURCES.txt'
[2.580s] writing manifest file '../build/basic_comms/basic_comms.egg-info/SOURCES.txt'
[2.580s] running build
[2.580s] running build_py
[2.581s] running install
[2.582s] /usr/lib/python3/dist-packages/setuptools/command/install.py:34: SetuptoolsDeprecationWarning: setup.py install is deprecated. Use build and pip and other standards-based tools.
[2.582s]   warnings.warn(
[2.582s] running install_lib
[2.583s] running install_data
[2.584s] running install_egg_info
[2.586s] removing '/home/mcr2/ros2_ws/src/install/basic_comms/lib/python3.10/site-packages/basic_comms-0.0.0-py3.10.egg-info' (and everything under it)
[2.587s] Copying ../build/basic_comms/basic_comms.egg-info to /home/mcr2/ros2_ws/src/install/basic_comms/lib/python3.10/site-packages/basic_comms-0.0.0-py3.10.egg-info
[2.588s] running install_scripts
[2.608s] Installing listener script to /home/mcr2/ros2_ws/src/install/basic_comms/lib/basic_comms
[2.608s] Installing talker script to /home/mcr2/ros2_ws/src/install/basic_comms/lib/basic_comms
[2.608s] writing list of installed files to '/home/mcr2/ros2_ws/src/build/basic_comms/install.log'
[3.212s] Invoked command in '/home/mcr2/ros2_ws/src/basic_comms' returned '0': PYTHONPATH=/home/mcr2/ros2_ws/src/build/basic_comms/prefix_override:/home/mcr2/ros2_ws/src/install/basic_comms/lib/python3.10/site-packages:${PYTHONPATH} /usr/bin/python3 setup.py egg_info --egg-base ../build/basic_comms build --build-base /home/mcr2/ros2_ws/src/build/basic_comms/build install --record /home/mcr2/ros2_ws/src/build/basic_comms/install.log --single-version-externally-managed
