[0.925s] Invoking command in '/home/mcr2/final_challenge': PYTHONPATH=/home/mcr2/final_challenge/build/final_challenge/prefix_override:/home/mcr2/final_challenge/install/final_challenge/lib/python3.10/site-packages:${PYTHONPATH} /usr/bin/python3 setup.py egg_info --egg-base build/final_challenge build --build-base /home/mcr2/final_challenge/build/final_challenge/build install --record /home/mcr2/final_challenge/build/final_challenge/install.log --single-version-externally-managed
[1.142s] running egg_info
[1.143s] writing build/final_challenge/final_challenge.egg-info/PKG-INFO
[1.148s] writing dependency_links to build/final_challenge/final_challenge.egg-info/dependency_links.txt
[1.150s] writing entry points to build/final_challenge/final_challenge.egg-info/entry_points.txt
[1.150s] writing requirements to build/final_challenge/final_challenge.egg-info/requires.txt
[1.150s] writing top-level names to build/final_challenge/final_challenge.egg-info/top_level.txt
[1.151s] reading manifest file 'build/final_challenge/final_challenge.egg-info/SOURCES.txt'
[1.153s] writing manifest file 'build/final_challenge/final_challenge.egg-info/SOURCES.txt'
[1.153s] running build
[1.153s] running build_py
[1.154s] running install
[1.155s] /usr/lib/python3/dist-packages/setuptools/command/install.py:34: SetuptoolsDeprecationWarning: setup.py install is deprecated. Use build and pip and other standards-based tools.
[1.155s]   warnings.warn(
[1.155s] running install_lib
[1.158s] running install_data
[1.160s] copying launch/setpoint_launch.py -> /home/mcr2/final_challenge/install/final_challenge/share/final_challenge
[1.161s] running install_egg_info
[1.162s] removing '/home/mcr2/final_challenge/install/final_challenge/lib/python3.10/site-packages/final_challenge-0.0.0-py3.10.egg-info' (and everything under it)
[1.163s] Copying build/final_challenge/final_challenge.egg-info to /home/mcr2/final_challenge/install/final_challenge/lib/python3.10/site-packages/final_challenge-0.0.0-py3.10.egg-info
[1.164s] running install_scripts
[1.180s] Installing setpoint script to /home/mcr2/final_challenge/install/final_challenge/lib/final_challenge
[1.181s] writing list of installed files to '/home/mcr2/final_challenge/build/final_challenge/install.log'
[1.205s] Invoked command in '/home/mcr2/final_challenge' returned '0': PYTHONPATH=/home/mcr2/final_challenge/build/final_challenge/prefix_override:/home/mcr2/final_challenge/install/final_challenge/lib/python3.10/site-packages:${PYTHONPATH} /usr/bin/python3 setup.py egg_info --egg-base build/final_challenge build --build-base /home/mcr2/final_challenge/build/final_challenge/build install --record /home/mcr2/final_challenge/build/final_challenge/install.log --single-version-externally-managed
