[1.478s] Invoking command in '/home/mcr2/ros2_ws/src/signal_decomposition': AMENT_PREFIX_PATH=/home/mcr2/ros2_ws/src/install/signal_msg:${AMENT_PREFIX_PATH} CMAKE_PREFIX_PATH=/home/mcr2/ros2_ws/src/install/signal_msg:${CMAKE_PREFIX_PATH} LD_LIBRARY_PATH=/home/mcr2/ros2_ws/src/install/signal_msg/lib:${LD_LIBRARY_PATH} PYTHONPATH=/home/mcr2/ros2_ws/src/build/signal_decomposition/prefix_override:/home/mcr2/ros2_ws/src/install/signal_decomposition/lib/python3.10/site-packages:/home/mcr2/ros2_ws/src/install/signal_msg/local/lib/python3.10/dist-packages:${PYTHONPATH} /usr/bin/python3 setup.py egg_info --egg-base ../build/signal_decomposition build --build-base /home/mcr2/ros2_ws/src/build/signal_decomposition/build install --record /home/mcr2/ros2_ws/src/build/signal_decomposition/install.log --single-version-externally-managed
[1.772s] running egg_info
[1.774s] writing ../build/signal_decomposition/signal_decomposition.egg-info/PKG-INFO
[1.775s] writing dependency_links to ../build/signal_decomposition/signal_decomposition.egg-info/dependency_links.txt
[1.775s] writing entry points to ../build/signal_decomposition/signal_decomposition.egg-info/entry_points.txt
[1.776s] writing requirements to ../build/signal_decomposition/signal_decomposition.egg-info/requires.txt
[1.776s] writing top-level names to ../build/signal_decomposition/signal_decomposition.egg-info/top_level.txt
[1.778s] reading manifest file '../build/signal_decomposition/signal_decomposition.egg-info/SOURCES.txt'
[1.778s] adding license file 'LICENSE'
[1.779s] writing manifest file '../build/signal_decomposition/signal_decomposition.egg-info/SOURCES.txt'
[1.779s] running build
[1.780s] running build_py
[1.781s] running install
[1.781s] /usr/lib/python3/dist-packages/setuptools/command/install.py:34: SetuptoolsDeprecationWarning: setup.py install is deprecated. Use build and pip and other standards-based tools.
[1.781s]   warnings.warn(
[1.781s] running install_lib
[1.783s] running install_data
[1.785s] running install_egg_info
[1.787s] removing '/home/mcr2/ros2_ws/src/install/signal_decomposition/lib/python3.10/site-packages/signal_decomposition-0.0.0-py3.10.egg-info' (and everything under it)
[1.787s] Copying ../build/signal_decomposition/signal_decomposition.egg-info to /home/mcr2/ros2_ws/src/install/signal_decomposition/lib/python3.10/site-packages/signal_decomposition-0.0.0-py3.10.egg-info
[1.788s] running install_scripts
[1.812s] Installing signal_generator script to /home/mcr2/ros2_ws/src/install/signal_decomposition/lib/signal_decomposition
[1.813s] Installing signal_reconstruction script to /home/mcr2/ros2_ws/src/install/signal_decomposition/lib/signal_decomposition
[1.813s] writing list of installed files to '/home/mcr2/ros2_ws/src/build/signal_decomposition/install.log'
[1.846s] Invoked command in '/home/mcr2/ros2_ws/src/signal_decomposition' returned '0': AMENT_PREFIX_PATH=/home/mcr2/ros2_ws/src/install/signal_msg:${AMENT_PREFIX_PATH} CMAKE_PREFIX_PATH=/home/mcr2/ros2_ws/src/install/signal_msg:${CMAKE_PREFIX_PATH} LD_LIBRARY_PATH=/home/mcr2/ros2_ws/src/install/signal_msg/lib:${LD_LIBRARY_PATH} PYTHONPATH=/home/mcr2/ros2_ws/src/build/signal_decomposition/prefix_override:/home/mcr2/ros2_ws/src/install/signal_decomposition/lib/python3.10/site-packages:/home/mcr2/ros2_ws/src/install/signal_msg/local/lib/python3.10/dist-packages:${PYTHONPATH} /usr/bin/python3 setup.py egg_info --egg-base ../build/signal_decomposition build --build-base /home/mcr2/ros2_ws/src/build/signal_decomposition/build install --record /home/mcr2/ros2_ws/src/build/signal_decomposition/install.log --single-version-externally-managed
