[1.406s] Invoking command in '/home/mcr2/ros2_ws/src/courseworks': PYTHONPATH=/home/mcr2/ros2_ws/src/build/courseworks/prefix_override:/home/mcr2/ros2_ws/src/install/courseworks/lib/python3.10/site-packages:${PYTHONPATH} /usr/bin/python3 setup.py egg_info --egg-base ../build/courseworks build --build-base /home/mcr2/ros2_ws/src/build/courseworks/build install --record /home/mcr2/ros2_ws/src/build/courseworks/install.log --single-version-externally-managed
[1.657s] running egg_info
[1.658s] writing ../build/courseworks/courseworks.egg-info/PKG-INFO
[1.658s] writing dependency_links to ../build/courseworks/courseworks.egg-info/dependency_links.txt
[1.659s] writing entry points to ../build/courseworks/courseworks.egg-info/entry_points.txt
[1.659s] writing requirements to ../build/courseworks/courseworks.egg-info/requires.txt
[1.659s] writing top-level names to ../build/courseworks/courseworks.egg-info/top_level.txt
[1.661s] reading manifest file '../build/courseworks/courseworks.egg-info/SOURCES.txt'
[1.667s] writing manifest file '../build/courseworks/courseworks.egg-info/SOURCES.txt'
[1.668s] running build
[1.668s] running build_py
[1.668s] running install
[1.669s] /usr/lib/python3/dist-packages/setuptools/command/install.py:34: SetuptoolsDeprecationWarning: setup.py install is deprecated. Use build and pip and other standards-based tools.
[1.669s]   warnings.warn(
[1.669s] running install_lib
[1.670s] running install_data
[1.670s] copying package.xml -> /home/mcr2/ros2_ws/src/install/courseworks/share/courseworks
[1.671s] copying launch/signal_group_launch.py -> /home/mcr2/ros2_ws/src/install/courseworks/share/courseworks/launch
[1.671s] running install_egg_info
[1.673s] removing '/home/mcr2/ros2_ws/src/install/courseworks/lib/python3.10/site-packages/courseworks-0.0.0-py3.10.egg-info' (and everything under it)
[1.673s] Copying ../build/courseworks/courseworks.egg-info to /home/mcr2/ros2_ws/src/install/courseworks/lib/python3.10/site-packages/courseworks-0.0.0-py3.10.egg-info
[1.675s] running install_scripts
[1.690s] Installing reconstruction script to /home/mcr2/ros2_ws/src/install/courseworks/lib/courseworks
[1.691s] Installing signal_generator script to /home/mcr2/ros2_ws/src/install/courseworks/lib/courseworks
[1.691s] writing list of installed files to '/home/mcr2/ros2_ws/src/build/courseworks/install.log'
[1.711s] Invoked command in '/home/mcr2/ros2_ws/src/courseworks' returned '0': PYTHONPATH=/home/mcr2/ros2_ws/src/build/courseworks/prefix_override:/home/mcr2/ros2_ws/src/install/courseworks/lib/python3.10/site-packages:${PYTHONPATH} /usr/bin/python3 setup.py egg_info --egg-base ../build/courseworks build --build-base /home/mcr2/ros2_ws/src/build/courseworks/build install --record /home/mcr2/ros2_ws/src/build/courseworks/install.log --single-version-externally-managed
