[1.984s] Invoking command in '/home/mcr2/ros2_ws/src/final_challenge': PYTHONPATH=/home/mcr2/ros2_ws/src/build/final_challenge/prefix_override:/home/mcr2/ros2_ws/src/install/final_challenge/lib/python3.10/site-packages:${PYTHONPATH} /usr/bin/python3 setup.py egg_info --egg-base ../build/final_challenge build --build-base /home/mcr2/ros2_ws/src/build/final_challenge/build install --record /home/mcr2/ros2_ws/src/build/final_challenge/install.log --single-version-externally-managed
[2.321s] running egg_info
[2.324s] creating ../build/final_challenge/final_challenge.egg-info
[2.324s] writing ../build/final_challenge/final_challenge.egg-info/PKG-INFO
[2.324s] writing dependency_links to ../build/final_challenge/final_challenge.egg-info/dependency_links.txt
[2.324s] writing entry points to ../build/final_challenge/final_challenge.egg-info/entry_points.txt
[2.325s] writing requirements to ../build/final_challenge/final_challenge.egg-info/requires.txt
[2.325s] writing top-level names to ../build/final_challenge/final_challenge.egg-info/top_level.txt
[2.325s] writing manifest file '../build/final_challenge/final_challenge.egg-info/SOURCES.txt'
[2.327s] reading manifest file '../build/final_challenge/final_challenge.egg-info/SOURCES.txt'
[2.328s] writing manifest file '../build/final_challenge/final_challenge.egg-info/SOURCES.txt'
[2.329s] running build
[2.329s] running build_py
[2.331s] creating /home/mcr2/ros2_ws/src/build/final_challenge/build
[2.331s] creating /home/mcr2/ros2_ws/src/build/final_challenge/build/lib
[2.331s] creating /home/mcr2/ros2_ws/src/build/final_challenge/build/lib/final_challenge
[2.331s] copying final_challenge/setpoint.py -> /home/mcr2/ros2_ws/src/build/final_challenge/build/lib/final_challenge
[2.331s] copying final_challenge/__init__.py -> /home/mcr2/ros2_ws/src/build/final_challenge/build/lib/final_challenge
[2.332s] running install
[2.344s] running install_lib
[2.344s] creating /home/mcr2/ros2_ws/src/install/final_challenge/lib/python3.10/site-packages/final_challenge
[2.344s] copying /home/mcr2/ros2_ws/src/build/final_challenge/build/lib/final_challenge/setpoint.py -> /home/mcr2/ros2_ws/src/install/final_challenge/lib/python3.10/site-packages/final_challenge
[2.345s] copying /home/mcr2/ros2_ws/src/build/final_challenge/build/lib/final_challenge/__init__.py -> /home/mcr2/ros2_ws/src/install/final_challenge/lib/python3.10/site-packages/final_challenge
[2.345s] byte-compiling /home/mcr2/ros2_ws/src/install/final_challenge/lib/python3.10/site-packages/final_challenge/setpoint.py to setpoint.cpython-310.pyc
[2.345s] byte-compiling /home/mcr2/ros2_ws/src/install/final_challenge/lib/python3.10/site-packages/final_challenge/__init__.py to __init__.cpython-310.pyc
[2.345s] running install_data
[2.345s] creating /home/mcr2/ros2_ws/src/install/final_challenge/share/ament_index
[2.345s] creating /home/mcr2/ros2_ws/src/install/final_challenge/share/ament_index/resource_index
[2.345s] creating /home/mcr2/ros2_ws/src/install/final_challenge/share/ament_index/resource_index/packages
[2.345s] copying resource/final_challenge -> /home/mcr2/ros2_ws/src/install/final_challenge/share/ament_index/resource_index/packages
[2.345s] copying package.xml -> /home/mcr2/ros2_ws/src/install/final_challenge/share/final_challenge
[2.345s] copying launch/setpoint_launch.py -> /home/mcr2/ros2_ws/src/install/final_challenge/share/final_challenge
[2.345s] creating /home/mcr2/ros2_ws/src/install/final_challenge/share/final_challenge/config
[2.345s] copying config/params.yaml -> /home/mcr2/ros2_ws/src/install/final_challenge/share/final_challenge/config
[2.345s] running install_egg_info
[2.346s] Copying ../build/final_challenge/final_challenge.egg-info to /home/mcr2/ros2_ws/src/install/final_challenge/lib/python3.10/site-packages/final_challenge-0.0.0-py3.10.egg-info
[2.346s] /usr/lib/python3/dist-packages/setuptools/command/install.py:34: SetuptoolsDeprecationWarning: setup.py install is deprecated. Use build and pip and other standards-based tools.
[2.346s]   warnings.warn(
[2.354s] running install_scripts
[2.387s] Installing setpoint script to /home/mcr2/ros2_ws/src/install/final_challenge/lib/final_challenge
[2.387s] writing list of installed files to '/home/mcr2/ros2_ws/src/build/final_challenge/install.log'
[2.837s] Invoked command in '/home/mcr2/ros2_ws/src/final_challenge' returned '0': PYTHONPATH=/home/mcr2/ros2_ws/src/build/final_challenge/prefix_override:/home/mcr2/ros2_ws/src/install/final_challenge/lib/python3.10/site-packages:${PYTHONPATH} /usr/bin/python3 setup.py egg_info --egg-base ../build/final_challenge build --build-base /home/mcr2/ros2_ws/src/build/final_challenge/build install --record /home/mcr2/ros2_ws/src/build/final_challenge/install.log --single-version-externally-managed
