[2.177s] Invoking command in '/home/mcr2/ros2_ws/src/courseworks': PYTHONPATH=/home/mcr2/ros2_ws/src/build/courseworks/prefix_override:/home/mcr2/ros2_ws/src/install/courseworks/lib/python3.10/site-packages:${PYTHONPATH} /usr/bin/python3 setup.py egg_info --egg-base ../build/courseworks build --build-base /home/mcr2/ros2_ws/src/build/courseworks/build install --record /home/mcr2/ros2_ws/src/build/courseworks/install.log --single-version-externally-managed
[2.476s] running egg_info
[2.478s] writing ../build/courseworks/courseworks.egg-info/PKG-INFO
[2.478s] writing dependency_links to ../build/courseworks/courseworks.egg-info/dependency_links.txt
[2.478s] writing entry points to ../build/courseworks/courseworks.egg-info/entry_points.txt
[2.479s] writing requirements to ../build/courseworks/courseworks.egg-info/requires.txt
[2.479s] writing top-level names to ../build/courseworks/courseworks.egg-info/top_level.txt
[2.481s] reading manifest file '../build/courseworks/courseworks.egg-info/SOURCES.txt'
[2.482s] writing manifest file '../build/courseworks/courseworks.egg-info/SOURCES.txt'
[2.482s] running build
[2.482s] running build_py
[2.484s] running install
[2.484s] /usr/lib/python3/dist-packages/setuptools/command/install.py:34: SetuptoolsDeprecationWarning: setup.py install is deprecated. Use build and pip and other standards-based tools.
[2.484s]   warnings.warn(
[2.484s] running install_lib
[2.486s] running install_data
[2.487s] running install_egg_info
[2.489s] removing '/home/mcr2/ros2_ws/src/install/courseworks/lib/python3.10/site-packages/courseworks-0.0.0-py3.10.egg-info' (and everything under it)
[2.490s] Copying ../build/courseworks/courseworks.egg-info to /home/mcr2/ros2_ws/src/install/courseworks/lib/python3.10/site-packages/courseworks-0.0.0-py3.10.egg-info
[2.491s] running install_scripts
[2.516s] Installing reconstruction script to /home/mcr2/ros2_ws/src/install/courseworks/lib/courseworks
[2.517s] Installing signal_generator script to /home/mcr2/ros2_ws/src/install/courseworks/lib/courseworks
[2.517s] writing list of installed files to '/home/mcr2/ros2_ws/src/build/courseworks/install.log'
[2.854s] Invoked command in '/home/mcr2/ros2_ws/src/courseworks' returned '0': PYTHONPATH=/home/mcr2/ros2_ws/src/build/courseworks/prefix_override:/home/mcr2/ros2_ws/src/install/courseworks/lib/python3.10/site-packages:${PYTHONPATH} /usr/bin/python3 setup.py egg_info --egg-base ../build/courseworks build --build-base /home/mcr2/ros2_ws/src/build/courseworks/build install --record /home/mcr2/ros2_ws/src/build/courseworks/install.log --single-version-externally-managed
