[1.660s] Invoking command in '/home/mcr2/ros2_ws/src/basic_comms': PYTHONPATH=/home/mcr2/ros2_ws/src/build/basic_comms/prefix_override:/home/mcr2/ros2_ws/src/install/basic_comms/lib/python3.10/site-packages:${PYTHONPATH} /usr/bin/python3 setup.py egg_info --egg-base ../build/basic_comms build --build-base /home/mcr2/ros2_ws/src/build/basic_comms/build install --record /home/mcr2/ros2_ws/src/build/basic_comms/install.log --single-version-externally-managed
[1.938s] running egg_info
[1.939s] writing ../build/basic_comms/basic_comms.egg-info/PKG-INFO
[1.940s] writing dependency_links to ../build/basic_comms/basic_comms.egg-info/dependency_links.txt
[1.940s] writing entry points to ../build/basic_comms/basic_comms.egg-info/entry_points.txt
[1.941s] writing requirements to ../build/basic_comms/basic_comms.egg-info/requires.txt
[1.942s] writing top-level names to ../build/basic_comms/basic_comms.egg-info/top_level.txt
[1.944s] reading manifest file '../build/basic_comms/basic_comms.egg-info/SOURCES.txt'
[1.946s] writing manifest file '../build/basic_comms/basic_comms.egg-info/SOURCES.txt'
[1.947s] running build
[1.947s] running build_py
[1.947s] running install
[1.947s] /usr/lib/python3/dist-packages/setuptools/command/install.py:34: SetuptoolsDeprecationWarning: setup.py install is deprecated. Use build and pip and other standards-based tools.
[1.947s]   warnings.warn(
[1.948s] running install_lib
[1.950s] running install_data
[1.950s] running install_egg_info
[1.953s] removing '/home/mcr2/ros2_ws/src/install/basic_comms/lib/python3.10/site-packages/basic_comms-0.0.0-py3.10.egg-info' (and everything under it)
[1.953s] Copying ../build/basic_comms/basic_comms.egg-info to /home/mcr2/ros2_ws/src/install/basic_comms/lib/python3.10/site-packages/basic_comms-0.0.0-py3.10.egg-info
[1.956s] running install_scripts
[1.976s] Installing listener script to /home/mcr2/ros2_ws/src/install/basic_comms/lib/basic_comms
[1.977s] Installing talker script to /home/mcr2/ros2_ws/src/install/basic_comms/lib/basic_comms
[1.977s] writing list of installed files to '/home/mcr2/ros2_ws/src/build/basic_comms/install.log'
[2.080s] Invoked command in '/home/mcr2/ros2_ws/src/basic_comms' returned '0': PYTHONPATH=/home/mcr2/ros2_ws/src/build/basic_comms/prefix_override:/home/mcr2/ros2_ws/src/install/basic_comms/lib/python3.10/site-packages:${PYTHONPATH} /usr/bin/python3 setup.py egg_info --egg-base ../build/basic_comms build --build-base /home/mcr2/ros2_ws/src/build/basic_comms/build install --record /home/mcr2/ros2_ws/src/build/basic_comms/install.log --single-version-externally-managed
