[2.495s] Invoking command in '/home/mcr2/ros2_ws/src/courseworks_params': PYTHONPATH=/home/mcr2/ros2_ws/src/build/courseworks_params/prefix_override:/home/mcr2/ros2_ws/src/install/courseworks_params/lib/python3.10/site-packages:${PYTHONPATH} /usr/bin/python3 setup.py egg_info --egg-base ../build/courseworks_params build --build-base /home/mcr2/ros2_ws/src/build/courseworks_params/build install --record /home/mcr2/ros2_ws/src/build/courseworks_params/install.log --single-version-externally-managed
[2.837s] running egg_info
[2.839s] writing ../build/courseworks_params/courseworks_params.egg-info/PKG-INFO
[2.843s] writing dependency_links to ../build/courseworks_params/courseworks_params.egg-info/dependency_links.txt
[2.843s] writing entry points to ../build/courseworks_params/courseworks_params.egg-info/entry_points.txt
[2.843s] writing requirements to ../build/courseworks_params/courseworks_params.egg-info/requires.txt
[2.844s] writing top-level names to ../build/courseworks_params/courseworks_params.egg-info/top_level.txt
[2.844s] reading manifest file '../build/courseworks_params/courseworks_params.egg-info/SOURCES.txt'
[2.845s] adding license file 'LICENSE'
[2.845s] writing manifest file '../build/courseworks_params/courseworks_params.egg-info/SOURCES.txt'
[2.845s] running build
[2.846s] running build_py
[2.848s] running install
[2.848s] /usr/lib/python3/dist-packages/setuptools/command/install.py:34: SetuptoolsDeprecationWarning: setup.py install is deprecated. Use build and pip and other standards-based tools.
[2.848s]   warnings.warn(
[2.849s] running install_lib
[2.852s] running install_data
[2.855s] running install_egg_info
[2.856s] removing '/home/mcr2/ros2_ws/src/install/courseworks_params/lib/python3.10/site-packages/courseworks_params-0.0.0-py3.10.egg-info' (and everything under it)
[2.857s] Copying ../build/courseworks_params/courseworks_params.egg-info to /home/mcr2/ros2_ws/src/install/courseworks_params/lib/python3.10/site-packages/courseworks_params-0.0.0-py3.10.egg-info
[2.859s] running install_scripts
[2.888s] Installing signal_params script to /home/mcr2/ros2_ws/src/install/courseworks_params/lib/courseworks_params
[2.889s] writing list of installed files to '/home/mcr2/ros2_ws/src/build/courseworks_params/install.log'
[2.972s] Invoked command in '/home/mcr2/ros2_ws/src/courseworks_params' returned '0': PYTHONPATH=/home/mcr2/ros2_ws/src/build/courseworks_params/prefix_override:/home/mcr2/ros2_ws/src/install/courseworks_params/lib/python3.10/site-packages:${PYTHONPATH} /usr/bin/python3 setup.py egg_info --egg-base ../build/courseworks_params build --build-base /home/mcr2/ros2_ws/src/build/courseworks_params/build install --record /home/mcr2/ros2_ws/src/build/courseworks_params/install.log --single-version-externally-managed
