[1.470s] DEBUG:colcon:Command line arguments: ['/usr/bin/colcon', 'build']
[1.470s] DEBUG:colcon:Parsed command line arguments: Namespace(log_base=None, log_level=None, verb_name='build', build_base='build', install_base='install', merge_install=False, symlink_install=False, test_result_base=None, continue_on_error=False, executor='parallel', parallel_workers=6, event_handlers=None, ignore_user_meta=False, metas=['./colcon.meta'], base_paths=['.'], packages_ignore=None, packages_ignore_regex=None, paths=None, packages_up_to=None, packages_up_to_regex=None, packages_above=None, packages_above_and_dependencies=None, packages_above_depth=None, packages_select_by_dep=None, packages_skip_by_dep=None, packages_skip_up_to=None, packages_select_build_failed=False, packages_skip_build_finished=False, packages_select_test_failures=False, packages_skip_test_passed=False, packages_select=None, packages_skip=None, packages_select_regex=None, packages_skip_regex=None, packages_start=None, packages_end=None, allow_overriding=[], cmake_args=None, cmake_target=None, cmake_target_skip_unavailable=False, cmake_clean_cache=False, cmake_clean_first=False, cmake_force_configure=False, ament_cmake_args=None, catkin_cmake_args=None, catkin_skip_building_tests=False, verb_parser=<colcon_defaults.argument_parser.defaults.DefaultArgumentsDecorator object at 0x74031de236a0>, verb_extension=<colcon_core.verb.build.BuildVerb object at 0x74031de20c40>, main=<bound method BuildVerb.main of <colcon_core.verb.build.BuildVerb object at 0x74031de20c40>>)
[1.557s] Level 1:colcon.colcon_core.package_discovery:discover_packages(colcon_meta) check parameters
[1.558s] Level 1:colcon.colcon_core.package_discovery:discover_packages(recursive) check parameters
[1.558s] Level 1:colcon.colcon_core.package_discovery:discover_packages(ignore) check parameters
[1.558s] Level 1:colcon.colcon_core.package_discovery:discover_packages(path) check parameters
[1.558s] Level 1:colcon.colcon_core.package_discovery:discover_packages(colcon_meta) discover
[1.558s] Level 1:colcon.colcon_core.package_discovery:discover_packages(recursive) discover
[1.558s] INFO:colcon.colcon_core.package_discovery:Crawling recursively for packages in '/home/mcr2/ros2_ws/src'
[1.558s] Level 1:colcon.colcon_core.package_identification:_identify(.) by extensions ['ignore', 'ignore_ament_install']
[1.558s] Level 1:colcon.colcon_core.package_identification:_identify(.) by extension 'ignore'
[1.558s] Level 1:colcon.colcon_core.package_identification:_identify(.) by extension 'ignore_ament_install'
[1.558s] Level 1:colcon.colcon_core.package_identification:_identify(.) by extensions ['colcon_pkg']
[1.558s] Level 1:colcon.colcon_core.package_identification:_identify(.) by extension 'colcon_pkg'
[1.558s] Level 1:colcon.colcon_core.package_identification:_identify(.) by extensions ['colcon_meta']
[1.558s] Level 1:colcon.colcon_core.package_identification:_identify(.) by extension 'colcon_meta'
[1.558s] Level 1:colcon.colcon_core.package_identification:_identify(.) by extensions ['ros']
[1.558s] Level 1:colcon.colcon_core.package_identification:_identify(.) by extension 'ros'
[1.574s] Level 1:colcon.colcon_core.package_identification:_identify(.) by extensions ['cmake', 'python']
[1.574s] Level 1:colcon.colcon_core.package_identification:_identify(.) by extension 'cmake'
[1.574s] Level 1:colcon.colcon_core.package_identification:_identify(.) by extension 'python'
[1.574s] Level 1:colcon.colcon_core.package_identification:_identify(.) by extensions ['python_setup_py']
[1.574s] Level 1:colcon.colcon_core.package_identification:_identify(.) by extension 'python_setup_py'
[1.575s] Level 1:colcon.colcon_core.package_identification:_identify(basic_comms) by extensions ['ignore', 'ignore_ament_install']
[1.575s] Level 1:colcon.colcon_core.package_identification:_identify(basic_comms) by extension 'ignore'
[1.575s] Level 1:colcon.colcon_core.package_identification:_identify(basic_comms) by extension 'ignore_ament_install'
[1.575s] Level 1:colcon.colcon_core.package_identification:_identify(basic_comms) by extensions ['colcon_pkg']
[1.575s] Level 1:colcon.colcon_core.package_identification:_identify(basic_comms) by extension 'colcon_pkg'
[1.575s] Level 1:colcon.colcon_core.package_identification:_identify(basic_comms) by extensions ['colcon_meta']
[1.575s] Level 1:colcon.colcon_core.package_identification:_identify(basic_comms) by extension 'colcon_meta'
[1.575s] Level 1:colcon.colcon_core.package_identification:_identify(basic_comms) by extensions ['ros']
[1.575s] Level 1:colcon.colcon_core.package_identification:_identify(basic_comms) by extension 'ros'
[1.580s] DEBUG:colcon.colcon_core.package_identification:Package 'basic_comms' with type 'ros.ament_python' and name 'basic_comms'
[1.580s] Level 1:colcon.colcon_core.package_identification:_identify(build) by extensions ['ignore', 'ignore_ament_install']
[1.580s] Level 1:colcon.colcon_core.package_identification:_identify(build) by extension 'ignore'
[1.580s] Level 1:colcon.colcon_core.package_identification:_identify(build) ignored
[1.580s] Level 1:colcon.colcon_core.package_identification:_identify(courseworks) by extensions ['ignore', 'ignore_ament_install']
[1.580s] Level 1:colcon.colcon_core.package_identification:_identify(courseworks) by extension 'ignore'
[1.581s] Level 1:colcon.colcon_core.package_identification:_identify(courseworks) by extension 'ignore_ament_install'
[1.581s] Level 1:colcon.colcon_core.package_identification:_identify(courseworks) by extensions ['colcon_pkg']
[1.581s] Level 1:colcon.colcon_core.package_identification:_identify(courseworks) by extension 'colcon_pkg'
[1.581s] Level 1:colcon.colcon_core.package_identification:_identify(courseworks) by extensions ['colcon_meta']
[1.581s] Level 1:colcon.colcon_core.package_identification:_identify(courseworks) by extension 'colcon_meta'
[1.581s] Level 1:colcon.colcon_core.package_identification:_identify(courseworks) by extensions ['ros']
[1.581s] Level 1:colcon.colcon_core.package_identification:_identify(courseworks) by extension 'ros'
[1.582s] DEBUG:colcon.colcon_core.package_identification:Package 'courseworks' with type 'ros.ament_python' and name 'courseworks'
[1.582s] Level 1:colcon.colcon_core.package_identification:_identify(courseworks_params) by extensions ['ignore', 'ignore_ament_install']
[1.583s] Level 1:colcon.colcon_core.package_identification:_identify(courseworks_params) by extension 'ignore'
[1.583s] Level 1:colcon.colcon_core.package_identification:_identify(courseworks_params) by extension 'ignore_ament_install'
[1.583s] Level 1:colcon.colcon_core.package_identification:_identify(courseworks_params) by extensions ['colcon_pkg']
[1.583s] Level 1:colcon.colcon_core.package_identification:_identify(courseworks_params) by extension 'colcon_pkg'
[1.583s] Level 1:colcon.colcon_core.package_identification:_identify(courseworks_params) by extensions ['colcon_meta']
[1.583s] Level 1:colcon.colcon_core.package_identification:_identify(courseworks_params) by extension 'colcon_meta'
[1.583s] Level 1:colcon.colcon_core.package_identification:_identify(courseworks_params) by extensions ['ros']
[1.583s] Level 1:colcon.colcon_core.package_identification:_identify(courseworks_params) by extension 'ros'
[1.584s] DEBUG:colcon.colcon_core.package_identification:Package 'courseworks_params' with type 'ros.ament_python' and name 'courseworks_params'
[1.585s] Level 1:colcon.colcon_core.package_identification:_identify(final_challenge) by extensions ['ignore', 'ignore_ament_install']
[1.586s] Level 1:colcon.colcon_core.package_identification:_identify(final_challenge) by extension 'ignore'
[1.586s] Level 1:colcon.colcon_core.package_identification:_identify(final_challenge) by extension 'ignore_ament_install'
[1.586s] Level 1:colcon.colcon_core.package_identification:_identify(final_challenge) by extensions ['colcon_pkg']
[1.586s] Level 1:colcon.colcon_core.package_identification:_identify(final_challenge) by extension 'colcon_pkg'
[1.586s] Level 1:colcon.colcon_core.package_identification:_identify(final_challenge) by extensions ['colcon_meta']
[1.586s] Level 1:colcon.colcon_core.package_identification:_identify(final_challenge) by extension 'colcon_meta'
[1.586s] Level 1:colcon.colcon_core.package_identification:_identify(final_challenge) by extensions ['ros']
[1.586s] Level 1:colcon.colcon_core.package_identification:_identify(final_challenge) by extension 'ros'
[1.587s] DEBUG:colcon.colcon_core.package_identification:Package 'final_challenge' with type 'ros.ament_python' and name 'final_challenge'
[1.587s] Level 1:colcon.colcon_core.package_identification:_identify(install) by extensions ['ignore', 'ignore_ament_install']
[1.587s] Level 1:colcon.colcon_core.package_identification:_identify(install) by extension 'ignore'
[1.588s] Level 1:colcon.colcon_core.package_identification:_identify(install) ignored
[1.588s] Level 1:colcon.colcon_core.package_identification:_identify(log) by extensions ['ignore', 'ignore_ament_install']
[1.588s] Level 1:colcon.colcon_core.package_identification:_identify(log) by extension 'ignore'
[1.588s] Level 1:colcon.colcon_core.package_identification:_identify(log) ignored
[1.588s] Level 1:colcon.colcon_core.package_identification:_identify(msgs_clase) by extensions ['ignore', 'ignore_ament_install']
[1.588s] Level 1:colcon.colcon_core.package_identification:_identify(msgs_clase) by extension 'ignore'
[1.588s] Level 1:colcon.colcon_core.package_identification:_identify(msgs_clase) by extension 'ignore_ament_install'
[1.588s] Level 1:colcon.colcon_core.package_identification:_identify(msgs_clase) by extensions ['colcon_pkg']
[1.588s] Level 1:colcon.colcon_core.package_identification:_identify(msgs_clase) by extension 'colcon_pkg'
[1.588s] Level 1:colcon.colcon_core.package_identification:_identify(msgs_clase) by extensions ['colcon_meta']
[1.588s] Level 1:colcon.colcon_core.package_identification:_identify(msgs_clase) by extension 'colcon_meta'
[1.588s] Level 1:colcon.colcon_core.package_identification:_identify(msgs_clase) by extensions ['ros']
[1.588s] Level 1:colcon.colcon_core.package_identification:_identify(msgs_clase) by extension 'ros'
[1.589s] DEBUG:colcon.colcon_core.package_identification:Package 'msgs_clase' with type 'ros.ament_cmake' and name 'msgs_clase'
[1.590s] Level 1:colcon.colcon_core.package_identification:_identify(signal_decomposition) by extensions ['ignore', 'ignore_ament_install']
[1.590s] Level 1:colcon.colcon_core.package_identification:_identify(signal_decomposition) by extension 'ignore'
[1.590s] Level 1:colcon.colcon_core.package_identification:_identify(signal_decomposition) by extension 'ignore_ament_install'
[1.590s] Level 1:colcon.colcon_core.package_identification:_identify(signal_decomposition) by extensions ['colcon_pkg']
[1.590s] Level 1:colcon.colcon_core.package_identification:_identify(signal_decomposition) by extension 'colcon_pkg'
[1.590s] Level 1:colcon.colcon_core.package_identification:_identify(signal_decomposition) by extensions ['colcon_meta']
[1.590s] Level 1:colcon.colcon_core.package_identification:_identify(signal_decomposition) by extension 'colcon_meta'
[1.590s] Level 1:colcon.colcon_core.package_identification:_identify(signal_decomposition) by extensions ['ros']
[1.590s] Level 1:colcon.colcon_core.package_identification:_identify(signal_decomposition) by extension 'ros'
[1.591s] DEBUG:colcon.colcon_core.package_identification:Package 'signal_decomposition' with type 'ros.ament_python' and name 'signal_decomposition'
[1.591s] Level 1:colcon.colcon_core.package_identification:_identify(signal_msg) by extensions ['ignore', 'ignore_ament_install']
[1.591s] Level 1:colcon.colcon_core.package_identification:_identify(signal_msg) by extension 'ignore'
[1.591s] Level 1:colcon.colcon_core.package_identification:_identify(signal_msg) by extension 'ignore_ament_install'
[1.592s] Level 1:colcon.colcon_core.package_identification:_identify(signal_msg) by extensions ['colcon_pkg']
[1.592s] Level 1:colcon.colcon_core.package_identification:_identify(signal_msg) by extension 'colcon_pkg'
[1.592s] Level 1:colcon.colcon_core.package_identification:_identify(signal_msg) by extensions ['colcon_meta']
[1.592s] Level 1:colcon.colcon_core.package_identification:_identify(signal_msg) by extension 'colcon_meta'
[1.592s] Level 1:colcon.colcon_core.package_identification:_identify(signal_msg) by extensions ['ros']
[1.592s] Level 1:colcon.colcon_core.package_identification:_identify(signal_msg) by extension 'ros'
[1.592s] DEBUG:colcon.colcon_core.package_identification:Package 'signal_msg' with type 'ros.ament_cmake' and name 'signal_msg'
[1.593s] Level 1:colcon.colcon_core.package_identification:_identify(sphere_msgs) by extensions ['ignore', 'ignore_ament_install']
[1.593s] Level 1:colcon.colcon_core.package_identification:_identify(sphere_msgs) by extension 'ignore'
[1.593s] Level 1:colcon.colcon_core.package_identification:_identify(sphere_msgs) by extension 'ignore_ament_install'
[1.593s] Level 1:colcon.colcon_core.package_identification:_identify(sphere_msgs) by extensions ['colcon_pkg']
[1.593s] Level 1:colcon.colcon_core.package_identification:_identify(sphere_msgs) by extension 'colcon_pkg'
[1.593s] Level 1:colcon.colcon_core.package_identification:_identify(sphere_msgs) by extensions ['colcon_meta']
[1.593s] Level 1:colcon.colcon_core.package_identification:_identify(sphere_msgs) by extension 'colcon_meta'
[1.593s] Level 1:colcon.colcon_core.package_identification:_identify(sphere_msgs) by extensions ['ros']
[1.593s] Level 1:colcon.colcon_core.package_identification:_identify(sphere_msgs) by extension 'ros'
[1.594s] DEBUG:colcon.colcon_core.package_identification:Package 'sphere_msgs' with type 'ros.ament_python' and name 'sphere_msgs'
[1.594s] Level 1:colcon.colcon_core.package_discovery:discover_packages(recursive) using defaults
[1.594s] Level 1:colcon.colcon_core.package_discovery:discover_packages(ignore) discover
[1.594s] Level 1:colcon.colcon_core.package_discovery:discover_packages(ignore) using defaults
[1.594s] Level 1:colcon.colcon_core.package_discovery:discover_packages(path) discover
[1.594s] Level 1:colcon.colcon_core.package_discovery:discover_packages(path) using defaults
[1.723s] Level 1:colcon.colcon_core.package_discovery:discover_packages(prefix_path) check parameters
[1.723s] Level 1:colcon.colcon_core.package_discovery:discover_packages(prefix_path) discover
[1.763s] DEBUG:colcon.colcon_installed_package_information.package_discovery:Found 18 installed packages in /home/mcr2/ros2_utilities_ws/install
[1.782s] DEBUG:colcon.colcon_installed_package_information.package_discovery:Found 360 installed packages in /opt/ros/humble
[1.794s] Level 1:colcon.colcon_core.package_discovery:discover_packages(prefix_path) using defaults
[1.909s] Level 5:colcon.colcon_core.verb:set package 'basic_comms' build argument 'cmake_args' from command line to 'None'
[1.910s] Level 5:colcon.colcon_core.verb:set package 'basic_comms' build argument 'cmake_target' from command line to 'None'
[1.910s] Level 5:colcon.colcon_core.verb:set package 'basic_comms' build argument 'cmake_target_skip_unavailable' from command line to 'False'
[1.910s] Level 5:colcon.colcon_core.verb:set package 'basic_comms' build argument 'cmake_clean_cache' from command line to 'False'
[1.910s] Level 5:colcon.colcon_core.verb:set package 'basic_comms' build argument 'cmake_clean_first' from command line to 'False'
[1.910s] Level 5:colcon.colcon_core.verb:set package 'basic_comms' build argument 'cmake_force_configure' from command line to 'False'
[1.910s] Level 5:colcon.colcon_core.verb:set package 'basic_comms' build argument 'ament_cmake_args' from command line to 'None'
[1.910s] Level 5:colcon.colcon_core.verb:set package 'basic_comms' build argument 'catkin_cmake_args' from command line to 'None'
[1.910s] Level 5:colcon.colcon_core.verb:set package 'basic_comms' build argument 'catkin_skip_building_tests' from command line to 'False'
[1.910s] DEBUG:colcon.colcon_core.verb:Building package 'basic_comms' with the following arguments: {'ament_cmake_args': None, 'build_base': '/home/mcr2/ros2_ws/src/build/basic_comms', 'catkin_cmake_args': None, 'catkin_skip_building_tests': False, 'cmake_args': None, 'cmake_clean_cache': False, 'cmake_clean_first': False, 'cmake_force_configure': False, 'cmake_target': None, 'cmake_target_skip_unavailable': False, 'install_base': '/home/mcr2/ros2_ws/src/install/basic_comms', 'merge_install': False, 'path': '/home/mcr2/ros2_ws/src/basic_comms', 'symlink_install': False, 'test_result_base': None}
[1.927s] Level 5:colcon.colcon_core.verb:set package 'courseworks' build argument 'cmake_args' from command line to 'None'
[1.927s] Level 5:colcon.colcon_core.verb:set package 'courseworks' build argument 'cmake_target' from command line to 'None'
[1.927s] Level 5:colcon.colcon_core.verb:set package 'courseworks' build argument 'cmake_target_skip_unavailable' from command line to 'False'
[1.927s] Level 5:colcon.colcon_core.verb:set package 'courseworks' build argument 'cmake_clean_cache' from command line to 'False'
[1.927s] Level 5:colcon.colcon_core.verb:set package 'courseworks' build argument 'cmake_clean_first' from command line to 'False'
[1.927s] Level 5:colcon.colcon_core.verb:set package 'courseworks' build argument 'cmake_force_configure' from command line to 'False'
[1.927s] Level 5:colcon.colcon_core.verb:set package 'courseworks' build argument 'ament_cmake_args' from command line to 'None'
[1.927s] Level 5:colcon.colcon_core.verb:set package 'courseworks' build argument 'catkin_cmake_args' from command line to 'None'
[1.927s] Level 5:colcon.colcon_core.verb:set package 'courseworks' build argument 'catkin_skip_building_tests' from command line to 'False'
[1.927s] DEBUG:colcon.colcon_core.verb:Building package 'courseworks' with the following arguments: {'ament_cmake_args': None, 'build_base': '/home/mcr2/ros2_ws/src/build/courseworks', 'catkin_cmake_args': None, 'catkin_skip_building_tests': False, 'cmake_args': None, 'cmake_clean_cache': False, 'cmake_clean_first': False, 'cmake_force_configure': False, 'cmake_target': None, 'cmake_target_skip_unavailable': False, 'install_base': '/home/mcr2/ros2_ws/src/install/courseworks', 'merge_install': False, 'path': '/home/mcr2/ros2_ws/src/courseworks', 'symlink_install': False, 'test_result_base': None}
[1.944s] Level 5:colcon.colcon_core.verb:set package 'courseworks_params' build argument 'cmake_args' from command line to 'None'
[1.944s] Level 5:colcon.colcon_core.verb:set package 'courseworks_params' build argument 'cmake_target' from command line to 'None'
[1.944s] Level 5:colcon.colcon_core.verb:set package 'courseworks_params' build argument 'cmake_target_skip_unavailable' from command line to 'False'
[1.944s] Level 5:colcon.colcon_core.verb:set package 'courseworks_params' build argument 'cmake_clean_cache' from command line to 'False'
[1.944s] Level 5:colcon.colcon_core.verb:set package 'courseworks_params' build argument 'cmake_clean_first' from command line to 'False'
[1.944s] Level 5:colcon.colcon_core.verb:set package 'courseworks_params' build argument 'cmake_force_configure' from command line to 'False'
[1.945s] Level 5:colcon.colcon_core.verb:set package 'courseworks_params' build argument 'ament_cmake_args' from command line to 'None'
[1.945s] Level 5:colcon.colcon_core.verb:set package 'courseworks_params' build argument 'catkin_cmake_args' from command line to 'None'
[1.945s] Level 5:colcon.colcon_core.verb:set package 'courseworks_params' build argument 'catkin_skip_building_tests' from command line to 'False'
[1.945s] DEBUG:colcon.colcon_core.verb:Building package 'courseworks_params' with the following arguments: {'ament_cmake_args': None, 'build_base': '/home/mcr2/ros2_ws/src/build/courseworks_params', 'catkin_cmake_args': None, 'catkin_skip_building_tests': False, 'cmake_args': None, 'cmake_clean_cache': False, 'cmake_clean_first': False, 'cmake_force_configure': False, 'cmake_target': None, 'cmake_target_skip_unavailable': False, 'install_base': '/home/mcr2/ros2_ws/src/install/courseworks_params', 'merge_install': False, 'path': '/home/mcr2/ros2_ws/src/courseworks_params', 'symlink_install': False, 'test_result_base': None}
[1.962s] Level 5:colcon.colcon_core.verb:set package 'final_challenge' build argument 'cmake_args' from command line to 'None'
[1.962s] Level 5:colcon.colcon_core.verb:set package 'final_challenge' build argument 'cmake_target' from command line to 'None'
[1.962s] Level 5:colcon.colcon_core.verb:set package 'final_challenge' build argument 'cmake_target_skip_unavailable' from command line to 'False'
[1.963s] Level 5:colcon.colcon_core.verb:set package 'final_challenge' build argument 'cmake_clean_cache' from command line to 'False'
[1.963s] Level 5:colcon.colcon_core.verb:set package 'final_challenge' build argument 'cmake_clean_first' from command line to 'False'
[1.963s] Level 5:colcon.colcon_core.verb:set package 'final_challenge' build argument 'cmake_force_configure' from command line to 'False'
[1.963s] Level 5:colcon.colcon_core.verb:set package 'final_challenge' build argument 'ament_cmake_args' from command line to 'None'
[1.963s] Level 5:colcon.colcon_core.verb:set package 'final_challenge' build argument 'catkin_cmake_args' from command line to 'None'
[1.963s] Level 5:colcon.colcon_core.verb:set package 'final_challenge' build argument 'catkin_skip_building_tests' from command line to 'False'
[1.963s] DEBUG:colcon.colcon_core.verb:Building package 'final_challenge' with the following arguments: {'ament_cmake_args': None, 'build_base': '/home/mcr2/ros2_ws/src/build/final_challenge', 'catkin_cmake_args': None, 'catkin_skip_building_tests': False, 'cmake_args': None, 'cmake_clean_cache': False, 'cmake_clean_first': False, 'cmake_force_configure': False, 'cmake_target': None, 'cmake_target_skip_unavailable': False, 'install_base': '/home/mcr2/ros2_ws/src/install/final_challenge', 'merge_install': False, 'path': '/home/mcr2/ros2_ws/src/final_challenge', 'symlink_install': False, 'test_result_base': None}
[1.980s] Level 5:colcon.colcon_core.verb:set package 'msgs_clase' build argument 'cmake_args' from command line to 'None'
[1.980s] Level 5:colcon.colcon_core.verb:set package 'msgs_clase' build argument 'cmake_target' from command line to 'None'
[1.980s] Level 5:colcon.colcon_core.verb:set package 'msgs_clase' build argument 'cmake_target_skip_unavailable' from command line to 'False'
[1.980s] Level 5:colcon.colcon_core.verb:set package 'msgs_clase' build argument 'cmake_clean_cache' from command line to 'False'
[1.980s] Level 5:colcon.colcon_core.verb:set package 'msgs_clase' build argument 'cmake_clean_first' from command line to 'False'
[1.980s] Level 5:colcon.colcon_core.verb:set package 'msgs_clase' build argument 'cmake_force_configure' from command line to 'False'
[1.980s] Level 5:colcon.colcon_core.verb:set package 'msgs_clase' build argument 'ament_cmake_args' from command line to 'None'
[1.980s] Level 5:colcon.colcon_core.verb:set package 'msgs_clase' build argument 'catkin_cmake_args' from command line to 'None'
[1.980s] Level 5:colcon.colcon_core.verb:set package 'msgs_clase' build argument 'catkin_skip_building_tests' from command line to 'False'
[1.980s] DEBUG:colcon.colcon_core.verb:Building package 'msgs_clase' with the following arguments: {'ament_cmake_args': None, 'build_base': '/home/mcr2/ros2_ws/src/build/msgs_clase', 'catkin_cmake_args': None, 'catkin_skip_building_tests': False, 'cmake_args': None, 'cmake_clean_cache': False, 'cmake_clean_first': False, 'cmake_force_configure': False, 'cmake_target': None, 'cmake_target_skip_unavailable': False, 'install_base': '/home/mcr2/ros2_ws/src/install/msgs_clase', 'merge_install': False, 'path': '/home/mcr2/ros2_ws/src/msgs_clase', 'symlink_install': False, 'test_result_base': None}
[1.998s] Level 5:colcon.colcon_core.verb:set package 'signal_msg' build argument 'cmake_args' from command line to 'None'
[1.998s] Level 5:colcon.colcon_core.verb:set package 'signal_msg' build argument 'cmake_target' from command line to 'None'
[1.998s] Level 5:colcon.colcon_core.verb:set package 'signal_msg' build argument 'cmake_target_skip_unavailable' from command line to 'False'
[1.998s] Level 5:colcon.colcon_core.verb:set package 'signal_msg' build argument 'cmake_clean_cache' from command line to 'False'
[1.998s] Level 5:colcon.colcon_core.verb:set package 'signal_msg' build argument 'cmake_clean_first' from command line to 'False'
[1.998s] Level 5:colcon.colcon_core.verb:set package 'signal_msg' build argument 'cmake_force_configure' from command line to 'False'
[1.998s] Level 5:colcon.colcon_core.verb:set package 'signal_msg' build argument 'ament_cmake_args' from command line to 'None'
[1.998s] Level 5:colcon.colcon_core.verb:set package 'signal_msg' build argument 'catkin_cmake_args' from command line to 'None'
[1.998s] Level 5:colcon.colcon_core.verb:set package 'signal_msg' build argument 'catkin_skip_building_tests' from command line to 'False'
[1.998s] DEBUG:colcon.colcon_core.verb:Building package 'signal_msg' with the following arguments: {'ament_cmake_args': None, 'build_base': '/home/mcr2/ros2_ws/src/build/signal_msg', 'catkin_cmake_args': None, 'catkin_skip_building_tests': False, 'cmake_args': None, 'cmake_clean_cache': False, 'cmake_clean_first': False, 'cmake_force_configure': False, 'cmake_target': None, 'cmake_target_skip_unavailable': False, 'install_base': '/home/mcr2/ros2_ws/src/install/signal_msg', 'merge_install': False, 'path': '/home/mcr2/ros2_ws/src/signal_msg', 'symlink_install': False, 'test_result_base': None}
[2.016s] Level 5:colcon.colcon_core.verb:set package 'signal_decomposition' build argument 'cmake_args' from command line to 'None'
[2.016s] Level 5:colcon.colcon_core.verb:set package 'signal_decomposition' build argument 'cmake_target' from command line to 'None'
[2.016s] Level 5:colcon.colcon_core.verb:set package 'signal_decomposition' build argument 'cmake_target_skip_unavailable' from command line to 'False'
[2.016s] Level 5:colcon.colcon_core.verb:set package 'signal_decomposition' build argument 'cmake_clean_cache' from command line to 'False'
[2.016s] Level 5:colcon.colcon_core.verb:set package 'signal_decomposition' build argument 'cmake_clean_first' from command line to 'False'
[2.016s] Level 5:colcon.colcon_core.verb:set package 'signal_decomposition' build argument 'cmake_force_configure' from command line to 'False'
[2.016s] Level 5:colcon.colcon_core.verb:set package 'signal_decomposition' build argument 'ament_cmake_args' from command line to 'None'
[2.016s] Level 5:colcon.colcon_core.verb:set package 'signal_decomposition' build argument 'catkin_cmake_args' from command line to 'None'
[2.016s] Level 5:colcon.colcon_core.verb:set package 'signal_decomposition' build argument 'catkin_skip_building_tests' from command line to 'False'
[2.016s] DEBUG:colcon.colcon_core.verb:Building package 'signal_decomposition' with the following arguments: {'ament_cmake_args': None, 'build_base': '/home/mcr2/ros2_ws/src/build/signal_decomposition', 'catkin_cmake_args': None, 'catkin_skip_building_tests': False, 'cmake_args': None, 'cmake_clean_cache': False, 'cmake_clean_first': False, 'cmake_force_configure': False, 'cmake_target': None, 'cmake_target_skip_unavailable': False, 'install_base': '/home/mcr2/ros2_ws/src/install/signal_decomposition', 'merge_install': False, 'path': '/home/mcr2/ros2_ws/src/signal_decomposition', 'symlink_install': False, 'test_result_base': None}
[2.033s] Level 5:colcon.colcon_core.verb:set package 'sphere_msgs' build argument 'cmake_args' from command line to 'None'
[2.033s] Level 5:colcon.colcon_core.verb:set package 'sphere_msgs' build argument 'cmake_target' from command line to 'None'
[2.033s] Level 5:colcon.colcon_core.verb:set package 'sphere_msgs' build argument 'cmake_target_skip_unavailable' from command line to 'False'
[2.033s] Level 5:colcon.colcon_core.verb:set package 'sphere_msgs' build argument 'cmake_clean_cache' from command line to 'False'
[2.033s] Level 5:colcon.colcon_core.verb:set package 'sphere_msgs' build argument 'cmake_clean_first' from command line to 'False'
[2.033s] Level 5:colcon.colcon_core.verb:set package 'sphere_msgs' build argument 'cmake_force_configure' from command line to 'False'
[2.033s] Level 5:colcon.colcon_core.verb:set package 'sphere_msgs' build argument 'ament_cmake_args' from command line to 'None'
[2.033s] Level 5:colcon.colcon_core.verb:set package 'sphere_msgs' build argument 'catkin_cmake_args' from command line to 'None'
[2.033s] Level 5:colcon.colcon_core.verb:set package 'sphere_msgs' build argument 'catkin_skip_building_tests' from command line to 'False'
[2.033s] DEBUG:colcon.colcon_core.verb:Building package 'sphere_msgs' with the following arguments: {'ament_cmake_args': None, 'build_base': '/home/mcr2/ros2_ws/src/build/sphere_msgs', 'catkin_cmake_args': None, 'catkin_skip_building_tests': False, 'cmake_args': None, 'cmake_clean_cache': False, 'cmake_clean_first': False, 'cmake_force_configure': False, 'cmake_target': None, 'cmake_target_skip_unavailable': False, 'install_base': '/home/mcr2/ros2_ws/src/install/sphere_msgs', 'merge_install': False, 'path': '/home/mcr2/ros2_ws/src/sphere_msgs', 'symlink_install': False, 'test_result_base': None}
[2.050s] INFO:colcon.colcon_core.executor:Executing jobs using 'parallel' executor
[2.068s] DEBUG:colcon.colcon_parallel_executor.executor.parallel:run_until_complete
[2.068s] INFO:colcon.colcon_ros.task.ament_cmake.build:Building ROS package in '/home/mcr2/ros2_ws/src/msgs_clase' with build type 'ament_cmake'
[2.068s] INFO:colcon.colcon_cmake.task.cmake.build:Building CMake package in '/home/mcr2/ros2_ws/src/msgs_clase'
[2.096s] INFO:colcon.colcon_core.plugin_system:Skipping extension 'colcon_core.shell.bat': Not used on non-Windows systems
[2.097s] INFO:colcon.colcon_core.shell:Skip shell extension 'powershell' for command environment: Not usable outside of PowerShell
[2.097s] DEBUG:colcon.colcon_core.shell:Skip shell extension 'dsv' for command environment
[2.150s] INFO:colcon.colcon_ros.task.ament_cmake.build:Building ROS package in '/home/mcr2/ros2_ws/src/signal_msg' with build type 'ament_cmake'
[2.150s] INFO:colcon.colcon_cmake.task.cmake.build:Building CMake package in '/home/mcr2/ros2_ws/src/signal_msg'
[2.168s] INFO:colcon.colcon_core.shell:Skip shell extension 'powershell' for command environment: Not usable outside of PowerShell
[2.168s] DEBUG:colcon.colcon_core.shell:Skip shell extension 'dsv' for command environment
[2.225s] INFO:colcon.colcon_ros.task.ament_python.build:Building ROS package in '/home/mcr2/ros2_ws/src/basic_comms' with build type 'ament_python'
[2.225s] Level 1:colcon.colcon_core.shell:create_environment_hook('basic_comms', 'ament_prefix_path')
[2.243s] INFO:colcon.colcon_core.shell:Creating environment hook '/home/mcr2/ros2_ws/src/install/basic_comms/share/basic_comms/hook/ament_prefix_path.ps1'
[2.246s] INFO:colcon.colcon_core.shell:Creating environment descriptor '/home/mcr2/ros2_ws/src/install/basic_comms/share/basic_comms/hook/ament_prefix_path.dsv'
[2.247s] INFO:colcon.colcon_core.shell:Creating environment hook '/home/mcr2/ros2_ws/src/install/basic_comms/share/basic_comms/hook/ament_prefix_path.sh'
[2.265s] INFO:colcon.colcon_core.shell:Skip shell extension 'powershell' for command environment: Not usable outside of PowerShell
[2.266s] DEBUG:colcon.colcon_core.shell:Skip shell extension 'dsv' for command environment
[2.321s] INFO:colcon.colcon_ros.task.ament_python.build:Building ROS package in '/home/mcr2/ros2_ws/src/courseworks' with build type 'ament_python'
[2.321s] Level 1:colcon.colcon_core.shell:create_environment_hook('courseworks', 'ament_prefix_path')
[2.339s] INFO:colcon.colcon_core.shell:Creating environment hook '/home/mcr2/ros2_ws/src/install/courseworks/share/courseworks/hook/ament_prefix_path.ps1'
[2.341s] INFO:colcon.colcon_core.shell:Creating environment descriptor '/home/mcr2/ros2_ws/src/install/courseworks/share/courseworks/hook/ament_prefix_path.dsv'
[2.341s] INFO:colcon.colcon_core.shell:Creating environment hook '/home/mcr2/ros2_ws/src/install/courseworks/share/courseworks/hook/ament_prefix_path.sh'
[2.359s] INFO:colcon.colcon_core.shell:Skip shell extension 'powershell' for command environment: Not usable outside of PowerShell
[2.359s] DEBUG:colcon.colcon_core.shell:Skip shell extension 'dsv' for command environment
[2.416s] INFO:colcon.colcon_ros.task.ament_python.build:Building ROS package in '/home/mcr2/ros2_ws/src/courseworks_params' with build type 'ament_python'
[2.416s] Level 1:colcon.colcon_core.shell:create_environment_hook('courseworks_params', 'ament_prefix_path')
[2.433s] INFO:colcon.colcon_core.shell:Creating environment hook '/home/mcr2/ros2_ws/src/install/courseworks_params/share/courseworks_params/hook/ament_prefix_path.ps1'
[2.436s] INFO:colcon.colcon_core.shell:Creating environment descriptor '/home/mcr2/ros2_ws/src/install/courseworks_params/share/courseworks_params/hook/ament_prefix_path.dsv'
[2.436s] INFO:colcon.colcon_core.shell:Creating environment hook '/home/mcr2/ros2_ws/src/install/courseworks_params/share/courseworks_params/hook/ament_prefix_path.sh'
[2.454s] INFO:colcon.colcon_core.shell:Skip shell extension 'powershell' for command environment: Not usable outside of PowerShell
[2.454s] DEBUG:colcon.colcon_core.shell:Skip shell extension 'dsv' for command environment
[2.503s] INFO:colcon.colcon_ros.task.ament_python.build:Building ROS package in '/home/mcr2/ros2_ws/src/final_challenge' with build type 'ament_python'
[2.503s] Level 1:colcon.colcon_core.shell:create_environment_hook('final_challenge', 'ament_prefix_path')
[2.521s] INFO:colcon.colcon_core.shell:Creating environment hook '/home/mcr2/ros2_ws/src/install/final_challenge/share/final_challenge/hook/ament_prefix_path.ps1'
[2.523s] INFO:colcon.colcon_core.shell:Creating environment descriptor '/home/mcr2/ros2_ws/src/install/final_challenge/share/final_challenge/hook/ament_prefix_path.dsv'
[2.524s] INFO:colcon.colcon_core.shell:Creating environment hook '/home/mcr2/ros2_ws/src/install/final_challenge/share/final_challenge/hook/ament_prefix_path.sh'
[2.541s] INFO:colcon.colcon_core.shell:Skip shell extension 'powershell' for command environment: Not usable outside of PowerShell
[2.541s] DEBUG:colcon.colcon_core.shell:Skip shell extension 'dsv' for command environment
[2.604s] DEBUG:colcon.colcon_core.event_handler.log_command:Invoking command in '/home/mcr2/ros2_ws/src/build/msgs_clase': CMAKE_PREFIX_PATH=${CMAKE_PREFIX_PATH}:/opt/ros/humble /usr/bin/cmake --build /home/mcr2/ros2_ws/src/build/msgs_clase -- -j6 -l6
[2.613s] DEBUG:colcon.colcon_core.event_handler.log_command:Invoking command in '/home/mcr2/ros2_ws/src/build/signal_msg': CMAKE_PREFIX_PATH=${CMAKE_PREFIX_PATH}:/opt/ros/humble /usr/bin/cmake --build /home/mcr2/ros2_ws/src/build/signal_msg -- -j6 -l6
[2.920s] INFO:colcon.colcon_core.task.python.build:Building Python package in '/home/mcr2/ros2_ws/src/basic_comms'
[2.936s] INFO:colcon.colcon_core.shell:Skip shell extension 'powershell' for command environment: Not usable outside of PowerShell
[2.936s] DEBUG:colcon.colcon_core.shell:Skip shell extension 'dsv' for command environment
[3.302s] INFO:colcon.colcon_core.task.python.build:Building Python package in '/home/mcr2/ros2_ws/src/courseworks'
[3.316s] INFO:colcon.colcon_core.shell:Skip shell extension 'powershell' for command environment: Not usable outside of PowerShell
[3.316s] DEBUG:colcon.colcon_core.shell:Skip shell extension 'dsv' for command environment
[3.628s] INFO:colcon.colcon_core.task.python.build:Building Python package in '/home/mcr2/ros2_ws/src/courseworks_params'
[3.642s] INFO:colcon.colcon_core.shell:Skip shell extension 'powershell' for command environment: Not usable outside of PowerShell
[3.642s] DEBUG:colcon.colcon_core.shell:Skip shell extension 'dsv' for command environment
[3.708s] DEBUG:colcon.colcon_core.event_handler.log_command:Invoked command in '/home/mcr2/ros2_ws/src/build/msgs_clase' returned '0': CMAKE_PREFIX_PATH=${CMAKE_PREFIX_PATH}:/opt/ros/humble /usr/bin/cmake --build /home/mcr2/ros2_ws/src/build/msgs_clase -- -j6 -l6
[3.994s] INFO:colcon.colcon_core.task.python.build:Building Python package in '/home/mcr2/ros2_ws/src/final_challenge'
[4.008s] INFO:colcon.colcon_core.shell:Skip shell extension 'powershell' for command environment: Not usable outside of PowerShell
[4.009s] DEBUG:colcon.colcon_core.shell:Skip shell extension 'dsv' for command environment
[4.064s] DEBUG:colcon.colcon_core.event_handler.log_command:Invoked command in '/home/mcr2/ros2_ws/src/build/signal_msg' returned '0': CMAKE_PREFIX_PATH=${CMAKE_PREFIX_PATH}:/opt/ros/humble /usr/bin/cmake --build /home/mcr2/ros2_ws/src/build/signal_msg -- -j6 -l6
[4.091s] DEBUG:colcon.colcon_core.event_handler.log_command:Invoking command in '/home/mcr2/ros2_ws/src/build/msgs_clase': CMAKE_PREFIX_PATH=${CMAKE_PREFIX_PATH}:/opt/ros/humble /usr/bin/cmake --install /home/mcr2/ros2_ws/src/build/msgs_clase
[4.199s] Level 1:colcon.colcon_core.environment:create_environment_scripts_only(msgs_clase)
[4.205s] DEBUG:colcon.colcon_core.event_handler.log_command:Invoked command in '/home/mcr2/ros2_ws/src/build/msgs_clase' returned '0': CMAKE_PREFIX_PATH=${CMAKE_PREFIX_PATH}:/opt/ros/humble /usr/bin/cmake --install /home/mcr2/ros2_ws/src/build/msgs_clase
[4.231s] Level 1:colcon.colcon_core.environment:checking '/home/mcr2/ros2_ws/src/install/msgs_clase' for CMake module files
[4.232s] Level 1:colcon.colcon_core.environment:checking '/home/mcr2/ros2_ws/src/install/msgs_clase' for CMake config files
[4.234s] Level 1:colcon.colcon_core.shell:create_environment_hook('msgs_clase', 'cmake_prefix_path')
[4.260s] INFO:colcon.colcon_core.shell:Creating environment hook '/home/mcr2/ros2_ws/src/install/msgs_clase/share/msgs_clase/hook/cmake_prefix_path.ps1'
[4.261s] INFO:colcon.colcon_core.shell:Creating environment descriptor '/home/mcr2/ros2_ws/src/install/msgs_clase/share/msgs_clase/hook/cmake_prefix_path.dsv'
[4.262s] INFO:colcon.colcon_core.shell:Creating environment hook '/home/mcr2/ros2_ws/src/install/msgs_clase/share/msgs_clase/hook/cmake_prefix_path.sh'
[4.263s] Level 1:colcon.colcon_core.environment:checking '/home/mcr2/ros2_ws/src/install/msgs_clase/lib'
[4.263s] Level 1:colcon.colcon_core.shell:create_environment_hook('msgs_clase', 'ld_library_path_lib')
[4.289s] INFO:colcon.colcon_core.shell:Creating environment hook '/home/mcr2/ros2_ws/src/install/msgs_clase/share/msgs_clase/hook/ld_library_path_lib.ps1'
[4.290s] INFO:colcon.colcon_core.shell:Creating environment descriptor '/home/mcr2/ros2_ws/src/install/msgs_clase/share/msgs_clase/hook/ld_library_path_lib.dsv'
[4.290s] INFO:colcon.colcon_core.shell:Creating environment hook '/home/mcr2/ros2_ws/src/install/msgs_clase/share/msgs_clase/hook/ld_library_path_lib.sh'
[4.291s] Level 1:colcon.colcon_core.environment:checking '/home/mcr2/ros2_ws/src/install/msgs_clase/bin'
[4.291s] Level 1:colcon.colcon_core.environment:checking '/home/mcr2/ros2_ws/src/install/msgs_clase/lib/pkgconfig/msgs_clase.pc'
[4.291s] Level 1:colcon.colcon_core.environment:checking '/home/mcr2/ros2_ws/src/install/msgs_clase/lib/python3.10/site-packages'
[4.292s] Level 1:colcon.colcon_core.environment:checking '/home/mcr2/ros2_ws/src/install/msgs_clase/bin'
[4.313s] INFO:colcon.colcon_core.shell:Creating package script '/home/mcr2/ros2_ws/src/install/msgs_clase/share/msgs_clase/package.ps1'
[4.315s] INFO:colcon.colcon_core.shell:Creating package descriptor '/home/mcr2/ros2_ws/src/install/msgs_clase/share/msgs_clase/package.dsv'
[4.317s] INFO:colcon.colcon_core.shell:Creating package script '/home/mcr2/ros2_ws/src/install/msgs_clase/share/msgs_clase/package.sh'
[4.318s] INFO:colcon.colcon_core.shell:Creating package script '/home/mcr2/ros2_ws/src/install/msgs_clase/share/msgs_clase/package.bash'
[4.320s] INFO:colcon.colcon_core.shell:Creating package script '/home/mcr2/ros2_ws/src/install/msgs_clase/share/msgs_clase/package.zsh'
[4.321s] Level 1:colcon.colcon_core.environment:create_file_with_runtime_dependencies(/home/mcr2/ros2_ws/src/install/msgs_clase/share/colcon-core/packages/msgs_clase)
[4.324s] DEBUG:colcon.colcon_core.event_handler.log_command:Invoking command in '/home/mcr2/ros2_ws/src/build/signal_msg': CMAKE_PREFIX_PATH=${CMAKE_PREFIX_PATH}:/opt/ros/humble /usr/bin/cmake --install /home/mcr2/ros2_ws/src/build/signal_msg
[4.422s] Level 1:colcon.colcon_core.environment:create_environment_scripts_only(signal_msg)
[4.423s] DEBUG:colcon.colcon_core.event_handler.log_command:Invoked command in '/home/mcr2/ros2_ws/src/build/signal_msg' returned '0': CMAKE_PREFIX_PATH=${CMAKE_PREFIX_PATH}:/opt/ros/humble /usr/bin/cmake --install /home/mcr2/ros2_ws/src/build/signal_msg
[4.441s] Level 1:colcon.colcon_core.environment:checking '/home/mcr2/ros2_ws/src/install/signal_msg' for CMake module files
[4.441s] Level 1:colcon.colcon_core.environment:checking '/home/mcr2/ros2_ws/src/install/signal_msg' for CMake config files
[4.442s] Level 1:colcon.colcon_core.shell:create_environment_hook('signal_msg', 'cmake_prefix_path')
[4.461s] INFO:colcon.colcon_core.shell:Creating environment hook '/home/mcr2/ros2_ws/src/install/signal_msg/share/signal_msg/hook/cmake_prefix_path.ps1'
[4.462s] INFO:colcon.colcon_core.shell:Creating environment descriptor '/home/mcr2/ros2_ws/src/install/signal_msg/share/signal_msg/hook/cmake_prefix_path.dsv'
[4.462s] INFO:colcon.colcon_core.shell:Creating environment hook '/home/mcr2/ros2_ws/src/install/signal_msg/share/signal_msg/hook/cmake_prefix_path.sh'
[4.463s] Level 1:colcon.colcon_core.environment:checking '/home/mcr2/ros2_ws/src/install/signal_msg/lib'
[4.463s] Level 1:colcon.colcon_core.shell:create_environment_hook('signal_msg', 'ld_library_path_lib')
[4.485s] INFO:colcon.colcon_core.shell:Creating environment hook '/home/mcr2/ros2_ws/src/install/signal_msg/share/signal_msg/hook/ld_library_path_lib.ps1'
[4.486s] INFO:colcon.colcon_core.shell:Creating environment descriptor '/home/mcr2/ros2_ws/src/install/signal_msg/share/signal_msg/hook/ld_library_path_lib.dsv'
[4.486s] INFO:colcon.colcon_core.shell:Creating environment hook '/home/mcr2/ros2_ws/src/install/signal_msg/share/signal_msg/hook/ld_library_path_lib.sh'
[4.487s] Level 1:colcon.colcon_core.environment:checking '/home/mcr2/ros2_ws/src/install/signal_msg/bin'
[4.487s] Level 1:colcon.colcon_core.environment:checking '/home/mcr2/ros2_ws/src/install/signal_msg/lib/pkgconfig/signal_msg.pc'
[4.488s] Level 1:colcon.colcon_core.environment:checking '/home/mcr2/ros2_ws/src/install/signal_msg/lib/python3.10/site-packages'
[4.488s] Level 1:colcon.colcon_core.environment:checking '/home/mcr2/ros2_ws/src/install/signal_msg/bin'
[4.505s] INFO:colcon.colcon_core.shell:Creating package script '/home/mcr2/ros2_ws/src/install/signal_msg/share/signal_msg/package.ps1'
[4.506s] INFO:colcon.colcon_core.shell:Creating package descriptor '/home/mcr2/ros2_ws/src/install/signal_msg/share/signal_msg/package.dsv'
[4.507s] INFO:colcon.colcon_core.shell:Creating package script '/home/mcr2/ros2_ws/src/install/signal_msg/share/signal_msg/package.sh'
[4.507s] INFO:colcon.colcon_core.shell:Creating package script '/home/mcr2/ros2_ws/src/install/signal_msg/share/signal_msg/package.bash'
[4.508s] INFO:colcon.colcon_core.shell:Creating package script '/home/mcr2/ros2_ws/src/install/signal_msg/share/signal_msg/package.zsh'
[4.508s] Level 1:colcon.colcon_core.environment:create_file_with_runtime_dependencies(/home/mcr2/ros2_ws/src/install/signal_msg/share/colcon-core/packages/signal_msg)
[4.562s] Level 1:colcon.colcon_core.environment:create_environment_scripts_only(msgs_clase)
[4.582s] Level 1:colcon.colcon_core.environment:checking '/home/mcr2/ros2_ws/src/install/msgs_clase' for CMake module files
[4.583s] Level 1:colcon.colcon_core.environment:checking '/home/mcr2/ros2_ws/src/install/msgs_clase' for CMake config files
[4.583s] Level 1:colcon.colcon_core.shell:create_environment_hook('msgs_clase', 'cmake_prefix_path')
[4.601s] INFO:colcon.colcon_core.shell:Creating environment hook '/home/mcr2/ros2_ws/src/install/msgs_clase/share/msgs_clase/hook/cmake_prefix_path.ps1'
[4.601s] INFO:colcon.colcon_core.shell:Creating environment descriptor '/home/mcr2/ros2_ws/src/install/msgs_clase/share/msgs_clase/hook/cmake_prefix_path.dsv'
[4.602s] INFO:colcon.colcon_core.shell:Creating environment hook '/home/mcr2/ros2_ws/src/install/msgs_clase/share/msgs_clase/hook/cmake_prefix_path.sh'
[4.603s] Level 1:colcon.colcon_core.environment:checking '/home/mcr2/ros2_ws/src/install/msgs_clase/lib'
[4.603s] Level 1:colcon.colcon_core.shell:create_environment_hook('msgs_clase', 'ld_library_path_lib')
[4.620s] INFO:colcon.colcon_core.shell:Creating environment hook '/home/mcr2/ros2_ws/src/install/msgs_clase/share/msgs_clase/hook/ld_library_path_lib.ps1'
[4.621s] INFO:colcon.colcon_core.shell:Creating environment descriptor '/home/mcr2/ros2_ws/src/install/msgs_clase/share/msgs_clase/hook/ld_library_path_lib.dsv'
[4.621s] INFO:colcon.colcon_core.shell:Creating environment hook '/home/mcr2/ros2_ws/src/install/msgs_clase/share/msgs_clase/hook/ld_library_path_lib.sh'
[4.622s] Level 1:colcon.colcon_core.environment:checking '/home/mcr2/ros2_ws/src/install/msgs_clase/bin'
[4.622s] Level 1:colcon.colcon_core.environment:checking '/home/mcr2/ros2_ws/src/install/msgs_clase/lib/pkgconfig/msgs_clase.pc'
[4.622s] Level 1:colcon.colcon_core.environment:checking '/home/mcr2/ros2_ws/src/install/msgs_clase/lib/python3.10/site-packages'
[4.622s] Level 1:colcon.colcon_core.environment:checking '/home/mcr2/ros2_ws/src/install/msgs_clase/bin'
[4.639s] INFO:colcon.colcon_core.shell:Creating package script '/home/mcr2/ros2_ws/src/install/msgs_clase/share/msgs_clase/package.ps1'
[4.640s] INFO:colcon.colcon_core.shell:Creating package descriptor '/home/mcr2/ros2_ws/src/install/msgs_clase/share/msgs_clase/package.dsv'
[4.641s] INFO:colcon.colcon_core.shell:Creating package script '/home/mcr2/ros2_ws/src/install/msgs_clase/share/msgs_clase/package.sh'
[4.642s] INFO:colcon.colcon_core.shell:Creating package script '/home/mcr2/ros2_ws/src/install/msgs_clase/share/msgs_clase/package.bash'
[4.642s] INFO:colcon.colcon_core.shell:Creating package script '/home/mcr2/ros2_ws/src/install/msgs_clase/share/msgs_clase/package.zsh'
[4.643s] Level 1:colcon.colcon_core.environment:create_file_with_runtime_dependencies(/home/mcr2/ros2_ws/src/install/msgs_clase/share/colcon-core/packages/msgs_clase)
[4.644s] INFO:colcon.colcon_ros.task.ament_python.build:Building ROS package in '/home/mcr2/ros2_ws/src/sphere_msgs' with build type 'ament_python'
[4.645s] Level 1:colcon.colcon_core.shell:create_environment_hook('sphere_msgs', 'ament_prefix_path')
[4.659s] INFO:colcon.colcon_core.shell:Creating environment hook '/home/mcr2/ros2_ws/src/install/sphere_msgs/share/sphere_msgs/hook/ament_prefix_path.ps1'
[4.664s] INFO:colcon.colcon_core.shell:Creating environment descriptor '/home/mcr2/ros2_ws/src/install/sphere_msgs/share/sphere_msgs/hook/ament_prefix_path.dsv'
[4.665s] INFO:colcon.colcon_core.shell:Creating environment hook '/home/mcr2/ros2_ws/src/install/sphere_msgs/share/sphere_msgs/hook/ament_prefix_path.sh'
[4.680s] INFO:colcon.colcon_core.shell:Skip shell extension 'powershell' for command environment: Not usable outside of PowerShell
[4.680s] DEBUG:colcon.colcon_core.shell:Skip shell extension 'dsv' for command environment
[4.736s] DEBUG:colcon.colcon_core.event_handler.log_command:Invoking command in '/home/mcr2/ros2_ws/src/courseworks_params': PYTHONPATH=/home/mcr2/ros2_ws/src/build/courseworks_params/prefix_override:/home/mcr2/ros2_ws/src/install/courseworks_params/lib/python3.10/site-packages:${PYTHONPATH} /usr/bin/python3 setup.py egg_info --egg-base ../build/courseworks_params build --build-base /home/mcr2/ros2_ws/src/build/courseworks_params/build install --record /home/mcr2/ros2_ws/src/build/courseworks_params/install.log --single-version-externally-managed
[4.738s] DEBUG:colcon.colcon_core.event_handler.log_command:Invoking command in '/home/mcr2/ros2_ws/src/courseworks': PYTHONPATH=/home/mcr2/ros2_ws/src/build/courseworks/prefix_override:/home/mcr2/ros2_ws/src/install/courseworks/lib/python3.10/site-packages:${PYTHONPATH} /usr/bin/python3 setup.py egg_info --egg-base ../build/courseworks build --build-base /home/mcr2/ros2_ws/src/build/courseworks/build install --record /home/mcr2/ros2_ws/src/build/courseworks/install.log --single-version-externally-managed
[4.742s] DEBUG:colcon.colcon_core.event_handler.log_command:Invoking command in '/home/mcr2/ros2_ws/src/final_challenge': PYTHONPATH=/home/mcr2/ros2_ws/src/build/final_challenge/prefix_override:/home/mcr2/ros2_ws/src/install/final_challenge/lib/python3.10/site-packages:${PYTHONPATH} /usr/bin/python3 setup.py egg_info --egg-base ../build/final_challenge build --build-base /home/mcr2/ros2_ws/src/build/final_challenge/build install --record /home/mcr2/ros2_ws/src/build/final_challenge/install.log --single-version-externally-managed
[4.746s] DEBUG:colcon.colcon_core.event_handler.log_command:Invoking command in '/home/mcr2/ros2_ws/src/basic_comms': PYTHONPATH=/home/mcr2/ros2_ws/src/build/basic_comms/prefix_override:/home/mcr2/ros2_ws/src/install/basic_comms/lib/python3.10/site-packages:${PYTHONPATH} /usr/bin/python3 setup.py egg_info --egg-base ../build/basic_comms build --build-base /home/mcr2/ros2_ws/src/build/basic_comms/build install --record /home/mcr2/ros2_ws/src/build/basic_comms/install.log --single-version-externally-managed
[4.768s] Level 1:colcon.colcon_core.environment:create_environment_scripts_only(signal_msg)
[4.792s] Level 1:colcon.colcon_core.environment:checking '/home/mcr2/ros2_ws/src/install/signal_msg' for CMake module files
[4.793s] Level 1:colcon.colcon_core.environment:checking '/home/mcr2/ros2_ws/src/install/signal_msg' for CMake config files
[4.794s] Level 1:colcon.colcon_core.shell:create_environment_hook('signal_msg', 'cmake_prefix_path')
[4.814s] INFO:colcon.colcon_core.shell:Creating environment hook '/home/mcr2/ros2_ws/src/install/signal_msg/share/signal_msg/hook/cmake_prefix_path.ps1'
[4.814s] INFO:colcon.colcon_core.shell:Creating environment descriptor '/home/mcr2/ros2_ws/src/install/signal_msg/share/signal_msg/hook/cmake_prefix_path.dsv'
[4.815s] INFO:colcon.colcon_core.shell:Creating environment hook '/home/mcr2/ros2_ws/src/install/signal_msg/share/signal_msg/hook/cmake_prefix_path.sh'
[4.815s] Level 1:colcon.colcon_core.environment:checking '/home/mcr2/ros2_ws/src/install/signal_msg/lib'
[4.815s] Level 1:colcon.colcon_core.shell:create_environment_hook('signal_msg', 'ld_library_path_lib')
[4.829s] INFO:colcon.colcon_core.shell:Creating environment hook '/home/mcr2/ros2_ws/src/install/signal_msg/share/signal_msg/hook/ld_library_path_lib.ps1'
[4.829s] INFO:colcon.colcon_core.shell:Creating environment descriptor '/home/mcr2/ros2_ws/src/install/signal_msg/share/signal_msg/hook/ld_library_path_lib.dsv'
[4.830s] INFO:colcon.colcon_core.shell:Creating environment hook '/home/mcr2/ros2_ws/src/install/signal_msg/share/signal_msg/hook/ld_library_path_lib.sh'
[4.830s] Level 1:colcon.colcon_core.environment:checking '/home/mcr2/ros2_ws/src/install/signal_msg/bin'
[4.830s] Level 1:colcon.colcon_core.environment:checking '/home/mcr2/ros2_ws/src/install/signal_msg/lib/pkgconfig/signal_msg.pc'
[4.830s] Level 1:colcon.colcon_core.environment:checking '/home/mcr2/ros2_ws/src/install/signal_msg/lib/python3.10/site-packages'
[4.831s] Level 1:colcon.colcon_core.environment:checking '/home/mcr2/ros2_ws/src/install/signal_msg/bin'
[4.846s] INFO:colcon.colcon_core.shell:Creating package script '/home/mcr2/ros2_ws/src/install/signal_msg/share/signal_msg/package.ps1'
[4.847s] INFO:colcon.colcon_core.shell:Creating package descriptor '/home/mcr2/ros2_ws/src/install/signal_msg/share/signal_msg/package.dsv'
[4.848s] INFO:colcon.colcon_core.shell:Creating package script '/home/mcr2/ros2_ws/src/install/signal_msg/share/signal_msg/package.sh'
[4.849s] INFO:colcon.colcon_core.shell:Creating package script '/home/mcr2/ros2_ws/src/install/signal_msg/share/signal_msg/package.bash'
[4.850s] INFO:colcon.colcon_core.shell:Creating package script '/home/mcr2/ros2_ws/src/install/signal_msg/share/signal_msg/package.zsh'
[4.850s] Level 1:colcon.colcon_core.environment:create_file_with_runtime_dependencies(/home/mcr2/ros2_ws/src/install/signal_msg/share/colcon-core/packages/signal_msg)
[4.851s] INFO:colcon.colcon_ros.task.ament_python.build:Building ROS package in '/home/mcr2/ros2_ws/src/signal_decomposition' with build type 'ament_python'
[4.852s] Level 1:colcon.colcon_core.shell:create_environment_hook('signal_decomposition', 'ament_prefix_path')
[4.876s] INFO:colcon.colcon_core.shell:Creating environment hook '/home/mcr2/ros2_ws/src/install/signal_decomposition/share/signal_decomposition/hook/ament_prefix_path.ps1'
[4.878s] INFO:colcon.colcon_core.shell:Creating environment descriptor '/home/mcr2/ros2_ws/src/install/signal_decomposition/share/signal_decomposition/hook/ament_prefix_path.dsv'
[4.879s] INFO:colcon.colcon_core.shell:Creating environment hook '/home/mcr2/ros2_ws/src/install/signal_decomposition/share/signal_decomposition/hook/ament_prefix_path.sh'
[4.902s] INFO:colcon.colcon_core.shell:Skip shell extension 'powershell' for command environment: Not usable outside of PowerShell
[4.902s] DEBUG:colcon.colcon_core.shell:Skip shell extension 'dsv' for command environment
[5.281s] INFO:colcon.colcon_core.task.python.build:Building Python package in '/home/mcr2/ros2_ws/src/sphere_msgs'
[5.294s] INFO:colcon.colcon_core.shell:Skip shell extension 'powershell' for command environment: Not usable outside of PowerShell
[5.294s] DEBUG:colcon.colcon_core.shell:Skip shell extension 'dsv' for command environment
[5.356s] DEBUG:colcon.colcon_core.event_handler.log_command:Invoked command in '/home/mcr2/ros2_ws/src/courseworks_params' returned '0': PYTHONPATH=/home/mcr2/ros2_ws/src/build/courseworks_params/prefix_override:/home/mcr2/ros2_ws/src/install/courseworks_params/lib/python3.10/site-packages:${PYTHONPATH} /usr/bin/python3 setup.py egg_info --egg-base ../build/courseworks_params build --build-base /home/mcr2/ros2_ws/src/build/courseworks_params/build install --record /home/mcr2/ros2_ws/src/build/courseworks_params/install.log --single-version-externally-managed
[5.372s] Level 1:colcon.colcon_core.environment:checking '/home/mcr2/ros2_ws/src/install/courseworks_params' for CMake module files
[5.372s] Level 1:colcon.colcon_core.environment:checking '/home/mcr2/ros2_ws/src/install/courseworks_params' for CMake config files
[5.374s] Level 1:colcon.colcon_core.environment:checking '/home/mcr2/ros2_ws/src/install/courseworks_params/lib'
[5.374s] Level 1:colcon.colcon_core.environment:checking '/home/mcr2/ros2_ws/src/install/courseworks_params/bin'
[5.374s] Level 1:colcon.colcon_core.environment:checking '/home/mcr2/ros2_ws/src/install/courseworks_params/lib/pkgconfig/courseworks_params.pc'
[5.374s] Level 1:colcon.colcon_core.environment:checking '/home/mcr2/ros2_ws/src/install/courseworks_params/lib/python3.10/site-packages'
[5.374s] Level 1:colcon.colcon_core.shell:create_environment_hook('courseworks_params', 'pythonpath')
[5.388s] INFO:colcon.colcon_core.shell:Creating environment hook '/home/mcr2/ros2_ws/src/install/courseworks_params/share/courseworks_params/hook/pythonpath.ps1'
[5.388s] INFO:colcon.colcon_core.shell:Creating environment descriptor '/home/mcr2/ros2_ws/src/install/courseworks_params/share/courseworks_params/hook/pythonpath.dsv'
[5.389s] INFO:colcon.colcon_core.shell:Creating environment hook '/home/mcr2/ros2_ws/src/install/courseworks_params/share/courseworks_params/hook/pythonpath.sh'
[5.389s] Level 1:colcon.colcon_core.environment:checking '/home/mcr2/ros2_ws/src/install/courseworks_params/bin'
[5.389s] Level 1:colcon.colcon_core.environment:create_environment_scripts_only(courseworks_params)
[5.402s] INFO:colcon.colcon_core.shell:Creating package script '/home/mcr2/ros2_ws/src/install/courseworks_params/share/courseworks_params/package.ps1'
[5.403s] INFO:colcon.colcon_core.shell:Creating package descriptor '/home/mcr2/ros2_ws/src/install/courseworks_params/share/courseworks_params/package.dsv'
[5.403s] INFO:colcon.colcon_core.shell:Creating package script '/home/mcr2/ros2_ws/src/install/courseworks_params/share/courseworks_params/package.sh'
[5.404s] INFO:colcon.colcon_core.shell:Creating package script '/home/mcr2/ros2_ws/src/install/courseworks_params/share/courseworks_params/package.bash'
[5.404s] INFO:colcon.colcon_core.shell:Creating package script '/home/mcr2/ros2_ws/src/install/courseworks_params/share/courseworks_params/package.zsh'
[5.404s] Level 1:colcon.colcon_core.environment:create_file_with_runtime_dependencies(/home/mcr2/ros2_ws/src/install/courseworks_params/share/colcon-core/packages/courseworks_params)
[5.406s] DEBUG:colcon.colcon_core.event_handler.log_command:Invoked command in '/home/mcr2/ros2_ws/src/final_challenge' returned '0': PYTHONPATH=/home/mcr2/ros2_ws/src/build/final_challenge/prefix_override:/home/mcr2/ros2_ws/src/install/final_challenge/lib/python3.10/site-packages:${PYTHONPATH} /usr/bin/python3 setup.py egg_info --egg-base ../build/final_challenge build --build-base /home/mcr2/ros2_ws/src/build/final_challenge/build install --record /home/mcr2/ros2_ws/src/build/final_challenge/install.log --single-version-externally-managed
[5.424s] Level 1:colcon.colcon_core.environment:checking '/home/mcr2/ros2_ws/src/install/final_challenge' for CMake module files
[5.424s] Level 1:colcon.colcon_core.environment:checking '/home/mcr2/ros2_ws/src/install/final_challenge' for CMake config files
[5.426s] Level 1:colcon.colcon_core.environment:checking '/home/mcr2/ros2_ws/src/install/final_challenge/lib'
[5.426s] Level 1:colcon.colcon_core.environment:checking '/home/mcr2/ros2_ws/src/install/final_challenge/bin'
[5.426s] Level 1:colcon.colcon_core.environment:checking '/home/mcr2/ros2_ws/src/install/final_challenge/lib/pkgconfig/final_challenge.pc'
[5.426s] Level 1:colcon.colcon_core.environment:checking '/home/mcr2/ros2_ws/src/install/final_challenge/lib/python3.10/site-packages'
[5.426s] Level 1:colcon.colcon_core.shell:create_environment_hook('final_challenge', 'pythonpath')
[5.443s] INFO:colcon.colcon_core.shell:Creating environment hook '/home/mcr2/ros2_ws/src/install/final_challenge/share/final_challenge/hook/pythonpath.ps1'
[5.443s] INFO:colcon.colcon_core.shell:Creating environment descriptor '/home/mcr2/ros2_ws/src/install/final_challenge/share/final_challenge/hook/pythonpath.dsv'
[5.444s] INFO:colcon.colcon_core.shell:Creating environment hook '/home/mcr2/ros2_ws/src/install/final_challenge/share/final_challenge/hook/pythonpath.sh'
[5.445s] Level 1:colcon.colcon_core.environment:checking '/home/mcr2/ros2_ws/src/install/final_challenge/bin'
[5.445s] Level 1:colcon.colcon_core.environment:create_environment_scripts_only(final_challenge)
[5.462s] INFO:colcon.colcon_core.shell:Creating package script '/home/mcr2/ros2_ws/src/install/final_challenge/share/final_challenge/package.ps1'
[5.463s] INFO:colcon.colcon_core.shell:Creating package descriptor '/home/mcr2/ros2_ws/src/install/final_challenge/share/final_challenge/package.dsv'
[5.463s] INFO:colcon.colcon_core.shell:Creating package script '/home/mcr2/ros2_ws/src/install/final_challenge/share/final_challenge/package.sh'
[5.464s] INFO:colcon.colcon_core.shell:Creating package script '/home/mcr2/ros2_ws/src/install/final_challenge/share/final_challenge/package.bash'
[5.464s] INFO:colcon.colcon_core.shell:Creating package script '/home/mcr2/ros2_ws/src/install/final_challenge/share/final_challenge/package.zsh'
[5.465s] Level 1:colcon.colcon_core.environment:create_file_with_runtime_dependencies(/home/mcr2/ros2_ws/src/install/final_challenge/share/colcon-core/packages/final_challenge)
[5.467s] DEBUG:colcon.colcon_core.event_handler.log_command:Invoked command in '/home/mcr2/ros2_ws/src/courseworks' returned '0': PYTHONPATH=/home/mcr2/ros2_ws/src/build/courseworks/prefix_override:/home/mcr2/ros2_ws/src/install/courseworks/lib/python3.10/site-packages:${PYTHONPATH} /usr/bin/python3 setup.py egg_info --egg-base ../build/courseworks build --build-base /home/mcr2/ros2_ws/src/build/courseworks/build install --record /home/mcr2/ros2_ws/src/build/courseworks/install.log --single-version-externally-managed
[5.481s] Level 1:colcon.colcon_core.environment:checking '/home/mcr2/ros2_ws/src/install/courseworks' for CMake module files
[5.482s] Level 1:colcon.colcon_core.environment:checking '/home/mcr2/ros2_ws/src/install/courseworks' for CMake config files
[5.483s] Level 1:colcon.colcon_core.environment:checking '/home/mcr2/ros2_ws/src/install/courseworks/lib'
[5.483s] Level 1:colcon.colcon_core.environment:checking '/home/mcr2/ros2_ws/src/install/courseworks/bin'
[5.484s] Level 1:colcon.colcon_core.environment:checking '/home/mcr2/ros2_ws/src/install/courseworks/lib/pkgconfig/courseworks.pc'
[5.484s] Level 1:colcon.colcon_core.environment:checking '/home/mcr2/ros2_ws/src/install/courseworks/lib/python3.10/site-packages'
[5.484s] Level 1:colcon.colcon_core.shell:create_environment_hook('courseworks', 'pythonpath')
[5.501s] INFO:colcon.colcon_core.shell:Creating environment hook '/home/mcr2/ros2_ws/src/install/courseworks/share/courseworks/hook/pythonpath.ps1'
[5.502s] INFO:colcon.colcon_core.shell:Creating environment descriptor '/home/mcr2/ros2_ws/src/install/courseworks/share/courseworks/hook/pythonpath.dsv'
[5.503s] INFO:colcon.colcon_core.shell:Creating environment hook '/home/mcr2/ros2_ws/src/install/courseworks/share/courseworks/hook/pythonpath.sh'
[5.503s] Level 1:colcon.colcon_core.environment:checking '/home/mcr2/ros2_ws/src/install/courseworks/bin'
[5.503s] Level 1:colcon.colcon_core.environment:create_environment_scripts_only(courseworks)
[5.520s] INFO:colcon.colcon_core.shell:Creating package script '/home/mcr2/ros2_ws/src/install/courseworks/share/courseworks/package.ps1'
[5.521s] INFO:colcon.colcon_core.shell:Creating package descriptor '/home/mcr2/ros2_ws/src/install/courseworks/share/courseworks/package.dsv'
[5.522s] INFO:colcon.colcon_core.shell:Creating package script '/home/mcr2/ros2_ws/src/install/courseworks/share/courseworks/package.sh'
[5.522s] INFO:colcon.colcon_core.shell:Creating package script '/home/mcr2/ros2_ws/src/install/courseworks/share/courseworks/package.bash'
[5.523s] INFO:colcon.colcon_core.shell:Creating package script '/home/mcr2/ros2_ws/src/install/courseworks/share/courseworks/package.zsh'
[5.523s] Level 1:colcon.colcon_core.environment:create_file_with_runtime_dependencies(/home/mcr2/ros2_ws/src/install/courseworks/share/colcon-core/packages/courseworks)
[5.817s] INFO:colcon.colcon_core.task.python.build:Building Python package in '/home/mcr2/ros2_ws/src/signal_decomposition'
[5.829s] INFO:colcon.colcon_core.shell:Skip shell extension 'powershell' for command environment: Not usable outside of PowerShell
[5.829s] DEBUG:colcon.colcon_core.shell:Skip shell extension 'dsv' for command environment
[5.883s] DEBUG:colcon.colcon_core.event_handler.log_command:Invoked command in '/home/mcr2/ros2_ws/src/basic_comms' returned '0': PYTHONPATH=/home/mcr2/ros2_ws/src/build/basic_comms/prefix_override:/home/mcr2/ros2_ws/src/install/basic_comms/lib/python3.10/site-packages:${PYTHONPATH} /usr/bin/python3 setup.py egg_info --egg-base ../build/basic_comms build --build-base /home/mcr2/ros2_ws/src/build/basic_comms/build install --record /home/mcr2/ros2_ws/src/build/basic_comms/install.log --single-version-externally-managed
[5.897s] Level 1:colcon.colcon_core.environment:checking '/home/mcr2/ros2_ws/src/install/basic_comms' for CMake module files
[5.897s] Level 1:colcon.colcon_core.environment:checking '/home/mcr2/ros2_ws/src/install/basic_comms' for CMake config files
[5.899s] Level 1:colcon.colcon_core.environment:checking '/home/mcr2/ros2_ws/src/install/basic_comms/lib'
[5.899s] Level 1:colcon.colcon_core.environment:checking '/home/mcr2/ros2_ws/src/install/basic_comms/bin'
[5.899s] Level 1:colcon.colcon_core.environment:checking '/home/mcr2/ros2_ws/src/install/basic_comms/lib/pkgconfig/basic_comms.pc'
[5.899s] Level 1:colcon.colcon_core.environment:checking '/home/mcr2/ros2_ws/src/install/basic_comms/lib/python3.10/site-packages'
[5.899s] Level 1:colcon.colcon_core.shell:create_environment_hook('basic_comms', 'pythonpath')
[5.912s] INFO:colcon.colcon_core.shell:Creating environment hook '/home/mcr2/ros2_ws/src/install/basic_comms/share/basic_comms/hook/pythonpath.ps1'
[5.913s] INFO:colcon.colcon_core.shell:Creating environment descriptor '/home/mcr2/ros2_ws/src/install/basic_comms/share/basic_comms/hook/pythonpath.dsv'
[5.914s] INFO:colcon.colcon_core.shell:Creating environment hook '/home/mcr2/ros2_ws/src/install/basic_comms/share/basic_comms/hook/pythonpath.sh'
[5.914s] Level 1:colcon.colcon_core.environment:checking '/home/mcr2/ros2_ws/src/install/basic_comms/bin'
[5.914s] Level 1:colcon.colcon_core.environment:create_environment_scripts_only(basic_comms)
[5.928s] INFO:colcon.colcon_core.shell:Creating package script '/home/mcr2/ros2_ws/src/install/basic_comms/share/basic_comms/package.ps1'
[5.929s] INFO:colcon.colcon_core.shell:Creating package descriptor '/home/mcr2/ros2_ws/src/install/basic_comms/share/basic_comms/package.dsv'
[5.929s] INFO:colcon.colcon_core.shell:Creating package script '/home/mcr2/ros2_ws/src/install/basic_comms/share/basic_comms/package.sh'
[5.930s] INFO:colcon.colcon_core.shell:Creating package script '/home/mcr2/ros2_ws/src/install/basic_comms/share/basic_comms/package.bash'
[5.930s] INFO:colcon.colcon_core.shell:Creating package script '/home/mcr2/ros2_ws/src/install/basic_comms/share/basic_comms/package.zsh'
[5.930s] Level 1:colcon.colcon_core.environment:create_file_with_runtime_dependencies(/home/mcr2/ros2_ws/src/install/basic_comms/share/colcon-core/packages/basic_comms)
[6.330s] DEBUG:colcon.colcon_core.event_handler.log_command:Invoking command in '/home/mcr2/ros2_ws/src/signal_decomposition': AMENT_PREFIX_PATH=/home/mcr2/ros2_ws/src/install/signal_msg:${AMENT_PREFIX_PATH} CMAKE_PREFIX_PATH=/home/mcr2/ros2_ws/src/install/signal_msg:${CMAKE_PREFIX_PATH} LD_LIBRARY_PATH=/home/mcr2/ros2_ws/src/install/signal_msg/lib:${LD_LIBRARY_PATH} PYTHONPATH=/home/mcr2/ros2_ws/src/build/signal_decomposition/prefix_override:/home/mcr2/ros2_ws/src/install/signal_decomposition/lib/python3.10/site-packages:/home/mcr2/ros2_ws/src/install/signal_msg/local/lib/python3.10/dist-packages:${PYTHONPATH} /usr/bin/python3 setup.py egg_info --egg-base ../build/signal_decomposition build --build-base /home/mcr2/ros2_ws/src/build/signal_decomposition/build install --record /home/mcr2/ros2_ws/src/build/signal_decomposition/install.log --single-version-externally-managed
[6.355s] DEBUG:colcon.colcon_core.event_handler.log_command:Invoking command in '/home/mcr2/ros2_ws/src/sphere_msgs': AMENT_PREFIX_PATH=/home/mcr2/ros2_ws/src/install/msgs_clase:${AMENT_PREFIX_PATH} CMAKE_PREFIX_PATH=/home/mcr2/ros2_ws/src/install/msgs_clase:${CMAKE_PREFIX_PATH} LD_LIBRARY_PATH=/home/mcr2/ros2_ws/src/install/msgs_clase/lib:${LD_LIBRARY_PATH} PYTHONPATH=/home/mcr2/ros2_ws/src/build/sphere_msgs/prefix_override:/home/mcr2/ros2_ws/src/install/sphere_msgs/lib/python3.10/site-packages:/home/mcr2/ros2_ws/src/install/msgs_clase/local/lib/python3.10/dist-packages:${PYTHONPATH} /usr/bin/python3 setup.py egg_info --egg-base ../build/sphere_msgs build --build-base /home/mcr2/ros2_ws/src/build/sphere_msgs/build install --record /home/mcr2/ros2_ws/src/build/sphere_msgs/install.log --single-version-externally-managed
[6.698s] DEBUG:colcon.colcon_core.event_handler.log_command:Invoked command in '/home/mcr2/ros2_ws/src/signal_decomposition' returned '0': AMENT_PREFIX_PATH=/home/mcr2/ros2_ws/src/install/signal_msg:${AMENT_PREFIX_PATH} CMAKE_PREFIX_PATH=/home/mcr2/ros2_ws/src/install/signal_msg:${CMAKE_PREFIX_PATH} LD_LIBRARY_PATH=/home/mcr2/ros2_ws/src/install/signal_msg/lib:${LD_LIBRARY_PATH} PYTHONPATH=/home/mcr2/ros2_ws/src/build/signal_decomposition/prefix_override:/home/mcr2/ros2_ws/src/install/signal_decomposition/lib/python3.10/site-packages:/home/mcr2/ros2_ws/src/install/signal_msg/local/lib/python3.10/dist-packages:${PYTHONPATH} /usr/bin/python3 setup.py egg_info --egg-base ../build/signal_decomposition build --build-base /home/mcr2/ros2_ws/src/build/signal_decomposition/build install --record /home/mcr2/ros2_ws/src/build/signal_decomposition/install.log --single-version-externally-managed
[6.715s] Level 1:colcon.colcon_core.environment:checking '/home/mcr2/ros2_ws/src/install/signal_decomposition' for CMake module files
[6.716s] Level 1:colcon.colcon_core.environment:checking '/home/mcr2/ros2_ws/src/install/signal_decomposition' for CMake config files
[6.718s] Level 1:colcon.colcon_core.environment:checking '/home/mcr2/ros2_ws/src/install/signal_decomposition/lib'
[6.718s] Level 1:colcon.colcon_core.environment:checking '/home/mcr2/ros2_ws/src/install/signal_decomposition/bin'
[6.718s] Level 1:colcon.colcon_core.environment:checking '/home/mcr2/ros2_ws/src/install/signal_decomposition/lib/pkgconfig/signal_decomposition.pc'
[6.718s] Level 1:colcon.colcon_core.environment:checking '/home/mcr2/ros2_ws/src/install/signal_decomposition/lib/python3.10/site-packages'
[6.718s] Level 1:colcon.colcon_core.shell:create_environment_hook('signal_decomposition', 'pythonpath')
[6.735s] INFO:colcon.colcon_core.shell:Creating environment hook '/home/mcr2/ros2_ws/src/install/signal_decomposition/share/signal_decomposition/hook/pythonpath.ps1'
[6.736s] INFO:colcon.colcon_core.shell:Creating environment descriptor '/home/mcr2/ros2_ws/src/install/signal_decomposition/share/signal_decomposition/hook/pythonpath.dsv'
[6.736s] INFO:colcon.colcon_core.shell:Creating environment hook '/home/mcr2/ros2_ws/src/install/signal_decomposition/share/signal_decomposition/hook/pythonpath.sh'
[6.737s] Level 1:colcon.colcon_core.environment:checking '/home/mcr2/ros2_ws/src/install/signal_decomposition/bin'
[6.737s] Level 1:colcon.colcon_core.environment:create_environment_scripts_only(signal_decomposition)
[6.754s] INFO:colcon.colcon_core.shell:Creating package script '/home/mcr2/ros2_ws/src/install/signal_decomposition/share/signal_decomposition/package.ps1'
[6.755s] INFO:colcon.colcon_core.shell:Creating package descriptor '/home/mcr2/ros2_ws/src/install/signal_decomposition/share/signal_decomposition/package.dsv'
[6.755s] INFO:colcon.colcon_core.shell:Creating package script '/home/mcr2/ros2_ws/src/install/signal_decomposition/share/signal_decomposition/package.sh'
[6.756s] INFO:colcon.colcon_core.shell:Creating package script '/home/mcr2/ros2_ws/src/install/signal_decomposition/share/signal_decomposition/package.bash'
[6.756s] INFO:colcon.colcon_core.shell:Creating package script '/home/mcr2/ros2_ws/src/install/signal_decomposition/share/signal_decomposition/package.zsh'
[6.757s] Level 1:colcon.colcon_core.environment:create_file_with_runtime_dependencies(/home/mcr2/ros2_ws/src/install/signal_decomposition/share/colcon-core/packages/signal_decomposition)
[6.760s] DEBUG:colcon.colcon_core.event_handler.log_command:Invoked command in '/home/mcr2/ros2_ws/src/sphere_msgs' returned '0': AMENT_PREFIX_PATH=/home/mcr2/ros2_ws/src/install/msgs_clase:${AMENT_PREFIX_PATH} CMAKE_PREFIX_PATH=/home/mcr2/ros2_ws/src/install/msgs_clase:${CMAKE_PREFIX_PATH} LD_LIBRARY_PATH=/home/mcr2/ros2_ws/src/install/msgs_clase/lib:${LD_LIBRARY_PATH} PYTHONPATH=/home/mcr2/ros2_ws/src/build/sphere_msgs/prefix_override:/home/mcr2/ros2_ws/src/install/sphere_msgs/lib/python3.10/site-packages:/home/mcr2/ros2_ws/src/install/msgs_clase/local/lib/python3.10/dist-packages:${PYTHONPATH} /usr/bin/python3 setup.py egg_info --egg-base ../build/sphere_msgs build --build-base /home/mcr2/ros2_ws/src/build/sphere_msgs/build install --record /home/mcr2/ros2_ws/src/build/sphere_msgs/install.log --single-version-externally-managed
[6.777s] Level 1:colcon.colcon_core.environment:checking '/home/mcr2/ros2_ws/src/install/sphere_msgs' for CMake module files
[6.778s] Level 1:colcon.colcon_core.environment:checking '/home/mcr2/ros2_ws/src/install/sphere_msgs' for CMake config files
[6.779s] Level 1:colcon.colcon_core.environment:checking '/home/mcr2/ros2_ws/src/install/sphere_msgs/lib'
[6.779s] Level 1:colcon.colcon_core.environment:checking '/home/mcr2/ros2_ws/src/install/sphere_msgs/bin'
[6.779s] Level 1:colcon.colcon_core.environment:checking '/home/mcr2/ros2_ws/src/install/sphere_msgs/lib/pkgconfig/sphere_msgs.pc'
[6.779s] Level 1:colcon.colcon_core.environment:checking '/home/mcr2/ros2_ws/src/install/sphere_msgs/lib/python3.10/site-packages'
[6.779s] Level 1:colcon.colcon_core.shell:create_environment_hook('sphere_msgs', 'pythonpath')
[6.797s] INFO:colcon.colcon_core.shell:Creating environment hook '/home/mcr2/ros2_ws/src/install/sphere_msgs/share/sphere_msgs/hook/pythonpath.ps1'
[6.798s] INFO:colcon.colcon_core.shell:Creating environment descriptor '/home/mcr2/ros2_ws/src/install/sphere_msgs/share/sphere_msgs/hook/pythonpath.dsv'
[6.798s] INFO:colcon.colcon_core.shell:Creating environment hook '/home/mcr2/ros2_ws/src/install/sphere_msgs/share/sphere_msgs/hook/pythonpath.sh'
[6.799s] Level 1:colcon.colcon_core.environment:checking '/home/mcr2/ros2_ws/src/install/sphere_msgs/bin'
[6.799s] Level 1:colcon.colcon_core.environment:create_environment_scripts_only(sphere_msgs)
[6.816s] INFO:colcon.colcon_core.shell:Creating package script '/home/mcr2/ros2_ws/src/install/sphere_msgs/share/sphere_msgs/package.ps1'
[6.817s] INFO:colcon.colcon_core.shell:Creating package descriptor '/home/mcr2/ros2_ws/src/install/sphere_msgs/share/sphere_msgs/package.dsv'
[6.817s] INFO:colcon.colcon_core.shell:Creating package script '/home/mcr2/ros2_ws/src/install/sphere_msgs/share/sphere_msgs/package.sh'
[6.818s] INFO:colcon.colcon_core.shell:Creating package script '/home/mcr2/ros2_ws/src/install/sphere_msgs/share/sphere_msgs/package.bash'
[6.818s] INFO:colcon.colcon_core.shell:Creating package script '/home/mcr2/ros2_ws/src/install/sphere_msgs/share/sphere_msgs/package.zsh'
[6.819s] Level 1:colcon.colcon_core.environment:create_file_with_runtime_dependencies(/home/mcr2/ros2_ws/src/install/sphere_msgs/share/colcon-core/packages/sphere_msgs)
[6.819s] DEBUG:colcon.colcon_parallel_executor.executor.parallel:closing loop
[6.820s] DEBUG:colcon.colcon_parallel_executor.executor.parallel:loop closed
[6.820s] DEBUG:colcon.colcon_parallel_executor.executor.parallel:run_until_complete finished with '0'
[6.820s] DEBUG:colcon.colcon_core.event_reactor:joining thread
[6.847s] INFO:colcon.colcon_core.plugin_system:Skipping extension 'colcon_notification.desktop_notification.terminal_notifier': Not used on non-Darwin systems
[6.847s] INFO:colcon.colcon_core.plugin_system:Skipping extension 'colcon_notification.desktop_notification.win32': Not used on non-Windows systems
[6.847s] INFO:colcon.colcon_notification.desktop_notification:Sending desktop notification using 'notify2'
[6.861s] DEBUG:colcon.colcon_core.event_reactor:joined thread
[6.873s] INFO:colcon.colcon_core.shell:Creating prefix script '/home/mcr2/ros2_ws/src/install/local_setup.ps1'
[6.875s] INFO:colcon.colcon_core.shell:Creating prefix util module '/home/mcr2/ros2_ws/src/install/_local_setup_util_ps1.py'
[6.876s] INFO:colcon.colcon_core.shell:Creating prefix chain script '/home/mcr2/ros2_ws/src/install/setup.ps1'
[6.891s] INFO:colcon.colcon_core.shell:Creating prefix script '/home/mcr2/ros2_ws/src/install/local_setup.sh'
[6.892s] INFO:colcon.colcon_core.shell:Creating prefix util module '/home/mcr2/ros2_ws/src/install/_local_setup_util_sh.py'
[6.892s] INFO:colcon.colcon_core.shell:Creating prefix chain script '/home/mcr2/ros2_ws/src/install/setup.sh'
[6.913s] INFO:colcon.colcon_core.shell:Creating prefix script '/home/mcr2/ros2_ws/src/install/local_setup.bash'
[6.915s] INFO:colcon.colcon_core.shell:Creating prefix chain script '/home/mcr2/ros2_ws/src/install/setup.bash'
[6.936s] INFO:colcon.colcon_core.shell:Creating prefix script '/home/mcr2/ros2_ws/src/install/local_setup.zsh'
[6.937s] INFO:colcon.colcon_core.shell:Creating prefix chain script '/home/mcr2/ros2_ws/src/install/setup.zsh'
