[2.154s] Invoking command in '/home/mcr2/ros2_ws/src/courseworks': PYTHONPATH=/home/mcr2/ros2_ws/src/build/courseworks/prefix_override:/home/mcr2/ros2_ws/src/install/courseworks/lib/python3.10/site-packages:${PYTHONPATH} /usr/bin/python3 setup.py egg_info --egg-base ../build/courseworks build --build-base /home/mcr2/ros2_ws/src/build/courseworks/build install --record /home/mcr2/ros2_ws/src/build/courseworks/install.log --single-version-externally-managed
[2.499s] running egg_info
[2.510s] writing ../build/courseworks/courseworks.egg-info/PKG-INFO
[2.511s] writing dependency_links to ../build/courseworks/courseworks.egg-info/dependency_links.txt
[2.511s] writing entry points to ../build/courseworks/courseworks.egg-info/entry_points.txt
[2.511s] writing requirements to ../build/courseworks/courseworks.egg-info/requires.txt
[2.511s] writing top-level names to ../build/courseworks/courseworks.egg-info/top_level.txt
[2.513s] reading manifest file '../build/courseworks/courseworks.egg-info/SOURCES.txt'
[2.517s] writing manifest file '../build/courseworks/courseworks.egg-info/SOURCES.txt'
[2.518s] running build
[2.518s] running build_py
[2.518s] running install
[2.518s] /usr/lib/python3/dist-packages/setuptools/command/install.py:34: SetuptoolsDeprecationWarning: setup.py install is deprecated. Use build and pip and other standards-based tools.
[2.518s]   warnings.warn(
[2.518s] running install_lib
[2.520s] running install_data
[2.525s] running install_egg_info
[2.525s] removing '/home/mcr2/ros2_ws/src/install/courseworks/lib/python3.10/site-packages/courseworks-0.0.0-py3.10.egg-info' (and everything under it)
[2.526s] Copying ../build/courseworks/courseworks.egg-info to /home/mcr2/ros2_ws/src/install/courseworks/lib/python3.10/site-packages/courseworks-0.0.0-py3.10.egg-info
[2.529s] running install_scripts
[2.561s] Installing reconstruction script to /home/mcr2/ros2_ws/src/install/courseworks/lib/courseworks
[2.561s] Installing signal_generator script to /home/mcr2/ros2_ws/src/install/courseworks/lib/courseworks
[2.561s] writing list of installed files to '/home/mcr2/ros2_ws/src/build/courseworks/install.log'
[3.159s] Invoked command in '/home/mcr2/ros2_ws/src/courseworks' returned '0': PYTHONPATH=/home/mcr2/ros2_ws/src/build/courseworks/prefix_override:/home/mcr2/ros2_ws/src/install/courseworks/lib/python3.10/site-packages:${PYTHONPATH} /usr/bin/python3 setup.py egg_info --egg-base ../build/courseworks build --build-base /home/mcr2/ros2_ws/src/build/courseworks/build install --record /home/mcr2/ros2_ws/src/build/courseworks/install.log --single-version-externally-managed
