[1.367s] Invoking command in '/home/mcr2/ros2_ws/src/signal_decomposition': AMENT_PREFIX_PATH=/home/mcr2/ros2_ws/src/install/signal_msg:${AMENT_PREFIX_PATH} CMAKE_PREFIX_PATH=/home/mcr2/ros2_ws/src/install/signal_msg:${CMAKE_PREFIX_PATH} LD_LIBRARY_PATH=/home/mcr2/ros2_ws/src/install/signal_msg/lib:${LD_LIBRARY_PATH} PYTHONPATH=/home/mcr2/ros2_ws/src/build/signal_decomposition/prefix_override:/home/mcr2/ros2_ws/src/install/signal_decomposition/lib/python3.10/site-packages:/home/mcr2/ros2_ws/src/install/signal_msg/local/lib/python3.10/dist-packages:${PYTHONPATH} /usr/bin/python3 setup.py egg_info --egg-base ../build/signal_decomposition build --build-base /home/mcr2/ros2_ws/src/build/signal_decomposition/build install --record /home/mcr2/ros2_ws/src/build/signal_decomposition/install.log --single-version-externally-managed
[1.629s] running egg_info
[1.631s] writing ../build/signal_decomposition/signal_decomposition.egg-info/PKG-INFO
[1.631s] writing dependency_links to ../build/signal_decomposition/signal_decomposition.egg-info/dependency_links.txt
[1.632s] writing entry points to ../build/signal_decomposition/signal_decomposition.egg-info/entry_points.txt
[1.632s] writing requirements to ../build/signal_decomposition/signal_decomposition.egg-info/requires.txt
[1.632s] writing top-level names to ../build/signal_decomposition/signal_decomposition.egg-info/top_level.txt
[1.634s] reading manifest file '../build/signal_decomposition/signal_decomposition.egg-info/SOURCES.txt'
[1.635s] adding license file 'LICENSE'
[1.636s] writing manifest file '../build/signal_decomposition/signal_decomposition.egg-info/SOURCES.txt'
[1.636s] running build
[1.636s] running build_py
[1.637s] running install
[1.638s] /usr/lib/python3/dist-packages/setuptools/command/install.py:34: SetuptoolsDeprecationWarning: setup.py install is deprecated. Use build and pip and other standards-based tools.
[1.638s]   warnings.warn(
[1.638s] running install_lib
[1.640s] running install_data
[1.642s] running install_egg_info
[1.643s] removing '/home/mcr2/ros2_ws/src/install/signal_decomposition/lib/python3.10/site-packages/signal_decomposition-0.0.0-py3.10.egg-info' (and everything under it)
[1.644s] Copying ../build/signal_decomposition/signal_decomposition.egg-info to /home/mcr2/ros2_ws/src/install/signal_decomposition/lib/python3.10/site-packages/signal_decomposition-0.0.0-py3.10.egg-info
[1.645s] running install_scripts
[1.669s] Installing signal_generator script to /home/mcr2/ros2_ws/src/install/signal_decomposition/lib/signal_decomposition
[1.670s] Installing signal_reconstruction script to /home/mcr2/ros2_ws/src/install/signal_decomposition/lib/signal_decomposition
[1.670s] writing list of installed files to '/home/mcr2/ros2_ws/src/build/signal_decomposition/install.log'
[1.693s] Invoked command in '/home/mcr2/ros2_ws/src/signal_decomposition' returned '0': AMENT_PREFIX_PATH=/home/mcr2/ros2_ws/src/install/signal_msg:${AMENT_PREFIX_PATH} CMAKE_PREFIX_PATH=/home/mcr2/ros2_ws/src/install/signal_msg:${CMAKE_PREFIX_PATH} LD_LIBRARY_PATH=/home/mcr2/ros2_ws/src/install/signal_msg/lib:${LD_LIBRARY_PATH} PYTHONPATH=/home/mcr2/ros2_ws/src/build/signal_decomposition/prefix_override:/home/mcr2/ros2_ws/src/install/signal_decomposition/lib/python3.10/site-packages:/home/mcr2/ros2_ws/src/install/signal_msg/local/lib/python3.10/dist-packages:${PYTHONPATH} /usr/bin/python3 setup.py egg_info --egg-base ../build/signal_decomposition build --build-base /home/mcr2/ros2_ws/src/build/signal_decomposition/build install --record /home/mcr2/ros2_ws/src/build/signal_decomposition/install.log --single-version-externally-managed
