[2.799s] Invoking command in '/home/mcr2/ros2_ws/src/courseworks': PYTHONPATH=/home/mcr2/ros2_ws/src/build/courseworks/prefix_override:/home/mcr2/ros2_ws/src/install/courseworks/lib/python3.10/site-packages:${PYTHONPATH} /usr/bin/python3 setup.py egg_info --egg-base ../build/courseworks build --build-base /home/mcr2/ros2_ws/src/build/courseworks/build install --record /home/mcr2/ros2_ws/src/build/courseworks/install.log --single-version-externally-managed
[3.334s] running egg_info
[3.337s] writing ../build/courseworks/courseworks.egg-info/PKG-INFO
[3.339s] writing dependency_links to ../build/courseworks/courseworks.egg-info/dependency_links.txt
[3.340s] writing entry points to ../build/courseworks/courseworks.egg-info/entry_points.txt
[3.340s] writing requirements to ../build/courseworks/courseworks.egg-info/requires.txt
[3.340s] writing top-level names to ../build/courseworks/courseworks.egg-info/top_level.txt
[3.343s] reading manifest file '../build/courseworks/courseworks.egg-info/SOURCES.txt'
[3.358s] writing manifest file '../build/courseworks/courseworks.egg-info/SOURCES.txt'
[3.359s] running build
[3.359s] running build_py
[3.359s] running install
[3.360s] /usr/lib/python3/dist-packages/setuptools/command/install.py:34: SetuptoolsDeprecationWarning: setup.py install is deprecated. Use build and pip and other standards-based tools.
[3.360s]   warnings.warn(
[3.361s] running install_lib
[3.363s] running install_data
[3.364s] running install_egg_info
[3.367s] removing '/home/mcr2/ros2_ws/src/install/courseworks/lib/python3.10/site-packages/courseworks-0.0.0-py3.10.egg-info' (and everything under it)
[3.372s] Copying ../build/courseworks/courseworks.egg-info to /home/mcr2/ros2_ws/src/install/courseworks/lib/python3.10/site-packages/courseworks-0.0.0-py3.10.egg-info
[3.388s] running install_scripts
[3.477s] Installing reconstruction script to /home/mcr2/ros2_ws/src/install/courseworks/lib/courseworks
[3.479s] Installing signal_generator script to /home/mcr2/ros2_ws/src/install/courseworks/lib/courseworks
[3.479s] writing list of installed files to '/home/mcr2/ros2_ws/src/build/courseworks/install.log'
[4.307s] Invoked command in '/home/mcr2/ros2_ws/src/courseworks' returned '0': PYTHONPATH=/home/mcr2/ros2_ws/src/build/courseworks/prefix_override:/home/mcr2/ros2_ws/src/install/courseworks/lib/python3.10/site-packages:${PYTHONPATH} /usr/bin/python3 setup.py egg_info --egg-base ../build/courseworks build --build-base /home/mcr2/ros2_ws/src/build/courseworks/build install --record /home/mcr2/ros2_ws/src/build/courseworks/install.log --single-version-externally-managed
