[0.715s] Invoking command in '/home/mcr2/ros2_ws/src/basic_comms': PYTHONPATH=/home/mcr2/ros2_ws/src/basic_comms/build/basic_comms/prefix_override:/home/mcr2/ros2_ws/src/basic_comms/install/basic_comms/lib/python3.10/site-packages:${PYTHONPATH} /usr/bin/python3 setup.py egg_info --egg-base build/basic_comms build --build-base /home/mcr2/ros2_ws/src/basic_comms/build/basic_comms/build install --record /home/mcr2/ros2_ws/src/basic_comms/build/basic_comms/install.log --single-version-externally-managed
[0.923s] running egg_info
[0.923s] writing build/basic_comms/basic_comms.egg-info/PKG-INFO
[0.924s] writing dependency_links to build/basic_comms/basic_comms.egg-info/dependency_links.txt
[0.924s] writing entry points to build/basic_comms/basic_comms.egg-info/entry_points.txt
[0.925s] writing requirements to build/basic_comms/basic_comms.egg-info/requires.txt
[0.925s] writing top-level names to build/basic_comms/basic_comms.egg-info/top_level.txt
[0.926s] reading manifest file 'build/basic_comms/basic_comms.egg-info/SOURCES.txt'
[0.927s] writing manifest file 'build/basic_comms/basic_comms.egg-info/SOURCES.txt'
[0.927s] running build
[0.927s] running build_py
[0.928s] running install
[0.928s] /usr/lib/python3/dist-packages/setuptools/command/install.py:34: SetuptoolsDeprecationWarning: setup.py install is deprecated. Use build and pip and other standards-based tools.
[0.928s]   warnings.warn(
[0.928s] running install_lib
[0.930s] running install_data
[0.930s] running install_egg_info
[0.932s] removing '/home/mcr2/ros2_ws/src/basic_comms/install/basic_comms/lib/python3.10/site-packages/basic_comms-0.0.0-py3.10.egg-info' (and everything under it)
[0.932s] Copying build/basic_comms/basic_comms.egg-info to /home/mcr2/ros2_ws/src/basic_comms/install/basic_comms/lib/python3.10/site-packages/basic_comms-0.0.0-py3.10.egg-info
[0.934s] running install_scripts
[0.952s] Installing listener script to /home/mcr2/ros2_ws/src/basic_comms/install/basic_comms/lib/basic_comms
[0.952s] Installing talker script to /home/mcr2/ros2_ws/src/basic_comms/install/basic_comms/lib/basic_comms
[0.953s] writing list of installed files to '/home/mcr2/ros2_ws/src/basic_comms/build/basic_comms/install.log'
[0.972s] Invoked command in '/home/mcr2/ros2_ws/src/basic_comms' returned '0': PYTHONPATH=/home/mcr2/ros2_ws/src/basic_comms/build/basic_comms/prefix_override:/home/mcr2/ros2_ws/src/basic_comms/install/basic_comms/lib/python3.10/site-packages:${PYTHONPATH} /usr/bin/python3 setup.py egg_info --egg-base build/basic_comms build --build-base /home/mcr2/ros2_ws/src/basic_comms/build/basic_comms/build install --record /home/mcr2/ros2_ws/src/basic_comms/build/basic_comms/install.log --single-version-externally-managed
