[1.098s] Invoking command in '/home/mcr2/ros2_ws/src/sphere_msgs': AMENT_PREFIX_PATH=/home/mcr2/ros2_ws/src/install/msgs_clase:${AMENT_PREFIX_PATH} CMAKE_PREFIX_PATH=/home/mcr2/ros2_ws/src/install/msgs_clase:${CMAKE_PREFIX_PATH} LD_LIBRARY_PATH=/home/mcr2/ros2_ws/src/install/msgs_clase/lib:${LD_LIBRARY_PATH} PYTHONPATH=/home/mcr2/ros2_ws/src/build/sphere_msgs/prefix_override:/home/mcr2/ros2_ws/src/install/sphere_msgs/lib/python3.10/site-packages:/home/mcr2/ros2_ws/src/install/msgs_clase/local/lib/python3.10/dist-packages:${PYTHONPATH} /usr/bin/python3 setup.py egg_info --egg-base ../build/sphere_msgs build --build-base /home/mcr2/ros2_ws/src/build/sphere_msgs/build install --record /home/mcr2/ros2_ws/src/build/sphere_msgs/install.log --single-version-externally-managed
[1.367s] running egg_info
[1.369s] writing ../build/sphere_msgs/sphere_msgs.egg-info/PKG-INFO
[1.369s] writing dependency_links to ../build/sphere_msgs/sphere_msgs.egg-info/dependency_links.txt
[1.369s] writing entry points to ../build/sphere_msgs/sphere_msgs.egg-info/entry_points.txt
[1.369s] writing requirements to ../build/sphere_msgs/sphere_msgs.egg-info/requires.txt
[1.370s] writing top-level names to ../build/sphere_msgs/sphere_msgs.egg-info/top_level.txt
[1.373s] reading manifest file '../build/sphere_msgs/sphere_msgs.egg-info/SOURCES.txt'
[1.374s] adding license file 'LICENSE'
[1.375s] writing manifest file '../build/sphere_msgs/sphere_msgs.egg-info/SOURCES.txt'
[1.375s] running build
[1.376s] running build_py
[1.378s] running install
[1.379s] /usr/lib/python3/dist-packages/setuptools/command/install.py:34: SetuptoolsDeprecationWarning: setup.py install is deprecated. Use build and pip and other standards-based tools.
[1.382s]   warnings.warn(
[1.383s] running install_lib
[1.384s] running install_data
[1.384s] running install_egg_info
[1.385s] removing '/home/mcr2/ros2_ws/src/install/sphere_msgs/lib/python3.10/site-packages/sphere_msgs-0.0.0-py3.10.egg-info' (and everything under it)
[1.385s] Copying ../build/sphere_msgs/sphere_msgs.egg-info to /home/mcr2/ros2_ws/src/install/sphere_msgs/lib/python3.10/site-packages/sphere_msgs-0.0.0-py3.10.egg-info
[1.386s] running install_scripts
[1.407s] Installing sphere_node script to /home/mcr2/ros2_ws/src/install/sphere_msgs/lib/sphere_msgs
[1.408s] writing list of installed files to '/home/mcr2/ros2_ws/src/build/sphere_msgs/install.log'
[1.437s] Invoked command in '/home/mcr2/ros2_ws/src/sphere_msgs' returned '0': AMENT_PREFIX_PATH=/home/mcr2/ros2_ws/src/install/msgs_clase:${AMENT_PREFIX_PATH} CMAKE_PREFIX_PATH=/home/mcr2/ros2_ws/src/install/msgs_clase:${CMAKE_PREFIX_PATH} LD_LIBRARY_PATH=/home/mcr2/ros2_ws/src/install/msgs_clase/lib:${LD_LIBRARY_PATH} PYTHONPATH=/home/mcr2/ros2_ws/src/build/sphere_msgs/prefix_override:/home/mcr2/ros2_ws/src/install/sphere_msgs/lib/python3.10/site-packages:/home/mcr2/ros2_ws/src/install/msgs_clase/local/lib/python3.10/dist-packages:${PYTHONPATH} /usr/bin/python3 setup.py egg_info --egg-base ../build/sphere_msgs build --build-base /home/mcr2/ros2_ws/src/build/sphere_msgs/build install --record /home/mcr2/ros2_ws/src/build/sphere_msgs/install.log --single-version-externally-managed
