[2.151s] Invoking command in '/home/mcr2/ros2_ws/src/final_challenge': PYTHONPATH=/home/mcr2/ros2_ws/src/build/final_challenge/prefix_override:/home/mcr2/ros2_ws/src/install/final_challenge/lib/python3.10/site-packages:${PYTHONPATH} /usr/bin/python3 setup.py egg_info --egg-base ../build/final_challenge build --build-base /home/mcr2/ros2_ws/src/build/final_challenge/build install --record /home/mcr2/ros2_ws/src/build/final_challenge/install.log --single-version-externally-managed
[2.460s] running egg_info
[2.461s] writing ../build/final_challenge/final_challenge.egg-info/PKG-INFO
[2.461s] writing dependency_links to ../build/final_challenge/final_challenge.egg-info/dependency_links.txt
[2.463s] writing entry points to ../build/final_challenge/final_challenge.egg-info/entry_points.txt
[2.463s] writing requirements to ../build/final_challenge/final_challenge.egg-info/requires.txt
[2.464s] writing top-level names to ../build/final_challenge/final_challenge.egg-info/top_level.txt
[2.466s] reading manifest file '../build/final_challenge/final_challenge.egg-info/SOURCES.txt'
[2.467s] writing manifest file '../build/final_challenge/final_challenge.egg-info/SOURCES.txt'
[2.468s] running build
[2.468s] running build_py
[2.469s] running install
[2.469s] /usr/lib/python3/dist-packages/setuptools/command/install.py:34: SetuptoolsDeprecationWarning: setup.py install is deprecated. Use build and pip and other standards-based tools.
[2.469s]   warnings.warn(
[2.469s] running install_lib
[2.471s] running install_data
[2.473s] running install_egg_info
[2.475s] removing '/home/mcr2/ros2_ws/src/install/final_challenge/lib/python3.10/site-packages/final_challenge-0.0.0-py3.10.egg-info' (and everything under it)
[2.477s] Copying ../build/final_challenge/final_challenge.egg-info to /home/mcr2/ros2_ws/src/install/final_challenge/lib/python3.10/site-packages/final_challenge-0.0.0-py3.10.egg-info
[2.478s] running install_scripts
[2.498s] Installing setpoint script to /home/mcr2/ros2_ws/src/install/final_challenge/lib/final_challenge
[2.499s] writing list of installed files to '/home/mcr2/ros2_ws/src/build/final_challenge/install.log'
[2.636s] Invoked command in '/home/mcr2/ros2_ws/src/final_challenge' returned '0': PYTHONPATH=/home/mcr2/ros2_ws/src/build/final_challenge/prefix_override:/home/mcr2/ros2_ws/src/install/final_challenge/lib/python3.10/site-packages:${PYTHONPATH} /usr/bin/python3 setup.py egg_info --egg-base ../build/final_challenge build --build-base /home/mcr2/ros2_ws/src/build/final_challenge/build install --record /home/mcr2/ros2_ws/src/build/final_challenge/install.log --single-version-externally-managed
