[1.802s] Invoking command in '/home/mcr2/ros2_ws/src/sphere_msgs': CMAKE_PREFIX_PATH=/home/mcr2/ros2_ws/src/install/msgs_clase:/home/mcr2/ros2_ws/src/install/signal_msg:/home/mcr2/ros2_utilities_ws/install/ros_ign_interfaces:/home/mcr2/ros2_utilities_ws/install/ros_ign:/home/mcr2/ros2_utilities_ws/install/ros_ign_image:/home/mcr2/ros2_utilities_ws/install/ros_ign_gazebo_demos:/home/mcr2/ros2_utilities_ws/install/ros_ign_gazebo:/home/mcr2/ros2_utilities_ws/install/ros_ign_bridge:/home/mcr2/ros2_utilities_ws/install/ros_gz:/home/mcr2/ros2_utilities_ws/install/ros_gz_sim_demos:/home/mcr2/ros2_utilities_ws/install/ros_gz_sim:/home/mcr2/ros2_utilities_ws/install/ros_gz_image:/home/mcr2/ros2_utilities_ws/install/ros_gz_bridge:/home/mcr2/ros2_utilities_ws/install/ros_gz_interfaces:/home/mcr2/ros2_utilities_ws/install/micro_ros_setup:/home/mcr2/ros2_utilities_ws/install/micro_ros_agent:/home/mcr2/ros2_utilities_ws/install/micro_ros_msgs:/home/mcr2/ros2_utilities_ws/install/aruco_ros:/home/mcr2/ros2_utilities_ws/install/aruco_msgs:/home/mcr2/ros2_utilities_ws/install/aruco LD_LIBRARY_PATH=/home/mcr2/ros2_ws/src/install/msgs_clase/lib:/home/mcr2/ros2_ws/src/install/signal_msg/lib:/home/mcr2/ros2_utilities_ws/install/ros_ign_interfaces/lib:/home/mcr2/ros2_utilities_ws/install/ros_gz_sim/lib:/home/mcr2/ros2_utilities_ws/install/ros_gz_bridge/lib:/home/mcr2/ros2_utilities_ws/install/ros_gz_interfaces/lib:/home/mcr2/ros2_utilities_ws/install/micro_ros_agent/lib:/home/mcr2/ros2_utilities_ws/install/micro_ros_msgs/lib:/home/mcr2/ros2_utilities_ws/install/aruco_ros/lib:/home/mcr2/ros2_utilities_ws/install/aruco_msgs/lib:/home/mcr2/ros2_utilities_ws/install/aruco/lib:/usr/lib/x86_64-linux-gnu/gazebo-11/plugins:/opt/ros/humble/opt/rviz_ogre_vendor/lib:/opt/ros/humble/lib/x86_64-linux-gnu:/opt/ros/humble/lib PYTHONPATH=/home/mcr2/ros2_ws/src/build/sphere_msgs/prefix_override:/home/mcr2/ros2_ws/src/install/sphere_msgs/lib/python3.10/site-packages:${PYTHONPATH} /usr/bin/python3 setup.py egg_info --egg-base ../build/sphere_msgs build --build-base /home/mcr2/ros2_ws/src/build/sphere_msgs/build install --record /home/mcr2/ros2_ws/src/build/sphere_msgs/install.log --single-version-externally-managed
[2.096s] running egg_info
[2.097s] writing ../build/sphere_msgs/sphere_msgs.egg-info/PKG-INFO
[2.097s] writing dependency_links to ../build/sphere_msgs/sphere_msgs.egg-info/dependency_links.txt
[2.097s] writing entry points to ../build/sphere_msgs/sphere_msgs.egg-info/entry_points.txt
[2.098s] writing requirements to ../build/sphere_msgs/sphere_msgs.egg-info/requires.txt
[2.098s] writing top-level names to ../build/sphere_msgs/sphere_msgs.egg-info/top_level.txt
[2.099s] reading manifest file '../build/sphere_msgs/sphere_msgs.egg-info/SOURCES.txt'
[2.099s] adding license file 'LICENSE'
[2.100s] writing manifest file '../build/sphere_msgs/sphere_msgs.egg-info/SOURCES.txt'
[2.100s] running build
[2.100s] running build_py
[2.100s] running install
[2.100s] /usr/lib/python3/dist-packages/setuptools/command/install.py:34: SetuptoolsDeprecationWarning: setup.py install is deprecated. Use build and pip and other standards-based tools.
[2.100s]   warnings.warn(
[2.100s] running install_lib
[2.101s] running install_data
[2.102s] running install_egg_info
[2.103s] removing '/home/mcr2/ros2_ws/src/install/sphere_msgs/lib/python3.10/site-packages/sphere_msgs-0.0.0-py3.10.egg-info' (and everything under it)
[2.103s] Copying ../build/sphere_msgs/sphere_msgs.egg-info to /home/mcr2/ros2_ws/src/install/sphere_msgs/lib/python3.10/site-packages/sphere_msgs-0.0.0-py3.10.egg-info
[2.104s] running install_scripts
[2.122s] Installing sphere_node script to /home/mcr2/ros2_ws/src/install/sphere_msgs/lib/sphere_msgs
[2.122s] writing list of installed files to '/home/mcr2/ros2_ws/src/build/sphere_msgs/install.log'
[2.146s] Invoked command in '/home/mcr2/ros2_ws/src/sphere_msgs' returned '0': CMAKE_PREFIX_PATH=/home/mcr2/ros2_ws/src/install/msgs_clase:/home/mcr2/ros2_ws/src/install/signal_msg:/home/mcr2/ros2_utilities_ws/install/ros_ign_interfaces:/home/mcr2/ros2_utilities_ws/install/ros_ign:/home/mcr2/ros2_utilities_ws/install/ros_ign_image:/home/mcr2/ros2_utilities_ws/install/ros_ign_gazebo_demos:/home/mcr2/ros2_utilities_ws/install/ros_ign_gazebo:/home/mcr2/ros2_utilities_ws/install/ros_ign_bridge:/home/mcr2/ros2_utilities_ws/install/ros_gz:/home/mcr2/ros2_utilities_ws/install/ros_gz_sim_demos:/home/mcr2/ros2_utilities_ws/install/ros_gz_sim:/home/mcr2/ros2_utilities_ws/install/ros_gz_image:/home/mcr2/ros2_utilities_ws/install/ros_gz_bridge:/home/mcr2/ros2_utilities_ws/install/ros_gz_interfaces:/home/mcr2/ros2_utilities_ws/install/micro_ros_setup:/home/mcr2/ros2_utilities_ws/install/micro_ros_agent:/home/mcr2/ros2_utilities_ws/install/micro_ros_msgs:/home/mcr2/ros2_utilities_ws/install/aruco_ros:/home/mcr2/ros2_utilities_ws/install/aruco_msgs:/home/mcr2/ros2_utilities_ws/install/aruco LD_LIBRARY_PATH=/home/mcr2/ros2_ws/src/install/msgs_clase/lib:/home/mcr2/ros2_ws/src/install/signal_msg/lib:/home/mcr2/ros2_utilities_ws/install/ros_ign_interfaces/lib:/home/mcr2/ros2_utilities_ws/install/ros_gz_sim/lib:/home/mcr2/ros2_utilities_ws/install/ros_gz_bridge/lib:/home/mcr2/ros2_utilities_ws/install/ros_gz_interfaces/lib:/home/mcr2/ros2_utilities_ws/install/micro_ros_agent/lib:/home/mcr2/ros2_utilities_ws/install/micro_ros_msgs/lib:/home/mcr2/ros2_utilities_ws/install/aruco_ros/lib:/home/mcr2/ros2_utilities_ws/install/aruco_msgs/lib:/home/mcr2/ros2_utilities_ws/install/aruco/lib:/usr/lib/x86_64-linux-gnu/gazebo-11/plugins:/opt/ros/humble/opt/rviz_ogre_vendor/lib:/opt/ros/humble/lib/x86_64-linux-gnu:/opt/ros/humble/lib PYTHONPATH=/home/mcr2/ros2_ws/src/build/sphere_msgs/prefix_override:/home/mcr2/ros2_ws/src/install/sphere_msgs/lib/python3.10/site-packages:${PYTHONPATH} /usr/bin/python3 setup.py egg_info --egg-base ../build/sphere_msgs build --build-base /home/mcr2/ros2_ws/src/build/sphere_msgs/build install --record /home/mcr2/ros2_ws/src/build/sphere_msgs/install.log --single-version-externally-managed
