running egg_info
writing ../build/courseworks_params/courseworks_params.egg-info/PKG-INFO
writing dependency_links to ../build/courseworks_params/courseworks_params.egg-info/dependency_links.txt
writing entry points to ../build/courseworks_params/courseworks_params.egg-info/entry_points.txt
writing requirements to ../build/courseworks_params/courseworks_params.egg-info/requires.txt
writing top-level names to ../build/courseworks_params/courseworks_params.egg-info/top_level.txt
reading manifest file '../build/courseworks_params/courseworks_params.egg-info/SOURCES.txt'
adding license file 'LICENSE'
writing manifest file '../build/courseworks_params/courseworks_params.egg-info/SOURCES.txt'
running build
running build_py
running install
running install_lib
running install_data
running install_egg_info
removing '/home/mcr2/ros2_ws/src/install/courseworks_params/lib/python3.10/site-packages/courseworks_params-0.0.0-py3.10.egg-info' (and everything under it)
Copying ../build/courseworks_params/courseworks_params.egg-info to /home/mcr2/ros2_ws/src/install/courseworks_params/lib/python3.10/site-packages/courseworks_params-0.0.0-py3.10.egg-info
running install_scripts
Installing signal_params script to /home/mcr2/ros2_ws/src/install/courseworks_params/lib/courseworks_params
writing list of installed files to '/home/mcr2/ros2_ws/src/build/courseworks_params/install.log'
