[2.059s] Invoking command in '/home/mcr2/ros2_ws/src/courseworks_params': PYTHONPATH=/home/mcr2/ros2_ws/src/build/courseworks_params/prefix_override:/home/mcr2/ros2_ws/src/install/courseworks_params/lib/python3.10/site-packages:${PYTHONPATH} /usr/bin/python3 setup.py egg_info --egg-base ../build/courseworks_params build --build-base /home/mcr2/ros2_ws/src/build/courseworks_params/build install --record /home/mcr2/ros2_ws/src/build/courseworks_params/install.log --single-version-externally-managed
[2.325s] running egg_info
[2.326s] writing ../build/courseworks_params/courseworks_params.egg-info/PKG-INFO
[2.327s] writing dependency_links to ../build/courseworks_params/courseworks_params.egg-info/dependency_links.txt
[2.327s] writing entry points to ../build/courseworks_params/courseworks_params.egg-info/entry_points.txt
[2.329s] writing requirements to ../build/courseworks_params/courseworks_params.egg-info/requires.txt
[2.329s] writing top-level names to ../build/courseworks_params/courseworks_params.egg-info/top_level.txt
[2.329s] reading manifest file '../build/courseworks_params/courseworks_params.egg-info/SOURCES.txt'
[2.329s] adding license file 'LICENSE'
[2.330s] writing manifest file '../build/courseworks_params/courseworks_params.egg-info/SOURCES.txt'
[2.331s] running build
[2.331s] running build_py
[2.331s] running install
[2.331s] /usr/lib/python3/dist-packages/setuptools/command/install.py:34: SetuptoolsDeprecationWarning: setup.py install is deprecated. Use build and pip and other standards-based tools.
[2.331s]   warnings.warn(
[2.331s] running install_lib
[2.332s] running install_data
[2.333s] running install_egg_info
[2.335s] removing '/home/mcr2/ros2_ws/src/install/courseworks_params/lib/python3.10/site-packages/courseworks_params-0.0.0-py3.10.egg-info' (and everything under it)
[2.335s] Copying ../build/courseworks_params/courseworks_params.egg-info to /home/mcr2/ros2_ws/src/install/courseworks_params/lib/python3.10/site-packages/courseworks_params-0.0.0-py3.10.egg-info
[2.336s] running install_scripts
[2.360s] Installing signal_params script to /home/mcr2/ros2_ws/src/install/courseworks_params/lib/courseworks_params
[2.360s] writing list of installed files to '/home/mcr2/ros2_ws/src/build/courseworks_params/install.log'
[2.944s] Invoked command in '/home/mcr2/ros2_ws/src/courseworks_params' returned '0': PYTHONPATH=/home/mcr2/ros2_ws/src/build/courseworks_params/prefix_override:/home/mcr2/ros2_ws/src/install/courseworks_params/lib/python3.10/site-packages:${PYTHONPATH} /usr/bin/python3 setup.py egg_info --egg-base ../build/courseworks_params build --build-base /home/mcr2/ros2_ws/src/build/courseworks_params/build install --record /home/mcr2/ros2_ws/src/build/courseworks_params/install.log --single-version-externally-managed
