[1.152s] Invoking command in '/home/mcr2/ros2_ws/src/basic_comms': PYTHONPATH=/home/mcr2/ros2_ws/src/build/basic_comms/prefix_override:/home/mcr2/ros2_ws/src/install/basic_comms/lib/python3.10/site-packages:${PYTHONPATH} /usr/bin/python3 setup.py egg_info --egg-base ../build/basic_comms build --build-base /home/mcr2/ros2_ws/src/build/basic_comms/build install --record /home/mcr2/ros2_ws/src/build/basic_comms/install.log --single-version-externally-managed
[1.335s] running egg_info
[1.335s] writing ../build/basic_comms/basic_comms.egg-info/PKG-INFO
[1.336s] writing dependency_links to ../build/basic_comms/basic_comms.egg-info/dependency_links.txt
[1.336s] writing entry points to ../build/basic_comms/basic_comms.egg-info/entry_points.txt
[1.336s] writing requirements to ../build/basic_comms/basic_comms.egg-info/requires.txt
[1.337s] writing top-level names to ../build/basic_comms/basic_comms.egg-info/top_level.txt
[1.339s] reading manifest file '../build/basic_comms/basic_comms.egg-info/SOURCES.txt'
[1.340s] writing manifest file '../build/basic_comms/basic_comms.egg-info/SOURCES.txt'
[1.340s] running build
[1.341s] running build_py
[1.341s] /usr/lib/python3/dist-packages/setuptools/command/install.py:34: SetuptoolsDeprecationWarning: setup.py install is deprecated. Use build and pip and other standards-based tools.
[1.341s]   warnings.warn(
[1.341s] running install
[1.341s] running install_lib
[1.341s] running install_data
[1.341s] running install_egg_info
[1.343s] removing '/home/mcr2/ros2_ws/src/install/basic_comms/lib/python3.10/site-packages/basic_comms-0.0.0-py3.10.egg-info' (and everything under it)
[1.344s] Copying ../build/basic_comms/basic_comms.egg-info to /home/mcr2/ros2_ws/src/install/basic_comms/lib/python3.10/site-packages/basic_comms-0.0.0-py3.10.egg-info
[1.344s] running install_scripts
[1.361s] Installing listener script to /home/mcr2/ros2_ws/src/install/basic_comms/lib/basic_comms
[1.361s] Installing talker script to /home/mcr2/ros2_ws/src/install/basic_comms/lib/basic_comms
[1.362s] writing list of installed files to '/home/mcr2/ros2_ws/src/build/basic_comms/install.log'
[1.378s] Invoked command in '/home/mcr2/ros2_ws/src/basic_comms' returned '0': PYTHONPATH=/home/mcr2/ros2_ws/src/build/basic_comms/prefix_override:/home/mcr2/ros2_ws/src/install/basic_comms/lib/python3.10/site-packages:${PYTHONPATH} /usr/bin/python3 setup.py egg_info --egg-base ../build/basic_comms build --build-base /home/mcr2/ros2_ws/src/build/basic_comms/build install --record /home/mcr2/ros2_ws/src/build/basic_comms/install.log --single-version-externally-managed
