[0.760s] Invoking command in '/home/mcr2/ros2_ws/src/basic_comms': PYTHONPATH=/home/mcr2/ros2_ws/src/build/basic_comms/prefix_override:/home/mcr2/ros2_ws/src/install/basic_comms/lib/python3.10/site-packages:${PYTHONPATH} /usr/bin/python3 setup.py egg_info --egg-base ../build/basic_comms build --build-base /home/mcr2/ros2_ws/src/build/basic_comms/build install --record /home/mcr2/ros2_ws/src/build/basic_comms/install.log --single-version-externally-managed
[1.007s] running egg_info
[1.008s] creating ../build/basic_comms/basic_comms.egg-info
[1.008s] writing ../build/basic_comms/basic_comms.egg-info/PKG-INFO
[1.008s] writing dependency_links to ../build/basic_comms/basic_comms.egg-info/dependency_links.txt
[1.008s] writing entry points to ../build/basic_comms/basic_comms.egg-info/entry_points.txt
[1.008s] writing requirements to ../build/basic_comms/basic_comms.egg-info/requires.txt
[1.008s] writing top-level names to ../build/basic_comms/basic_comms.egg-info/top_level.txt
[1.008s] writing manifest file '../build/basic_comms/basic_comms.egg-info/SOURCES.txt'
[1.010s] reading manifest file '../build/basic_comms/basic_comms.egg-info/SOURCES.txt'
[1.011s] writing manifest file '../build/basic_comms/basic_comms.egg-info/SOURCES.txt'
[1.012s] running build
[1.013s] running build_py
[1.013s] creating /home/mcr2/ros2_ws/src/build/basic_comms/build
[1.013s] creating /home/mcr2/ros2_ws/src/build/basic_comms/build/lib
[1.013s] creating /home/mcr2/ros2_ws/src/build/basic_comms/build/lib/basic_comms
[1.013s] copying basic_comms/talker.py -> /home/mcr2/ros2_ws/src/build/basic_comms/build/lib/basic_comms
[1.013s] /usr/lib/python3/dist-packages/setuptools/command/install.py:34: SetuptoolsDeprecationWarning: setup.py install is deprecated. Use build and pip and other standards-based tools.
[1.013s]   warnings.warn(
[1.013s] copying basic_comms/listener.py -> /home/mcr2/ros2_ws/src/build/basic_comms/build/lib/basic_comms
[1.013s] copying basic_comms/__init__.py -> /home/mcr2/ros2_ws/src/build/basic_comms/build/lib/basic_comms
[1.013s] running install
[1.014s] running install_lib
[1.014s] creating /home/mcr2/ros2_ws/src/install/basic_comms/lib/python3.10/site-packages/basic_comms
[1.014s] copying /home/mcr2/ros2_ws/src/build/basic_comms/build/lib/basic_comms/talker.py -> /home/mcr2/ros2_ws/src/install/basic_comms/lib/python3.10/site-packages/basic_comms
[1.014s] copying /home/mcr2/ros2_ws/src/build/basic_comms/build/lib/basic_comms/listener.py -> /home/mcr2/ros2_ws/src/install/basic_comms/lib/python3.10/site-packages/basic_comms
[1.015s] copying /home/mcr2/ros2_ws/src/build/basic_comms/build/lib/basic_comms/__init__.py -> /home/mcr2/ros2_ws/src/install/basic_comms/lib/python3.10/site-packages/basic_comms
[1.015s] byte-compiling /home/mcr2/ros2_ws/src/install/basic_comms/lib/python3.10/site-packages/basic_comms/talker.py to talker.cpython-310.pyc
[1.016s] byte-compiling /home/mcr2/ros2_ws/src/install/basic_comms/lib/python3.10/site-packages/basic_comms/listener.py to listener.cpython-310.pyc
[1.016s] byte-compiling /home/mcr2/ros2_ws/src/install/basic_comms/lib/python3.10/site-packages/basic_comms/__init__.py to __init__.cpython-310.pyc
[1.016s] running install_data
[1.016s] creating /home/mcr2/ros2_ws/src/install/basic_comms/share/ament_index
[1.016s] creating /home/mcr2/ros2_ws/src/install/basic_comms/share/ament_index/resource_index
[1.016s] creating /home/mcr2/ros2_ws/src/install/basic_comms/share/ament_index/resource_index/packages
[1.016s] copying resource/basic_comms -> /home/mcr2/ros2_ws/src/install/basic_comms/share/ament_index/resource_index/packages
[1.017s] copying package.xml -> /home/mcr2/ros2_ws/src/install/basic_comms/share/basic_comms
[1.017s] creating /home/mcr2/ros2_ws/src/install/basic_comms/share/basic_comms/launch
[1.017s] copying launch/chit_chat_group_launch.py -> /home/mcr2/ros2_ws/src/install/basic_comms/share/basic_comms/launch
[1.017s] copying launch/chit_chat_launch.py -> /home/mcr2/ros2_ws/src/install/basic_comms/share/basic_comms/launch
[1.017s] running install_egg_info
[1.018s] Copying ../build/basic_comms/basic_comms.egg-info to /home/mcr2/ros2_ws/src/install/basic_comms/lib/python3.10/site-packages/basic_comms-0.0.0-py3.10.egg-info
[1.019s] running install_scripts
[1.041s] Installing listener script to /home/mcr2/ros2_ws/src/install/basic_comms/lib/basic_comms
[1.041s] Installing talker script to /home/mcr2/ros2_ws/src/install/basic_comms/lib/basic_comms
[1.041s] writing list of installed files to '/home/mcr2/ros2_ws/src/build/basic_comms/install.log'
[1.065s] Invoked command in '/home/mcr2/ros2_ws/src/basic_comms' returned '0': PYTHONPATH=/home/mcr2/ros2_ws/src/build/basic_comms/prefix_override:/home/mcr2/ros2_ws/src/install/basic_comms/lib/python3.10/site-packages:${PYTHONPATH} /usr/bin/python3 setup.py egg_info --egg-base ../build/basic_comms build --build-base /home/mcr2/ros2_ws/src/build/basic_comms/build install --record /home/mcr2/ros2_ws/src/build/basic_comms/install.log --single-version-externally-managed
