[1.576s] Invoking command in '/home/mcr2/ros2_ws/src/signal_decomposition': PYTHONPATH=/home/mcr2/ros2_ws/src/build/signal_decomposition/prefix_override:/home/mcr2/ros2_ws/src/install/signal_decomposition/lib/python3.10/site-packages:${PYTHONPATH} /usr/bin/python3 setup.py egg_info --egg-base ../build/signal_decomposition build --build-base /home/mcr2/ros2_ws/src/build/signal_decomposition/build install --record /home/mcr2/ros2_ws/src/build/signal_decomposition/install.log --single-version-externally-managed
[1.871s] running egg_info
[1.871s] writing ../build/signal_decomposition/signal_decomposition.egg-info/PKG-INFO
[1.872s] writing dependency_links to ../build/signal_decomposition/signal_decomposition.egg-info/dependency_links.txt
[1.873s] writing entry points to ../build/signal_decomposition/signal_decomposition.egg-info/entry_points.txt
[1.873s] writing requirements to ../build/signal_decomposition/signal_decomposition.egg-info/requires.txt
[1.873s] writing top-level names to ../build/signal_decomposition/signal_decomposition.egg-info/top_level.txt
[1.876s] reading manifest file '../build/signal_decomposition/signal_decomposition.egg-info/SOURCES.txt'
[1.876s] adding license file 'LICENSE'
[1.876s] writing manifest file '../build/signal_decomposition/signal_decomposition.egg-info/SOURCES.txt'
[1.877s] running build
[1.877s] running build_py
[1.877s] running install
[1.877s] /usr/lib/python3/dist-packages/setuptools/command/install.py:34: SetuptoolsDeprecationWarning: setup.py install is deprecated. Use build and pip and other standards-based tools.
[1.877s]   warnings.warn(
[1.878s] running install_lib
[1.879s] running install_data
[1.880s] running install_egg_info
[1.882s] removing '/home/mcr2/ros2_ws/src/install/signal_decomposition/lib/python3.10/site-packages/signal_decomposition-0.0.0-py3.10.egg-info' (and everything under it)
[1.882s] Copying ../build/signal_decomposition/signal_decomposition.egg-info to /home/mcr2/ros2_ws/src/install/signal_decomposition/lib/python3.10/site-packages/signal_decomposition-0.0.0-py3.10.egg-info
[1.883s] running install_scripts
[1.909s] Installing signal_generator script to /home/mcr2/ros2_ws/src/install/signal_decomposition/lib/signal_decomposition
[1.909s] Installing signal_reconstruction script to /home/mcr2/ros2_ws/src/install/signal_decomposition/lib/signal_decomposition
[1.910s] writing list of installed files to '/home/mcr2/ros2_ws/src/build/signal_decomposition/install.log'
[1.959s] Invoked command in '/home/mcr2/ros2_ws/src/signal_decomposition' returned '0': PYTHONPATH=/home/mcr2/ros2_ws/src/build/signal_decomposition/prefix_override:/home/mcr2/ros2_ws/src/install/signal_decomposition/lib/python3.10/site-packages:${PYTHONPATH} /usr/bin/python3 setup.py egg_info --egg-base ../build/signal_decomposition build --build-base /home/mcr2/ros2_ws/src/build/signal_decomposition/build install --record /home/mcr2/ros2_ws/src/build/signal_decomposition/install.log --single-version-externally-managed
