[2.560s] Invoking command in '/home/mcr2/ros2_ws/src/basic_comms': PYTHONPATH=/home/mcr2/ros2_ws/src/build/basic_comms/prefix_override:/home/mcr2/ros2_ws/src/install/basic_comms/lib/python3.10/site-packages:${PYTHONPATH} /usr/bin/python3 setup.py egg_info --egg-base ../build/basic_comms build --build-base /home/mcr2/ros2_ws/src/build/basic_comms/build install --record /home/mcr2/ros2_ws/src/build/basic_comms/install.log --single-version-externally-managed
[2.862s] running egg_info
[2.864s] writing ../build/basic_comms/basic_comms.egg-info/PKG-INFO
[2.865s] writing dependency_links to ../build/basic_comms/basic_comms.egg-info/dependency_links.txt
[2.866s] writing entry points to ../build/basic_comms/basic_comms.egg-info/entry_points.txt
[2.866s] writing requirements to ../build/basic_comms/basic_comms.egg-info/requires.txt
[2.866s] writing top-level names to ../build/basic_comms/basic_comms.egg-info/top_level.txt
[2.868s] reading manifest file '../build/basic_comms/basic_comms.egg-info/SOURCES.txt'
[2.870s] writing manifest file '../build/basic_comms/basic_comms.egg-info/SOURCES.txt'
[2.870s] running build
[2.870s] running build_py
[2.872s] running install
[2.872s] /usr/lib/python3/dist-packages/setuptools/command/install.py:34: SetuptoolsDeprecationWarning: setup.py install is deprecated. Use build and pip and other standards-based tools.
[2.872s]   warnings.warn(
[2.872s] running install_lib
[2.874s] running install_data
[2.876s] running install_egg_info
[2.878s] removing '/home/mcr2/ros2_ws/src/install/basic_comms/lib/python3.10/site-packages/basic_comms-0.0.0-py3.10.egg-info' (and everything under it)
[2.879s] Copying ../build/basic_comms/basic_comms.egg-info to /home/mcr2/ros2_ws/src/install/basic_comms/lib/python3.10/site-packages/basic_comms-0.0.0-py3.10.egg-info
[2.880s] running install_scripts
[2.904s] Installing listener script to /home/mcr2/ros2_ws/src/install/basic_comms/lib/basic_comms
[2.905s] Installing talker script to /home/mcr2/ros2_ws/src/install/basic_comms/lib/basic_comms
[2.906s] writing list of installed files to '/home/mcr2/ros2_ws/src/build/basic_comms/install.log'
[3.545s] Invoked command in '/home/mcr2/ros2_ws/src/basic_comms' returned '0': PYTHONPATH=/home/mcr2/ros2_ws/src/build/basic_comms/prefix_override:/home/mcr2/ros2_ws/src/install/basic_comms/lib/python3.10/site-packages:${PYTHONPATH} /usr/bin/python3 setup.py egg_info --egg-base ../build/basic_comms build --build-base /home/mcr2/ros2_ws/src/build/basic_comms/build install --record /home/mcr2/ros2_ws/src/build/basic_comms/install.log --single-version-externally-managed
