running egg_info
creating build/final_challenge/final_challenge.egg-info
writing build/final_challenge/final_challenge.egg-info/PKG-INFO
writing dependency_links to build/final_challenge/final_challenge.egg-info/dependency_links.txt
writing entry points to build/final_challenge/final_challenge.egg-info/entry_points.txt
writing requirements to build/final_challenge/final_challenge.egg-info/requires.txt
writing top-level names to build/final_challenge/final_challenge.egg-info/top_level.txt
writing manifest file 'build/final_challenge/final_challenge.egg-info/SOURCES.txt'
reading manifest file 'build/final_challenge/final_challenge.egg-info/SOURCES.txt'
writing manifest file 'build/final_challenge/final_challenge.egg-info/SOURCES.txt'
running build
running build_py
creating /home/mcr2/final_challenge/build/final_challenge/build
creating /home/mcr2/final_challenge/build/final_challenge/build/lib
creating /home/mcr2/final_challenge/build/final_challenge/build/lib/final_challenge
copying final_challenge/setpoint.py -> /home/mcr2/final_challenge/build/final_challenge/build/lib/final_challenge
copying final_challenge/__init__.py -> /home/mcr2/final_challenge/build/final_challenge/build/lib/final_challenge
running install
running install_lib
creating /home/mcr2/final_challenge/install/final_challenge/lib/python3.10/site-packages/final_challenge
copying /home/mcr2/final_challenge/build/final_challenge/build/lib/final_challenge/setpoint.py -> /home/mcr2/final_challenge/install/final_challenge/lib/python3.10/site-packages/final_challenge
copying /home/mcr2/final_challenge/build/final_challenge/build/lib/final_challenge/__init__.py -> /home/mcr2/final_challenge/install/final_challenge/lib/python3.10/site-packages/final_challenge
byte-compiling /home/mcr2/final_challenge/install/final_challenge/lib/python3.10/site-packages/final_challenge/setpoint.py to setpoint.cpython-310.pyc
byte-compiling /home/mcr2/final_challenge/install/final_challenge/lib/python3.10/site-packages/final_challenge/__init__.py to __init__.cpython-310.pyc
running install_data
creating /home/mcr2/final_challenge/install/final_challenge/share/ament_index
creating /home/mcr2/final_challenge/install/final_challenge/share/ament_index/resource_index
creating /home/mcr2/final_challenge/install/final_challenge/share/ament_index/resource_index/packages
copying resource/final_challenge -> /home/mcr2/final_challenge/install/final_challenge/share/ament_index/resource_index/packages
copying package.xml -> /home/mcr2/final_challenge/install/final_challenge/share/final_challenge
copying launch/setpoint_launch.py -> /home/mcr2/final_challenge/install/final_challenge/share/final_challenge
creating /home/mcr2/final_challenge/install/final_challenge/share/final_challenge/config
copying config/params.yaml -> /home/mcr2/final_challenge/install/final_challenge/share/final_challenge/config
running install_egg_info
Copying build/final_challenge/final_challenge.egg-info to /home/mcr2/final_challenge/install/final_challenge/lib/python3.10/site-packages/final_challenge-0.0.0-py3.10.egg-info
running install_scripts
Installing setpoint script to /home/mcr2/final_challenge/install/final_challenge/lib/final_challenge
writing list of installed files to '/home/mcr2/final_challenge/build/final_challenge/install.log'
