[0.884s] Invoking command in '/home/mcr2/final_challenge': PYTHONPATH=/home/mcr2/final_challenge/build/final_challenge/prefix_override:/home/mcr2/final_challenge/install/final_challenge/lib/python3.10/site-packages:${PYTHONPATH} /usr/bin/python3 setup.py egg_info --egg-base build/final_challenge build --build-base /home/mcr2/final_challenge/build/final_challenge/build install --record /home/mcr2/final_challenge/build/final_challenge/install.log --single-version-externally-managed
[1.133s] running egg_info
[1.134s] creating build/final_challenge/final_challenge.egg-info
[1.134s] writing build/final_challenge/final_challenge.egg-info/PKG-INFO
[1.134s] writing dependency_links to build/final_challenge/final_challenge.egg-info/dependency_links.txt
[1.135s] writing entry points to build/final_challenge/final_challenge.egg-info/entry_points.txt
[1.135s] writing requirements to build/final_challenge/final_challenge.egg-info/requires.txt
[1.136s] writing top-level names to build/final_challenge/final_challenge.egg-info/top_level.txt
[1.136s] writing manifest file 'build/final_challenge/final_challenge.egg-info/SOURCES.txt'
[1.138s] reading manifest file 'build/final_challenge/final_challenge.egg-info/SOURCES.txt'
[1.138s] writing manifest file 'build/final_challenge/final_challenge.egg-info/SOURCES.txt'
[1.139s] running build
[1.139s] running build_py
[1.140s] creating /home/mcr2/final_challenge/build/final_challenge/build
[1.140s] creating /home/mcr2/final_challenge/build/final_challenge/build/lib
[1.140s] creating /home/mcr2/final_challenge/build/final_challenge/build/lib/final_challenge
[1.140s] copying final_challenge/setpoint.py -> /home/mcr2/final_challenge/build/final_challenge/build/lib/final_challenge
[1.140s] copying final_challenge/__init__.py -> /home/mcr2/final_challenge/build/final_challenge/build/lib/final_challenge
[1.140s] running install
[1.145s] /usr/lib/python3/dist-packages/setuptools/command/install.py:34: SetuptoolsDeprecationWarning: setup.py install is deprecated. Use build and pip and other standards-based tools.
[1.145s]   warnings.warn(
[1.146s] running install_lib
[1.146s] creating /home/mcr2/final_challenge/install/final_challenge/lib/python3.10/site-packages/final_challenge
[1.147s] copying /home/mcr2/final_challenge/build/final_challenge/build/lib/final_challenge/setpoint.py -> /home/mcr2/final_challenge/install/final_challenge/lib/python3.10/site-packages/final_challenge
[1.147s] copying /home/mcr2/final_challenge/build/final_challenge/build/lib/final_challenge/__init__.py -> /home/mcr2/final_challenge/install/final_challenge/lib/python3.10/site-packages/final_challenge
[1.147s] byte-compiling /home/mcr2/final_challenge/install/final_challenge/lib/python3.10/site-packages/final_challenge/setpoint.py to setpoint.cpython-310.pyc
[1.148s] byte-compiling /home/mcr2/final_challenge/install/final_challenge/lib/python3.10/site-packages/final_challenge/__init__.py to __init__.cpython-310.pyc
[1.148s] running install_data
[1.149s] creating /home/mcr2/final_challenge/install/final_challenge/share/ament_index
[1.149s] creating /home/mcr2/final_challenge/install/final_challenge/share/ament_index/resource_index
[1.149s] creating /home/mcr2/final_challenge/install/final_challenge/share/ament_index/resource_index/packages
[1.150s] copying resource/final_challenge -> /home/mcr2/final_challenge/install/final_challenge/share/ament_index/resource_index/packages
[1.150s] copying package.xml -> /home/mcr2/final_challenge/install/final_challenge/share/final_challenge
[1.150s] copying launch/setpoint_launch.py -> /home/mcr2/final_challenge/install/final_challenge/share/final_challenge
[1.150s] creating /home/mcr2/final_challenge/install/final_challenge/share/final_challenge/config
[1.150s] copying config/params.yaml -> /home/mcr2/final_challenge/install/final_challenge/share/final_challenge/config
[1.150s] running install_egg_info
[1.151s] Copying build/final_challenge/final_challenge.egg-info to /home/mcr2/final_challenge/install/final_challenge/lib/python3.10/site-packages/final_challenge-0.0.0-py3.10.egg-info
[1.152s] running install_scripts
[1.175s] Installing setpoint script to /home/mcr2/final_challenge/install/final_challenge/lib/final_challenge
[1.176s] writing list of installed files to '/home/mcr2/final_challenge/build/final_challenge/install.log'
[1.201s] Invoked command in '/home/mcr2/final_challenge' returned '0': PYTHONPATH=/home/mcr2/final_challenge/build/final_challenge/prefix_override:/home/mcr2/final_challenge/install/final_challenge/lib/python3.10/site-packages:${PYTHONPATH} /usr/bin/python3 setup.py egg_info --egg-base build/final_challenge build --build-base /home/mcr2/final_challenge/build/final_challenge/build install --record /home/mcr2/final_challenge/build/final_challenge/install.log --single-version-externally-managed
