[1.086s] Invoking command in '/home/mcr2/ros2_ws/src/courseworks': PYTHONPATH=/home/mcr2/ros2_ws/src/build/courseworks/prefix_override:/home/mcr2/ros2_ws/src/install/courseworks/lib/python3.10/site-packages:${PYTHONPATH} /usr/bin/python3 setup.py egg_info --egg-base ../build/courseworks build --build-base /home/mcr2/ros2_ws/src/build/courseworks/build install --record /home/mcr2/ros2_ws/src/build/courseworks/install.log --single-version-externally-managed
[1.264s] running egg_info
[1.264s] writing ../build/courseworks/courseworks.egg-info/PKG-INFO
[1.264s] writing dependency_links to ../build/courseworks/courseworks.egg-info/dependency_links.txt
[1.265s] writing entry points to ../build/courseworks/courseworks.egg-info/entry_points.txt
[1.265s] writing requirements to ../build/courseworks/courseworks.egg-info/requires.txt
[1.265s] writing top-level names to ../build/courseworks/courseworks.egg-info/top_level.txt
[1.267s] reading manifest file '../build/courseworks/courseworks.egg-info/SOURCES.txt'
[1.268s] writing manifest file '../build/courseworks/courseworks.egg-info/SOURCES.txt'
[1.268s] running build
[1.268s] running build_py
[1.268s] copying courseworks/reconstruction.py -> /home/mcr2/ros2_ws/src/build/courseworks/build/lib/courseworks
[1.268s] running install
[1.269s] /usr/lib/python3/dist-packages/setuptools/command/install.py:34: SetuptoolsDeprecationWarning: setup.py install is deprecated. Use build and pip and other standards-based tools.
[1.269s]   warnings.warn(
[1.269s] running install_lib
[1.269s] copying /home/mcr2/ros2_ws/src/build/courseworks/build/lib/courseworks/reconstruction.py -> /home/mcr2/ros2_ws/src/install/courseworks/lib/python3.10/site-packages/courseworks
[1.270s] byte-compiling /home/mcr2/ros2_ws/src/install/courseworks/lib/python3.10/site-packages/courseworks/reconstruction.py to reconstruction.cpython-310.pyc
[1.270s] running install_data
[1.271s] copying package.xml -> /home/mcr2/ros2_ws/src/install/courseworks/share/courseworks
[1.271s] creating /home/mcr2/ros2_ws/src/install/courseworks/share/courseworks/launch
[1.271s] copying launch/signal_launch.py -> /home/mcr2/ros2_ws/src/install/courseworks/share/courseworks/launch
[1.271s] running install_egg_info
[1.274s] removing '/home/mcr2/ros2_ws/src/install/courseworks/lib/python3.10/site-packages/courseworks-0.0.0-py3.10.egg-info' (and everything under it)
[1.274s] Copying ../build/courseworks/courseworks.egg-info to /home/mcr2/ros2_ws/src/install/courseworks/lib/python3.10/site-packages/courseworks-0.0.0-py3.10.egg-info
[1.274s] running install_scripts
[1.290s] Installing reconstruction script to /home/mcr2/ros2_ws/src/install/courseworks/lib/courseworks
[1.290s] Installing signal_generator script to /home/mcr2/ros2_ws/src/install/courseworks/lib/courseworks
[1.290s] writing list of installed files to '/home/mcr2/ros2_ws/src/build/courseworks/install.log'
[1.309s] Invoked command in '/home/mcr2/ros2_ws/src/courseworks' returned '0': PYTHONPATH=/home/mcr2/ros2_ws/src/build/courseworks/prefix_override:/home/mcr2/ros2_ws/src/install/courseworks/lib/python3.10/site-packages:${PYTHONPATH} /usr/bin/python3 setup.py egg_info --egg-base ../build/courseworks build --build-base /home/mcr2/ros2_ws/src/build/courseworks/build install --record /home/mcr2/ros2_ws/src/build/courseworks/install.log --single-version-externally-managed
