running egg_info
writing ../build/signal_decomposition/signal_decomposition.egg-info/PKG-INFO
writing dependency_links to ../build/signal_decomposition/signal_decomposition.egg-info/dependency_links.txt
writing entry points to ../build/signal_decomposition/signal_decomposition.egg-info/entry_points.txt
writing requirements to ../build/signal_decomposition/signal_decomposition.egg-info/requires.txt
writing top-level names to ../build/signal_decomposition/signal_decomposition.egg-info/top_level.txt
reading manifest file '../build/signal_decomposition/signal_decomposition.egg-info/SOURCES.txt'
adding license file 'LICENSE'
writing manifest file '../build/signal_decomposition/signal_decomposition.egg-info/SOURCES.txt'
running build
running build_py
/usr/lib/python3/dist-packages/setuptools/command/install.py:34: SetuptoolsDeprecationWarning: setup.py install is deprecated. Use build and pip and other standards-based tools.
  warnings.warn(
running install
running install_lib
running install_data
running install_egg_info
removing '/home/mcr2/ros2_ws/src/install/signal_decomposition/lib/python3.10/site-packages/signal_decomposition-0.0.0-py3.10.egg-info' (and everything under it)
Copying ../build/signal_decomposition/signal_decomposition.egg-info to /home/mcr2/ros2_ws/src/install/signal_decomposition/lib/python3.10/site-packages/signal_decomposition-0.0.0-py3.10.egg-info
running install_scripts
Installing signal_generator script to /home/mcr2/ros2_ws/src/install/signal_decomposition/lib/signal_decomposition
Installing signal_reconstruction script to /home/mcr2/ros2_ws/src/install/signal_decomposition/lib/signal_decomposition
writing list of installed files to '/home/mcr2/ros2_ws/src/build/signal_decomposition/install.log'
