[3.480s] Invoking command in '/home/mcr2/ros2_ws/src/courseworks_params': PYTHONPATH=/home/mcr2/ros2_ws/src/build/courseworks_params/prefix_override:/home/mcr2/ros2_ws/src/install/courseworks_params/lib/python3.10/site-packages:${PYTHONPATH} /usr/bin/python3 setup.py egg_info --egg-base ../build/courseworks_params build --build-base /home/mcr2/ros2_ws/src/build/courseworks_params/build install --record /home/mcr2/ros2_ws/src/build/courseworks_params/install.log --single-version-externally-managed
[4.034s] running egg_info
[4.037s] writing ../build/courseworks_params/courseworks_params.egg-info/PKG-INFO
[4.039s] writing dependency_links to ../build/courseworks_params/courseworks_params.egg-info/dependency_links.txt
[4.039s] writing entry points to ../build/courseworks_params/courseworks_params.egg-info/entry_points.txt
[4.040s] writing requirements to ../build/courseworks_params/courseworks_params.egg-info/requires.txt
[4.040s] writing top-level names to ../build/courseworks_params/courseworks_params.egg-info/top_level.txt
[4.044s] reading manifest file '../build/courseworks_params/courseworks_params.egg-info/SOURCES.txt'
[4.048s] adding license file 'LICENSE'
[4.049s] writing manifest file '../build/courseworks_params/courseworks_params.egg-info/SOURCES.txt'
[4.049s] running build
[4.049s] running build_py
[4.051s] running install
[4.051s] /usr/lib/python3/dist-packages/setuptools/command/install.py:34: SetuptoolsDeprecationWarning: setup.py install is deprecated. Use build and pip and other standards-based tools.
[4.052s]   warnings.warn(
[4.052s] running install_lib
[4.058s] running install_data
[4.063s] running install_egg_info
[4.066s] removing '/home/mcr2/ros2_ws/src/install/courseworks_params/lib/python3.10/site-packages/courseworks_params-0.0.0-py3.10.egg-info' (and everything under it)
[4.067s] Copying ../build/courseworks_params/courseworks_params.egg-info to /home/mcr2/ros2_ws/src/install/courseworks_params/lib/python3.10/site-packages/courseworks_params-0.0.0-py3.10.egg-info
[4.070s] running install_scripts
[4.121s] Installing signal_params script to /home/mcr2/ros2_ws/src/install/courseworks_params/lib/courseworks_params
[4.123s] writing list of installed files to '/home/mcr2/ros2_ws/src/build/courseworks_params/install.log'
[4.649s] Invoked command in '/home/mcr2/ros2_ws/src/courseworks_params' returned '0': PYTHONPATH=/home/mcr2/ros2_ws/src/build/courseworks_params/prefix_override:/home/mcr2/ros2_ws/src/install/courseworks_params/lib/python3.10/site-packages:${PYTHONPATH} /usr/bin/python3 setup.py egg_info --egg-base ../build/courseworks_params build --build-base /home/mcr2/ros2_ws/src/build/courseworks_params/build install --record /home/mcr2/ros2_ws/src/build/courseworks_params/install.log --single-version-externally-managed
