[2.336s] Invoking command in '/home/mcr2/ros2_ws/src/signal_decomposition': AMENT_PREFIX_PATH=/home/mcr2/ros2_ws/src/install/signal_msg:${AMENT_PREFIX_PATH} CMAKE_PREFIX_PATH=/home/mcr2/ros2_ws/src/install/signal_msg:${CMAKE_PREFIX_PATH} LD_LIBRARY_PATH=/home/mcr2/ros2_ws/src/install/signal_msg/lib:${LD_LIBRARY_PATH} PYTHONPATH=/home/mcr2/ros2_ws/src/build/signal_decomposition/prefix_override:/home/mcr2/ros2_ws/src/install/signal_decomposition/lib/python3.10/site-packages:/home/mcr2/ros2_ws/src/install/signal_msg/local/lib/python3.10/dist-packages:${PYTHONPATH} /usr/bin/python3 setup.py egg_info --egg-base ../build/signal_decomposition build --build-base /home/mcr2/ros2_ws/src/build/signal_decomposition/build install --record /home/mcr2/ros2_ws/src/build/signal_decomposition/install.log --single-version-externally-managed
[2.681s] running egg_info
[2.683s] writing ../build/signal_decomposition/signal_decomposition.egg-info/PKG-INFO
[2.696s] writing dependency_links to ../build/signal_decomposition/signal_decomposition.egg-info/dependency_links.txt
[2.697s] writing entry points to ../build/signal_decomposition/signal_decomposition.egg-info/entry_points.txt
[2.697s] writing requirements to ../build/signal_decomposition/signal_decomposition.egg-info/requires.txt
[2.697s] writing top-level names to ../build/signal_decomposition/signal_decomposition.egg-info/top_level.txt
[2.700s] reading manifest file '../build/signal_decomposition/signal_decomposition.egg-info/SOURCES.txt'
[2.701s] adding license file 'LICENSE'
[2.702s] writing manifest file '../build/signal_decomposition/signal_decomposition.egg-info/SOURCES.txt'
[2.702s] running build
[2.702s] running build_py
[2.703s] running install
[2.704s] /usr/lib/python3/dist-packages/setuptools/command/install.py:34: SetuptoolsDeprecationWarning: setup.py install is deprecated. Use build and pip and other standards-based tools.
[2.704s]   warnings.warn(
[2.706s] running install_lib
[2.708s] running install_data
[2.712s] running install_egg_info
[2.718s] removing '/home/mcr2/ros2_ws/src/install/signal_decomposition/lib/python3.10/site-packages/signal_decomposition-0.0.0-py3.10.egg-info' (and everything under it)
[2.718s] Copying ../build/signal_decomposition/signal_decomposition.egg-info to /home/mcr2/ros2_ws/src/install/signal_decomposition/lib/python3.10/site-packages/signal_decomposition-0.0.0-py3.10.egg-info
[2.719s] running install_scripts
[2.749s] Installing signal_generator script to /home/mcr2/ros2_ws/src/install/signal_decomposition/lib/signal_decomposition
[2.750s] Installing signal_reconstruction script to /home/mcr2/ros2_ws/src/install/signal_decomposition/lib/signal_decomposition
[2.751s] writing list of installed files to '/home/mcr2/ros2_ws/src/build/signal_decomposition/install.log'
[2.786s] Invoked command in '/home/mcr2/ros2_ws/src/signal_decomposition' returned '0': AMENT_PREFIX_PATH=/home/mcr2/ros2_ws/src/install/signal_msg:${AMENT_PREFIX_PATH} CMAKE_PREFIX_PATH=/home/mcr2/ros2_ws/src/install/signal_msg:${CMAKE_PREFIX_PATH} LD_LIBRARY_PATH=/home/mcr2/ros2_ws/src/install/signal_msg/lib:${LD_LIBRARY_PATH} PYTHONPATH=/home/mcr2/ros2_ws/src/build/signal_decomposition/prefix_override:/home/mcr2/ros2_ws/src/install/signal_decomposition/lib/python3.10/site-packages:/home/mcr2/ros2_ws/src/install/signal_msg/local/lib/python3.10/dist-packages:${PYTHONPATH} /usr/bin/python3 setup.py egg_info --egg-base ../build/signal_decomposition build --build-base /home/mcr2/ros2_ws/src/build/signal_decomposition/build install --record /home/mcr2/ros2_ws/src/build/signal_decomposition/install.log --single-version-externally-managed
