running egg_info
writing ../build/sphere_msgs/sphere_msgs.egg-info/PKG-INFO
writing dependency_links to ../build/sphere_msgs/sphere_msgs.egg-info/dependency_links.txt
writing entry points to ../build/sphere_msgs/sphere_msgs.egg-info/entry_points.txt
writing requirements to ../build/sphere_msgs/sphere_msgs.egg-info/requires.txt
writing top-level names to ../build/sphere_msgs/sphere_msgs.egg-info/top_level.txt
reading manifest file '../build/sphere_msgs/sphere_msgs.egg-info/SOURCES.txt'
adding license file 'LICENSE'
writing manifest file '../build/sphere_msgs/sphere_msgs.egg-info/SOURCES.txt'
running build
running build_py
running install
/usr/lib/python3/dist-packages/setuptools/command/install.py:34: SetuptoolsDeprecationWarning: setup.py install is deprecated. Use build and pip and other standards-based tools.
  warnings.warn(
running install_lib
running install_data
running install_egg_info
removing '/home/mcr2/ros2_ws/src/install/sphere_msgs/lib/python3.10/site-packages/sphere_msgs-0.0.0-py3.10.egg-info' (and everything under it)
Copying ../build/sphere_msgs/sphere_msgs.egg-info to /home/mcr2/ros2_ws/src/install/sphere_msgs/lib/python3.10/site-packages/sphere_msgs-0.0.0-py3.10.egg-info
running install_scripts
Installing sphere_node script to /home/mcr2/ros2_ws/src/install/sphere_msgs/lib/sphere_msgs
writing list of installed files to '/home/mcr2/ros2_ws/src/build/sphere_msgs/install.log'
