[0.383s] Invoking command in '/home/mcr2/ros2_ws/src/build/signal_msg': CMAKE_PREFIX_PATH=${CMAKE_PREFIX_PATH}:/opt/ros/humble /usr/bin/cmake --build /home/mcr2/ros2_ws/src/build/signal_msg -- -j6 -l6
[1.321s] [  3%] Built target signal_msg__cpp
[1.322s] [ 12%] Built target signal_msg__rosidl_generator_c
[1.322s] [ 12%] Built target ament_cmake_python_copy_signal_msg
[1.322s] [ 22%] Built target signal_msg__rosidl_typesupport_fastrtps_cpp
[1.322s] [ 32%] Built target signal_msg__rosidl_typesupport_introspection_cpp
[1.323s] [ 41%] Built target signal_msg__rosidl_typesupport_fastrtps_c
[1.323s] [ 51%] Built target signal_msg__rosidl_typesupport_introspection_c
[1.323s] [ 61%] Built target signal_msg__rosidl_typesupport_cpp
[1.323s] [ 70%] Built target signal_msg__rosidl_typesupport_c
[1.323s] [ 70%] Built target signal_msg
[1.323s] [ 74%] Built target signal_msg__py
[1.323s] [ 80%] Built target signal_msg__rosidl_generator_py
[1.323s] [ 87%] Built target signal_msg__rosidl_typesupport_fastrtps_c__pyext
[1.324s] [ 93%] Built target signal_msg__rosidl_typesupport_introspection_c__pyext
[1.324s] [100%] Built target signal_msg__rosidl_typesupport_c__pyext
[1.324s] running egg_info
[1.324s] writing signal_msg.egg-info/PKG-INFO
[1.324s] writing dependency_links to signal_msg.egg-info/dependency_links.txt
[1.324s] writing top-level names to signal_msg.egg-info/top_level.txt
[1.324s] reading manifest file 'signal_msg.egg-info/SOURCES.txt'
[1.325s] writing manifest file 'signal_msg.egg-info/SOURCES.txt'
[1.325s] [100%] Built target ament_cmake_python_build_signal_msg_egg
[1.326s] Invoked command in '/home/mcr2/ros2_ws/src/build/signal_msg' returned '0': CMAKE_PREFIX_PATH=${CMAKE_PREFIX_PATH}:/opt/ros/humble /usr/bin/cmake --build /home/mcr2/ros2_ws/src/build/signal_msg -- -j6 -l6
[1.639s] Invoking command in '/home/mcr2/ros2_ws/src/build/signal_msg': CMAKE_PREFIX_PATH=${CMAKE_PREFIX_PATH}:/opt/ros/humble /usr/bin/cmake --install /home/mcr2/ros2_ws/src/build/signal_msg
[1.657s] -- Install configuration: ""
[1.657s] -- Up-to-date: /home/mcr2/ros2_ws/src/install/signal_msg/share/ament_index/resource_index/rosidl_interfaces/signal_msg
[1.658s] -- Up-to-date: /home/mcr2/ros2_ws/src/install/signal_msg/include/signal_msg/signal_msg
[1.658s] -- Up-to-date: /home/mcr2/ros2_ws/src/install/signal_msg/include/signal_msg/signal_msg/msg
[1.658s] -- Up-to-date: /home/mcr2/ros2_ws/src/install/signal_msg/include/signal_msg/signal_msg/msg/signal_decomposed.h
[1.658s] -- Up-to-date: /home/mcr2/ros2_ws/src/install/signal_msg/include/signal_msg/signal_msg/msg/detail
[1.658s] -- Up-to-date: /home/mcr2/ros2_ws/src/install/signal_msg/include/signal_msg/signal_msg/msg/detail/signal_decomposed__functions.h
[1.658s] -- Up-to-date: /home/mcr2/ros2_ws/src/install/signal_msg/include/signal_msg/signal_msg/msg/detail/signal_decomposed__type_support.h
[1.658s] -- Up-to-date: /home/mcr2/ros2_ws/src/install/signal_msg/include/signal_msg/signal_msg/msg/detail/signal_decomposed__functions.c
[1.658s] -- Up-to-date: /home/mcr2/ros2_ws/src/install/signal_msg/include/signal_msg/signal_msg/msg/detail/signal_decomposed__struct.h
[1.658s] -- Up-to-date: /home/mcr2/ros2_ws/src/install/signal_msg/include/signal_msg/signal_msg/msg/rosidl_generator_c__visibility_control.h
[1.658s] -- Up-to-date: /home/mcr2/ros2_ws/src/install/signal_msg/share/signal_msg/environment/library_path.sh
[1.658s] -- Up-to-date: /home/mcr2/ros2_ws/src/install/signal_msg/share/signal_msg/environment/library_path.dsv
[1.659s] -- Up-to-date: /home/mcr2/ros2_ws/src/install/signal_msg/lib/libsignal_msg__rosidl_generator_c.so
[1.659s] -- Up-to-date: /home/mcr2/ros2_ws/src/install/signal_msg/include/signal_msg/signal_msg
[1.659s] -- Up-to-date: /home/mcr2/ros2_ws/src/install/signal_msg/include/signal_msg/signal_msg/msg
[1.659s] -- Up-to-date: /home/mcr2/ros2_ws/src/install/signal_msg/include/signal_msg/signal_msg/msg/rosidl_typesupport_fastrtps_c__visibility_control.h
[1.659s] -- Up-to-date: /home/mcr2/ros2_ws/src/install/signal_msg/include/signal_msg/signal_msg/msg/detail
[1.659s] -- Up-to-date: /home/mcr2/ros2_ws/src/install/signal_msg/include/signal_msg/signal_msg/msg/detail/signal_decomposed__rosidl_typesupport_fastrtps_c.h
[1.659s] -- Up-to-date: /home/mcr2/ros2_ws/src/install/signal_msg/lib/libsignal_msg__rosidl_typesupport_fastrtps_c.so
[1.660s] -- Up-to-date: /home/mcr2/ros2_ws/src/install/signal_msg/include/signal_msg/signal_msg
[1.660s] -- Up-to-date: /home/mcr2/ros2_ws/src/install/signal_msg/include/signal_msg/signal_msg/msg
[1.660s] -- Up-to-date: /home/mcr2/ros2_ws/src/install/signal_msg/include/signal_msg/signal_msg/msg/detail
[1.660s] -- Up-to-date: /home/mcr2/ros2_ws/src/install/signal_msg/include/signal_msg/signal_msg/msg/detail/signal_decomposed__struct.hpp
[1.660s] -- Up-to-date: /home/mcr2/ros2_ws/src/install/signal_msg/include/signal_msg/signal_msg/msg/detail/signal_decomposed__traits.hpp
[1.660s] -- Up-to-date: /home/mcr2/ros2_ws/src/install/signal_msg/include/signal_msg/signal_msg/msg/detail/signal_decomposed__builder.hpp
[1.660s] -- Up-to-date: /home/mcr2/ros2_ws/src/install/signal_msg/include/signal_msg/signal_msg/msg/signal_decomposed.hpp
[1.660s] -- Up-to-date: /home/mcr2/ros2_ws/src/install/signal_msg/include/signal_msg/signal_msg
[1.660s] -- Up-to-date: /home/mcr2/ros2_ws/src/install/signal_msg/include/signal_msg/signal_msg/msg
[1.660s] -- Up-to-date: /home/mcr2/ros2_ws/src/install/signal_msg/include/signal_msg/signal_msg/msg/rosidl_typesupport_fastrtps_cpp__visibility_control.h
[1.660s] -- Up-to-date: /home/mcr2/ros2_ws/src/install/signal_msg/include/signal_msg/signal_msg/msg/detail
[1.660s] -- Up-to-date: /home/mcr2/ros2_ws/src/install/signal_msg/include/signal_msg/signal_msg/msg/detail/dds_fastrtps
[1.660s] -- Up-to-date: /home/mcr2/ros2_ws/src/install/signal_msg/include/signal_msg/signal_msg/msg/detail/signal_decomposed__rosidl_typesupport_fastrtps_cpp.hpp
[1.660s] -- Up-to-date: /home/mcr2/ros2_ws/src/install/signal_msg/lib/libsignal_msg__rosidl_typesupport_fastrtps_cpp.so
[1.661s] -- Up-to-date: /home/mcr2/ros2_ws/src/install/signal_msg/include/signal_msg/signal_msg
[1.661s] -- Up-to-date: /home/mcr2/ros2_ws/src/install/signal_msg/include/signal_msg/signal_msg/msg
[1.666s] -- Up-to-date: /home/mcr2/ros2_ws/src/install/signal_msg/include/signal_msg/signal_msg/msg/rosidl_typesupport_introspection_c__visibility_control.h
[1.666s] -- Up-to-date: /home/mcr2/ros2_ws/src/install/signal_msg/include/signal_msg/signal_msg/msg/detail
[1.666s] -- Up-to-date: /home/mcr2/ros2_ws/src/install/signal_msg/include/signal_msg/signal_msg/msg/detail/signal_decomposed__rosidl_typesupport_introspection_c.h
[1.666s] -- Up-to-date: /home/mcr2/ros2_ws/src/install/signal_msg/include/signal_msg/signal_msg/msg/detail/signal_decomposed__type_support.c
[1.666s] -- Up-to-date: /home/mcr2/ros2_ws/src/install/signal_msg/lib/libsignal_msg__rosidl_typesupport_introspection_c.so
[1.666s] -- Up-to-date: /home/mcr2/ros2_ws/src/install/signal_msg/lib/libsignal_msg__rosidl_typesupport_c.so
[1.666s] -- Up-to-date: /home/mcr2/ros2_ws/src/install/signal_msg/include/signal_msg/signal_msg
[1.666s] -- Up-to-date: /home/mcr2/ros2_ws/src/install/signal_msg/include/signal_msg/signal_msg/msg
[1.666s] -- Up-to-date: /home/mcr2/ros2_ws/src/install/signal_msg/include/signal_msg/signal_msg/msg/detail
[1.666s] -- Up-to-date: /home/mcr2/ros2_ws/src/install/signal_msg/include/signal_msg/signal_msg/msg/detail/signal_decomposed__type_support.cpp
[1.666s] -- Up-to-date: /home/mcr2/ros2_ws/src/install/signal_msg/include/signal_msg/signal_msg/msg/detail/signal_decomposed__rosidl_typesupport_introspection_cpp.hpp
[1.666s] -- Up-to-date: /home/mcr2/ros2_ws/src/install/signal_msg/lib/libsignal_msg__rosidl_typesupport_introspection_cpp.so
[1.666s] -- Up-to-date: /home/mcr2/ros2_ws/src/install/signal_msg/lib/libsignal_msg__rosidl_typesupport_cpp.so
[1.666s] -- Up-to-date: /home/mcr2/ros2_ws/src/install/signal_msg/share/signal_msg/environment/pythonpath.sh
[1.667s] -- Up-to-date: /home/mcr2/ros2_ws/src/install/signal_msg/share/signal_msg/environment/pythonpath.dsv
[1.667s] -- Up-to-date: /home/mcr2/ros2_ws/src/install/signal_msg/local/lib/python3.10/dist-packages/signal_msg-0.0.0-py3.10.egg-info
[1.667s] -- Installing: /home/mcr2/ros2_ws/src/install/signal_msg/local/lib/python3.10/dist-packages/signal_msg-0.0.0-py3.10.egg-info/PKG-INFO
[1.667s] -- Installing: /home/mcr2/ros2_ws/src/install/signal_msg/local/lib/python3.10/dist-packages/signal_msg-0.0.0-py3.10.egg-info/top_level.txt
[1.667s] -- Installing: /home/mcr2/ros2_ws/src/install/signal_msg/local/lib/python3.10/dist-packages/signal_msg-0.0.0-py3.10.egg-info/SOURCES.txt
[1.667s] -- Installing: /home/mcr2/ros2_ws/src/install/signal_msg/local/lib/python3.10/dist-packages/signal_msg-0.0.0-py3.10.egg-info/dependency_links.txt
[1.667s] -- Up-to-date: /home/mcr2/ros2_ws/src/install/signal_msg/local/lib/python3.10/dist-packages/signal_msg
[1.667s] -- Up-to-date: /home/mcr2/ros2_ws/src/install/signal_msg/local/lib/python3.10/dist-packages/signal_msg/signal_msg_s__rosidl_typesupport_fastrtps_c.cpython-310-x86_64-linux-gnu.so
[1.667s] -- Up-to-date: /home/mcr2/ros2_ws/src/install/signal_msg/local/lib/python3.10/dist-packages/signal_msg/_signal_msg_s.ep.rosidl_typesupport_fastrtps_c.c
[1.667s] -- Up-to-date: /home/mcr2/ros2_ws/src/install/signal_msg/local/lib/python3.10/dist-packages/signal_msg/signal_msg_s__rosidl_typesupport_introspection_c.cpython-310-x86_64-linux-gnu.so
[1.668s] -- Up-to-date: /home/mcr2/ros2_ws/src/install/signal_msg/local/lib/python3.10/dist-packages/signal_msg/signal_msg_s__rosidl_typesupport_c.cpython-310-x86_64-linux-gnu.so
[1.668s] -- Up-to-date: /home/mcr2/ros2_ws/src/install/signal_msg/local/lib/python3.10/dist-packages/signal_msg/_signal_msg_s.ep.rosidl_typesupport_c.c
[1.668s] -- Up-to-date: /home/mcr2/ros2_ws/src/install/signal_msg/local/lib/python3.10/dist-packages/signal_msg/_signal_msg_s.ep.rosidl_typesupport_introspection_c.c
[1.668s] -- Up-to-date: /home/mcr2/ros2_ws/src/install/signal_msg/local/lib/python3.10/dist-packages/signal_msg/libsignal_msg__rosidl_generator_py.so
[1.668s] -- Up-to-date: /home/mcr2/ros2_ws/src/install/signal_msg/local/lib/python3.10/dist-packages/signal_msg/msg
[1.668s] -- Up-to-date: /home/mcr2/ros2_ws/src/install/signal_msg/local/lib/python3.10/dist-packages/signal_msg/msg/_signal_decomposed_s.c
[1.668s] -- Up-to-date: /home/mcr2/ros2_ws/src/install/signal_msg/local/lib/python3.10/dist-packages/signal_msg/msg/_signal_decomposed.py
[1.668s] -- Up-to-date: /home/mcr2/ros2_ws/src/install/signal_msg/local/lib/python3.10/dist-packages/signal_msg/msg/__init__.py
[1.668s] -- Up-to-date: /home/mcr2/ros2_ws/src/install/signal_msg/local/lib/python3.10/dist-packages/signal_msg/__init__.py
[1.714s] Listing '/home/mcr2/ros2_ws/src/install/signal_msg/local/lib/python3.10/dist-packages/signal_msg'...
[1.714s] Listing '/home/mcr2/ros2_ws/src/install/signal_msg/local/lib/python3.10/dist-packages/signal_msg/msg'...
[1.719s] -- Up-to-date: /home/mcr2/ros2_ws/src/install/signal_msg/local/lib/python3.10/dist-packages/signal_msg/signal_msg_s__rosidl_typesupport_fastrtps_c.cpython-310-x86_64-linux-gnu.so
[1.719s] -- Up-to-date: /home/mcr2/ros2_ws/src/install/signal_msg/local/lib/python3.10/dist-packages/signal_msg/signal_msg_s__rosidl_typesupport_introspection_c.cpython-310-x86_64-linux-gnu.so
[1.719s] -- Up-to-date: /home/mcr2/ros2_ws/src/install/signal_msg/local/lib/python3.10/dist-packages/signal_msg/signal_msg_s__rosidl_typesupport_c.cpython-310-x86_64-linux-gnu.so
[1.720s] -- Up-to-date: /home/mcr2/ros2_ws/src/install/signal_msg/lib/libsignal_msg__rosidl_generator_py.so
[1.720s] -- Up-to-date: /home/mcr2/ros2_ws/src/install/signal_msg/share/signal_msg/msg/SignalDecomposed.idl
[1.720s] -- Up-to-date: /home/mcr2/ros2_ws/src/install/signal_msg/share/signal_msg/msg/SignalDecomposed.msg
[1.720s] -- Up-to-date: /home/mcr2/ros2_ws/src/install/signal_msg/share/ament_index/resource_index/package_run_dependencies/signal_msg
[1.720s] -- Up-to-date: /home/mcr2/ros2_ws/src/install/signal_msg/share/ament_index/resource_index/parent_prefix_path/signal_msg
[1.720s] -- Up-to-date: /home/mcr2/ros2_ws/src/install/signal_msg/share/signal_msg/environment/ament_prefix_path.sh
[1.721s] -- Up-to-date: /home/mcr2/ros2_ws/src/install/signal_msg/share/signal_msg/environment/ament_prefix_path.dsv
[1.721s] -- Up-to-date: /home/mcr2/ros2_ws/src/install/signal_msg/share/signal_msg/environment/path.sh
[1.721s] -- Up-to-date: /home/mcr2/ros2_ws/src/install/signal_msg/share/signal_msg/environment/path.dsv
[1.721s] -- Up-to-date: /home/mcr2/ros2_ws/src/install/signal_msg/share/signal_msg/local_setup.bash
[1.721s] -- Up-to-date: /home/mcr2/ros2_ws/src/install/signal_msg/share/signal_msg/local_setup.sh
[1.721s] -- Up-to-date: /home/mcr2/ros2_ws/src/install/signal_msg/share/signal_msg/local_setup.zsh
[1.721s] -- Up-to-date: /home/mcr2/ros2_ws/src/install/signal_msg/share/signal_msg/local_setup.dsv
[1.721s] -- Installing: /home/mcr2/ros2_ws/src/install/signal_msg/share/signal_msg/package.dsv
[1.721s] -- Up-to-date: /home/mcr2/ros2_ws/src/install/signal_msg/share/ament_index/resource_index/packages/signal_msg
[1.721s] -- Up-to-date: /home/mcr2/ros2_ws/src/install/signal_msg/share/signal_msg/cmake/export_signal_msg__rosidl_generator_cExport.cmake
[1.721s] -- Up-to-date: /home/mcr2/ros2_ws/src/install/signal_msg/share/signal_msg/cmake/export_signal_msg__rosidl_generator_cExport-noconfig.cmake
[1.722s] -- Up-to-date: /home/mcr2/ros2_ws/src/install/signal_msg/share/signal_msg/cmake/export_signal_msg__rosidl_typesupport_fastrtps_cExport.cmake
[1.722s] -- Up-to-date: /home/mcr2/ros2_ws/src/install/signal_msg/share/signal_msg/cmake/export_signal_msg__rosidl_typesupport_fastrtps_cExport-noconfig.cmake
[1.722s] -- Up-to-date: /home/mcr2/ros2_ws/src/install/signal_msg/share/signal_msg/cmake/export_signal_msg__rosidl_generator_cppExport.cmake
[1.722s] -- Up-to-date: /home/mcr2/ros2_ws/src/install/signal_msg/share/signal_msg/cmake/export_signal_msg__rosidl_typesupport_fastrtps_cppExport.cmake
[1.722s] -- Up-to-date: /home/mcr2/ros2_ws/src/install/signal_msg/share/signal_msg/cmake/export_signal_msg__rosidl_typesupport_fastrtps_cppExport-noconfig.cmake
[1.722s] -- Up-to-date: /home/mcr2/ros2_ws/src/install/signal_msg/share/signal_msg/cmake/signal_msg__rosidl_typesupport_introspection_cExport.cmake
[1.722s] -- Up-to-date: /home/mcr2/ros2_ws/src/install/signal_msg/share/signal_msg/cmake/signal_msg__rosidl_typesupport_introspection_cExport-noconfig.cmake
[1.722s] -- Up-to-date: /home/mcr2/ros2_ws/src/install/signal_msg/share/signal_msg/cmake/signal_msg__rosidl_typesupport_cExport.cmake
[1.722s] -- Up-to-date: /home/mcr2/ros2_ws/src/install/signal_msg/share/signal_msg/cmake/signal_msg__rosidl_typesupport_cExport-noconfig.cmake
[1.722s] -- Up-to-date: /home/mcr2/ros2_ws/src/install/signal_msg/share/signal_msg/cmake/signal_msg__rosidl_typesupport_introspection_cppExport.cmake
[1.722s] -- Up-to-date: /home/mcr2/ros2_ws/src/install/signal_msg/share/signal_msg/cmake/signal_msg__rosidl_typesupport_introspection_cppExport-noconfig.cmake
[1.723s] -- Up-to-date: /home/mcr2/ros2_ws/src/install/signal_msg/share/signal_msg/cmake/signal_msg__rosidl_typesupport_cppExport.cmake
[1.723s] -- Up-to-date: /home/mcr2/ros2_ws/src/install/signal_msg/share/signal_msg/cmake/signal_msg__rosidl_typesupport_cppExport-noconfig.cmake
[1.723s] -- Up-to-date: /home/mcr2/ros2_ws/src/install/signal_msg/share/signal_msg/cmake/export_signal_msg__rosidl_generator_pyExport.cmake
[1.723s] -- Up-to-date: /home/mcr2/ros2_ws/src/install/signal_msg/share/signal_msg/cmake/export_signal_msg__rosidl_generator_pyExport-noconfig.cmake
[1.723s] -- Up-to-date: /home/mcr2/ros2_ws/src/install/signal_msg/share/signal_msg/cmake/rosidl_cmake-extras.cmake
[1.723s] -- Up-to-date: /home/mcr2/ros2_ws/src/install/signal_msg/share/signal_msg/cmake/ament_cmake_export_dependencies-extras.cmake
[1.723s] -- Up-to-date: /home/mcr2/ros2_ws/src/install/signal_msg/share/signal_msg/cmake/ament_cmake_export_include_directories-extras.cmake
[1.723s] -- Up-to-date: /home/mcr2/ros2_ws/src/install/signal_msg/share/signal_msg/cmake/ament_cmake_export_libraries-extras.cmake
[1.723s] -- Up-to-date: /home/mcr2/ros2_ws/src/install/signal_msg/share/signal_msg/cmake/ament_cmake_export_targets-extras.cmake
[1.723s] -- Up-to-date: /home/mcr2/ros2_ws/src/install/signal_msg/share/signal_msg/cmake/rosidl_cmake_export_typesupport_targets-extras.cmake
[1.723s] -- Up-to-date: /home/mcr2/ros2_ws/src/install/signal_msg/share/signal_msg/cmake/rosidl_cmake_export_typesupport_libraries-extras.cmake
[1.723s] -- Up-to-date: /home/mcr2/ros2_ws/src/install/signal_msg/share/signal_msg/cmake/signal_msgConfig.cmake
[1.723s] -- Up-to-date: /home/mcr2/ros2_ws/src/install/signal_msg/share/signal_msg/cmake/signal_msgConfig-version.cmake
[1.723s] -- Up-to-date: /home/mcr2/ros2_ws/src/install/signal_msg/share/signal_msg/package.xml
[1.811s] Invoked command in '/home/mcr2/ros2_ws/src/build/signal_msg' returned '0': CMAKE_PREFIX_PATH=${CMAKE_PREFIX_PATH}:/opt/ros/humble /usr/bin/cmake --install /home/mcr2/ros2_ws/src/build/signal_msg
