[1.122s] DEBUG:colcon:Command line arguments: ['/usr/bin/colcon', 'build']
[1.122s] DEBUG:colcon:Parsed command line arguments: Namespace(log_base=None, log_level=None, verb_name='build', build_base='build', install_base='install', merge_install=False, symlink_install=False, test_result_base=None, continue_on_error=False, executor='parallel', parallel_workers=6, event_handlers=None, ignore_user_meta=False, metas=['./colcon.meta'], base_paths=['.'], packages_ignore=None, packages_ignore_regex=None, paths=None, packages_up_to=None, packages_up_to_regex=None, packages_above=None, packages_above_and_dependencies=None, packages_above_depth=None, packages_select_by_dep=None, packages_skip_by_dep=None, packages_skip_up_to=None, packages_select_build_failed=False, packages_skip_build_finished=False, packages_select_test_failures=False, packages_skip_test_passed=False, packages_select=None, packages_skip=None, packages_select_regex=None, packages_skip_regex=None, packages_start=None, packages_end=None, allow_overriding=[], cmake_args=None, cmake_target=None, cmake_target_skip_unavailable=False, cmake_clean_cache=False, cmake_clean_first=False, cmake_force_configure=False, ament_cmake_args=None, catkin_cmake_args=None, catkin_skip_building_tests=False, verb_parser=<colcon_defaults.argument_parser.defaults.DefaultArgumentsDecorator object at 0x7f0820d817e0>, verb_extension=<colcon_core.verb.build.BuildVerb object at 0x7f0820d65990>, main=<bound method BuildVerb.main of <colcon_core.verb.build.BuildVerb object at 0x7f0820d65990>>)
[1.187s] Level 1:colcon.colcon_core.package_discovery:discover_packages(colcon_meta) check parameters
[1.187s] Level 1:colcon.colcon_core.package_discovery:discover_packages(recursive) check parameters
[1.187s] Level 1:colcon.colcon_core.package_discovery:discover_packages(ignore) check parameters
[1.187s] Level 1:colcon.colcon_core.package_discovery:discover_packages(path) check parameters
[1.187s] Level 1:colcon.colcon_core.package_discovery:discover_packages(colcon_meta) discover
[1.188s] Level 1:colcon.colcon_core.package_discovery:discover_packages(recursive) discover
[1.188s] INFO:colcon.colcon_core.package_discovery:Crawling recursively for packages in '/home/mcr2/ros2_ws/src/basic_comms'
[1.188s] Level 1:colcon.colcon_core.package_identification:_identify(.) by extensions ['ignore', 'ignore_ament_install']
[1.188s] Level 1:colcon.colcon_core.package_identification:_identify(.) by extension 'ignore'
[1.188s] Level 1:colcon.colcon_core.package_identification:_identify(.) by extension 'ignore_ament_install'
[1.188s] Level 1:colcon.colcon_core.package_identification:_identify(.) by extensions ['colcon_pkg']
[1.188s] Level 1:colcon.colcon_core.package_identification:_identify(.) by extension 'colcon_pkg'
[1.188s] Level 1:colcon.colcon_core.package_identification:_identify(.) by extensions ['colcon_meta']
[1.188s] Level 1:colcon.colcon_core.package_identification:_identify(.) by extension 'colcon_meta'
[1.188s] Level 1:colcon.colcon_core.package_identification:_identify(.) by extensions ['ros']
[1.188s] Level 1:colcon.colcon_core.package_identification:_identify(.) by extension 'ros'
[1.202s] DEBUG:colcon.colcon_core.package_identification:Package '.' with type 'ros.ament_python' and name 'basic_comms'
[1.203s] Level 1:colcon.colcon_core.package_discovery:discover_packages(recursive) using defaults
[1.203s] Level 1:colcon.colcon_core.package_discovery:discover_packages(ignore) discover
[1.203s] Level 1:colcon.colcon_core.package_discovery:discover_packages(ignore) using defaults
[1.203s] Level 1:colcon.colcon_core.package_discovery:discover_packages(path) discover
[1.203s] Level 1:colcon.colcon_core.package_discovery:discover_packages(path) using defaults
[1.286s] Level 1:colcon.colcon_core.package_discovery:discover_packages(prefix_path) check parameters
[1.286s] Level 1:colcon.colcon_core.package_discovery:discover_packages(prefix_path) discover
[1.311s] DEBUG:colcon.colcon_installed_package_information.package_discovery:Found 18 installed packages in /home/mcr2/ros2_utilities_ws/install
[1.323s] DEBUG:colcon.colcon_installed_package_information.package_discovery:Found 347 installed packages in /opt/ros/humble
[1.324s] Level 1:colcon.colcon_core.package_discovery:discover_packages(prefix_path) using defaults
[1.424s] Level 5:colcon.colcon_core.verb:set package 'basic_comms' build argument 'cmake_args' from command line to 'None'
[1.424s] Level 5:colcon.colcon_core.verb:set package 'basic_comms' build argument 'cmake_target' from command line to 'None'
[1.424s] Level 5:colcon.colcon_core.verb:set package 'basic_comms' build argument 'cmake_target_skip_unavailable' from command line to 'False'
[1.424s] Level 5:colcon.colcon_core.verb:set package 'basic_comms' build argument 'cmake_clean_cache' from command line to 'False'
[1.424s] Level 5:colcon.colcon_core.verb:set package 'basic_comms' build argument 'cmake_clean_first' from command line to 'False'
[1.424s] Level 5:colcon.colcon_core.verb:set package 'basic_comms' build argument 'cmake_force_configure' from command line to 'False'
[1.424s] Level 5:colcon.colcon_core.verb:set package 'basic_comms' build argument 'ament_cmake_args' from command line to 'None'
[1.424s] Level 5:colcon.colcon_core.verb:set package 'basic_comms' build argument 'catkin_cmake_args' from command line to 'None'
[1.424s] Level 5:colcon.colcon_core.verb:set package 'basic_comms' build argument 'catkin_skip_building_tests' from command line to 'False'
[1.424s] DEBUG:colcon.colcon_core.verb:Building package 'basic_comms' with the following arguments: {'ament_cmake_args': None, 'build_base': '/home/mcr2/ros2_ws/src/basic_comms/build/basic_comms', 'catkin_cmake_args': None, 'catkin_skip_building_tests': False, 'cmake_args': None, 'cmake_clean_cache': False, 'cmake_clean_first': False, 'cmake_force_configure': False, 'cmake_target': None, 'cmake_target_skip_unavailable': False, 'install_base': '/home/mcr2/ros2_ws/src/basic_comms/install/basic_comms', 'merge_install': False, 'path': '/home/mcr2/ros2_ws/src/basic_comms', 'symlink_install': False, 'test_result_base': None}
[1.435s] INFO:colcon.colcon_core.executor:Executing jobs using 'parallel' executor
[1.447s] DEBUG:colcon.colcon_parallel_executor.executor.parallel:run_until_complete
[1.447s] INFO:colcon.colcon_ros.task.ament_python.build:Building ROS package in '/home/mcr2/ros2_ws/src/basic_comms' with build type 'ament_python'
[1.447s] Level 1:colcon.colcon_core.shell:create_environment_hook('basic_comms', 'ament_prefix_path')
[1.463s] INFO:colcon.colcon_core.plugin_system:Skipping extension 'colcon_core.shell.bat': Not used on non-Windows systems
[1.463s] INFO:colcon.colcon_core.shell:Creating environment hook '/home/mcr2/ros2_ws/src/basic_comms/install/basic_comms/share/basic_comms/hook/ament_prefix_path.ps1'
[1.465s] INFO:colcon.colcon_core.shell:Creating environment descriptor '/home/mcr2/ros2_ws/src/basic_comms/install/basic_comms/share/basic_comms/hook/ament_prefix_path.dsv'
[1.466s] INFO:colcon.colcon_core.shell:Creating environment hook '/home/mcr2/ros2_ws/src/basic_comms/install/basic_comms/share/basic_comms/hook/ament_prefix_path.sh'
[1.484s] INFO:colcon.colcon_core.shell:Skip shell extension 'powershell' for command environment: Not usable outside of PowerShell
[1.484s] DEBUG:colcon.colcon_core.shell:Skip shell extension 'dsv' for command environment
[1.737s] INFO:colcon.colcon_core.task.python.build:Building Python package in '/home/mcr2/ros2_ws/src/basic_comms'
[1.753s] INFO:colcon.colcon_core.shell:Skip shell extension 'powershell' for command environment: Not usable outside of PowerShell
[1.753s] DEBUG:colcon.colcon_core.shell:Skip shell extension 'dsv' for command environment
[2.206s] DEBUG:colcon.colcon_core.event_handler.log_command:Invoking command in '/home/mcr2/ros2_ws/src/basic_comms': PYTHONPATH=/home/mcr2/ros2_ws/src/basic_comms/build/basic_comms/prefix_override:/home/mcr2/ros2_ws/src/basic_comms/install/basic_comms/lib/python3.10/site-packages:${PYTHONPATH} /usr/bin/python3 setup.py egg_info --egg-base build/basic_comms build --build-base /home/mcr2/ros2_ws/src/basic_comms/build/basic_comms/build install --record /home/mcr2/ros2_ws/src/basic_comms/build/basic_comms/install.log --single-version-externally-managed
[2.502s] DEBUG:colcon.colcon_core.event_handler.log_command:Invoked command in '/home/mcr2/ros2_ws/src/basic_comms' returned '0': PYTHONPATH=/home/mcr2/ros2_ws/src/basic_comms/build/basic_comms/prefix_override:/home/mcr2/ros2_ws/src/basic_comms/install/basic_comms/lib/python3.10/site-packages:${PYTHONPATH} /usr/bin/python3 setup.py egg_info --egg-base build/basic_comms build --build-base /home/mcr2/ros2_ws/src/basic_comms/build/basic_comms/build install --record /home/mcr2/ros2_ws/src/basic_comms/build/basic_comms/install.log --single-version-externally-managed
[2.521s] Level 1:colcon.colcon_core.environment:checking '/home/mcr2/ros2_ws/src/basic_comms/install/basic_comms' for CMake module files
[2.521s] Level 1:colcon.colcon_core.environment:checking '/home/mcr2/ros2_ws/src/basic_comms/install/basic_comms' for CMake config files
[2.522s] Level 1:colcon.colcon_core.environment:checking '/home/mcr2/ros2_ws/src/basic_comms/install/basic_comms/lib'
[2.522s] Level 1:colcon.colcon_core.environment:checking '/home/mcr2/ros2_ws/src/basic_comms/install/basic_comms/bin'
[2.522s] Level 1:colcon.colcon_core.environment:checking '/home/mcr2/ros2_ws/src/basic_comms/install/basic_comms/lib/pkgconfig/basic_comms.pc'
[2.522s] Level 1:colcon.colcon_core.environment:checking '/home/mcr2/ros2_ws/src/basic_comms/install/basic_comms/lib/python3.10/site-packages'
[2.523s] Level 1:colcon.colcon_core.shell:create_environment_hook('basic_comms', 'pythonpath')
[2.538s] INFO:colcon.colcon_core.shell:Creating environment hook '/home/mcr2/ros2_ws/src/basic_comms/install/basic_comms/share/basic_comms/hook/pythonpath.ps1'
[2.538s] INFO:colcon.colcon_core.shell:Creating environment descriptor '/home/mcr2/ros2_ws/src/basic_comms/install/basic_comms/share/basic_comms/hook/pythonpath.dsv'
[2.539s] INFO:colcon.colcon_core.shell:Creating environment hook '/home/mcr2/ros2_ws/src/basic_comms/install/basic_comms/share/basic_comms/hook/pythonpath.sh'
[2.539s] Level 1:colcon.colcon_core.environment:checking '/home/mcr2/ros2_ws/src/basic_comms/install/basic_comms/bin'
[2.539s] Level 1:colcon.colcon_core.environment:create_environment_scripts_only(basic_comms)
[2.556s] INFO:colcon.colcon_core.shell:Creating package script '/home/mcr2/ros2_ws/src/basic_comms/install/basic_comms/share/basic_comms/package.ps1'
[2.558s] INFO:colcon.colcon_core.shell:Creating package descriptor '/home/mcr2/ros2_ws/src/basic_comms/install/basic_comms/share/basic_comms/package.dsv'
[2.559s] INFO:colcon.colcon_core.shell:Creating package script '/home/mcr2/ros2_ws/src/basic_comms/install/basic_comms/share/basic_comms/package.sh'
[2.560s] INFO:colcon.colcon_core.shell:Creating package script '/home/mcr2/ros2_ws/src/basic_comms/install/basic_comms/share/basic_comms/package.bash'
[2.561s] INFO:colcon.colcon_core.shell:Creating package script '/home/mcr2/ros2_ws/src/basic_comms/install/basic_comms/share/basic_comms/package.zsh'
[2.562s] Level 1:colcon.colcon_core.environment:create_file_with_runtime_dependencies(/home/mcr2/ros2_ws/src/basic_comms/install/basic_comms/share/colcon-core/packages/basic_comms)
[2.563s] DEBUG:colcon.colcon_parallel_executor.executor.parallel:closing loop
[2.563s] DEBUG:colcon.colcon_parallel_executor.executor.parallel:loop closed
[2.564s] DEBUG:colcon.colcon_parallel_executor.executor.parallel:run_until_complete finished with '0'
[2.564s] DEBUG:colcon.colcon_core.event_reactor:joining thread
[2.592s] INFO:colcon.colcon_core.plugin_system:Skipping extension 'colcon_notification.desktop_notification.terminal_notifier': Not used on non-Darwin systems
[2.592s] INFO:colcon.colcon_core.plugin_system:Skipping extension 'colcon_notification.desktop_notification.win32': Not used on non-Windows systems
[2.592s] INFO:colcon.colcon_notification.desktop_notification:Sending desktop notification using 'notify2'
[2.614s] DEBUG:colcon.colcon_core.event_reactor:joined thread
[2.631s] INFO:colcon.colcon_core.shell:Creating prefix script '/home/mcr2/ros2_ws/src/basic_comms/install/local_setup.ps1'
[2.634s] INFO:colcon.colcon_core.shell:Creating prefix util module '/home/mcr2/ros2_ws/src/basic_comms/install/_local_setup_util_ps1.py'
[2.636s] INFO:colcon.colcon_core.shell:Creating prefix chain script '/home/mcr2/ros2_ws/src/basic_comms/install/setup.ps1'
[2.656s] INFO:colcon.colcon_core.shell:Creating prefix script '/home/mcr2/ros2_ws/src/basic_comms/install/local_setup.sh'
[2.657s] INFO:colcon.colcon_core.shell:Creating prefix util module '/home/mcr2/ros2_ws/src/basic_comms/install/_local_setup_util_sh.py'
[2.658s] INFO:colcon.colcon_core.shell:Creating prefix chain script '/home/mcr2/ros2_ws/src/basic_comms/install/setup.sh'
[2.678s] INFO:colcon.colcon_core.shell:Creating prefix script '/home/mcr2/ros2_ws/src/basic_comms/install/local_setup.bash'
[2.679s] INFO:colcon.colcon_core.shell:Creating prefix chain script '/home/mcr2/ros2_ws/src/basic_comms/install/setup.bash'
[2.698s] INFO:colcon.colcon_core.shell:Creating prefix script '/home/mcr2/ros2_ws/src/basic_comms/install/local_setup.zsh'
[2.700s] INFO:colcon.colcon_core.shell:Creating prefix chain script '/home/mcr2/ros2_ws/src/basic_comms/install/setup.zsh'
