[0.423s] Invoking command in '/home/mcr2/ros2_ws/src/build/signal_msg': CMAKE_PREFIX_PATH=${CMAKE_PREFIX_PATH}:/opt/ros/humble /usr/bin/cmake --build /home/mcr2/ros2_ws/src/build/signal_msg -- -j6 -l6
[1.407s] [  3%] Built target signal_msg__cpp
[1.407s] [ 12%] Built target signal_msg__rosidl_generator_c
[1.407s] [ 12%] Built target ament_cmake_python_copy_signal_msg
[1.407s] [ 22%] Built target signal_msg__rosidl_typesupport_introspection_cpp
[1.407s] [ 32%] Built target signal_msg__rosidl_typesupport_fastrtps_cpp
[1.407s] [ 41%] Built target signal_msg__rosidl_typesupport_cpp
[1.407s] [ 51%] Built target signal_msg__rosidl_typesupport_fastrtps_c
[1.407s] [ 61%] Built target signal_msg__rosidl_typesupport_c
[1.408s] [ 70%] Built target signal_msg__rosidl_typesupport_introspection_c
[1.408s] [ 70%] Built target signal_msg
[1.408s] [ 74%] Built target signal_msg__py
[1.408s] [ 80%] Built target signal_msg__rosidl_generator_py
[1.408s] [ 87%] Built target signal_msg__rosidl_typesupport_introspection_c__pyext
[1.408s] [ 93%] Built target signal_msg__rosidl_typesupport_c__pyext
[1.408s] [100%] Built target signal_msg__rosidl_typesupport_fastrtps_c__pyext
[1.409s] running egg_info
[1.409s] writing signal_msg.egg-info/PKG-INFO
[1.409s] writing dependency_links to signal_msg.egg-info/dependency_links.txt
[1.409s] writing top-level names to signal_msg.egg-info/top_level.txt
[1.409s] reading manifest file 'signal_msg.egg-info/SOURCES.txt'
[1.409s] writing manifest file 'signal_msg.egg-info/SOURCES.txt'
[1.409s] [100%] Built target ament_cmake_python_build_signal_msg_egg
[1.411s] Invoked command in '/home/mcr2/ros2_ws/src/build/signal_msg' returned '0': CMAKE_PREFIX_PATH=${CMAKE_PREFIX_PATH}:/opt/ros/humble /usr/bin/cmake --build /home/mcr2/ros2_ws/src/build/signal_msg -- -j6 -l6
[1.757s] Invoking command in '/home/mcr2/ros2_ws/src/build/signal_msg': CMAKE_PREFIX_PATH=${CMAKE_PREFIX_PATH}:/opt/ros/humble /usr/bin/cmake --install /home/mcr2/ros2_ws/src/build/signal_msg
[1.772s] -- Install configuration: ""
[1.773s] -- Up-to-date: /home/mcr2/ros2_ws/src/install/signal_msg/share/ament_index/resource_index/rosidl_interfaces/signal_msg
[1.773s] -- Up-to-date: /home/mcr2/ros2_ws/src/install/signal_msg/include/signal_msg/signal_msg
[1.773s] -- Up-to-date: /home/mcr2/ros2_ws/src/install/signal_msg/include/signal_msg/signal_msg/msg
[1.773s] -- Up-to-date: /home/mcr2/ros2_ws/src/install/signal_msg/include/signal_msg/signal_msg/msg/signal_decomposed.h
[1.773s] -- Up-to-date: /home/mcr2/ros2_ws/src/install/signal_msg/include/signal_msg/signal_msg/msg/detail
[1.773s] -- Up-to-date: /home/mcr2/ros2_ws/src/install/signal_msg/include/signal_msg/signal_msg/msg/detail/signal_decomposed__functions.h
[1.773s] -- Up-to-date: /home/mcr2/ros2_ws/src/install/signal_msg/include/signal_msg/signal_msg/msg/detail/signal_decomposed__type_support.h
[1.773s] -- Up-to-date: /home/mcr2/ros2_ws/src/install/signal_msg/include/signal_msg/signal_msg/msg/detail/signal_decomposed__functions.c
[1.773s] -- Up-to-date: /home/mcr2/ros2_ws/src/install/signal_msg/include/signal_msg/signal_msg/msg/detail/signal_decomposed__struct.h
[1.773s] -- Up-to-date: /home/mcr2/ros2_ws/src/install/signal_msg/include/signal_msg/signal_msg/msg/rosidl_generator_c__visibility_control.h
[1.773s] -- Up-to-date: /home/mcr2/ros2_ws/src/install/signal_msg/share/signal_msg/environment/library_path.sh
[1.773s] -- Up-to-date: /home/mcr2/ros2_ws/src/install/signal_msg/share/signal_msg/environment/library_path.dsv
[1.773s] -- Up-to-date: /home/mcr2/ros2_ws/src/install/signal_msg/lib/libsignal_msg__rosidl_generator_c.so
[1.774s] -- Up-to-date: /home/mcr2/ros2_ws/src/install/signal_msg/include/signal_msg/signal_msg
[1.774s] -- Up-to-date: /home/mcr2/ros2_ws/src/install/signal_msg/include/signal_msg/signal_msg/msg
[1.774s] -- Up-to-date: /home/mcr2/ros2_ws/src/install/signal_msg/include/signal_msg/signal_msg/msg/rosidl_typesupport_fastrtps_c__visibility_control.h
[1.774s] -- Up-to-date: /home/mcr2/ros2_ws/src/install/signal_msg/include/signal_msg/signal_msg/msg/detail
[1.774s] -- Up-to-date: /home/mcr2/ros2_ws/src/install/signal_msg/include/signal_msg/signal_msg/msg/detail/signal_decomposed__rosidl_typesupport_fastrtps_c.h
[1.774s] -- Up-to-date: /home/mcr2/ros2_ws/src/install/signal_msg/lib/libsignal_msg__rosidl_typesupport_fastrtps_c.so
[1.774s] -- Up-to-date: /home/mcr2/ros2_ws/src/install/signal_msg/include/signal_msg/signal_msg
[1.774s] -- Up-to-date: /home/mcr2/ros2_ws/src/install/signal_msg/include/signal_msg/signal_msg/msg
[1.774s] -- Up-to-date: /home/mcr2/ros2_ws/src/install/signal_msg/include/signal_msg/signal_msg/msg/detail
[1.774s] -- Up-to-date: /home/mcr2/ros2_ws/src/install/signal_msg/include/signal_msg/signal_msg/msg/detail/signal_decomposed__struct.hpp
[1.774s] -- Up-to-date: /home/mcr2/ros2_ws/src/install/signal_msg/include/signal_msg/signal_msg/msg/detail/signal_decomposed__traits.hpp
[1.774s] -- Up-to-date: /home/mcr2/ros2_ws/src/install/signal_msg/include/signal_msg/signal_msg/msg/detail/signal_decomposed__builder.hpp
[1.774s] -- Up-to-date: /home/mcr2/ros2_ws/src/install/signal_msg/include/signal_msg/signal_msg/msg/signal_decomposed.hpp
[1.774s] -- Up-to-date: /home/mcr2/ros2_ws/src/install/signal_msg/include/signal_msg/signal_msg
[1.774s] -- Up-to-date: /home/mcr2/ros2_ws/src/install/signal_msg/include/signal_msg/signal_msg/msg
[1.775s] -- Up-to-date: /home/mcr2/ros2_ws/src/install/signal_msg/include/signal_msg/signal_msg/msg/rosidl_typesupport_fastrtps_cpp__visibility_control.h
[1.775s] -- Up-to-date: /home/mcr2/ros2_ws/src/install/signal_msg/include/signal_msg/signal_msg/msg/detail
[1.775s] -- Up-to-date: /home/mcr2/ros2_ws/src/install/signal_msg/include/signal_msg/signal_msg/msg/detail/dds_fastrtps
[1.775s] -- Up-to-date: /home/mcr2/ros2_ws/src/install/signal_msg/include/signal_msg/signal_msg/msg/detail/signal_decomposed__rosidl_typesupport_fastrtps_cpp.hpp
[1.775s] -- Up-to-date: /home/mcr2/ros2_ws/src/install/signal_msg/lib/libsignal_msg__rosidl_typesupport_fastrtps_cpp.so
[1.775s] -- Up-to-date: /home/mcr2/ros2_ws/src/install/signal_msg/include/signal_msg/signal_msg
[1.775s] -- Up-to-date: /home/mcr2/ros2_ws/src/install/signal_msg/include/signal_msg/signal_msg/msg
[1.775s] -- Up-to-date: /home/mcr2/ros2_ws/src/install/signal_msg/include/signal_msg/signal_msg/msg/rosidl_typesupport_introspection_c__visibility_control.h
[1.775s] -- Up-to-date: /home/mcr2/ros2_ws/src/install/signal_msg/include/signal_msg/signal_msg/msg/detail
[1.775s] -- Up-to-date: /home/mcr2/ros2_ws/src/install/signal_msg/include/signal_msg/signal_msg/msg/detail/signal_decomposed__rosidl_typesupport_introspection_c.h
[1.775s] -- Up-to-date: /home/mcr2/ros2_ws/src/install/signal_msg/include/signal_msg/signal_msg/msg/detail/signal_decomposed__type_support.c
[1.775s] -- Up-to-date: /home/mcr2/ros2_ws/src/install/signal_msg/lib/libsignal_msg__rosidl_typesupport_introspection_c.so
[1.775s] -- Up-to-date: /home/mcr2/ros2_ws/src/install/signal_msg/lib/libsignal_msg__rosidl_typesupport_c.so
[1.775s] -- Up-to-date: /home/mcr2/ros2_ws/src/install/signal_msg/include/signal_msg/signal_msg
[1.775s] -- Up-to-date: /home/mcr2/ros2_ws/src/install/signal_msg/include/signal_msg/signal_msg/msg
[1.776s] -- Up-to-date: /home/mcr2/ros2_ws/src/install/signal_msg/include/signal_msg/signal_msg/msg/detail
[1.776s] -- Up-to-date: /home/mcr2/ros2_ws/src/install/signal_msg/include/signal_msg/signal_msg/msg/detail/signal_decomposed__type_support.cpp
[1.776s] -- Up-to-date: /home/mcr2/ros2_ws/src/install/signal_msg/include/signal_msg/signal_msg/msg/detail/signal_decomposed__rosidl_typesupport_introspection_cpp.hpp
[1.776s] -- Up-to-date: /home/mcr2/ros2_ws/src/install/signal_msg/lib/libsignal_msg__rosidl_typesupport_introspection_cpp.so
[1.776s] -- Up-to-date: /home/mcr2/ros2_ws/src/install/signal_msg/lib/libsignal_msg__rosidl_typesupport_cpp.so
[1.776s] -- Up-to-date: /home/mcr2/ros2_ws/src/install/signal_msg/share/signal_msg/environment/pythonpath.sh
[1.776s] -- Up-to-date: /home/mcr2/ros2_ws/src/install/signal_msg/share/signal_msg/environment/pythonpath.dsv
[1.776s] -- Up-to-date: /home/mcr2/ros2_ws/src/install/signal_msg/local/lib/python3.10/dist-packages/signal_msg-0.0.0-py3.10.egg-info
[1.776s] -- Installing: /home/mcr2/ros2_ws/src/install/signal_msg/local/lib/python3.10/dist-packages/signal_msg-0.0.0-py3.10.egg-info/PKG-INFO
[1.776s] -- Installing: /home/mcr2/ros2_ws/src/install/signal_msg/local/lib/python3.10/dist-packages/signal_msg-0.0.0-py3.10.egg-info/top_level.txt
[1.777s] -- Installing: /home/mcr2/ros2_ws/src/install/signal_msg/local/lib/python3.10/dist-packages/signal_msg-0.0.0-py3.10.egg-info/SOURCES.txt
[1.777s] -- Installing: /home/mcr2/ros2_ws/src/install/signal_msg/local/lib/python3.10/dist-packages/signal_msg-0.0.0-py3.10.egg-info/dependency_links.txt
[1.782s] -- Up-to-date: /home/mcr2/ros2_ws/src/install/signal_msg/local/lib/python3.10/dist-packages/signal_msg
[1.782s] -- Up-to-date: /home/mcr2/ros2_ws/src/install/signal_msg/local/lib/python3.10/dist-packages/signal_msg/signal_msg_s__rosidl_typesupport_fastrtps_c.cpython-310-x86_64-linux-gnu.so
[1.782s] -- Up-to-date: /home/mcr2/ros2_ws/src/install/signal_msg/local/lib/python3.10/dist-packages/signal_msg/_signal_msg_s.ep.rosidl_typesupport_fastrtps_c.c
[1.782s] -- Up-to-date: /home/mcr2/ros2_ws/src/install/signal_msg/local/lib/python3.10/dist-packages/signal_msg/signal_msg_s__rosidl_typesupport_introspection_c.cpython-310-x86_64-linux-gnu.so
[1.782s] -- Up-to-date: /home/mcr2/ros2_ws/src/install/signal_msg/local/lib/python3.10/dist-packages/signal_msg/signal_msg_s__rosidl_typesupport_c.cpython-310-x86_64-linux-gnu.so
[1.782s] -- Up-to-date: /home/mcr2/ros2_ws/src/install/signal_msg/local/lib/python3.10/dist-packages/signal_msg/_signal_msg_s.ep.rosidl_typesupport_c.c
[1.782s] -- Up-to-date: /home/mcr2/ros2_ws/src/install/signal_msg/local/lib/python3.10/dist-packages/signal_msg/_signal_msg_s.ep.rosidl_typesupport_introspection_c.c
[1.782s] -- Up-to-date: /home/mcr2/ros2_ws/src/install/signal_msg/local/lib/python3.10/dist-packages/signal_msg/libsignal_msg__rosidl_generator_py.so
[1.782s] -- Up-to-date: /home/mcr2/ros2_ws/src/install/signal_msg/local/lib/python3.10/dist-packages/signal_msg/msg
[1.782s] -- Up-to-date: /home/mcr2/ros2_ws/src/install/signal_msg/local/lib/python3.10/dist-packages/signal_msg/msg/_signal_decomposed_s.c
[1.782s] -- Up-to-date: /home/mcr2/ros2_ws/src/install/signal_msg/local/lib/python3.10/dist-packages/signal_msg/msg/_signal_decomposed.py
[1.782s] -- Up-to-date: /home/mcr2/ros2_ws/src/install/signal_msg/local/lib/python3.10/dist-packages/signal_msg/msg/__init__.py
[1.783s] -- Up-to-date: /home/mcr2/ros2_ws/src/install/signal_msg/local/lib/python3.10/dist-packages/signal_msg/__init__.py
[1.809s] Listing '/home/mcr2/ros2_ws/src/install/signal_msg/local/lib/python3.10/dist-packages/signal_msg'...
[1.809s] Listing '/home/mcr2/ros2_ws/src/install/signal_msg/local/lib/python3.10/dist-packages/signal_msg/msg'...
[1.813s] -- Up-to-date: /home/mcr2/ros2_ws/src/install/signal_msg/local/lib/python3.10/dist-packages/signal_msg/signal_msg_s__rosidl_typesupport_fastrtps_c.cpython-310-x86_64-linux-gnu.so
[1.813s] -- Up-to-date: /home/mcr2/ros2_ws/src/install/signal_msg/local/lib/python3.10/dist-packages/signal_msg/signal_msg_s__rosidl_typesupport_introspection_c.cpython-310-x86_64-linux-gnu.so
[1.813s] -- Up-to-date: /home/mcr2/ros2_ws/src/install/signal_msg/local/lib/python3.10/dist-packages/signal_msg/signal_msg_s__rosidl_typesupport_c.cpython-310-x86_64-linux-gnu.so
[1.814s] -- Up-to-date: /home/mcr2/ros2_ws/src/install/signal_msg/lib/libsignal_msg__rosidl_generator_py.so
[1.814s] -- Up-to-date: /home/mcr2/ros2_ws/src/install/signal_msg/share/signal_msg/msg/SignalDecomposed.idl
[1.814s] -- Up-to-date: /home/mcr2/ros2_ws/src/install/signal_msg/share/signal_msg/msg/SignalDecomposed.msg
[1.814s] -- Up-to-date: /home/mcr2/ros2_ws/src/install/signal_msg/share/ament_index/resource_index/package_run_dependencies/signal_msg
[1.814s] -- Up-to-date: /home/mcr2/ros2_ws/src/install/signal_msg/share/ament_index/resource_index/parent_prefix_path/signal_msg
[1.815s] -- Up-to-date: /home/mcr2/ros2_ws/src/install/signal_msg/share/signal_msg/environment/ament_prefix_path.sh
[1.815s] -- Up-to-date: /home/mcr2/ros2_ws/src/install/signal_msg/share/signal_msg/environment/ament_prefix_path.dsv
[1.815s] -- Up-to-date: /home/mcr2/ros2_ws/src/install/signal_msg/share/signal_msg/environment/path.sh
[1.815s] -- Up-to-date: /home/mcr2/ros2_ws/src/install/signal_msg/share/signal_msg/environment/path.dsv
[1.815s] -- Up-to-date: /home/mcr2/ros2_ws/src/install/signal_msg/share/signal_msg/local_setup.bash
[1.815s] -- Up-to-date: /home/mcr2/ros2_ws/src/install/signal_msg/share/signal_msg/local_setup.sh
[1.815s] -- Up-to-date: /home/mcr2/ros2_ws/src/install/signal_msg/share/signal_msg/local_setup.zsh
[1.815s] -- Up-to-date: /home/mcr2/ros2_ws/src/install/signal_msg/share/signal_msg/local_setup.dsv
[1.815s] -- Installing: /home/mcr2/ros2_ws/src/install/signal_msg/share/signal_msg/package.dsv
[1.815s] -- Up-to-date: /home/mcr2/ros2_ws/src/install/signal_msg/share/ament_index/resource_index/packages/signal_msg
[1.815s] -- Up-to-date: /home/mcr2/ros2_ws/src/install/signal_msg/share/signal_msg/cmake/export_signal_msg__rosidl_generator_cExport.cmake
[1.815s] -- Up-to-date: /home/mcr2/ros2_ws/src/install/signal_msg/share/signal_msg/cmake/export_signal_msg__rosidl_generator_cExport-noconfig.cmake
[1.816s] -- Up-to-date: /home/mcr2/ros2_ws/src/install/signal_msg/share/signal_msg/cmake/export_signal_msg__rosidl_typesupport_fastrtps_cExport.cmake
[1.816s] -- Up-to-date: /home/mcr2/ros2_ws/src/install/signal_msg/share/signal_msg/cmake/export_signal_msg__rosidl_typesupport_fastrtps_cExport-noconfig.cmake
[1.816s] -- Up-to-date: /home/mcr2/ros2_ws/src/install/signal_msg/share/signal_msg/cmake/export_signal_msg__rosidl_generator_cppExport.cmake
[1.816s] -- Up-to-date: /home/mcr2/ros2_ws/src/install/signal_msg/share/signal_msg/cmake/export_signal_msg__rosidl_typesupport_fastrtps_cppExport.cmake
[1.816s] -- Up-to-date: /home/mcr2/ros2_ws/src/install/signal_msg/share/signal_msg/cmake/export_signal_msg__rosidl_typesupport_fastrtps_cppExport-noconfig.cmake
[1.816s] -- Up-to-date: /home/mcr2/ros2_ws/src/install/signal_msg/share/signal_msg/cmake/signal_msg__rosidl_typesupport_introspection_cExport.cmake
[1.816s] -- Up-to-date: /home/mcr2/ros2_ws/src/install/signal_msg/share/signal_msg/cmake/signal_msg__rosidl_typesupport_introspection_cExport-noconfig.cmake
[1.816s] -- Up-to-date: /home/mcr2/ros2_ws/src/install/signal_msg/share/signal_msg/cmake/signal_msg__rosidl_typesupport_cExport.cmake
[1.816s] -- Up-to-date: /home/mcr2/ros2_ws/src/install/signal_msg/share/signal_msg/cmake/signal_msg__rosidl_typesupport_cExport-noconfig.cmake
[1.819s] -- Up-to-date: /home/mcr2/ros2_ws/src/install/signal_msg/share/signal_msg/cmake/signal_msg__rosidl_typesupport_introspection_cppExport.cmake
[1.819s] -- Up-to-date: /home/mcr2/ros2_ws/src/install/signal_msg/share/signal_msg/cmake/signal_msg__rosidl_typesupport_introspection_cppExport-noconfig.cmake
[1.819s] -- Up-to-date: /home/mcr2/ros2_ws/src/install/signal_msg/share/signal_msg/cmake/signal_msg__rosidl_typesupport_cppExport.cmake
[1.819s] -- Up-to-date: /home/mcr2/ros2_ws/src/install/signal_msg/share/signal_msg/cmake/signal_msg__rosidl_typesupport_cppExport-noconfig.cmake
[1.819s] -- Up-to-date: /home/mcr2/ros2_ws/src/install/signal_msg/share/signal_msg/cmake/export_signal_msg__rosidl_generator_pyExport.cmake
[1.819s] -- Up-to-date: /home/mcr2/ros2_ws/src/install/signal_msg/share/signal_msg/cmake/export_signal_msg__rosidl_generator_pyExport-noconfig.cmake
[1.819s] -- Up-to-date: /home/mcr2/ros2_ws/src/install/signal_msg/share/signal_msg/cmake/rosidl_cmake-extras.cmake
[1.819s] -- Up-to-date: /home/mcr2/ros2_ws/src/install/signal_msg/share/signal_msg/cmake/ament_cmake_export_dependencies-extras.cmake
[1.819s] -- Up-to-date: /home/mcr2/ros2_ws/src/install/signal_msg/share/signal_msg/cmake/ament_cmake_export_include_directories-extras.cmake
[1.819s] -- Up-to-date: /home/mcr2/ros2_ws/src/install/signal_msg/share/signal_msg/cmake/ament_cmake_export_libraries-extras.cmake
[1.820s] -- Up-to-date: /home/mcr2/ros2_ws/src/install/signal_msg/share/signal_msg/cmake/ament_cmake_export_targets-extras.cmake
[1.820s] -- Up-to-date: /home/mcr2/ros2_ws/src/install/signal_msg/share/signal_msg/cmake/rosidl_cmake_export_typesupport_targets-extras.cmake
[1.820s] -- Up-to-date: /home/mcr2/ros2_ws/src/install/signal_msg/share/signal_msg/cmake/rosidl_cmake_export_typesupport_libraries-extras.cmake
[1.820s] -- Up-to-date: /home/mcr2/ros2_ws/src/install/signal_msg/share/signal_msg/cmake/signal_msgConfig.cmake
[1.820s] -- Up-to-date: /home/mcr2/ros2_ws/src/install/signal_msg/share/signal_msg/cmake/signal_msgConfig-version.cmake
[1.820s] -- Up-to-date: /home/mcr2/ros2_ws/src/install/signal_msg/share/signal_msg/package.xml
[1.833s] Invoked command in '/home/mcr2/ros2_ws/src/build/signal_msg' returned '0': CMAKE_PREFIX_PATH=${CMAKE_PREFIX_PATH}:/opt/ros/humble /usr/bin/cmake --install /home/mcr2/ros2_ws/src/build/signal_msg
