[1.605s] Invoking command in '/home/mcr2/ros2_ws/src/signal_decomposition': PYTHONPATH=/home/mcr2/ros2_ws/src/build/signal_decomposition/prefix_override:/home/mcr2/ros2_ws/src/install/signal_decomposition/lib/python3.10/site-packages:${PYTHONPATH} /usr/bin/python3 setup.py egg_info --egg-base ../build/signal_decomposition build --build-base /home/mcr2/ros2_ws/src/build/signal_decomposition/build install --record /home/mcr2/ros2_ws/src/build/signal_decomposition/install.log --single-version-externally-managed
[1.859s] running egg_info
[1.859s] writing ../build/signal_decomposition/signal_decomposition.egg-info/PKG-INFO
[1.861s] writing dependency_links to ../build/signal_decomposition/signal_decomposition.egg-info/dependency_links.txt
[1.862s] writing entry points to ../build/signal_decomposition/signal_decomposition.egg-info/entry_points.txt
[1.863s] writing requirements to ../build/signal_decomposition/signal_decomposition.egg-info/requires.txt
[1.863s] writing top-level names to ../build/signal_decomposition/signal_decomposition.egg-info/top_level.txt
[1.866s] reading manifest file '../build/signal_decomposition/signal_decomposition.egg-info/SOURCES.txt'
[1.866s] adding license file 'LICENSE'
[1.866s] writing manifest file '../build/signal_decomposition/signal_decomposition.egg-info/SOURCES.txt'
[1.867s] running build
[1.867s] running build_py
[1.869s] /usr/lib/python3/dist-packages/setuptools/command/install.py:34: SetuptoolsDeprecationWarning: setup.py install is deprecated. Use build and pip and other standards-based tools.
[1.869s]   warnings.warn(
[1.869s] running install
[1.869s] running install_lib
[1.870s] running install_data
[1.872s] running install_egg_info
[1.873s] removing '/home/mcr2/ros2_ws/src/install/signal_decomposition/lib/python3.10/site-packages/signal_decomposition-0.0.0-py3.10.egg-info' (and everything under it)
[1.873s] Copying ../build/signal_decomposition/signal_decomposition.egg-info to /home/mcr2/ros2_ws/src/install/signal_decomposition/lib/python3.10/site-packages/signal_decomposition-0.0.0-py3.10.egg-info
[1.874s] running install_scripts
[1.893s] Installing signal_generator script to /home/mcr2/ros2_ws/src/install/signal_decomposition/lib/signal_decomposition
[1.894s] Installing signal_reconstruction script to /home/mcr2/ros2_ws/src/install/signal_decomposition/lib/signal_decomposition
[1.894s] writing list of installed files to '/home/mcr2/ros2_ws/src/build/signal_decomposition/install.log'
[1.918s] Invoked command in '/home/mcr2/ros2_ws/src/signal_decomposition' returned '0': PYTHONPATH=/home/mcr2/ros2_ws/src/build/signal_decomposition/prefix_override:/home/mcr2/ros2_ws/src/install/signal_decomposition/lib/python3.10/site-packages:${PYTHONPATH} /usr/bin/python3 setup.py egg_info --egg-base ../build/signal_decomposition build --build-base /home/mcr2/ros2_ws/src/build/signal_decomposition/build install --record /home/mcr2/ros2_ws/src/build/signal_decomposition/install.log --single-version-externally-managed
