[0.405s] Invoking command in '/home/mcr2/ros2_ws/src/build/msgs_clase': CMAKE_PREFIX_PATH=${CMAKE_PREFIX_PATH}:/opt/ros/humble /usr/bin/cmake --build /home/mcr2/ros2_ws/src/build/msgs_clase -- -j6 -l6
[1.171s] [35m[1mConsolidate compiler generated dependencies of target msgs_clase__rosidl_generator_c[0m
[1.172s] [  3%] Built target msgs_clase__cpp
[1.172s] [ 12%] Built target msgs_clase__rosidl_generator_c
[1.172s] [ 12%] Built target ament_cmake_python_copy_msgs_clase
[1.172s] [35m[1mConsolidate compiler generated dependencies of target msgs_clase__rosidl_typesupport_cpp[0m
[1.172s] [35m[1mConsolidate compiler generated dependencies of target msgs_clase__rosidl_typesupport_fastrtps_c[0m
[1.172s] [35m[1mConsolidate compiler generated dependencies of target msgs_clase__rosidl_typesupport_fastrtps_cpp[0m
[1.172s] [35m[1mConsolidate compiler generated dependencies of target msgs_clase__rosidl_typesupport_introspection_cpp[0m
[1.173s] [35m[1mConsolidate compiler generated dependencies of target msgs_clase__rosidl_typesupport_introspection_c[0m
[1.173s] [35m[1mConsolidate compiler generated dependencies of target msgs_clase__rosidl_typesupport_c[0m
[1.173s] [ 22%] Built target msgs_clase__rosidl_typesupport_cpp
[1.173s] [ 32%] Built target msgs_clase__rosidl_typesupport_introspection_cpp
[1.173s] [ 41%] Built target msgs_clase__rosidl_typesupport_fastrtps_cpp
[1.173s] [ 51%] Built target msgs_clase__rosidl_typesupport_fastrtps_c
[1.173s] [ 61%] Built target msgs_clase__rosidl_typesupport_c
[1.173s] [ 70%] Built target msgs_clase__rosidl_typesupport_introspection_c
[1.173s] [ 70%] Built target msgs_clase
[1.173s] [ 74%] Built target msgs_clase__py
[1.174s] [35m[1mConsolidate compiler generated dependencies of target msgs_clase__rosidl_generator_py[0m
[1.174s] [ 80%] Built target msgs_clase__rosidl_generator_py
[1.174s] [35m[1mConsolidate compiler generated dependencies of target msgs_clase__rosidl_typesupport_introspection_c__pyext[0m
[1.174s] [35m[1mConsolidate compiler generated dependencies of target msgs_clase__rosidl_typesupport_c__pyext[0m
[1.174s] [35m[1mConsolidate compiler generated dependencies of target msgs_clase__rosidl_typesupport_fastrtps_c__pyext[0m
[1.174s] [ 87%] Built target msgs_clase__rosidl_typesupport_introspection_c__pyext
[1.174s] [ 93%] Built target msgs_clase__rosidl_typesupport_fastrtps_c__pyext
[1.174s] [100%] Built target msgs_clase__rosidl_typesupport_c__pyext
[1.174s] running egg_info
[1.175s] writing msgs_clase.egg-info/PKG-INFO
[1.175s] writing dependency_links to msgs_clase.egg-info/dependency_links.txt
[1.175s] writing top-level names to msgs_clase.egg-info/top_level.txt
[1.175s] reading manifest file 'msgs_clase.egg-info/SOURCES.txt'
[1.175s] writing manifest file 'msgs_clase.egg-info/SOURCES.txt'
[1.175s] [100%] Built target ament_cmake_python_build_msgs_clase_egg
[1.183s] Invoked command in '/home/mcr2/ros2_ws/src/build/msgs_clase' returned '0': CMAKE_PREFIX_PATH=${CMAKE_PREFIX_PATH}:/opt/ros/humble /usr/bin/cmake --build /home/mcr2/ros2_ws/src/build/msgs_clase -- -j6 -l6
[1.629s] Invoking command in '/home/mcr2/ros2_ws/src/build/msgs_clase': CMAKE_PREFIX_PATH=${CMAKE_PREFIX_PATH}:/opt/ros/humble /usr/bin/cmake --install /home/mcr2/ros2_ws/src/build/msgs_clase
[1.648s] -- Install configuration: ""
[1.648s] -- Up-to-date: /home/mcr2/ros2_ws/src/install/msgs_clase/share/ament_index/resource_index/rosidl_interfaces/msgs_clase
[1.650s] -- Up-to-date: /home/mcr2/ros2_ws/src/install/msgs_clase/include/msgs_clase/msgs_clase
[1.650s] -- Up-to-date: /home/mcr2/ros2_ws/src/install/msgs_clase/include/msgs_clase/msgs_clase/msg
[1.650s] -- Up-to-date: /home/mcr2/ros2_ws/src/install/msgs_clase/include/msgs_clase/msgs_clase/msg/sphere.h
[1.650s] -- Up-to-date: /home/mcr2/ros2_ws/src/install/msgs_clase/include/msgs_clase/msgs_clase/msg/detail
[1.650s] -- Up-to-date: /home/mcr2/ros2_ws/src/install/msgs_clase/include/msgs_clase/msgs_clase/msg/detail/sphere__struct.h
[1.650s] -- Up-to-date: /home/mcr2/ros2_ws/src/install/msgs_clase/include/msgs_clase/msgs_clase/msg/detail/sphere__type_support.h
[1.651s] -- Up-to-date: /home/mcr2/ros2_ws/src/install/msgs_clase/include/msgs_clase/msgs_clase/msg/detail/sphere__functions.h
[1.651s] -- Up-to-date: /home/mcr2/ros2_ws/src/install/msgs_clase/include/msgs_clase/msgs_clase/msg/detail/sphere__functions.c
[1.653s] -- Up-to-date: /home/mcr2/ros2_ws/src/install/msgs_clase/include/msgs_clase/msgs_clase/msg/rosidl_generator_c__visibility_control.h
[1.654s] -- Up-to-date: /home/mcr2/ros2_ws/src/install/msgs_clase/share/msgs_clase/environment/library_path.sh
[1.654s] -- Up-to-date: /home/mcr2/ros2_ws/src/install/msgs_clase/share/msgs_clase/environment/library_path.dsv
[1.654s] -- Up-to-date: /home/mcr2/ros2_ws/src/install/msgs_clase/lib/libmsgs_clase__rosidl_generator_c.so
[1.654s] -- Up-to-date: /home/mcr2/ros2_ws/src/install/msgs_clase/include/msgs_clase/msgs_clase
[1.654s] -- Up-to-date: /home/mcr2/ros2_ws/src/install/msgs_clase/include/msgs_clase/msgs_clase/msg
[1.654s] -- Up-to-date: /home/mcr2/ros2_ws/src/install/msgs_clase/include/msgs_clase/msgs_clase/msg/rosidl_typesupport_fastrtps_c__visibility_control.h
[1.654s] -- Up-to-date: /home/mcr2/ros2_ws/src/install/msgs_clase/include/msgs_clase/msgs_clase/msg/detail
[1.655s] -- Up-to-date: /home/mcr2/ros2_ws/src/install/msgs_clase/include/msgs_clase/msgs_clase/msg/detail/sphere__rosidl_typesupport_fastrtps_c.h
[1.655s] -- Up-to-date: /home/mcr2/ros2_ws/src/install/msgs_clase/lib/libmsgs_clase__rosidl_typesupport_fastrtps_c.so
[1.655s] -- Up-to-date: /home/mcr2/ros2_ws/src/install/msgs_clase/include/msgs_clase/msgs_clase
[1.655s] -- Up-to-date: /home/mcr2/ros2_ws/src/install/msgs_clase/include/msgs_clase/msgs_clase/msg
[1.655s] -- Up-to-date: /home/mcr2/ros2_ws/src/install/msgs_clase/include/msgs_clase/msgs_clase/msg/detail
[1.655s] -- Up-to-date: /home/mcr2/ros2_ws/src/install/msgs_clase/include/msgs_clase/msgs_clase/msg/detail/sphere__builder.hpp
[1.655s] -- Up-to-date: /home/mcr2/ros2_ws/src/install/msgs_clase/include/msgs_clase/msgs_clase/msg/detail/sphere__struct.hpp
[1.655s] -- Up-to-date: /home/mcr2/ros2_ws/src/install/msgs_clase/include/msgs_clase/msgs_clase/msg/detail/sphere__traits.hpp
[1.655s] -- Up-to-date: /home/mcr2/ros2_ws/src/install/msgs_clase/include/msgs_clase/msgs_clase/msg/sphere.hpp
[1.655s] -- Up-to-date: /home/mcr2/ros2_ws/src/install/msgs_clase/include/msgs_clase/msgs_clase
[1.655s] -- Up-to-date: /home/mcr2/ros2_ws/src/install/msgs_clase/include/msgs_clase/msgs_clase/msg
[1.656s] -- Up-to-date: /home/mcr2/ros2_ws/src/install/msgs_clase/include/msgs_clase/msgs_clase/msg/rosidl_typesupport_fastrtps_cpp__visibility_control.h
[1.656s] -- Up-to-date: /home/mcr2/ros2_ws/src/install/msgs_clase/include/msgs_clase/msgs_clase/msg/detail
[1.656s] -- Up-to-date: /home/mcr2/ros2_ws/src/install/msgs_clase/include/msgs_clase/msgs_clase/msg/detail/dds_fastrtps
[1.656s] -- Up-to-date: /home/mcr2/ros2_ws/src/install/msgs_clase/include/msgs_clase/msgs_clase/msg/detail/sphere__rosidl_typesupport_fastrtps_cpp.hpp
[1.656s] -- Up-to-date: /home/mcr2/ros2_ws/src/install/msgs_clase/lib/libmsgs_clase__rosidl_typesupport_fastrtps_cpp.so
[1.656s] -- Up-to-date: /home/mcr2/ros2_ws/src/install/msgs_clase/include/msgs_clase/msgs_clase
[1.656s] -- Up-to-date: /home/mcr2/ros2_ws/src/install/msgs_clase/include/msgs_clase/msgs_clase/msg
[1.656s] -- Up-to-date: /home/mcr2/ros2_ws/src/install/msgs_clase/include/msgs_clase/msgs_clase/msg/rosidl_typesupport_introspection_c__visibility_control.h
[1.656s] -- Up-to-date: /home/mcr2/ros2_ws/src/install/msgs_clase/include/msgs_clase/msgs_clase/msg/detail
[1.656s] -- Up-to-date: /home/mcr2/ros2_ws/src/install/msgs_clase/include/msgs_clase/msgs_clase/msg/detail/sphere__type_support.c
[1.656s] -- Up-to-date: /home/mcr2/ros2_ws/src/install/msgs_clase/include/msgs_clase/msgs_clase/msg/detail/sphere__rosidl_typesupport_introspection_c.h
[1.657s] -- Up-to-date: /home/mcr2/ros2_ws/src/install/msgs_clase/lib/libmsgs_clase__rosidl_typesupport_introspection_c.so
[1.658s] -- Up-to-date: /home/mcr2/ros2_ws/src/install/msgs_clase/lib/libmsgs_clase__rosidl_typesupport_c.so
[1.658s] -- Up-to-date: /home/mcr2/ros2_ws/src/install/msgs_clase/include/msgs_clase/msgs_clase
[1.658s] -- Up-to-date: /home/mcr2/ros2_ws/src/install/msgs_clase/include/msgs_clase/msgs_clase/msg
[1.658s] -- Up-to-date: /home/mcr2/ros2_ws/src/install/msgs_clase/include/msgs_clase/msgs_clase/msg/detail
[1.659s] -- Up-to-date: /home/mcr2/ros2_ws/src/install/msgs_clase/include/msgs_clase/msgs_clase/msg/detail/sphere__type_support.cpp
[1.659s] -- Up-to-date: /home/mcr2/ros2_ws/src/install/msgs_clase/include/msgs_clase/msgs_clase/msg/detail/sphere__rosidl_typesupport_introspection_cpp.hpp
[1.660s] -- Up-to-date: /home/mcr2/ros2_ws/src/install/msgs_clase/lib/libmsgs_clase__rosidl_typesupport_introspection_cpp.so
[1.661s] -- Up-to-date: /home/mcr2/ros2_ws/src/install/msgs_clase/lib/libmsgs_clase__rosidl_typesupport_cpp.so
[1.661s] -- Up-to-date: /home/mcr2/ros2_ws/src/install/msgs_clase/share/msgs_clase/environment/pythonpath.sh
[1.662s] -- Up-to-date: /home/mcr2/ros2_ws/src/install/msgs_clase/share/msgs_clase/environment/pythonpath.dsv
[1.662s] -- Up-to-date: /home/mcr2/ros2_ws/src/install/msgs_clase/local/lib/python3.10/dist-packages/msgs_clase-0.0.0-py3.10.egg-info
[1.662s] -- Installing: /home/mcr2/ros2_ws/src/install/msgs_clase/local/lib/python3.10/dist-packages/msgs_clase-0.0.0-py3.10.egg-info/PKG-INFO
[1.662s] -- Installing: /home/mcr2/ros2_ws/src/install/msgs_clase/local/lib/python3.10/dist-packages/msgs_clase-0.0.0-py3.10.egg-info/top_level.txt
[1.662s] -- Installing: /home/mcr2/ros2_ws/src/install/msgs_clase/local/lib/python3.10/dist-packages/msgs_clase-0.0.0-py3.10.egg-info/SOURCES.txt
[1.662s] -- Installing: /home/mcr2/ros2_ws/src/install/msgs_clase/local/lib/python3.10/dist-packages/msgs_clase-0.0.0-py3.10.egg-info/dependency_links.txt
[1.666s] -- Up-to-date: /home/mcr2/ros2_ws/src/install/msgs_clase/local/lib/python3.10/dist-packages/msgs_clase
[1.667s] -- Up-to-date: /home/mcr2/ros2_ws/src/install/msgs_clase/local/lib/python3.10/dist-packages/msgs_clase/msgs_clase_s__rosidl_typesupport_introspection_c.cpython-310-x86_64-linux-gnu.so
[1.667s] -- Up-to-date: /home/mcr2/ros2_ws/src/install/msgs_clase/local/lib/python3.10/dist-packages/msgs_clase/_msgs_clase_s.ep.rosidl_typesupport_fastrtps_c.c
[1.667s] -- Up-to-date: /home/mcr2/ros2_ws/src/install/msgs_clase/local/lib/python3.10/dist-packages/msgs_clase/msgs_clase_s__rosidl_typesupport_c.cpython-310-x86_64-linux-gnu.so
[1.667s] -- Up-to-date: /home/mcr2/ros2_ws/src/install/msgs_clase/local/lib/python3.10/dist-packages/msgs_clase/_msgs_clase_s.ep.rosidl_typesupport_introspection_c.c
[1.667s] -- Up-to-date: /home/mcr2/ros2_ws/src/install/msgs_clase/local/lib/python3.10/dist-packages/msgs_clase/msgs_clase_s__rosidl_typesupport_fastrtps_c.cpython-310-x86_64-linux-gnu.so
[1.667s] -- Up-to-date: /home/mcr2/ros2_ws/src/install/msgs_clase/local/lib/python3.10/dist-packages/msgs_clase/_msgs_clase_s.ep.rosidl_typesupport_c.c
[1.667s] -- Up-to-date: /home/mcr2/ros2_ws/src/install/msgs_clase/local/lib/python3.10/dist-packages/msgs_clase/msg
[1.667s] -- Up-to-date: /home/mcr2/ros2_ws/src/install/msgs_clase/local/lib/python3.10/dist-packages/msgs_clase/msg/_sphere_s.c
[1.667s] -- Up-to-date: /home/mcr2/ros2_ws/src/install/msgs_clase/local/lib/python3.10/dist-packages/msgs_clase/msg/_sphere.py
[1.667s] -- Up-to-date: /home/mcr2/ros2_ws/src/install/msgs_clase/local/lib/python3.10/dist-packages/msgs_clase/msg/__init__.py
[1.667s] -- Up-to-date: /home/mcr2/ros2_ws/src/install/msgs_clase/local/lib/python3.10/dist-packages/msgs_clase/libmsgs_clase__rosidl_generator_py.so
[1.667s] -- Up-to-date: /home/mcr2/ros2_ws/src/install/msgs_clase/local/lib/python3.10/dist-packages/msgs_clase/__init__.py
[1.703s] Listing '/home/mcr2/ros2_ws/src/install/msgs_clase/local/lib/python3.10/dist-packages/msgs_clase'...
[1.703s] Listing '/home/mcr2/ros2_ws/src/install/msgs_clase/local/lib/python3.10/dist-packages/msgs_clase/msg'...
[1.709s] -- Up-to-date: /home/mcr2/ros2_ws/src/install/msgs_clase/local/lib/python3.10/dist-packages/msgs_clase/msgs_clase_s__rosidl_typesupport_fastrtps_c.cpython-310-x86_64-linux-gnu.so
[1.711s] -- Up-to-date: /home/mcr2/ros2_ws/src/install/msgs_clase/local/lib/python3.10/dist-packages/msgs_clase/msgs_clase_s__rosidl_typesupport_introspection_c.cpython-310-x86_64-linux-gnu.so
[1.713s] -- Up-to-date: /home/mcr2/ros2_ws/src/install/msgs_clase/local/lib/python3.10/dist-packages/msgs_clase/msgs_clase_s__rosidl_typesupport_c.cpython-310-x86_64-linux-gnu.so
[1.714s] -- Up-to-date: /home/mcr2/ros2_ws/src/install/msgs_clase/lib/libmsgs_clase__rosidl_generator_py.so
[1.715s] -- Up-to-date: /home/mcr2/ros2_ws/src/install/msgs_clase/share/msgs_clase/msg/Sphere.idl
[1.715s] -- Up-to-date: /home/mcr2/ros2_ws/src/install/msgs_clase/share/msgs_clase/msg/Sphere.msg
[1.715s] -- Up-to-date: /home/mcr2/ros2_ws/src/install/msgs_clase/share/ament_index/resource_index/package_run_dependencies/msgs_clase
[1.715s] -- Up-to-date: /home/mcr2/ros2_ws/src/install/msgs_clase/share/ament_index/resource_index/parent_prefix_path/msgs_clase
[1.716s] -- Up-to-date: /home/mcr2/ros2_ws/src/install/msgs_clase/share/msgs_clase/environment/ament_prefix_path.sh
[1.716s] -- Up-to-date: /home/mcr2/ros2_ws/src/install/msgs_clase/share/msgs_clase/environment/ament_prefix_path.dsv
[1.716s] -- Up-to-date: /home/mcr2/ros2_ws/src/install/msgs_clase/share/msgs_clase/environment/path.sh
[1.717s] -- Up-to-date: /home/mcr2/ros2_ws/src/install/msgs_clase/share/msgs_clase/environment/path.dsv
[1.717s] -- Up-to-date: /home/mcr2/ros2_ws/src/install/msgs_clase/share/msgs_clase/local_setup.bash
[1.717s] -- Up-to-date: /home/mcr2/ros2_ws/src/install/msgs_clase/share/msgs_clase/local_setup.sh
[1.717s] -- Up-to-date: /home/mcr2/ros2_ws/src/install/msgs_clase/share/msgs_clase/local_setup.zsh
[1.717s] -- Up-to-date: /home/mcr2/ros2_ws/src/install/msgs_clase/share/msgs_clase/local_setup.dsv
[1.717s] -- Installing: /home/mcr2/ros2_ws/src/install/msgs_clase/share/msgs_clase/package.dsv
[1.717s] -- Up-to-date: /home/mcr2/ros2_ws/src/install/msgs_clase/share/ament_index/resource_index/packages/msgs_clase
[1.718s] -- Up-to-date: /home/mcr2/ros2_ws/src/install/msgs_clase/share/msgs_clase/cmake/export_msgs_clase__rosidl_generator_cExport.cmake
[1.718s] -- Up-to-date: /home/mcr2/ros2_ws/src/install/msgs_clase/share/msgs_clase/cmake/export_msgs_clase__rosidl_generator_cExport-noconfig.cmake
[1.719s] -- Up-to-date: /home/mcr2/ros2_ws/src/install/msgs_clase/share/msgs_clase/cmake/export_msgs_clase__rosidl_typesupport_fastrtps_cExport.cmake
[1.720s] -- Up-to-date: /home/mcr2/ros2_ws/src/install/msgs_clase/share/msgs_clase/cmake/export_msgs_clase__rosidl_typesupport_fastrtps_cExport-noconfig.cmake
[1.720s] -- Up-to-date: /home/mcr2/ros2_ws/src/install/msgs_clase/share/msgs_clase/cmake/export_msgs_clase__rosidl_generator_cppExport.cmake
[1.721s] -- Up-to-date: /home/mcr2/ros2_ws/src/install/msgs_clase/share/msgs_clase/cmake/export_msgs_clase__rosidl_typesupport_fastrtps_cppExport.cmake
[1.721s] -- Up-to-date: /home/mcr2/ros2_ws/src/install/msgs_clase/share/msgs_clase/cmake/export_msgs_clase__rosidl_typesupport_fastrtps_cppExport-noconfig.cmake
[1.722s] -- Up-to-date: /home/mcr2/ros2_ws/src/install/msgs_clase/share/msgs_clase/cmake/msgs_clase__rosidl_typesupport_introspection_cExport.cmake
[1.722s] -- Up-to-date: /home/mcr2/ros2_ws/src/install/msgs_clase/share/msgs_clase/cmake/msgs_clase__rosidl_typesupport_introspection_cExport-noconfig.cmake
[1.723s] -- Up-to-date: /home/mcr2/ros2_ws/src/install/msgs_clase/share/msgs_clase/cmake/msgs_clase__rosidl_typesupport_cExport.cmake
[1.723s] -- Up-to-date: /home/mcr2/ros2_ws/src/install/msgs_clase/share/msgs_clase/cmake/msgs_clase__rosidl_typesupport_cExport-noconfig.cmake
[1.724s] -- Up-to-date: /home/mcr2/ros2_ws/src/install/msgs_clase/share/msgs_clase/cmake/msgs_clase__rosidl_typesupport_introspection_cppExport.cmake
[1.724s] -- Up-to-date: /home/mcr2/ros2_ws/src/install/msgs_clase/share/msgs_clase/cmake/msgs_clase__rosidl_typesupport_introspection_cppExport-noconfig.cmake
[1.725s] -- Up-to-date: /home/mcr2/ros2_ws/src/install/msgs_clase/share/msgs_clase/cmake/msgs_clase__rosidl_typesupport_cppExport.cmake
[1.725s] -- Up-to-date: /home/mcr2/ros2_ws/src/install/msgs_clase/share/msgs_clase/cmake/msgs_clase__rosidl_typesupport_cppExport-noconfig.cmake
[1.726s] -- Up-to-date: /home/mcr2/ros2_ws/src/install/msgs_clase/share/msgs_clase/cmake/export_msgs_clase__rosidl_generator_pyExport.cmake
[1.726s] -- Up-to-date: /home/mcr2/ros2_ws/src/install/msgs_clase/share/msgs_clase/cmake/export_msgs_clase__rosidl_generator_pyExport-noconfig.cmake
[1.726s] -- Up-to-date: /home/mcr2/ros2_ws/src/install/msgs_clase/share/msgs_clase/cmake/rosidl_cmake-extras.cmake
[1.726s] -- Up-to-date: /home/mcr2/ros2_ws/src/install/msgs_clase/share/msgs_clase/cmake/ament_cmake_export_dependencies-extras.cmake
[1.727s] -- Up-to-date: /home/mcr2/ros2_ws/src/install/msgs_clase/share/msgs_clase/cmake/ament_cmake_export_include_directories-extras.cmake
[1.727s] -- Up-to-date: /home/mcr2/ros2_ws/src/install/msgs_clase/share/msgs_clase/cmake/ament_cmake_export_libraries-extras.cmake
[1.727s] -- Up-to-date: /home/mcr2/ros2_ws/src/install/msgs_clase/share/msgs_clase/cmake/ament_cmake_export_targets-extras.cmake
[1.727s] -- Up-to-date: /home/mcr2/ros2_ws/src/install/msgs_clase/share/msgs_clase/cmake/rosidl_cmake_export_typesupport_targets-extras.cmake
[1.727s] -- Up-to-date: /home/mcr2/ros2_ws/src/install/msgs_clase/share/msgs_clase/cmake/rosidl_cmake_export_typesupport_libraries-extras.cmake
[1.727s] -- Up-to-date: /home/mcr2/ros2_ws/src/install/msgs_clase/share/msgs_clase/cmake/msgs_claseConfig.cmake
[1.727s] -- Up-to-date: /home/mcr2/ros2_ws/src/install/msgs_clase/share/msgs_clase/cmake/msgs_claseConfig-version.cmake
[1.727s] -- Up-to-date: /home/mcr2/ros2_ws/src/install/msgs_clase/share/msgs_clase/package.xml
[1.733s] Invoked command in '/home/mcr2/ros2_ws/src/build/msgs_clase' returned '0': CMAKE_PREFIX_PATH=${CMAKE_PREFIX_PATH}:/opt/ros/humble /usr/bin/cmake --install /home/mcr2/ros2_ws/src/build/msgs_clase
