[0.525s] Invoking command in '/home/mcr2/ros2_ws/src/build/signal_msg': CMAKE_PREFIX_PATH=${CMAKE_PREFIX_PATH}:/opt/ros/humble /usr/bin/cmake --build /home/mcr2/ros2_ws/src/build/signal_msg -- -j6 -l6
[1.917s] [  3%] Built target signal_msg__cpp
[1.918s] [ 12%] Built target signal_msg__rosidl_generator_c
[1.918s] [ 12%] Built target ament_cmake_python_copy_signal_msg
[1.919s] [ 22%] Built target signal_msg__rosidl_typesupport_introspection_c
[1.919s] [ 32%] Built target signal_msg__rosidl_typesupport_cpp
[1.919s] [ 41%] Built target signal_msg__rosidl_typesupport_introspection_cpp
[1.919s] [ 51%] Built target signal_msg__rosidl_typesupport_fastrtps_cpp
[1.919s] [ 61%] Built target signal_msg__rosidl_typesupport_c
[1.919s] [ 70%] Built target signal_msg__rosidl_typesupport_fastrtps_c
[1.919s] [ 70%] Built target signal_msg
[1.919s] [ 74%] Built target signal_msg__py
[1.919s] [ 80%] Built target signal_msg__rosidl_generator_py
[1.920s] [ 87%] Built target signal_msg__rosidl_typesupport_introspection_c__pyext
[1.920s] [ 93%] Built target signal_msg__rosidl_typesupport_c__pyext
[1.920s] [100%] Built target signal_msg__rosidl_typesupport_fastrtps_c__pyext
[1.920s] running egg_info
[1.920s] writing signal_msg.egg-info/PKG-INFO
[1.920s] writing dependency_links to signal_msg.egg-info/dependency_links.txt
[1.920s] writing top-level names to signal_msg.egg-info/top_level.txt
[1.920s] reading manifest file 'signal_msg.egg-info/SOURCES.txt'
[1.920s] writing manifest file 'signal_msg.egg-info/SOURCES.txt'
[1.920s] [100%] Built target ament_cmake_python_build_signal_msg_egg
[2.277s] Invoked command in '/home/mcr2/ros2_ws/src/build/signal_msg' returned '0': CMAKE_PREFIX_PATH=${CMAKE_PREFIX_PATH}:/opt/ros/humble /usr/bin/cmake --build /home/mcr2/ros2_ws/src/build/signal_msg -- -j6 -l6
[2.620s] Invoking command in '/home/mcr2/ros2_ws/src/build/signal_msg': CMAKE_PREFIX_PATH=${CMAKE_PREFIX_PATH}:/opt/ros/humble /usr/bin/cmake --install /home/mcr2/ros2_ws/src/build/signal_msg
[2.644s] -- Install configuration: ""
[2.644s] -- Up-to-date: /home/mcr2/ros2_ws/src/install/signal_msg/share/ament_index/resource_index/rosidl_interfaces/signal_msg
[2.645s] -- Up-to-date: /home/mcr2/ros2_ws/src/install/signal_msg/include/signal_msg/signal_msg
[2.647s] -- Up-to-date: /home/mcr2/ros2_ws/src/install/signal_msg/include/signal_msg/signal_msg/msg
[2.648s] -- Up-to-date: /home/mcr2/ros2_ws/src/install/signal_msg/include/signal_msg/signal_msg/msg/signal_decomposed.h
[2.649s] -- Up-to-date: /home/mcr2/ros2_ws/src/install/signal_msg/include/signal_msg/signal_msg/msg/detail
[2.650s] -- Up-to-date: /home/mcr2/ros2_ws/src/install/signal_msg/include/signal_msg/signal_msg/msg/detail/signal_decomposed__functions.h
[2.651s] -- Up-to-date: /home/mcr2/ros2_ws/src/install/signal_msg/include/signal_msg/signal_msg/msg/detail/signal_decomposed__type_support.h
[2.652s] -- Up-to-date: /home/mcr2/ros2_ws/src/install/signal_msg/include/signal_msg/signal_msg/msg/detail/signal_decomposed__functions.c
[2.653s] -- Up-to-date: /home/mcr2/ros2_ws/src/install/signal_msg/include/signal_msg/signal_msg/msg/detail/signal_decomposed__struct.h
[2.654s] -- Up-to-date: /home/mcr2/ros2_ws/src/install/signal_msg/include/signal_msg/signal_msg/msg/rosidl_generator_c__visibility_control.h
[2.656s] -- Up-to-date: /home/mcr2/ros2_ws/src/install/signal_msg/share/signal_msg/environment/library_path.sh
[2.656s] -- Up-to-date: /home/mcr2/ros2_ws/src/install/signal_msg/share/signal_msg/environment/library_path.dsv
[2.659s] -- Up-to-date: /home/mcr2/ros2_ws/src/install/signal_msg/lib/libsignal_msg__rosidl_generator_c.so
[2.661s] -- Up-to-date: /home/mcr2/ros2_ws/src/install/signal_msg/include/signal_msg/signal_msg
[2.661s] -- Up-to-date: /home/mcr2/ros2_ws/src/install/signal_msg/include/signal_msg/signal_msg/msg
[2.662s] -- Up-to-date: /home/mcr2/ros2_ws/src/install/signal_msg/include/signal_msg/signal_msg/msg/rosidl_typesupport_fastrtps_c__visibility_control.h
[2.662s] -- Up-to-date: /home/mcr2/ros2_ws/src/install/signal_msg/include/signal_msg/signal_msg/msg/detail
[2.663s] -- Up-to-date: /home/mcr2/ros2_ws/src/install/signal_msg/include/signal_msg/signal_msg/msg/detail/signal_decomposed__rosidl_typesupport_fastrtps_c.h
[2.665s] -- Up-to-date: /home/mcr2/ros2_ws/src/install/signal_msg/lib/libsignal_msg__rosidl_typesupport_fastrtps_c.so
[2.666s] -- Up-to-date: /home/mcr2/ros2_ws/src/install/signal_msg/include/signal_msg/signal_msg
[2.667s] -- Up-to-date: /home/mcr2/ros2_ws/src/install/signal_msg/include/signal_msg/signal_msg/msg
[2.667s] -- Up-to-date: /home/mcr2/ros2_ws/src/install/signal_msg/include/signal_msg/signal_msg/msg/detail
[2.668s] -- Up-to-date: /home/mcr2/ros2_ws/src/install/signal_msg/include/signal_msg/signal_msg/msg/detail/signal_decomposed__struct.hpp
[2.669s] -- Up-to-date: /home/mcr2/ros2_ws/src/install/signal_msg/include/signal_msg/signal_msg/msg/detail/signal_decomposed__traits.hpp
[2.671s] -- Up-to-date: /home/mcr2/ros2_ws/src/install/signal_msg/include/signal_msg/signal_msg/msg/detail/signal_decomposed__builder.hpp
[2.673s] -- Up-to-date: /home/mcr2/ros2_ws/src/install/signal_msg/include/signal_msg/signal_msg/msg/signal_decomposed.hpp
[2.674s] -- Up-to-date: /home/mcr2/ros2_ws/src/install/signal_msg/include/signal_msg/signal_msg
[2.676s] -- Up-to-date: /home/mcr2/ros2_ws/src/install/signal_msg/include/signal_msg/signal_msg/msg
[2.677s] -- Up-to-date: /home/mcr2/ros2_ws/src/install/signal_msg/include/signal_msg/signal_msg/msg/rosidl_typesupport_fastrtps_cpp__visibility_control.h
[2.678s] -- Up-to-date: /home/mcr2/ros2_ws/src/install/signal_msg/include/signal_msg/signal_msg/msg/detail
[2.679s] -- Up-to-date: /home/mcr2/ros2_ws/src/install/signal_msg/include/signal_msg/signal_msg/msg/detail/dds_fastrtps
[2.680s] -- Up-to-date: /home/mcr2/ros2_ws/src/install/signal_msg/include/signal_msg/signal_msg/msg/detail/signal_decomposed__rosidl_typesupport_fastrtps_cpp.hpp
[2.684s] -- Up-to-date: /home/mcr2/ros2_ws/src/install/signal_msg/lib/libsignal_msg__rosidl_typesupport_fastrtps_cpp.so
[2.685s] -- Up-to-date: /home/mcr2/ros2_ws/src/install/signal_msg/include/signal_msg/signal_msg
[2.685s] -- Up-to-date: /home/mcr2/ros2_ws/src/install/signal_msg/include/signal_msg/signal_msg/msg
[2.685s] -- Up-to-date: /home/mcr2/ros2_ws/src/install/signal_msg/include/signal_msg/signal_msg/msg/rosidl_typesupport_introspection_c__visibility_control.h
[2.685s] -- Up-to-date: /home/mcr2/ros2_ws/src/install/signal_msg/include/signal_msg/signal_msg/msg/detail
[2.685s] -- Up-to-date: /home/mcr2/ros2_ws/src/install/signal_msg/include/signal_msg/signal_msg/msg/detail/signal_decomposed__rosidl_typesupport_introspection_c.h
[2.685s] -- Up-to-date: /home/mcr2/ros2_ws/src/install/signal_msg/include/signal_msg/signal_msg/msg/detail/signal_decomposed__type_support.c
[2.687s] -- Up-to-date: /home/mcr2/ros2_ws/src/install/signal_msg/lib/libsignal_msg__rosidl_typesupport_introspection_c.so
[2.688s] -- Up-to-date: /home/mcr2/ros2_ws/src/install/signal_msg/lib/libsignal_msg__rosidl_typesupport_c.so
[2.688s] -- Up-to-date: /home/mcr2/ros2_ws/src/install/signal_msg/include/signal_msg/signal_msg
[2.689s] -- Up-to-date: /home/mcr2/ros2_ws/src/install/signal_msg/include/signal_msg/signal_msg/msg
[2.689s] -- Up-to-date: /home/mcr2/ros2_ws/src/install/signal_msg/include/signal_msg/signal_msg/msg/detail
[2.689s] -- Up-to-date: /home/mcr2/ros2_ws/src/install/signal_msg/include/signal_msg/signal_msg/msg/detail/signal_decomposed__type_support.cpp
[2.689s] -- Up-to-date: /home/mcr2/ros2_ws/src/install/signal_msg/include/signal_msg/signal_msg/msg/detail/signal_decomposed__rosidl_typesupport_introspection_cpp.hpp
[2.691s] -- Up-to-date: /home/mcr2/ros2_ws/src/install/signal_msg/lib/libsignal_msg__rosidl_typesupport_introspection_cpp.so
[2.696s] -- Up-to-date: /home/mcr2/ros2_ws/src/install/signal_msg/lib/libsignal_msg__rosidl_typesupport_cpp.so
[2.696s] -- Up-to-date: /home/mcr2/ros2_ws/src/install/signal_msg/share/signal_msg/environment/pythonpath.sh
[2.696s] -- Up-to-date: /home/mcr2/ros2_ws/src/install/signal_msg/share/signal_msg/environment/pythonpath.dsv
[2.696s] -- Up-to-date: /home/mcr2/ros2_ws/src/install/signal_msg/local/lib/python3.10/dist-packages/signal_msg-0.0.0-py3.10.egg-info
[2.696s] -- Installing: /home/mcr2/ros2_ws/src/install/signal_msg/local/lib/python3.10/dist-packages/signal_msg-0.0.0-py3.10.egg-info/PKG-INFO
[2.696s] -- Installing: /home/mcr2/ros2_ws/src/install/signal_msg/local/lib/python3.10/dist-packages/signal_msg-0.0.0-py3.10.egg-info/top_level.txt
[2.696s] -- Installing: /home/mcr2/ros2_ws/src/install/signal_msg/local/lib/python3.10/dist-packages/signal_msg-0.0.0-py3.10.egg-info/SOURCES.txt
[2.696s] -- Installing: /home/mcr2/ros2_ws/src/install/signal_msg/local/lib/python3.10/dist-packages/signal_msg-0.0.0-py3.10.egg-info/dependency_links.txt
[2.696s] -- Up-to-date: /home/mcr2/ros2_ws/src/install/signal_msg/local/lib/python3.10/dist-packages/signal_msg
[2.696s] -- Up-to-date: /home/mcr2/ros2_ws/src/install/signal_msg/local/lib/python3.10/dist-packages/signal_msg/signal_msg_s__rosidl_typesupport_fastrtps_c.cpython-310-x86_64-linux-gnu.so
[2.696s] -- Up-to-date: /home/mcr2/ros2_ws/src/install/signal_msg/local/lib/python3.10/dist-packages/signal_msg/_signal_msg_s.ep.rosidl_typesupport_fastrtps_c.c
[2.696s] -- Up-to-date: /home/mcr2/ros2_ws/src/install/signal_msg/local/lib/python3.10/dist-packages/signal_msg/signal_msg_s__rosidl_typesupport_introspection_c.cpython-310-x86_64-linux-gnu.so
[2.697s] -- Up-to-date: /home/mcr2/ros2_ws/src/install/signal_msg/local/lib/python3.10/dist-packages/signal_msg/signal_msg_s__rosidl_typesupport_c.cpython-310-x86_64-linux-gnu.so
[2.697s] -- Up-to-date: /home/mcr2/ros2_ws/src/install/signal_msg/local/lib/python3.10/dist-packages/signal_msg/_signal_msg_s.ep.rosidl_typesupport_c.c
[2.697s] -- Up-to-date: /home/mcr2/ros2_ws/src/install/signal_msg/local/lib/python3.10/dist-packages/signal_msg/_signal_msg_s.ep.rosidl_typesupport_introspection_c.c
[2.697s] -- Up-to-date: /home/mcr2/ros2_ws/src/install/signal_msg/local/lib/python3.10/dist-packages/signal_msg/libsignal_msg__rosidl_generator_py.so
[2.697s] -- Up-to-date: /home/mcr2/ros2_ws/src/install/signal_msg/local/lib/python3.10/dist-packages/signal_msg/msg
[2.697s] -- Up-to-date: /home/mcr2/ros2_ws/src/install/signal_msg/local/lib/python3.10/dist-packages/signal_msg/msg/_signal_decomposed_s.c
[2.697s] -- Up-to-date: /home/mcr2/ros2_ws/src/install/signal_msg/local/lib/python3.10/dist-packages/signal_msg/msg/_signal_decomposed.py
[2.697s] -- Up-to-date: /home/mcr2/ros2_ws/src/install/signal_msg/local/lib/python3.10/dist-packages/signal_msg/msg/__init__.py
[2.697s] -- Up-to-date: /home/mcr2/ros2_ws/src/install/signal_msg/local/lib/python3.10/dist-packages/signal_msg/__init__.py
[2.747s] Listing '/home/mcr2/ros2_ws/src/install/signal_msg/local/lib/python3.10/dist-packages/signal_msg'...
[2.748s] Listing '/home/mcr2/ros2_ws/src/install/signal_msg/local/lib/python3.10/dist-packages/signal_msg/msg'...
[2.754s] -- Up-to-date: /home/mcr2/ros2_ws/src/install/signal_msg/local/lib/python3.10/dist-packages/signal_msg/signal_msg_s__rosidl_typesupport_fastrtps_c.cpython-310-x86_64-linux-gnu.so
[2.755s] -- Up-to-date: /home/mcr2/ros2_ws/src/install/signal_msg/local/lib/python3.10/dist-packages/signal_msg/signal_msg_s__rosidl_typesupport_introspection_c.cpython-310-x86_64-linux-gnu.so
[2.758s] -- Up-to-date: /home/mcr2/ros2_ws/src/install/signal_msg/local/lib/python3.10/dist-packages/signal_msg/signal_msg_s__rosidl_typesupport_c.cpython-310-x86_64-linux-gnu.so
[2.759s] -- Up-to-date: /home/mcr2/ros2_ws/src/install/signal_msg/lib/libsignal_msg__rosidl_generator_py.so
[2.760s] -- Up-to-date: /home/mcr2/ros2_ws/src/install/signal_msg/share/signal_msg/msg/SignalDecomposed.idl
[2.760s] -- Up-to-date: /home/mcr2/ros2_ws/src/install/signal_msg/share/signal_msg/msg/SignalDecomposed.msg
[2.761s] -- Up-to-date: /home/mcr2/ros2_ws/src/install/signal_msg/share/ament_index/resource_index/package_run_dependencies/signal_msg
[2.761s] -- Up-to-date: /home/mcr2/ros2_ws/src/install/signal_msg/share/ament_index/resource_index/parent_prefix_path/signal_msg
[2.761s] -- Up-to-date: /home/mcr2/ros2_ws/src/install/signal_msg/share/signal_msg/environment/ament_prefix_path.sh
[2.762s] -- Up-to-date: /home/mcr2/ros2_ws/src/install/signal_msg/share/signal_msg/environment/ament_prefix_path.dsv
[2.762s] -- Up-to-date: /home/mcr2/ros2_ws/src/install/signal_msg/share/signal_msg/environment/path.sh
[2.762s] -- Up-to-date: /home/mcr2/ros2_ws/src/install/signal_msg/share/signal_msg/environment/path.dsv
[2.763s] -- Up-to-date: /home/mcr2/ros2_ws/src/install/signal_msg/share/signal_msg/local_setup.bash
[2.763s] -- Up-to-date: /home/mcr2/ros2_ws/src/install/signal_msg/share/signal_msg/local_setup.sh
[2.763s] -- Up-to-date: /home/mcr2/ros2_ws/src/install/signal_msg/share/signal_msg/local_setup.zsh
[2.763s] -- Up-to-date: /home/mcr2/ros2_ws/src/install/signal_msg/share/signal_msg/local_setup.dsv
[2.764s] -- Installing: /home/mcr2/ros2_ws/src/install/signal_msg/share/signal_msg/package.dsv
[2.764s] -- Up-to-date: /home/mcr2/ros2_ws/src/install/signal_msg/share/ament_index/resource_index/packages/signal_msg
[2.764s] -- Up-to-date: /home/mcr2/ros2_ws/src/install/signal_msg/share/signal_msg/cmake/export_signal_msg__rosidl_generator_cExport.cmake
[2.765s] -- Up-to-date: /home/mcr2/ros2_ws/src/install/signal_msg/share/signal_msg/cmake/export_signal_msg__rosidl_generator_cExport-noconfig.cmake
[2.765s] -- Up-to-date: /home/mcr2/ros2_ws/src/install/signal_msg/share/signal_msg/cmake/export_signal_msg__rosidl_typesupport_fastrtps_cExport.cmake
[2.765s] -- Up-to-date: /home/mcr2/ros2_ws/src/install/signal_msg/share/signal_msg/cmake/export_signal_msg__rosidl_typesupport_fastrtps_cExport-noconfig.cmake
[2.766s] -- Up-to-date: /home/mcr2/ros2_ws/src/install/signal_msg/share/signal_msg/cmake/export_signal_msg__rosidl_generator_cppExport.cmake
[2.767s] -- Up-to-date: /home/mcr2/ros2_ws/src/install/signal_msg/share/signal_msg/cmake/export_signal_msg__rosidl_typesupport_fastrtps_cppExport.cmake
[2.767s] -- Up-to-date: /home/mcr2/ros2_ws/src/install/signal_msg/share/signal_msg/cmake/export_signal_msg__rosidl_typesupport_fastrtps_cppExport-noconfig.cmake
[2.767s] -- Up-to-date: /home/mcr2/ros2_ws/src/install/signal_msg/share/signal_msg/cmake/signal_msg__rosidl_typesupport_introspection_cExport.cmake
[2.768s] -- Up-to-date: /home/mcr2/ros2_ws/src/install/signal_msg/share/signal_msg/cmake/signal_msg__rosidl_typesupport_introspection_cExport-noconfig.cmake
[2.768s] -- Up-to-date: /home/mcr2/ros2_ws/src/install/signal_msg/share/signal_msg/cmake/signal_msg__rosidl_typesupport_cExport.cmake
[2.768s] -- Up-to-date: /home/mcr2/ros2_ws/src/install/signal_msg/share/signal_msg/cmake/signal_msg__rosidl_typesupport_cExport-noconfig.cmake
[2.769s] -- Up-to-date: /home/mcr2/ros2_ws/src/install/signal_msg/share/signal_msg/cmake/signal_msg__rosidl_typesupport_introspection_cppExport.cmake
[2.769s] -- Up-to-date: /home/mcr2/ros2_ws/src/install/signal_msg/share/signal_msg/cmake/signal_msg__rosidl_typesupport_introspection_cppExport-noconfig.cmake
[2.773s] -- Up-to-date: /home/mcr2/ros2_ws/src/install/signal_msg/share/signal_msg/cmake/signal_msg__rosidl_typesupport_cppExport.cmake
[2.773s] -- Up-to-date: /home/mcr2/ros2_ws/src/install/signal_msg/share/signal_msg/cmake/signal_msg__rosidl_typesupport_cppExport-noconfig.cmake
[2.775s] -- Up-to-date: /home/mcr2/ros2_ws/src/install/signal_msg/share/signal_msg/cmake/export_signal_msg__rosidl_generator_pyExport.cmake
[2.775s] -- Up-to-date: /home/mcr2/ros2_ws/src/install/signal_msg/share/signal_msg/cmake/export_signal_msg__rosidl_generator_pyExport-noconfig.cmake
[2.775s] -- Up-to-date: /home/mcr2/ros2_ws/src/install/signal_msg/share/signal_msg/cmake/rosidl_cmake-extras.cmake
[2.775s] -- Up-to-date: /home/mcr2/ros2_ws/src/install/signal_msg/share/signal_msg/cmake/ament_cmake_export_dependencies-extras.cmake
[2.775s] -- Up-to-date: /home/mcr2/ros2_ws/src/install/signal_msg/share/signal_msg/cmake/ament_cmake_export_include_directories-extras.cmake
[2.776s] -- Up-to-date: /home/mcr2/ros2_ws/src/install/signal_msg/share/signal_msg/cmake/ament_cmake_export_libraries-extras.cmake
[2.776s] -- Up-to-date: /home/mcr2/ros2_ws/src/install/signal_msg/share/signal_msg/cmake/ament_cmake_export_targets-extras.cmake
[2.776s] -- Up-to-date: /home/mcr2/ros2_ws/src/install/signal_msg/share/signal_msg/cmake/rosidl_cmake_export_typesupport_targets-extras.cmake
[2.776s] -- Up-to-date: /home/mcr2/ros2_ws/src/install/signal_msg/share/signal_msg/cmake/rosidl_cmake_export_typesupport_libraries-extras.cmake
[2.776s] -- Up-to-date: /home/mcr2/ros2_ws/src/install/signal_msg/share/signal_msg/cmake/signal_msgConfig.cmake
[2.776s] -- Up-to-date: /home/mcr2/ros2_ws/src/install/signal_msg/share/signal_msg/cmake/signal_msgConfig-version.cmake
[2.776s] -- Up-to-date: /home/mcr2/ros2_ws/src/install/signal_msg/share/signal_msg/package.xml
[2.873s] Invoked command in '/home/mcr2/ros2_ws/src/build/signal_msg' returned '0': CMAKE_PREFIX_PATH=${CMAKE_PREFIX_PATH}:/opt/ros/humble /usr/bin/cmake --install /home/mcr2/ros2_ws/src/build/signal_msg
