[1.589s] Invoking command in '/home/mcr2/ros2_ws/src/courseworks': PYTHONPATH=/home/mcr2/ros2_ws/src/build/courseworks/prefix_override:/home/mcr2/ros2_ws/src/install/courseworks/lib/python3.10/site-packages:${PYTHONPATH} /usr/bin/python3 setup.py egg_info --egg-base ../build/courseworks build --build-base /home/mcr2/ros2_ws/src/build/courseworks/build install --record /home/mcr2/ros2_ws/src/build/courseworks/install.log --single-version-externally-managed
[1.814s] running egg_info
[1.815s] writing ../build/courseworks/courseworks.egg-info/PKG-INFO
[1.816s] writing dependency_links to ../build/courseworks/courseworks.egg-info/dependency_links.txt
[1.816s] writing entry points to ../build/courseworks/courseworks.egg-info/entry_points.txt
[1.816s] writing requirements to ../build/courseworks/courseworks.egg-info/requires.txt
[1.817s] writing top-level names to ../build/courseworks/courseworks.egg-info/top_level.txt
[1.818s] reading manifest file '../build/courseworks/courseworks.egg-info/SOURCES.txt'
[1.821s] writing manifest file '../build/courseworks/courseworks.egg-info/SOURCES.txt'
[1.821s] running build
[1.821s] running build_py
[1.821s] /usr/lib/python3/dist-packages/setuptools/command/install.py:34: SetuptoolsDeprecationWarning: setup.py install is deprecated. Use build and pip and other standards-based tools.
[1.822s]   warnings.warn(
[1.822s] copying courseworks/signal_generator.py -> /home/mcr2/ros2_ws/src/build/courseworks/build/lib/courseworks
[1.822s] running install
[1.822s] running install_lib
[1.823s] copying /home/mcr2/ros2_ws/src/build/courseworks/build/lib/courseworks/signal_generator.py -> /home/mcr2/ros2_ws/src/install/courseworks/lib/python3.10/site-packages/courseworks
[1.825s] byte-compiling /home/mcr2/ros2_ws/src/install/courseworks/lib/python3.10/site-packages/courseworks/signal_generator.py to signal_generator.cpython-310.pyc
[1.825s] running install_data
[1.825s] copying launch/signal_launch.py -> /home/mcr2/ros2_ws/src/install/courseworks/share/courseworks/launch
[1.826s] running install_egg_info
[1.828s] removing '/home/mcr2/ros2_ws/src/install/courseworks/lib/python3.10/site-packages/courseworks-0.0.0-py3.10.egg-info' (and everything under it)
[1.829s] Copying ../build/courseworks/courseworks.egg-info to /home/mcr2/ros2_ws/src/install/courseworks/lib/python3.10/site-packages/courseworks-0.0.0-py3.10.egg-info
[1.831s] running install_scripts
[1.850s] Installing reconstruction script to /home/mcr2/ros2_ws/src/install/courseworks/lib/courseworks
[1.850s] Installing signal_generator script to /home/mcr2/ros2_ws/src/install/courseworks/lib/courseworks
[1.850s] writing list of installed files to '/home/mcr2/ros2_ws/src/build/courseworks/install.log'
[1.878s] Invoked command in '/home/mcr2/ros2_ws/src/courseworks' returned '0': PYTHONPATH=/home/mcr2/ros2_ws/src/build/courseworks/prefix_override:/home/mcr2/ros2_ws/src/install/courseworks/lib/python3.10/site-packages:${PYTHONPATH} /usr/bin/python3 setup.py egg_info --egg-base ../build/courseworks build --build-base /home/mcr2/ros2_ws/src/build/courseworks/build install --record /home/mcr2/ros2_ws/src/build/courseworks/install.log --single-version-externally-managed
