[1.463s] Invoking command in '/home/mcr2/ros2_ws/src/courseworks_params': PYTHONPATH=/home/mcr2/ros2_ws/src/build/courseworks_params/prefix_override:/home/mcr2/ros2_ws/src/install/courseworks_params/lib/python3.10/site-packages:${PYTHONPATH} /usr/bin/python3 setup.py egg_info --egg-base ../build/courseworks_params build --build-base /home/mcr2/ros2_ws/src/build/courseworks_params/build install --record /home/mcr2/ros2_ws/src/build/courseworks_params/install.log --single-version-externally-managed
[1.741s] running egg_info
[1.741s] writing ../build/courseworks_params/courseworks_params.egg-info/PKG-INFO
[1.743s] writing dependency_links to ../build/courseworks_params/courseworks_params.egg-info/dependency_links.txt
[1.743s] writing entry points to ../build/courseworks_params/courseworks_params.egg-info/entry_points.txt
[1.743s] writing requirements to ../build/courseworks_params/courseworks_params.egg-info/requires.txt
[1.743s] writing top-level names to ../build/courseworks_params/courseworks_params.egg-info/top_level.txt
[1.745s] reading manifest file '../build/courseworks_params/courseworks_params.egg-info/SOURCES.txt'
[1.745s] adding license file 'LICENSE'
[1.746s] writing manifest file '../build/courseworks_params/courseworks_params.egg-info/SOURCES.txt'
[1.746s] running build
[1.746s] running build_py
[1.747s] copying courseworks_params/signal_params.py -> /home/mcr2/ros2_ws/src/build/courseworks_params/build/lib/courseworks_params
[1.747s] running install
[1.747s] /usr/lib/python3/dist-packages/setuptools/command/install.py:34: SetuptoolsDeprecationWarning: setup.py install is deprecated. Use build and pip and other standards-based tools.
[1.747s]   warnings.warn(
[1.748s] running install_lib
[1.749s] copying /home/mcr2/ros2_ws/src/build/courseworks_params/build/lib/courseworks_params/signal_params.py -> /home/mcr2/ros2_ws/src/install/courseworks_params/lib/python3.10/site-packages/courseworks_params
[1.749s] byte-compiling /home/mcr2/ros2_ws/src/install/courseworks_params/lib/python3.10/site-packages/courseworks_params/signal_params.py to signal_params.cpython-310.pyc
[1.750s] running install_data
[1.751s] running install_egg_info
[1.754s] removing '/home/mcr2/ros2_ws/src/install/courseworks_params/lib/python3.10/site-packages/courseworks_params-0.0.0-py3.10.egg-info' (and everything under it)
[1.755s] Copying ../build/courseworks_params/courseworks_params.egg-info to /home/mcr2/ros2_ws/src/install/courseworks_params/lib/python3.10/site-packages/courseworks_params-0.0.0-py3.10.egg-info
[1.756s] running install_scripts
[1.781s] Installing signal_params script to /home/mcr2/ros2_ws/src/install/courseworks_params/lib/courseworks_params
[1.782s] writing list of installed files to '/home/mcr2/ros2_ws/src/build/courseworks_params/install.log'
[1.810s] Invoked command in '/home/mcr2/ros2_ws/src/courseworks_params' returned '0': PYTHONPATH=/home/mcr2/ros2_ws/src/build/courseworks_params/prefix_override:/home/mcr2/ros2_ws/src/install/courseworks_params/lib/python3.10/site-packages:${PYTHONPATH} /usr/bin/python3 setup.py egg_info --egg-base ../build/courseworks_params build --build-base /home/mcr2/ros2_ws/src/build/courseworks_params/build install --record /home/mcr2/ros2_ws/src/build/courseworks_params/install.log --single-version-externally-managed
