[1.513s] Invoking command in '/home/mcr2/ros2_ws/src/courseworks_params': PYTHONPATH=/home/mcr2/ros2_ws/src/build/courseworks_params/prefix_override:/home/mcr2/ros2_ws/src/install/courseworks_params/lib/python3.10/site-packages:${PYTHONPATH} /usr/bin/python3 setup.py egg_info --egg-base ../build/courseworks_params build --build-base /home/mcr2/ros2_ws/src/build/courseworks_params/build install --record /home/mcr2/ros2_ws/src/build/courseworks_params/install.log --single-version-externally-managed
[1.746s] running egg_info
[1.747s] writing ../build/courseworks_params/courseworks_params.egg-info/PKG-INFO
[1.748s] writing dependency_links to ../build/courseworks_params/courseworks_params.egg-info/dependency_links.txt
[1.748s] writing entry points to ../build/courseworks_params/courseworks_params.egg-info/entry_points.txt
[1.748s] writing requirements to ../build/courseworks_params/courseworks_params.egg-info/requires.txt
[1.748s] writing top-level names to ../build/courseworks_params/courseworks_params.egg-info/top_level.txt
[1.751s] reading manifest file '../build/courseworks_params/courseworks_params.egg-info/SOURCES.txt'
[1.751s] adding license file 'LICENSE'
[1.752s] writing manifest file '../build/courseworks_params/courseworks_params.egg-info/SOURCES.txt'
[1.752s] running build
[1.752s] running build_py
[1.753s] running install
[1.753s] /usr/lib/python3/dist-packages/setuptools/command/install.py:34: SetuptoolsDeprecationWarning: setup.py install is deprecated. Use build and pip and other standards-based tools.
[1.753s]   warnings.warn(
[1.753s] running install_lib
[1.755s] running install_data
[1.756s] running install_egg_info
[1.759s] removing '/home/mcr2/ros2_ws/src/install/courseworks_params/lib/python3.10/site-packages/courseworks_params-0.0.0-py3.10.egg-info' (and everything under it)
[1.759s] Copying ../build/courseworks_params/courseworks_params.egg-info to /home/mcr2/ros2_ws/src/install/courseworks_params/lib/python3.10/site-packages/courseworks_params-0.0.0-py3.10.egg-info
[1.761s] running install_scripts
[1.782s] Installing signal_params script to /home/mcr2/ros2_ws/src/install/courseworks_params/lib/courseworks_params
[1.782s] writing list of installed files to '/home/mcr2/ros2_ws/src/build/courseworks_params/install.log'
[1.871s] Invoked command in '/home/mcr2/ros2_ws/src/courseworks_params' returned '0': PYTHONPATH=/home/mcr2/ros2_ws/src/build/courseworks_params/prefix_override:/home/mcr2/ros2_ws/src/install/courseworks_params/lib/python3.10/site-packages:${PYTHONPATH} /usr/bin/python3 setup.py egg_info --egg-base ../build/courseworks_params build --build-base /home/mcr2/ros2_ws/src/build/courseworks_params/build install --record /home/mcr2/ros2_ws/src/build/courseworks_params/install.log --single-version-externally-managed
