[1.525s] Invoking command in '/home/mcr2/ros2_ws/src/sphere_msgs': AMENT_PREFIX_PATH=/home/mcr2/ros2_ws/src/install/msgs_clase:${AMENT_PREFIX_PATH} CMAKE_PREFIX_PATH=/home/mcr2/ros2_ws/src/install/msgs_clase:${CMAKE_PREFIX_PATH} LD_LIBRARY_PATH=/home/mcr2/ros2_ws/src/install/msgs_clase/lib:${LD_LIBRARY_PATH} PYTHONPATH=/home/mcr2/ros2_ws/src/build/sphere_msgs/prefix_override:/home/mcr2/ros2_ws/src/install/sphere_msgs/lib/python3.10/site-packages:/home/mcr2/ros2_ws/src/install/msgs_clase/local/lib/python3.10/dist-packages:${PYTHONPATH} /usr/bin/python3 setup.py egg_info --egg-base ../build/sphere_msgs build --build-base /home/mcr2/ros2_ws/src/build/sphere_msgs/build install --record /home/mcr2/ros2_ws/src/build/sphere_msgs/install.log --single-version-externally-managed
[1.726s] running egg_info
[1.727s] writing ../build/sphere_msgs/sphere_msgs.egg-info/PKG-INFO
[1.728s] writing dependency_links to ../build/sphere_msgs/sphere_msgs.egg-info/dependency_links.txt
[1.729s] writing entry points to ../build/sphere_msgs/sphere_msgs.egg-info/entry_points.txt
[1.729s] writing requirements to ../build/sphere_msgs/sphere_msgs.egg-info/requires.txt
[1.729s] writing top-level names to ../build/sphere_msgs/sphere_msgs.egg-info/top_level.txt
[1.732s] reading manifest file '../build/sphere_msgs/sphere_msgs.egg-info/SOURCES.txt'
[1.733s] adding license file 'LICENSE'
[1.734s] writing manifest file '../build/sphere_msgs/sphere_msgs.egg-info/SOURCES.txt'
[1.734s] running build
[1.734s] running build_py
[1.735s] running install
[1.736s] /usr/lib/python3/dist-packages/setuptools/command/install.py:34: SetuptoolsDeprecationWarning: setup.py install is deprecated. Use build and pip and other standards-based tools.
[1.736s]   warnings.warn(
[1.736s] running install_lib
[1.743s] running install_data
[1.745s] running install_egg_info
[1.747s] removing '/home/mcr2/ros2_ws/src/install/sphere_msgs/lib/python3.10/site-packages/sphere_msgs-0.0.0-py3.10.egg-info' (and everything under it)
[1.747s] Copying ../build/sphere_msgs/sphere_msgs.egg-info to /home/mcr2/ros2_ws/src/install/sphere_msgs/lib/python3.10/site-packages/sphere_msgs-0.0.0-py3.10.egg-info
[1.749s] running install_scripts
[1.765s] Installing sphere_node script to /home/mcr2/ros2_ws/src/install/sphere_msgs/lib/sphere_msgs
[1.766s] writing list of installed files to '/home/mcr2/ros2_ws/src/build/sphere_msgs/install.log'
[1.784s] Invoked command in '/home/mcr2/ros2_ws/src/sphere_msgs' returned '0': AMENT_PREFIX_PATH=/home/mcr2/ros2_ws/src/install/msgs_clase:${AMENT_PREFIX_PATH} CMAKE_PREFIX_PATH=/home/mcr2/ros2_ws/src/install/msgs_clase:${CMAKE_PREFIX_PATH} LD_LIBRARY_PATH=/home/mcr2/ros2_ws/src/install/msgs_clase/lib:${LD_LIBRARY_PATH} PYTHONPATH=/home/mcr2/ros2_ws/src/build/sphere_msgs/prefix_override:/home/mcr2/ros2_ws/src/install/sphere_msgs/lib/python3.10/site-packages:/home/mcr2/ros2_ws/src/install/msgs_clase/local/lib/python3.10/dist-packages:${PYTHONPATH} /usr/bin/python3 setup.py egg_info --egg-base ../build/sphere_msgs build --build-base /home/mcr2/ros2_ws/src/build/sphere_msgs/build install --record /home/mcr2/ros2_ws/src/build/sphere_msgs/install.log --single-version-externally-managed
