[0.758s] Invoking command in '/home/mcr2/ros2_ws/src/basic_comms': PYTHONPATH=/home/mcr2/ros2_ws/src/basic_comms/build/basic_comms/prefix_override:/home/mcr2/ros2_ws/src/basic_comms/install/basic_comms/lib/python3.10/site-packages:${PYTHONPATH} /usr/bin/python3 setup.py egg_info --egg-base build/basic_comms build --build-base /home/mcr2/ros2_ws/src/basic_comms/build/basic_comms/build install --record /home/mcr2/ros2_ws/src/basic_comms/build/basic_comms/install.log --single-version-externally-managed
[0.999s] running egg_info
[1.000s] writing build/basic_comms/basic_comms.egg-info/PKG-INFO
[1.001s] writing dependency_links to build/basic_comms/basic_comms.egg-info/dependency_links.txt
[1.001s] writing entry points to build/basic_comms/basic_comms.egg-info/entry_points.txt
[1.002s] writing requirements to build/basic_comms/basic_comms.egg-info/requires.txt
[1.002s] writing top-level names to build/basic_comms/basic_comms.egg-info/top_level.txt
[1.002s] reading manifest file 'build/basic_comms/basic_comms.egg-info/SOURCES.txt'
[1.009s] writing manifest file 'build/basic_comms/basic_comms.egg-info/SOURCES.txt'
[1.009s] running build
[1.009s] running build_py
[1.009s] running install
[1.009s] /usr/lib/python3/dist-packages/setuptools/command/install.py:34: SetuptoolsDeprecationWarning: setup.py install is deprecated. Use build and pip and other standards-based tools.
[1.009s]   warnings.warn(
[1.009s] running install_lib
[1.010s] running install_data
[1.011s] running install_egg_info
[1.012s] removing '/home/mcr2/ros2_ws/src/basic_comms/install/basic_comms/lib/python3.10/site-packages/basic_comms-0.0.0-py3.10.egg-info' (and everything under it)
[1.012s] Copying build/basic_comms/basic_comms.egg-info to /home/mcr2/ros2_ws/src/basic_comms/install/basic_comms/lib/python3.10/site-packages/basic_comms-0.0.0-py3.10.egg-info
[1.014s] running install_scripts
[1.029s] Installing listener script to /home/mcr2/ros2_ws/src/basic_comms/install/basic_comms/lib/basic_comms
[1.030s] Installing talker script to /home/mcr2/ros2_ws/src/basic_comms/install/basic_comms/lib/basic_comms
[1.031s] writing list of installed files to '/home/mcr2/ros2_ws/src/basic_comms/build/basic_comms/install.log'
[1.055s] Invoked command in '/home/mcr2/ros2_ws/src/basic_comms' returned '0': PYTHONPATH=/home/mcr2/ros2_ws/src/basic_comms/build/basic_comms/prefix_override:/home/mcr2/ros2_ws/src/basic_comms/install/basic_comms/lib/python3.10/site-packages:${PYTHONPATH} /usr/bin/python3 setup.py egg_info --egg-base build/basic_comms build --build-base /home/mcr2/ros2_ws/src/basic_comms/build/basic_comms/build install --record /home/mcr2/ros2_ws/src/basic_comms/build/basic_comms/install.log --single-version-externally-managed
