[1.205s] DEBUG:colcon:Command line arguments: ['/usr/bin/colcon', 'build']
[1.205s] DEBUG:colcon:Parsed command line arguments: Namespace(log_base=None, log_level=None, verb_name='build', build_base='build', install_base='install', merge_install=False, symlink_install=False, test_result_base=None, continue_on_error=False, executor='parallel', parallel_workers=6, event_handlers=None, ignore_user_meta=False, metas=['./colcon.meta'], base_paths=['.'], packages_ignore=None, packages_ignore_regex=None, paths=None, packages_up_to=None, packages_up_to_regex=None, packages_above=None, packages_above_and_dependencies=None, packages_above_depth=None, packages_select_by_dep=None, packages_skip_by_dep=None, packages_skip_up_to=None, packages_select_build_failed=False, packages_skip_build_finished=False, packages_select_test_failures=False, packages_skip_test_passed=False, packages_select=None, packages_skip=None, packages_select_regex=None, packages_skip_regex=None, packages_start=None, packages_end=None, allow_overriding=[], cmake_args=None, cmake_target=None, cmake_target_skip_unavailable=False, cmake_clean_cache=False, cmake_clean_first=False, cmake_force_configure=False, ament_cmake_args=None, catkin_cmake_args=None, catkin_skip_building_tests=False, verb_parser=<colcon_defaults.argument_parser.defaults.DefaultArgumentsDecorator object at 0x78baaa95f430>, verb_extension=<colcon_core.verb.build.BuildVerb object at 0x78baaa95f400>, main=<bound method BuildVerb.main of <colcon_core.verb.build.BuildVerb object at 0x78baaa95f400>>)
[1.277s] Level 1:colcon.colcon_core.package_discovery:discover_packages(colcon_meta) check parameters
[1.277s] Level 1:colcon.colcon_core.package_discovery:discover_packages(recursive) check parameters
[1.277s] Level 1:colcon.colcon_core.package_discovery:discover_packages(ignore) check parameters
[1.277s] Level 1:colcon.colcon_core.package_discovery:discover_packages(path) check parameters
[1.277s] Level 1:colcon.colcon_core.package_discovery:discover_packages(colcon_meta) discover
[1.277s] Level 1:colcon.colcon_core.package_discovery:discover_packages(recursive) discover
[1.277s] INFO:colcon.colcon_core.package_discovery:Crawling recursively for packages in '/home/mcr2/ros2_ws/src'
[1.277s] Level 1:colcon.colcon_core.package_identification:_identify(.) by extensions ['ignore', 'ignore_ament_install']
[1.277s] Level 1:colcon.colcon_core.package_identification:_identify(.) by extension 'ignore'
[1.277s] Level 1:colcon.colcon_core.package_identification:_identify(.) by extension 'ignore_ament_install'
[1.277s] Level 1:colcon.colcon_core.package_identification:_identify(.) by extensions ['colcon_pkg']
[1.277s] Level 1:colcon.colcon_core.package_identification:_identify(.) by extension 'colcon_pkg'
[1.277s] Level 1:colcon.colcon_core.package_identification:_identify(.) by extensions ['colcon_meta']
[1.277s] Level 1:colcon.colcon_core.package_identification:_identify(.) by extension 'colcon_meta'
[1.277s] Level 1:colcon.colcon_core.package_identification:_identify(.) by extensions ['ros']
[1.277s] Level 1:colcon.colcon_core.package_identification:_identify(.) by extension 'ros'
[1.290s] Level 1:colcon.colcon_core.package_identification:_identify(.) by extensions ['cmake', 'python']
[1.290s] Level 1:colcon.colcon_core.package_identification:_identify(.) by extension 'cmake'
[1.291s] Level 1:colcon.colcon_core.package_identification:_identify(.) by extension 'python'
[1.291s] Level 1:colcon.colcon_core.package_identification:_identify(.) by extensions ['python_setup_py']
[1.291s] Level 1:colcon.colcon_core.package_identification:_identify(.) by extension 'python_setup_py'
[1.291s] Level 1:colcon.colcon_core.package_identification:_identify(basic_comms) by extensions ['ignore', 'ignore_ament_install']
[1.291s] Level 1:colcon.colcon_core.package_identification:_identify(basic_comms) by extension 'ignore'
[1.291s] Level 1:colcon.colcon_core.package_identification:_identify(basic_comms) by extension 'ignore_ament_install'
[1.291s] Level 1:colcon.colcon_core.package_identification:_identify(basic_comms) by extensions ['colcon_pkg']
[1.291s] Level 1:colcon.colcon_core.package_identification:_identify(basic_comms) by extension 'colcon_pkg'
[1.291s] Level 1:colcon.colcon_core.package_identification:_identify(basic_comms) by extensions ['colcon_meta']
[1.291s] Level 1:colcon.colcon_core.package_identification:_identify(basic_comms) by extension 'colcon_meta'
[1.291s] Level 1:colcon.colcon_core.package_identification:_identify(basic_comms) by extensions ['ros']
[1.291s] Level 1:colcon.colcon_core.package_identification:_identify(basic_comms) by extension 'ros'
[1.295s] DEBUG:colcon.colcon_core.package_identification:Package 'basic_comms' with type 'ros.ament_python' and name 'basic_comms'
[1.295s] Level 1:colcon.colcon_core.package_identification:_identify(build) by extensions ['ignore', 'ignore_ament_install']
[1.295s] Level 1:colcon.colcon_core.package_identification:_identify(build) by extension 'ignore'
[1.295s] Level 1:colcon.colcon_core.package_identification:_identify(build) ignored
[1.295s] Level 1:colcon.colcon_core.package_identification:_identify(courseworks) by extensions ['ignore', 'ignore_ament_install']
[1.295s] Level 1:colcon.colcon_core.package_identification:_identify(courseworks) by extension 'ignore'
[1.295s] Level 1:colcon.colcon_core.package_identification:_identify(courseworks) by extension 'ignore_ament_install'
[1.295s] Level 1:colcon.colcon_core.package_identification:_identify(courseworks) by extensions ['colcon_pkg']
[1.295s] Level 1:colcon.colcon_core.package_identification:_identify(courseworks) by extension 'colcon_pkg'
[1.295s] Level 1:colcon.colcon_core.package_identification:_identify(courseworks) by extensions ['colcon_meta']
[1.295s] Level 1:colcon.colcon_core.package_identification:_identify(courseworks) by extension 'colcon_meta'
[1.295s] Level 1:colcon.colcon_core.package_identification:_identify(courseworks) by extensions ['ros']
[1.295s] Level 1:colcon.colcon_core.package_identification:_identify(courseworks) by extension 'ros'
[1.296s] DEBUG:colcon.colcon_core.package_identification:Package 'courseworks' with type 'ros.ament_python' and name 'courseworks'
[1.296s] Level 1:colcon.colcon_core.package_identification:_identify(courseworks_params) by extensions ['ignore', 'ignore_ament_install']
[1.297s] Level 1:colcon.colcon_core.package_identification:_identify(courseworks_params) by extension 'ignore'
[1.297s] Level 1:colcon.colcon_core.package_identification:_identify(courseworks_params) by extension 'ignore_ament_install'
[1.297s] Level 1:colcon.colcon_core.package_identification:_identify(courseworks_params) by extensions ['colcon_pkg']
[1.297s] Level 1:colcon.colcon_core.package_identification:_identify(courseworks_params) by extension 'colcon_pkg'
[1.297s] Level 1:colcon.colcon_core.package_identification:_identify(courseworks_params) by extensions ['colcon_meta']
[1.297s] Level 1:colcon.colcon_core.package_identification:_identify(courseworks_params) by extension 'colcon_meta'
[1.297s] Level 1:colcon.colcon_core.package_identification:_identify(courseworks_params) by extensions ['ros']
[1.297s] Level 1:colcon.colcon_core.package_identification:_identify(courseworks_params) by extension 'ros'
[1.297s] DEBUG:colcon.colcon_core.package_identification:Package 'courseworks_params' with type 'ros.ament_python' and name 'courseworks_params'
[1.298s] Level 1:colcon.colcon_core.package_identification:_identify(final_challenge) by extensions ['ignore', 'ignore_ament_install']
[1.298s] Level 1:colcon.colcon_core.package_identification:_identify(final_challenge) by extension 'ignore'
[1.298s] Level 1:colcon.colcon_core.package_identification:_identify(final_challenge) by extension 'ignore_ament_install'
[1.298s] Level 1:colcon.colcon_core.package_identification:_identify(final_challenge) by extensions ['colcon_pkg']
[1.298s] Level 1:colcon.colcon_core.package_identification:_identify(final_challenge) by extension 'colcon_pkg'
[1.298s] Level 1:colcon.colcon_core.package_identification:_identify(final_challenge) by extensions ['colcon_meta']
[1.298s] Level 1:colcon.colcon_core.package_identification:_identify(final_challenge) by extension 'colcon_meta'
[1.298s] Level 1:colcon.colcon_core.package_identification:_identify(final_challenge) by extensions ['ros']
[1.298s] Level 1:colcon.colcon_core.package_identification:_identify(final_challenge) by extension 'ros'
[1.299s] DEBUG:colcon.colcon_core.package_identification:Package 'final_challenge' with type 'ros.ament_python' and name 'final_challenge'
[1.299s] Level 1:colcon.colcon_core.package_identification:_identify(install) by extensions ['ignore', 'ignore_ament_install']
[1.299s] Level 1:colcon.colcon_core.package_identification:_identify(install) by extension 'ignore'
[1.299s] Level 1:colcon.colcon_core.package_identification:_identify(install) ignored
[1.300s] Level 1:colcon.colcon_core.package_identification:_identify(log) by extensions ['ignore', 'ignore_ament_install']
[1.300s] Level 1:colcon.colcon_core.package_identification:_identify(log) by extension 'ignore'
[1.300s] Level 1:colcon.colcon_core.package_identification:_identify(log) ignored
[1.300s] Level 1:colcon.colcon_core.package_identification:_identify(msgs_clase) by extensions ['ignore', 'ignore_ament_install']
[1.300s] Level 1:colcon.colcon_core.package_identification:_identify(msgs_clase) by extension 'ignore'
[1.300s] Level 1:colcon.colcon_core.package_identification:_identify(msgs_clase) by extension 'ignore_ament_install'
[1.300s] Level 1:colcon.colcon_core.package_identification:_identify(msgs_clase) by extensions ['colcon_pkg']
[1.300s] Level 1:colcon.colcon_core.package_identification:_identify(msgs_clase) by extension 'colcon_pkg'
[1.300s] Level 1:colcon.colcon_core.package_identification:_identify(msgs_clase) by extensions ['colcon_meta']
[1.300s] Level 1:colcon.colcon_core.package_identification:_identify(msgs_clase) by extension 'colcon_meta'
[1.300s] Level 1:colcon.colcon_core.package_identification:_identify(msgs_clase) by extensions ['ros']
[1.300s] Level 1:colcon.colcon_core.package_identification:_identify(msgs_clase) by extension 'ros'
[1.301s] DEBUG:colcon.colcon_core.package_identification:Package 'msgs_clase' with type 'ros.ament_cmake' and name 'msgs_clase'
[1.301s] Level 1:colcon.colcon_core.package_identification:_identify(signal_decomposition) by extensions ['ignore', 'ignore_ament_install']
[1.301s] Level 1:colcon.colcon_core.package_identification:_identify(signal_decomposition) by extension 'ignore'
[1.301s] Level 1:colcon.colcon_core.package_identification:_identify(signal_decomposition) by extension 'ignore_ament_install'
[1.301s] Level 1:colcon.colcon_core.package_identification:_identify(signal_decomposition) by extensions ['colcon_pkg']
[1.301s] Level 1:colcon.colcon_core.package_identification:_identify(signal_decomposition) by extension 'colcon_pkg'
[1.301s] Level 1:colcon.colcon_core.package_identification:_identify(signal_decomposition) by extensions ['colcon_meta']
[1.301s] Level 1:colcon.colcon_core.package_identification:_identify(signal_decomposition) by extension 'colcon_meta'
[1.301s] Level 1:colcon.colcon_core.package_identification:_identify(signal_decomposition) by extensions ['ros']
[1.301s] Level 1:colcon.colcon_core.package_identification:_identify(signal_decomposition) by extension 'ros'
[1.302s] DEBUG:colcon.colcon_core.package_identification:Package 'signal_decomposition' with type 'ros.ament_python' and name 'signal_decomposition'
[1.303s] Level 1:colcon.colcon_core.package_identification:_identify(signal_msg) by extensions ['ignore', 'ignore_ament_install']
[1.303s] Level 1:colcon.colcon_core.package_identification:_identify(signal_msg) by extension 'ignore'
[1.303s] Level 1:colcon.colcon_core.package_identification:_identify(signal_msg) by extension 'ignore_ament_install'
[1.303s] Level 1:colcon.colcon_core.package_identification:_identify(signal_msg) by extensions ['colcon_pkg']
[1.303s] Level 1:colcon.colcon_core.package_identification:_identify(signal_msg) by extension 'colcon_pkg'
[1.303s] Level 1:colcon.colcon_core.package_identification:_identify(signal_msg) by extensions ['colcon_meta']
[1.303s] Level 1:colcon.colcon_core.package_identification:_identify(signal_msg) by extension 'colcon_meta'
[1.303s] Level 1:colcon.colcon_core.package_identification:_identify(signal_msg) by extensions ['ros']
[1.303s] Level 1:colcon.colcon_core.package_identification:_identify(signal_msg) by extension 'ros'
[1.303s] DEBUG:colcon.colcon_core.package_identification:Package 'signal_msg' with type 'ros.ament_cmake' and name 'signal_msg'
[1.304s] Level 1:colcon.colcon_core.package_identification:_identify(sphere_msgs) by extensions ['ignore', 'ignore_ament_install']
[1.304s] Level 1:colcon.colcon_core.package_identification:_identify(sphere_msgs) by extension 'ignore'
[1.304s] Level 1:colcon.colcon_core.package_identification:_identify(sphere_msgs) by extension 'ignore_ament_install'
[1.304s] Level 1:colcon.colcon_core.package_identification:_identify(sphere_msgs) by extensions ['colcon_pkg']
[1.304s] Level 1:colcon.colcon_core.package_identification:_identify(sphere_msgs) by extension 'colcon_pkg'
[1.304s] Level 1:colcon.colcon_core.package_identification:_identify(sphere_msgs) by extensions ['colcon_meta']
[1.304s] Level 1:colcon.colcon_core.package_identification:_identify(sphere_msgs) by extension 'colcon_meta'
[1.304s] Level 1:colcon.colcon_core.package_identification:_identify(sphere_msgs) by extensions ['ros']
[1.304s] Level 1:colcon.colcon_core.package_identification:_identify(sphere_msgs) by extension 'ros'
[1.305s] DEBUG:colcon.colcon_core.package_identification:Package 'sphere_msgs' with type 'ros.ament_python' and name 'sphere_msgs'
[1.305s] Level 1:colcon.colcon_core.package_discovery:discover_packages(recursive) using defaults
[1.305s] Level 1:colcon.colcon_core.package_discovery:discover_packages(ignore) discover
[1.305s] Level 1:colcon.colcon_core.package_discovery:discover_packages(ignore) using defaults
[1.305s] Level 1:colcon.colcon_core.package_discovery:discover_packages(path) discover
[1.305s] Level 1:colcon.colcon_core.package_discovery:discover_packages(path) using defaults
[1.394s] Level 1:colcon.colcon_core.package_discovery:discover_packages(prefix_path) check parameters
[1.394s] Level 1:colcon.colcon_core.package_discovery:discover_packages(prefix_path) discover
[1.421s] DEBUG:colcon.colcon_installed_package_information.package_discovery:Found 18 installed packages in /home/mcr2/ros2_utilities_ws/install
[1.433s] DEBUG:colcon.colcon_installed_package_information.package_discovery:Found 360 installed packages in /opt/ros/humble
[1.442s] Level 1:colcon.colcon_core.package_discovery:discover_packages(prefix_path) using defaults
[1.532s] Level 5:colcon.colcon_core.verb:set package 'basic_comms' build argument 'cmake_args' from command line to 'None'
[1.532s] Level 5:colcon.colcon_core.verb:set package 'basic_comms' build argument 'cmake_target' from command line to 'None'
[1.532s] Level 5:colcon.colcon_core.verb:set package 'basic_comms' build argument 'cmake_target_skip_unavailable' from command line to 'False'
[1.532s] Level 5:colcon.colcon_core.verb:set package 'basic_comms' build argument 'cmake_clean_cache' from command line to 'False'
[1.532s] Level 5:colcon.colcon_core.verb:set package 'basic_comms' build argument 'cmake_clean_first' from command line to 'False'
[1.532s] Level 5:colcon.colcon_core.verb:set package 'basic_comms' build argument 'cmake_force_configure' from command line to 'False'
[1.532s] Level 5:colcon.colcon_core.verb:set package 'basic_comms' build argument 'ament_cmake_args' from command line to 'None'
[1.532s] Level 5:colcon.colcon_core.verb:set package 'basic_comms' build argument 'catkin_cmake_args' from command line to 'None'
[1.532s] Level 5:colcon.colcon_core.verb:set package 'basic_comms' build argument 'catkin_skip_building_tests' from command line to 'False'
[1.532s] DEBUG:colcon.colcon_core.verb:Building package 'basic_comms' with the following arguments: {'ament_cmake_args': None, 'build_base': '/home/mcr2/ros2_ws/src/build/basic_comms', 'catkin_cmake_args': None, 'catkin_skip_building_tests': False, 'cmake_args': None, 'cmake_clean_cache': False, 'cmake_clean_first': False, 'cmake_force_configure': False, 'cmake_target': None, 'cmake_target_skip_unavailable': False, 'install_base': '/home/mcr2/ros2_ws/src/install/basic_comms', 'merge_install': False, 'path': '/home/mcr2/ros2_ws/src/basic_comms', 'symlink_install': False, 'test_result_base': None}
[1.543s] Level 5:colcon.colcon_core.verb:set package 'courseworks' build argument 'cmake_args' from command line to 'None'
[1.543s] Level 5:colcon.colcon_core.verb:set package 'courseworks' build argument 'cmake_target' from command line to 'None'
[1.543s] Level 5:colcon.colcon_core.verb:set package 'courseworks' build argument 'cmake_target_skip_unavailable' from command line to 'False'
[1.543s] Level 5:colcon.colcon_core.verb:set package 'courseworks' build argument 'cmake_clean_cache' from command line to 'False'
[1.543s] Level 5:colcon.colcon_core.verb:set package 'courseworks' build argument 'cmake_clean_first' from command line to 'False'
[1.544s] Level 5:colcon.colcon_core.verb:set package 'courseworks' build argument 'cmake_force_configure' from command line to 'False'
[1.544s] Level 5:colcon.colcon_core.verb:set package 'courseworks' build argument 'ament_cmake_args' from command line to 'None'
[1.544s] Level 5:colcon.colcon_core.verb:set package 'courseworks' build argument 'catkin_cmake_args' from command line to 'None'
[1.544s] Level 5:colcon.colcon_core.verb:set package 'courseworks' build argument 'catkin_skip_building_tests' from command line to 'False'
[1.544s] DEBUG:colcon.colcon_core.verb:Building package 'courseworks' with the following arguments: {'ament_cmake_args': None, 'build_base': '/home/mcr2/ros2_ws/src/build/courseworks', 'catkin_cmake_args': None, 'catkin_skip_building_tests': False, 'cmake_args': None, 'cmake_clean_cache': False, 'cmake_clean_first': False, 'cmake_force_configure': False, 'cmake_target': None, 'cmake_target_skip_unavailable': False, 'install_base': '/home/mcr2/ros2_ws/src/install/courseworks', 'merge_install': False, 'path': '/home/mcr2/ros2_ws/src/courseworks', 'symlink_install': False, 'test_result_base': None}
[1.555s] Level 5:colcon.colcon_core.verb:set package 'courseworks_params' build argument 'cmake_args' from command line to 'None'
[1.555s] Level 5:colcon.colcon_core.verb:set package 'courseworks_params' build argument 'cmake_target' from command line to 'None'
[1.555s] Level 5:colcon.colcon_core.verb:set package 'courseworks_params' build argument 'cmake_target_skip_unavailable' from command line to 'False'
[1.555s] Level 5:colcon.colcon_core.verb:set package 'courseworks_params' build argument 'cmake_clean_cache' from command line to 'False'
[1.555s] Level 5:colcon.colcon_core.verb:set package 'courseworks_params' build argument 'cmake_clean_first' from command line to 'False'
[1.555s] Level 5:colcon.colcon_core.verb:set package 'courseworks_params' build argument 'cmake_force_configure' from command line to 'False'
[1.555s] Level 5:colcon.colcon_core.verb:set package 'courseworks_params' build argument 'ament_cmake_args' from command line to 'None'
[1.555s] Level 5:colcon.colcon_core.verb:set package 'courseworks_params' build argument 'catkin_cmake_args' from command line to 'None'
[1.555s] Level 5:colcon.colcon_core.verb:set package 'courseworks_params' build argument 'catkin_skip_building_tests' from command line to 'False'
[1.555s] DEBUG:colcon.colcon_core.verb:Building package 'courseworks_params' with the following arguments: {'ament_cmake_args': None, 'build_base': '/home/mcr2/ros2_ws/src/build/courseworks_params', 'catkin_cmake_args': None, 'catkin_skip_building_tests': False, 'cmake_args': None, 'cmake_clean_cache': False, 'cmake_clean_first': False, 'cmake_force_configure': False, 'cmake_target': None, 'cmake_target_skip_unavailable': False, 'install_base': '/home/mcr2/ros2_ws/src/install/courseworks_params', 'merge_install': False, 'path': '/home/mcr2/ros2_ws/src/courseworks_params', 'symlink_install': False, 'test_result_base': None}
[1.566s] Level 5:colcon.colcon_core.verb:set package 'final_challenge' build argument 'cmake_args' from command line to 'None'
[1.566s] Level 5:colcon.colcon_core.verb:set package 'final_challenge' build argument 'cmake_target' from command line to 'None'
[1.566s] Level 5:colcon.colcon_core.verb:set package 'final_challenge' build argument 'cmake_target_skip_unavailable' from command line to 'False'
[1.566s] Level 5:colcon.colcon_core.verb:set package 'final_challenge' build argument 'cmake_clean_cache' from command line to 'False'
[1.566s] Level 5:colcon.colcon_core.verb:set package 'final_challenge' build argument 'cmake_clean_first' from command line to 'False'
[1.566s] Level 5:colcon.colcon_core.verb:set package 'final_challenge' build argument 'cmake_force_configure' from command line to 'False'
[1.566s] Level 5:colcon.colcon_core.verb:set package 'final_challenge' build argument 'ament_cmake_args' from command line to 'None'
[1.566s] Level 5:colcon.colcon_core.verb:set package 'final_challenge' build argument 'catkin_cmake_args' from command line to 'None'
[1.566s] Level 5:colcon.colcon_core.verb:set package 'final_challenge' build argument 'catkin_skip_building_tests' from command line to 'False'
[1.566s] DEBUG:colcon.colcon_core.verb:Building package 'final_challenge' with the following arguments: {'ament_cmake_args': None, 'build_base': '/home/mcr2/ros2_ws/src/build/final_challenge', 'catkin_cmake_args': None, 'catkin_skip_building_tests': False, 'cmake_args': None, 'cmake_clean_cache': False, 'cmake_clean_first': False, 'cmake_force_configure': False, 'cmake_target': None, 'cmake_target_skip_unavailable': False, 'install_base': '/home/mcr2/ros2_ws/src/install/final_challenge', 'merge_install': False, 'path': '/home/mcr2/ros2_ws/src/final_challenge', 'symlink_install': False, 'test_result_base': None}
[1.577s] Level 5:colcon.colcon_core.verb:set package 'msgs_clase' build argument 'cmake_args' from command line to 'None'
[1.577s] Level 5:colcon.colcon_core.verb:set package 'msgs_clase' build argument 'cmake_target' from command line to 'None'
[1.577s] Level 5:colcon.colcon_core.verb:set package 'msgs_clase' build argument 'cmake_target_skip_unavailable' from command line to 'False'
[1.577s] Level 5:colcon.colcon_core.verb:set package 'msgs_clase' build argument 'cmake_clean_cache' from command line to 'False'
[1.577s] Level 5:colcon.colcon_core.verb:set package 'msgs_clase' build argument 'cmake_clean_first' from command line to 'False'
[1.577s] Level 5:colcon.colcon_core.verb:set package 'msgs_clase' build argument 'cmake_force_configure' from command line to 'False'
[1.577s] Level 5:colcon.colcon_core.verb:set package 'msgs_clase' build argument 'ament_cmake_args' from command line to 'None'
[1.577s] Level 5:colcon.colcon_core.verb:set package 'msgs_clase' build argument 'catkin_cmake_args' from command line to 'None'
[1.577s] Level 5:colcon.colcon_core.verb:set package 'msgs_clase' build argument 'catkin_skip_building_tests' from command line to 'False'
[1.577s] DEBUG:colcon.colcon_core.verb:Building package 'msgs_clase' with the following arguments: {'ament_cmake_args': None, 'build_base': '/home/mcr2/ros2_ws/src/build/msgs_clase', 'catkin_cmake_args': None, 'catkin_skip_building_tests': False, 'cmake_args': None, 'cmake_clean_cache': False, 'cmake_clean_first': False, 'cmake_force_configure': False, 'cmake_target': None, 'cmake_target_skip_unavailable': False, 'install_base': '/home/mcr2/ros2_ws/src/install/msgs_clase', 'merge_install': False, 'path': '/home/mcr2/ros2_ws/src/msgs_clase', 'symlink_install': False, 'test_result_base': None}
[1.588s] Level 5:colcon.colcon_core.verb:set package 'signal_msg' build argument 'cmake_args' from command line to 'None'
[1.588s] Level 5:colcon.colcon_core.verb:set package 'signal_msg' build argument 'cmake_target' from command line to 'None'
[1.588s] Level 5:colcon.colcon_core.verb:set package 'signal_msg' build argument 'cmake_target_skip_unavailable' from command line to 'False'
[1.588s] Level 5:colcon.colcon_core.verb:set package 'signal_msg' build argument 'cmake_clean_cache' from command line to 'False'
[1.588s] Level 5:colcon.colcon_core.verb:set package 'signal_msg' build argument 'cmake_clean_first' from command line to 'False'
[1.588s] Level 5:colcon.colcon_core.verb:set package 'signal_msg' build argument 'cmake_force_configure' from command line to 'False'
[1.588s] Level 5:colcon.colcon_core.verb:set package 'signal_msg' build argument 'ament_cmake_args' from command line to 'None'
[1.588s] Level 5:colcon.colcon_core.verb:set package 'signal_msg' build argument 'catkin_cmake_args' from command line to 'None'
[1.588s] Level 5:colcon.colcon_core.verb:set package 'signal_msg' build argument 'catkin_skip_building_tests' from command line to 'False'
[1.588s] DEBUG:colcon.colcon_core.verb:Building package 'signal_msg' with the following arguments: {'ament_cmake_args': None, 'build_base': '/home/mcr2/ros2_ws/src/build/signal_msg', 'catkin_cmake_args': None, 'catkin_skip_building_tests': False, 'cmake_args': None, 'cmake_clean_cache': False, 'cmake_clean_first': False, 'cmake_force_configure': False, 'cmake_target': None, 'cmake_target_skip_unavailable': False, 'install_base': '/home/mcr2/ros2_ws/src/install/signal_msg', 'merge_install': False, 'path': '/home/mcr2/ros2_ws/src/signal_msg', 'symlink_install': False, 'test_result_base': None}
[1.599s] Level 5:colcon.colcon_core.verb:set package 'signal_decomposition' build argument 'cmake_args' from command line to 'None'
[1.599s] Level 5:colcon.colcon_core.verb:set package 'signal_decomposition' build argument 'cmake_target' from command line to 'None'
[1.599s] Level 5:colcon.colcon_core.verb:set package 'signal_decomposition' build argument 'cmake_target_skip_unavailable' from command line to 'False'
[1.599s] Level 5:colcon.colcon_core.verb:set package 'signal_decomposition' build argument 'cmake_clean_cache' from command line to 'False'
[1.599s] Level 5:colcon.colcon_core.verb:set package 'signal_decomposition' build argument 'cmake_clean_first' from command line to 'False'
[1.599s] Level 5:colcon.colcon_core.verb:set package 'signal_decomposition' build argument 'cmake_force_configure' from command line to 'False'
[1.599s] Level 5:colcon.colcon_core.verb:set package 'signal_decomposition' build argument 'ament_cmake_args' from command line to 'None'
[1.599s] Level 5:colcon.colcon_core.verb:set package 'signal_decomposition' build argument 'catkin_cmake_args' from command line to 'None'
[1.599s] Level 5:colcon.colcon_core.verb:set package 'signal_decomposition' build argument 'catkin_skip_building_tests' from command line to 'False'
[1.599s] DEBUG:colcon.colcon_core.verb:Building package 'signal_decomposition' with the following arguments: {'ament_cmake_args': None, 'build_base': '/home/mcr2/ros2_ws/src/build/signal_decomposition', 'catkin_cmake_args': None, 'catkin_skip_building_tests': False, 'cmake_args': None, 'cmake_clean_cache': False, 'cmake_clean_first': False, 'cmake_force_configure': False, 'cmake_target': None, 'cmake_target_skip_unavailable': False, 'install_base': '/home/mcr2/ros2_ws/src/install/signal_decomposition', 'merge_install': False, 'path': '/home/mcr2/ros2_ws/src/signal_decomposition', 'symlink_install': False, 'test_result_base': None}
[1.610s] Level 5:colcon.colcon_core.verb:set package 'sphere_msgs' build argument 'cmake_args' from command line to 'None'
[1.610s] Level 5:colcon.colcon_core.verb:set package 'sphere_msgs' build argument 'cmake_target' from command line to 'None'
[1.610s] Level 5:colcon.colcon_core.verb:set package 'sphere_msgs' build argument 'cmake_target_skip_unavailable' from command line to 'False'
[1.610s] Level 5:colcon.colcon_core.verb:set package 'sphere_msgs' build argument 'cmake_clean_cache' from command line to 'False'
[1.610s] Level 5:colcon.colcon_core.verb:set package 'sphere_msgs' build argument 'cmake_clean_first' from command line to 'False'
[1.610s] Level 5:colcon.colcon_core.verb:set package 'sphere_msgs' build argument 'cmake_force_configure' from command line to 'False'
[1.610s] Level 5:colcon.colcon_core.verb:set package 'sphere_msgs' build argument 'ament_cmake_args' from command line to 'None'
[1.610s] Level 5:colcon.colcon_core.verb:set package 'sphere_msgs' build argument 'catkin_cmake_args' from command line to 'None'
[1.610s] Level 5:colcon.colcon_core.verb:set package 'sphere_msgs' build argument 'catkin_skip_building_tests' from command line to 'False'
[1.610s] DEBUG:colcon.colcon_core.verb:Building package 'sphere_msgs' with the following arguments: {'ament_cmake_args': None, 'build_base': '/home/mcr2/ros2_ws/src/build/sphere_msgs', 'catkin_cmake_args': None, 'catkin_skip_building_tests': False, 'cmake_args': None, 'cmake_clean_cache': False, 'cmake_clean_first': False, 'cmake_force_configure': False, 'cmake_target': None, 'cmake_target_skip_unavailable': False, 'install_base': '/home/mcr2/ros2_ws/src/install/sphere_msgs', 'merge_install': False, 'path': '/home/mcr2/ros2_ws/src/sphere_msgs', 'symlink_install': False, 'test_result_base': None}
[1.621s] INFO:colcon.colcon_core.executor:Executing jobs using 'parallel' executor
[1.633s] DEBUG:colcon.colcon_parallel_executor.executor.parallel:run_until_complete
[1.633s] INFO:colcon.colcon_ros.task.ament_cmake.build:Building ROS package in '/home/mcr2/ros2_ws/src/msgs_clase' with build type 'ament_cmake'
[1.633s] INFO:colcon.colcon_cmake.task.cmake.build:Building CMake package in '/home/mcr2/ros2_ws/src/msgs_clase'
[1.651s] INFO:colcon.colcon_core.plugin_system:Skipping extension 'colcon_core.shell.bat': Not used on non-Windows systems
[1.651s] INFO:colcon.colcon_core.shell:Skip shell extension 'powershell' for command environment: Not usable outside of PowerShell
[1.651s] DEBUG:colcon.colcon_core.shell:Skip shell extension 'dsv' for command environment
[1.693s] INFO:colcon.colcon_ros.task.ament_cmake.build:Building ROS package in '/home/mcr2/ros2_ws/src/signal_msg' with build type 'ament_cmake'
[1.693s] INFO:colcon.colcon_cmake.task.cmake.build:Building CMake package in '/home/mcr2/ros2_ws/src/signal_msg'
[1.705s] INFO:colcon.colcon_core.shell:Skip shell extension 'powershell' for command environment: Not usable outside of PowerShell
[1.705s] DEBUG:colcon.colcon_core.shell:Skip shell extension 'dsv' for command environment
[1.752s] INFO:colcon.colcon_ros.task.ament_python.build:Building ROS package in '/home/mcr2/ros2_ws/src/basic_comms' with build type 'ament_python'
[1.752s] Level 1:colcon.colcon_core.shell:create_environment_hook('basic_comms', 'ament_prefix_path')
[1.770s] INFO:colcon.colcon_core.shell:Creating environment hook '/home/mcr2/ros2_ws/src/install/basic_comms/share/basic_comms/hook/ament_prefix_path.ps1'
[1.772s] INFO:colcon.colcon_core.shell:Creating environment descriptor '/home/mcr2/ros2_ws/src/install/basic_comms/share/basic_comms/hook/ament_prefix_path.dsv'
[1.773s] INFO:colcon.colcon_core.shell:Creating environment hook '/home/mcr2/ros2_ws/src/install/basic_comms/share/basic_comms/hook/ament_prefix_path.sh'
[1.790s] INFO:colcon.colcon_core.shell:Skip shell extension 'powershell' for command environment: Not usable outside of PowerShell
[1.791s] DEBUG:colcon.colcon_core.shell:Skip shell extension 'dsv' for command environment
[1.844s] INFO:colcon.colcon_ros.task.ament_python.build:Building ROS package in '/home/mcr2/ros2_ws/src/courseworks' with build type 'ament_python'
[1.844s] Level 1:colcon.colcon_core.shell:create_environment_hook('courseworks', 'ament_prefix_path')
[1.857s] INFO:colcon.colcon_core.shell:Creating environment hook '/home/mcr2/ros2_ws/src/install/courseworks/share/courseworks/hook/ament_prefix_path.ps1'
[1.859s] INFO:colcon.colcon_core.shell:Creating environment descriptor '/home/mcr2/ros2_ws/src/install/courseworks/share/courseworks/hook/ament_prefix_path.dsv'
[1.860s] INFO:colcon.colcon_core.shell:Creating environment hook '/home/mcr2/ros2_ws/src/install/courseworks/share/courseworks/hook/ament_prefix_path.sh'
[1.873s] INFO:colcon.colcon_core.shell:Skip shell extension 'powershell' for command environment: Not usable outside of PowerShell
[1.873s] DEBUG:colcon.colcon_core.shell:Skip shell extension 'dsv' for command environment
[1.911s] INFO:colcon.colcon_ros.task.ament_python.build:Building ROS package in '/home/mcr2/ros2_ws/src/courseworks_params' with build type 'ament_python'
[1.911s] Level 1:colcon.colcon_core.shell:create_environment_hook('courseworks_params', 'ament_prefix_path')
[1.924s] INFO:colcon.colcon_core.shell:Creating environment hook '/home/mcr2/ros2_ws/src/install/courseworks_params/share/courseworks_params/hook/ament_prefix_path.ps1'
[1.926s] INFO:colcon.colcon_core.shell:Creating environment descriptor '/home/mcr2/ros2_ws/src/install/courseworks_params/share/courseworks_params/hook/ament_prefix_path.dsv'
[1.927s] INFO:colcon.colcon_core.shell:Creating environment hook '/home/mcr2/ros2_ws/src/install/courseworks_params/share/courseworks_params/hook/ament_prefix_path.sh'
[1.941s] INFO:colcon.colcon_core.shell:Skip shell extension 'powershell' for command environment: Not usable outside of PowerShell
[1.941s] DEBUG:colcon.colcon_core.shell:Skip shell extension 'dsv' for command environment
[1.982s] INFO:colcon.colcon_ros.task.ament_python.build:Building ROS package in '/home/mcr2/ros2_ws/src/final_challenge' with build type 'ament_python'
[1.982s] Level 1:colcon.colcon_core.shell:create_environment_hook('final_challenge', 'ament_prefix_path')
[1.995s] INFO:colcon.colcon_core.shell:Creating environment hook '/home/mcr2/ros2_ws/src/install/final_challenge/share/final_challenge/hook/ament_prefix_path.ps1'
[1.997s] INFO:colcon.colcon_core.shell:Creating environment descriptor '/home/mcr2/ros2_ws/src/install/final_challenge/share/final_challenge/hook/ament_prefix_path.dsv'
[1.997s] INFO:colcon.colcon_core.shell:Creating environment hook '/home/mcr2/ros2_ws/src/install/final_challenge/share/final_challenge/hook/ament_prefix_path.sh'
[2.010s] INFO:colcon.colcon_core.shell:Skip shell extension 'powershell' for command environment: Not usable outside of PowerShell
[2.010s] DEBUG:colcon.colcon_core.shell:Skip shell extension 'dsv' for command environment
[2.055s] DEBUG:colcon.colcon_core.event_handler.log_command:Invoking command in '/home/mcr2/ros2_ws/src/build/msgs_clase': CMAKE_PREFIX_PATH=${CMAKE_PREFIX_PATH}:/opt/ros/humble /usr/bin/cmake --build /home/mcr2/ros2_ws/src/build/msgs_clase -- -j6 -l6
[2.063s] DEBUG:colcon.colcon_core.event_handler.log_command:Invoking command in '/home/mcr2/ros2_ws/src/build/signal_msg': CMAKE_PREFIX_PATH=${CMAKE_PREFIX_PATH}:/opt/ros/humble /usr/bin/cmake --build /home/mcr2/ros2_ws/src/build/signal_msg -- -j6 -l6
[2.380s] INFO:colcon.colcon_core.task.python.build:Building Python package in '/home/mcr2/ros2_ws/src/basic_comms'
[2.395s] INFO:colcon.colcon_core.shell:Skip shell extension 'powershell' for command environment: Not usable outside of PowerShell
[2.395s] DEBUG:colcon.colcon_core.shell:Skip shell extension 'dsv' for command environment
[2.743s] INFO:colcon.colcon_core.task.python.build:Building Python package in '/home/mcr2/ros2_ws/src/courseworks'
[2.754s] INFO:colcon.colcon_core.shell:Skip shell extension 'powershell' for command environment: Not usable outside of PowerShell
[2.754s] DEBUG:colcon.colcon_core.shell:Skip shell extension 'dsv' for command environment
[3.014s] INFO:colcon.colcon_core.task.python.build:Building Python package in '/home/mcr2/ros2_ws/src/courseworks_params'
[3.031s] INFO:colcon.colcon_core.shell:Skip shell extension 'powershell' for command environment: Not usable outside of PowerShell
[3.031s] DEBUG:colcon.colcon_core.shell:Skip shell extension 'dsv' for command environment
[3.106s] DEBUG:colcon.colcon_core.event_handler.log_command:Invoked command in '/home/mcr2/ros2_ws/src/build/msgs_clase' returned '0': CMAKE_PREFIX_PATH=${CMAKE_PREFIX_PATH}:/opt/ros/humble /usr/bin/cmake --build /home/mcr2/ros2_ws/src/build/msgs_clase -- -j6 -l6
[3.107s] DEBUG:colcon.colcon_core.event_handler.log_command:Invoked command in '/home/mcr2/ros2_ws/src/build/signal_msg' returned '0': CMAKE_PREFIX_PATH=${CMAKE_PREFIX_PATH}:/opt/ros/humble /usr/bin/cmake --build /home/mcr2/ros2_ws/src/build/signal_msg -- -j6 -l6
[3.381s] INFO:colcon.colcon_core.task.python.build:Building Python package in '/home/mcr2/ros2_ws/src/final_challenge'
[3.393s] INFO:colcon.colcon_core.shell:Skip shell extension 'powershell' for command environment: Not usable outside of PowerShell
[3.393s] DEBUG:colcon.colcon_core.shell:Skip shell extension 'dsv' for command environment
[3.466s] DEBUG:colcon.colcon_core.event_handler.log_command:Invoking command in '/home/mcr2/ros2_ws/src/build/msgs_clase': CMAKE_PREFIX_PATH=${CMAKE_PREFIX_PATH}:/opt/ros/humble /usr/bin/cmake --install /home/mcr2/ros2_ws/src/build/msgs_clase
[3.467s] DEBUG:colcon.colcon_core.event_handler.log_command:Invoking command in '/home/mcr2/ros2_ws/src/build/signal_msg': CMAKE_PREFIX_PATH=${CMAKE_PREFIX_PATH}:/opt/ros/humble /usr/bin/cmake --install /home/mcr2/ros2_ws/src/build/signal_msg
[3.572s] Level 1:colcon.colcon_core.environment:create_environment_scripts_only(signal_msg)
[3.578s] DEBUG:colcon.colcon_core.event_handler.log_command:Invoked command in '/home/mcr2/ros2_ws/src/build/signal_msg' returned '0': CMAKE_PREFIX_PATH=${CMAKE_PREFIX_PATH}:/opt/ros/humble /usr/bin/cmake --install /home/mcr2/ros2_ws/src/build/signal_msg
[3.606s] Level 1:colcon.colcon_core.environment:checking '/home/mcr2/ros2_ws/src/install/signal_msg' for CMake module files
[3.607s] Level 1:colcon.colcon_core.environment:checking '/home/mcr2/ros2_ws/src/install/signal_msg' for CMake config files
[3.608s] Level 1:colcon.colcon_core.shell:create_environment_hook('signal_msg', 'cmake_prefix_path')
[3.628s] INFO:colcon.colcon_core.shell:Creating environment hook '/home/mcr2/ros2_ws/src/install/signal_msg/share/signal_msg/hook/cmake_prefix_path.ps1'
[3.629s] INFO:colcon.colcon_core.shell:Creating environment descriptor '/home/mcr2/ros2_ws/src/install/signal_msg/share/signal_msg/hook/cmake_prefix_path.dsv'
[3.630s] INFO:colcon.colcon_core.shell:Creating environment hook '/home/mcr2/ros2_ws/src/install/signal_msg/share/signal_msg/hook/cmake_prefix_path.sh'
[3.631s] Level 1:colcon.colcon_core.environment:checking '/home/mcr2/ros2_ws/src/install/signal_msg/lib'
[3.631s] Level 1:colcon.colcon_core.shell:create_environment_hook('signal_msg', 'ld_library_path_lib')
[3.650s] INFO:colcon.colcon_core.shell:Creating environment hook '/home/mcr2/ros2_ws/src/install/signal_msg/share/signal_msg/hook/ld_library_path_lib.ps1'
[3.651s] INFO:colcon.colcon_core.shell:Creating environment descriptor '/home/mcr2/ros2_ws/src/install/signal_msg/share/signal_msg/hook/ld_library_path_lib.dsv'
[3.652s] INFO:colcon.colcon_core.shell:Creating environment hook '/home/mcr2/ros2_ws/src/install/signal_msg/share/signal_msg/hook/ld_library_path_lib.sh'
[3.652s] Level 1:colcon.colcon_core.environment:checking '/home/mcr2/ros2_ws/src/install/signal_msg/bin'
[3.652s] Level 1:colcon.colcon_core.environment:checking '/home/mcr2/ros2_ws/src/install/signal_msg/lib/pkgconfig/signal_msg.pc'
[3.653s] Level 1:colcon.colcon_core.environment:checking '/home/mcr2/ros2_ws/src/install/signal_msg/lib/python3.10/site-packages'
[3.653s] Level 1:colcon.colcon_core.environment:checking '/home/mcr2/ros2_ws/src/install/signal_msg/bin'
[3.674s] INFO:colcon.colcon_core.shell:Creating package script '/home/mcr2/ros2_ws/src/install/signal_msg/share/signal_msg/package.ps1'
[3.676s] INFO:colcon.colcon_core.shell:Creating package descriptor '/home/mcr2/ros2_ws/src/install/signal_msg/share/signal_msg/package.dsv'
[3.677s] INFO:colcon.colcon_core.shell:Creating package script '/home/mcr2/ros2_ws/src/install/signal_msg/share/signal_msg/package.sh'
[3.679s] INFO:colcon.colcon_core.shell:Creating package script '/home/mcr2/ros2_ws/src/install/signal_msg/share/signal_msg/package.bash'
[3.681s] INFO:colcon.colcon_core.shell:Creating package script '/home/mcr2/ros2_ws/src/install/signal_msg/share/signal_msg/package.zsh'
[3.682s] Level 1:colcon.colcon_core.environment:create_file_with_runtime_dependencies(/home/mcr2/ros2_ws/src/install/signal_msg/share/colcon-core/packages/signal_msg)
[3.694s] Level 1:colcon.colcon_core.environment:create_environment_scripts_only(msgs_clase)
[3.695s] DEBUG:colcon.colcon_core.event_handler.log_command:Invoked command in '/home/mcr2/ros2_ws/src/build/msgs_clase' returned '0': CMAKE_PREFIX_PATH=${CMAKE_PREFIX_PATH}:/opt/ros/humble /usr/bin/cmake --install /home/mcr2/ros2_ws/src/build/msgs_clase
[3.712s] Level 1:colcon.colcon_core.environment:checking '/home/mcr2/ros2_ws/src/install/msgs_clase' for CMake module files
[3.713s] Level 1:colcon.colcon_core.environment:checking '/home/mcr2/ros2_ws/src/install/msgs_clase' for CMake config files
[3.714s] Level 1:colcon.colcon_core.shell:create_environment_hook('msgs_clase', 'cmake_prefix_path')
[3.733s] INFO:colcon.colcon_core.shell:Creating environment hook '/home/mcr2/ros2_ws/src/install/msgs_clase/share/msgs_clase/hook/cmake_prefix_path.ps1'
[3.733s] INFO:colcon.colcon_core.shell:Creating environment descriptor '/home/mcr2/ros2_ws/src/install/msgs_clase/share/msgs_clase/hook/cmake_prefix_path.dsv'
[3.734s] INFO:colcon.colcon_core.shell:Creating environment hook '/home/mcr2/ros2_ws/src/install/msgs_clase/share/msgs_clase/hook/cmake_prefix_path.sh'
[3.735s] Level 1:colcon.colcon_core.environment:checking '/home/mcr2/ros2_ws/src/install/msgs_clase/lib'
[3.735s] Level 1:colcon.colcon_core.shell:create_environment_hook('msgs_clase', 'ld_library_path_lib')
[3.752s] INFO:colcon.colcon_core.shell:Creating environment hook '/home/mcr2/ros2_ws/src/install/msgs_clase/share/msgs_clase/hook/ld_library_path_lib.ps1'
[3.752s] INFO:colcon.colcon_core.shell:Creating environment descriptor '/home/mcr2/ros2_ws/src/install/msgs_clase/share/msgs_clase/hook/ld_library_path_lib.dsv'
[3.753s] INFO:colcon.colcon_core.shell:Creating environment hook '/home/mcr2/ros2_ws/src/install/msgs_clase/share/msgs_clase/hook/ld_library_path_lib.sh'
[3.753s] Level 1:colcon.colcon_core.environment:checking '/home/mcr2/ros2_ws/src/install/msgs_clase/bin'
[3.753s] Level 1:colcon.colcon_core.environment:checking '/home/mcr2/ros2_ws/src/install/msgs_clase/lib/pkgconfig/msgs_clase.pc'
[3.753s] Level 1:colcon.colcon_core.environment:checking '/home/mcr2/ros2_ws/src/install/msgs_clase/lib/python3.10/site-packages'
[3.753s] Level 1:colcon.colcon_core.environment:checking '/home/mcr2/ros2_ws/src/install/msgs_clase/bin'
[3.770s] INFO:colcon.colcon_core.shell:Creating package script '/home/mcr2/ros2_ws/src/install/msgs_clase/share/msgs_clase/package.ps1'
[3.770s] INFO:colcon.colcon_core.shell:Creating package descriptor '/home/mcr2/ros2_ws/src/install/msgs_clase/share/msgs_clase/package.dsv'
[3.771s] INFO:colcon.colcon_core.shell:Creating package script '/home/mcr2/ros2_ws/src/install/msgs_clase/share/msgs_clase/package.sh'
[3.771s] INFO:colcon.colcon_core.shell:Creating package script '/home/mcr2/ros2_ws/src/install/msgs_clase/share/msgs_clase/package.bash'
[3.772s] INFO:colcon.colcon_core.shell:Creating package script '/home/mcr2/ros2_ws/src/install/msgs_clase/share/msgs_clase/package.zsh'
[3.772s] Level 1:colcon.colcon_core.environment:create_file_with_runtime_dependencies(/home/mcr2/ros2_ws/src/install/msgs_clase/share/colcon-core/packages/msgs_clase)
[3.918s] Level 1:colcon.colcon_core.environment:create_environment_scripts_only(signal_msg)
[3.935s] Level 1:colcon.colcon_core.environment:checking '/home/mcr2/ros2_ws/src/install/signal_msg' for CMake module files
[3.936s] Level 1:colcon.colcon_core.environment:checking '/home/mcr2/ros2_ws/src/install/signal_msg' for CMake config files
[3.936s] Level 1:colcon.colcon_core.shell:create_environment_hook('signal_msg', 'cmake_prefix_path')
[3.950s] INFO:colcon.colcon_core.shell:Creating environment hook '/home/mcr2/ros2_ws/src/install/signal_msg/share/signal_msg/hook/cmake_prefix_path.ps1'
[3.951s] INFO:colcon.colcon_core.shell:Creating environment descriptor '/home/mcr2/ros2_ws/src/install/signal_msg/share/signal_msg/hook/cmake_prefix_path.dsv'
[3.951s] INFO:colcon.colcon_core.shell:Creating environment hook '/home/mcr2/ros2_ws/src/install/signal_msg/share/signal_msg/hook/cmake_prefix_path.sh'
[3.952s] Level 1:colcon.colcon_core.environment:checking '/home/mcr2/ros2_ws/src/install/signal_msg/lib'
[3.952s] Level 1:colcon.colcon_core.shell:create_environment_hook('signal_msg', 'ld_library_path_lib')
[3.965s] INFO:colcon.colcon_core.shell:Creating environment hook '/home/mcr2/ros2_ws/src/install/signal_msg/share/signal_msg/hook/ld_library_path_lib.ps1'
[3.966s] INFO:colcon.colcon_core.shell:Creating environment descriptor '/home/mcr2/ros2_ws/src/install/signal_msg/share/signal_msg/hook/ld_library_path_lib.dsv'
[3.966s] INFO:colcon.colcon_core.shell:Creating environment hook '/home/mcr2/ros2_ws/src/install/signal_msg/share/signal_msg/hook/ld_library_path_lib.sh'
[3.967s] Level 1:colcon.colcon_core.environment:checking '/home/mcr2/ros2_ws/src/install/signal_msg/bin'
[3.967s] Level 1:colcon.colcon_core.environment:checking '/home/mcr2/ros2_ws/src/install/signal_msg/lib/pkgconfig/signal_msg.pc'
[3.967s] Level 1:colcon.colcon_core.environment:checking '/home/mcr2/ros2_ws/src/install/signal_msg/lib/python3.10/site-packages'
[3.967s] Level 1:colcon.colcon_core.environment:checking '/home/mcr2/ros2_ws/src/install/signal_msg/bin'
[3.980s] INFO:colcon.colcon_core.shell:Creating package script '/home/mcr2/ros2_ws/src/install/signal_msg/share/signal_msg/package.ps1'
[3.981s] INFO:colcon.colcon_core.shell:Creating package descriptor '/home/mcr2/ros2_ws/src/install/signal_msg/share/signal_msg/package.dsv'
[3.981s] INFO:colcon.colcon_core.shell:Creating package script '/home/mcr2/ros2_ws/src/install/signal_msg/share/signal_msg/package.sh'
[3.982s] INFO:colcon.colcon_core.shell:Creating package script '/home/mcr2/ros2_ws/src/install/signal_msg/share/signal_msg/package.bash'
[3.982s] INFO:colcon.colcon_core.shell:Creating package script '/home/mcr2/ros2_ws/src/install/signal_msg/share/signal_msg/package.zsh'
[3.983s] Level 1:colcon.colcon_core.environment:create_file_with_runtime_dependencies(/home/mcr2/ros2_ws/src/install/signal_msg/share/colcon-core/packages/signal_msg)
[3.985s] INFO:colcon.colcon_ros.task.ament_python.build:Building ROS package in '/home/mcr2/ros2_ws/src/signal_decomposition' with build type 'ament_python'
[3.985s] Level 1:colcon.colcon_core.shell:create_environment_hook('signal_decomposition', 'ament_prefix_path')
[3.998s] INFO:colcon.colcon_core.shell:Creating environment hook '/home/mcr2/ros2_ws/src/install/signal_decomposition/share/signal_decomposition/hook/ament_prefix_path.ps1'
[4.000s] INFO:colcon.colcon_core.shell:Creating environment descriptor '/home/mcr2/ros2_ws/src/install/signal_decomposition/share/signal_decomposition/hook/ament_prefix_path.dsv'
[4.000s] INFO:colcon.colcon_core.shell:Creating environment hook '/home/mcr2/ros2_ws/src/install/signal_decomposition/share/signal_decomposition/hook/ament_prefix_path.sh'
[4.013s] INFO:colcon.colcon_core.shell:Skip shell extension 'powershell' for command environment: Not usable outside of PowerShell
[4.014s] DEBUG:colcon.colcon_core.shell:Skip shell extension 'dsv' for command environment
[4.055s] DEBUG:colcon.colcon_core.event_handler.log_command:Invoking command in '/home/mcr2/ros2_ws/src/final_challenge': PYTHONPATH=/home/mcr2/ros2_ws/src/build/final_challenge/prefix_override:/home/mcr2/ros2_ws/src/install/final_challenge/lib/python3.10/site-packages:${PYTHONPATH} /usr/bin/python3 setup.py egg_info --egg-base ../build/final_challenge build --build-base /home/mcr2/ros2_ws/src/build/final_challenge/build install --record /home/mcr2/ros2_ws/src/build/final_challenge/install.log --single-version-externally-managed
[4.061s] DEBUG:colcon.colcon_core.event_handler.log_command:Invoking command in '/home/mcr2/ros2_ws/src/courseworks': PYTHONPATH=/home/mcr2/ros2_ws/src/build/courseworks/prefix_override:/home/mcr2/ros2_ws/src/install/courseworks/lib/python3.10/site-packages:${PYTHONPATH} /usr/bin/python3 setup.py egg_info --egg-base ../build/courseworks build --build-base /home/mcr2/ros2_ws/src/build/courseworks/build install --record /home/mcr2/ros2_ws/src/build/courseworks/install.log --single-version-externally-managed
[4.064s] DEBUG:colcon.colcon_core.event_handler.log_command:Invoking command in '/home/mcr2/ros2_ws/src/courseworks_params': PYTHONPATH=/home/mcr2/ros2_ws/src/build/courseworks_params/prefix_override:/home/mcr2/ros2_ws/src/install/courseworks_params/lib/python3.10/site-packages:${PYTHONPATH} /usr/bin/python3 setup.py egg_info --egg-base ../build/courseworks_params build --build-base /home/mcr2/ros2_ws/src/build/courseworks_params/build install --record /home/mcr2/ros2_ws/src/build/courseworks_params/install.log --single-version-externally-managed
[4.066s] DEBUG:colcon.colcon_core.event_handler.log_command:Invoking command in '/home/mcr2/ros2_ws/src/basic_comms': PYTHONPATH=/home/mcr2/ros2_ws/src/build/basic_comms/prefix_override:/home/mcr2/ros2_ws/src/install/basic_comms/lib/python3.10/site-packages:${PYTHONPATH} /usr/bin/python3 setup.py egg_info --egg-base ../build/basic_comms build --build-base /home/mcr2/ros2_ws/src/build/basic_comms/build install --record /home/mcr2/ros2_ws/src/build/basic_comms/install.log --single-version-externally-managed
[4.081s] Level 1:colcon.colcon_core.environment:create_environment_scripts_only(msgs_clase)
[4.093s] Level 1:colcon.colcon_core.environment:checking '/home/mcr2/ros2_ws/src/install/msgs_clase' for CMake module files
[4.093s] Level 1:colcon.colcon_core.environment:checking '/home/mcr2/ros2_ws/src/install/msgs_clase' for CMake config files
[4.094s] Level 1:colcon.colcon_core.shell:create_environment_hook('msgs_clase', 'cmake_prefix_path')
[4.105s] INFO:colcon.colcon_core.shell:Creating environment hook '/home/mcr2/ros2_ws/src/install/msgs_clase/share/msgs_clase/hook/cmake_prefix_path.ps1'
[4.106s] INFO:colcon.colcon_core.shell:Creating environment descriptor '/home/mcr2/ros2_ws/src/install/msgs_clase/share/msgs_clase/hook/cmake_prefix_path.dsv'
[4.107s] INFO:colcon.colcon_core.shell:Creating environment hook '/home/mcr2/ros2_ws/src/install/msgs_clase/share/msgs_clase/hook/cmake_prefix_path.sh'
[4.107s] Level 1:colcon.colcon_core.environment:checking '/home/mcr2/ros2_ws/src/install/msgs_clase/lib'
[4.107s] Level 1:colcon.colcon_core.shell:create_environment_hook('msgs_clase', 'ld_library_path_lib')
[4.125s] INFO:colcon.colcon_core.shell:Creating environment hook '/home/mcr2/ros2_ws/src/install/msgs_clase/share/msgs_clase/hook/ld_library_path_lib.ps1'
[4.125s] INFO:colcon.colcon_core.shell:Creating environment descriptor '/home/mcr2/ros2_ws/src/install/msgs_clase/share/msgs_clase/hook/ld_library_path_lib.dsv'
[4.126s] INFO:colcon.colcon_core.shell:Creating environment hook '/home/mcr2/ros2_ws/src/install/msgs_clase/share/msgs_clase/hook/ld_library_path_lib.sh'
[4.127s] Level 1:colcon.colcon_core.environment:checking '/home/mcr2/ros2_ws/src/install/msgs_clase/bin'
[4.127s] Level 1:colcon.colcon_core.environment:checking '/home/mcr2/ros2_ws/src/install/msgs_clase/lib/pkgconfig/msgs_clase.pc'
[4.127s] Level 1:colcon.colcon_core.environment:checking '/home/mcr2/ros2_ws/src/install/msgs_clase/lib/python3.10/site-packages'
[4.127s] Level 1:colcon.colcon_core.environment:checking '/home/mcr2/ros2_ws/src/install/msgs_clase/bin'
[4.149s] INFO:colcon.colcon_core.shell:Creating package script '/home/mcr2/ros2_ws/src/install/msgs_clase/share/msgs_clase/package.ps1'
[4.150s] INFO:colcon.colcon_core.shell:Creating package descriptor '/home/mcr2/ros2_ws/src/install/msgs_clase/share/msgs_clase/package.dsv'
[4.151s] INFO:colcon.colcon_core.shell:Creating package script '/home/mcr2/ros2_ws/src/install/msgs_clase/share/msgs_clase/package.sh'
[4.151s] INFO:colcon.colcon_core.shell:Creating package script '/home/mcr2/ros2_ws/src/install/msgs_clase/share/msgs_clase/package.bash'
[4.152s] INFO:colcon.colcon_core.shell:Creating package script '/home/mcr2/ros2_ws/src/install/msgs_clase/share/msgs_clase/package.zsh'
[4.153s] Level 1:colcon.colcon_core.environment:create_file_with_runtime_dependencies(/home/mcr2/ros2_ws/src/install/msgs_clase/share/colcon-core/packages/msgs_clase)
[4.157s] INFO:colcon.colcon_ros.task.ament_python.build:Building ROS package in '/home/mcr2/ros2_ws/src/sphere_msgs' with build type 'ament_python'
[4.157s] Level 1:colcon.colcon_core.shell:create_environment_hook('sphere_msgs', 'ament_prefix_path')
[4.179s] INFO:colcon.colcon_core.shell:Creating environment hook '/home/mcr2/ros2_ws/src/install/sphere_msgs/share/sphere_msgs/hook/ament_prefix_path.ps1'
[4.181s] INFO:colcon.colcon_core.shell:Creating environment descriptor '/home/mcr2/ros2_ws/src/install/sphere_msgs/share/sphere_msgs/hook/ament_prefix_path.dsv'
[4.182s] INFO:colcon.colcon_core.shell:Creating environment hook '/home/mcr2/ros2_ws/src/install/sphere_msgs/share/sphere_msgs/hook/ament_prefix_path.sh'
[4.198s] INFO:colcon.colcon_core.shell:Skip shell extension 'powershell' for command environment: Not usable outside of PowerShell
[4.199s] DEBUG:colcon.colcon_core.shell:Skip shell extension 'dsv' for command environment
[4.521s] INFO:colcon.colcon_core.task.python.build:Building Python package in '/home/mcr2/ros2_ws/src/signal_decomposition'
[4.533s] INFO:colcon.colcon_core.shell:Skip shell extension 'powershell' for command environment: Not usable outside of PowerShell
[4.533s] DEBUG:colcon.colcon_core.shell:Skip shell extension 'dsv' for command environment
[4.584s] DEBUG:colcon.colcon_core.event_handler.log_command:Invoked command in '/home/mcr2/ros2_ws/src/courseworks' returned '0': PYTHONPATH=/home/mcr2/ros2_ws/src/build/courseworks/prefix_override:/home/mcr2/ros2_ws/src/install/courseworks/lib/python3.10/site-packages:${PYTHONPATH} /usr/bin/python3 setup.py egg_info --egg-base ../build/courseworks build --build-base /home/mcr2/ros2_ws/src/build/courseworks/build install --record /home/mcr2/ros2_ws/src/build/courseworks/install.log --single-version-externally-managed
[4.600s] Level 1:colcon.colcon_core.environment:checking '/home/mcr2/ros2_ws/src/install/courseworks' for CMake module files
[4.601s] Level 1:colcon.colcon_core.environment:checking '/home/mcr2/ros2_ws/src/install/courseworks' for CMake config files
[4.603s] Level 1:colcon.colcon_core.environment:checking '/home/mcr2/ros2_ws/src/install/courseworks/lib'
[4.603s] Level 1:colcon.colcon_core.environment:checking '/home/mcr2/ros2_ws/src/install/courseworks/bin'
[4.603s] Level 1:colcon.colcon_core.environment:checking '/home/mcr2/ros2_ws/src/install/courseworks/lib/pkgconfig/courseworks.pc'
[4.603s] Level 1:colcon.colcon_core.environment:checking '/home/mcr2/ros2_ws/src/install/courseworks/lib/python3.10/site-packages'
[4.603s] Level 1:colcon.colcon_core.shell:create_environment_hook('courseworks', 'pythonpath')
[4.616s] INFO:colcon.colcon_core.shell:Creating environment hook '/home/mcr2/ros2_ws/src/install/courseworks/share/courseworks/hook/pythonpath.ps1'
[4.616s] INFO:colcon.colcon_core.shell:Creating environment descriptor '/home/mcr2/ros2_ws/src/install/courseworks/share/courseworks/hook/pythonpath.dsv'
[4.617s] INFO:colcon.colcon_core.shell:Creating environment hook '/home/mcr2/ros2_ws/src/install/courseworks/share/courseworks/hook/pythonpath.sh'
[4.617s] Level 1:colcon.colcon_core.environment:checking '/home/mcr2/ros2_ws/src/install/courseworks/bin'
[4.617s] Level 1:colcon.colcon_core.environment:create_environment_scripts_only(courseworks)
[4.629s] INFO:colcon.colcon_core.shell:Creating package script '/home/mcr2/ros2_ws/src/install/courseworks/share/courseworks/package.ps1'
[4.629s] INFO:colcon.colcon_core.shell:Creating package descriptor '/home/mcr2/ros2_ws/src/install/courseworks/share/courseworks/package.dsv'
[4.630s] INFO:colcon.colcon_core.shell:Creating package script '/home/mcr2/ros2_ws/src/install/courseworks/share/courseworks/package.sh'
[4.630s] INFO:colcon.colcon_core.shell:Creating package script '/home/mcr2/ros2_ws/src/install/courseworks/share/courseworks/package.bash'
[4.630s] INFO:colcon.colcon_core.shell:Creating package script '/home/mcr2/ros2_ws/src/install/courseworks/share/courseworks/package.zsh'
[4.631s] Level 1:colcon.colcon_core.environment:create_file_with_runtime_dependencies(/home/mcr2/ros2_ws/src/install/courseworks/share/colcon-core/packages/courseworks)
[4.632s] DEBUG:colcon.colcon_core.event_handler.log_command:Invoked command in '/home/mcr2/ros2_ws/src/final_challenge' returned '0': PYTHONPATH=/home/mcr2/ros2_ws/src/build/final_challenge/prefix_override:/home/mcr2/ros2_ws/src/install/final_challenge/lib/python3.10/site-packages:${PYTHONPATH} /usr/bin/python3 setup.py egg_info --egg-base ../build/final_challenge build --build-base /home/mcr2/ros2_ws/src/build/final_challenge/build install --record /home/mcr2/ros2_ws/src/build/final_challenge/install.log --single-version-externally-managed
[4.644s] Level 1:colcon.colcon_core.environment:checking '/home/mcr2/ros2_ws/src/install/final_challenge' for CMake module files
[4.645s] Level 1:colcon.colcon_core.environment:checking '/home/mcr2/ros2_ws/src/install/final_challenge' for CMake config files
[4.647s] Level 1:colcon.colcon_core.environment:checking '/home/mcr2/ros2_ws/src/install/final_challenge/lib'
[4.647s] Level 1:colcon.colcon_core.environment:checking '/home/mcr2/ros2_ws/src/install/final_challenge/bin'
[4.647s] Level 1:colcon.colcon_core.environment:checking '/home/mcr2/ros2_ws/src/install/final_challenge/lib/pkgconfig/final_challenge.pc'
[4.647s] Level 1:colcon.colcon_core.environment:checking '/home/mcr2/ros2_ws/src/install/final_challenge/lib/python3.10/site-packages'
[4.647s] Level 1:colcon.colcon_core.shell:create_environment_hook('final_challenge', 'pythonpath')
[4.664s] INFO:colcon.colcon_core.shell:Creating environment hook '/home/mcr2/ros2_ws/src/install/final_challenge/share/final_challenge/hook/pythonpath.ps1'
[4.665s] INFO:colcon.colcon_core.shell:Creating environment descriptor '/home/mcr2/ros2_ws/src/install/final_challenge/share/final_challenge/hook/pythonpath.dsv'
[4.665s] INFO:colcon.colcon_core.shell:Creating environment hook '/home/mcr2/ros2_ws/src/install/final_challenge/share/final_challenge/hook/pythonpath.sh'
[4.666s] Level 1:colcon.colcon_core.environment:checking '/home/mcr2/ros2_ws/src/install/final_challenge/bin'
[4.666s] Level 1:colcon.colcon_core.environment:create_environment_scripts_only(final_challenge)
[4.683s] INFO:colcon.colcon_core.shell:Creating package script '/home/mcr2/ros2_ws/src/install/final_challenge/share/final_challenge/package.ps1'
[4.683s] INFO:colcon.colcon_core.shell:Creating package descriptor '/home/mcr2/ros2_ws/src/install/final_challenge/share/final_challenge/package.dsv'
[4.684s] INFO:colcon.colcon_core.shell:Creating package script '/home/mcr2/ros2_ws/src/install/final_challenge/share/final_challenge/package.sh'
[4.684s] INFO:colcon.colcon_core.shell:Creating package script '/home/mcr2/ros2_ws/src/install/final_challenge/share/final_challenge/package.bash'
[4.685s] INFO:colcon.colcon_core.shell:Creating package script '/home/mcr2/ros2_ws/src/install/final_challenge/share/final_challenge/package.zsh'
[4.685s] Level 1:colcon.colcon_core.environment:create_file_with_runtime_dependencies(/home/mcr2/ros2_ws/src/install/final_challenge/share/colcon-core/packages/final_challenge)
[4.687s] DEBUG:colcon.colcon_core.event_handler.log_command:Invoked command in '/home/mcr2/ros2_ws/src/basic_comms' returned '0': PYTHONPATH=/home/mcr2/ros2_ws/src/build/basic_comms/prefix_override:/home/mcr2/ros2_ws/src/install/basic_comms/lib/python3.10/site-packages:${PYTHONPATH} /usr/bin/python3 setup.py egg_info --egg-base ../build/basic_comms build --build-base /home/mcr2/ros2_ws/src/build/basic_comms/build install --record /home/mcr2/ros2_ws/src/build/basic_comms/install.log --single-version-externally-managed
[4.703s] Level 1:colcon.colcon_core.environment:checking '/home/mcr2/ros2_ws/src/install/basic_comms' for CMake module files
[4.704s] Level 1:colcon.colcon_core.environment:checking '/home/mcr2/ros2_ws/src/install/basic_comms' for CMake config files
[4.706s] Level 1:colcon.colcon_core.environment:checking '/home/mcr2/ros2_ws/src/install/basic_comms/lib'
[4.706s] Level 1:colcon.colcon_core.environment:checking '/home/mcr2/ros2_ws/src/install/basic_comms/bin'
[4.706s] Level 1:colcon.colcon_core.environment:checking '/home/mcr2/ros2_ws/src/install/basic_comms/lib/pkgconfig/basic_comms.pc'
[4.706s] Level 1:colcon.colcon_core.environment:checking '/home/mcr2/ros2_ws/src/install/basic_comms/lib/python3.10/site-packages'
[4.706s] Level 1:colcon.colcon_core.shell:create_environment_hook('basic_comms', 'pythonpath')
[4.722s] INFO:colcon.colcon_core.shell:Creating environment hook '/home/mcr2/ros2_ws/src/install/basic_comms/share/basic_comms/hook/pythonpath.ps1'
[4.723s] INFO:colcon.colcon_core.shell:Creating environment descriptor '/home/mcr2/ros2_ws/src/install/basic_comms/share/basic_comms/hook/pythonpath.dsv'
[4.724s] INFO:colcon.colcon_core.shell:Creating environment hook '/home/mcr2/ros2_ws/src/install/basic_comms/share/basic_comms/hook/pythonpath.sh'
[4.724s] Level 1:colcon.colcon_core.environment:checking '/home/mcr2/ros2_ws/src/install/basic_comms/bin'
[4.724s] Level 1:colcon.colcon_core.environment:create_environment_scripts_only(basic_comms)
[4.741s] INFO:colcon.colcon_core.shell:Creating package script '/home/mcr2/ros2_ws/src/install/basic_comms/share/basic_comms/package.ps1'
[4.741s] INFO:colcon.colcon_core.shell:Creating package descriptor '/home/mcr2/ros2_ws/src/install/basic_comms/share/basic_comms/package.dsv'
[4.742s] INFO:colcon.colcon_core.shell:Creating package script '/home/mcr2/ros2_ws/src/install/basic_comms/share/basic_comms/package.sh'
[4.742s] INFO:colcon.colcon_core.shell:Creating package script '/home/mcr2/ros2_ws/src/install/basic_comms/share/basic_comms/package.bash'
[4.742s] INFO:colcon.colcon_core.shell:Creating package script '/home/mcr2/ros2_ws/src/install/basic_comms/share/basic_comms/package.zsh'
[4.743s] Level 1:colcon.colcon_core.environment:create_file_with_runtime_dependencies(/home/mcr2/ros2_ws/src/install/basic_comms/share/colcon-core/packages/basic_comms)
[4.745s] DEBUG:colcon.colcon_core.event_handler.log_command:Invoked command in '/home/mcr2/ros2_ws/src/courseworks_params' returned '0': PYTHONPATH=/home/mcr2/ros2_ws/src/build/courseworks_params/prefix_override:/home/mcr2/ros2_ws/src/install/courseworks_params/lib/python3.10/site-packages:${PYTHONPATH} /usr/bin/python3 setup.py egg_info --egg-base ../build/courseworks_params build --build-base /home/mcr2/ros2_ws/src/build/courseworks_params/build install --record /home/mcr2/ros2_ws/src/build/courseworks_params/install.log --single-version-externally-managed
[4.761s] Level 1:colcon.colcon_core.environment:checking '/home/mcr2/ros2_ws/src/install/courseworks_params' for CMake module files
[4.762s] Level 1:colcon.colcon_core.environment:checking '/home/mcr2/ros2_ws/src/install/courseworks_params' for CMake config files
[4.763s] Level 1:colcon.colcon_core.environment:checking '/home/mcr2/ros2_ws/src/install/courseworks_params/lib'
[4.763s] Level 1:colcon.colcon_core.environment:checking '/home/mcr2/ros2_ws/src/install/courseworks_params/bin'
[4.763s] Level 1:colcon.colcon_core.environment:checking '/home/mcr2/ros2_ws/src/install/courseworks_params/lib/pkgconfig/courseworks_params.pc'
[4.764s] Level 1:colcon.colcon_core.environment:checking '/home/mcr2/ros2_ws/src/install/courseworks_params/lib/python3.10/site-packages'
[4.764s] Level 1:colcon.colcon_core.shell:create_environment_hook('courseworks_params', 'pythonpath')
[4.780s] INFO:colcon.colcon_core.shell:Creating environment hook '/home/mcr2/ros2_ws/src/install/courseworks_params/share/courseworks_params/hook/pythonpath.ps1'
[4.781s] INFO:colcon.colcon_core.shell:Creating environment descriptor '/home/mcr2/ros2_ws/src/install/courseworks_params/share/courseworks_params/hook/pythonpath.dsv'
[4.782s] INFO:colcon.colcon_core.shell:Creating environment hook '/home/mcr2/ros2_ws/src/install/courseworks_params/share/courseworks_params/hook/pythonpath.sh'
[4.782s] Level 1:colcon.colcon_core.environment:checking '/home/mcr2/ros2_ws/src/install/courseworks_params/bin'
[4.782s] Level 1:colcon.colcon_core.environment:create_environment_scripts_only(courseworks_params)
[4.799s] INFO:colcon.colcon_core.shell:Creating package script '/home/mcr2/ros2_ws/src/install/courseworks_params/share/courseworks_params/package.ps1'
[4.799s] INFO:colcon.colcon_core.shell:Creating package descriptor '/home/mcr2/ros2_ws/src/install/courseworks_params/share/courseworks_params/package.dsv'
[4.800s] INFO:colcon.colcon_core.shell:Creating package script '/home/mcr2/ros2_ws/src/install/courseworks_params/share/courseworks_params/package.sh'
[4.800s] INFO:colcon.colcon_core.shell:Creating package script '/home/mcr2/ros2_ws/src/install/courseworks_params/share/courseworks_params/package.bash'
[4.801s] INFO:colcon.colcon_core.shell:Creating package script '/home/mcr2/ros2_ws/src/install/courseworks_params/share/courseworks_params/package.zsh'
[4.801s] Level 1:colcon.colcon_core.environment:create_file_with_runtime_dependencies(/home/mcr2/ros2_ws/src/install/courseworks_params/share/colcon-core/packages/courseworks_params)
[5.084s] INFO:colcon.colcon_core.task.python.build:Building Python package in '/home/mcr2/ros2_ws/src/sphere_msgs'
[5.100s] INFO:colcon.colcon_core.shell:Skip shell extension 'powershell' for command environment: Not usable outside of PowerShell
[5.100s] DEBUG:colcon.colcon_core.shell:Skip shell extension 'dsv' for command environment
[5.435s] DEBUG:colcon.colcon_core.event_handler.log_command:Invoking command in '/home/mcr2/ros2_ws/src/signal_decomposition': AMENT_PREFIX_PATH=/home/mcr2/ros2_ws/src/install/signal_msg:${AMENT_PREFIX_PATH} CMAKE_PREFIX_PATH=/home/mcr2/ros2_ws/src/install/signal_msg:${CMAKE_PREFIX_PATH} LD_LIBRARY_PATH=/home/mcr2/ros2_ws/src/install/signal_msg/lib:${LD_LIBRARY_PATH} PYTHONPATH=/home/mcr2/ros2_ws/src/build/signal_decomposition/prefix_override:/home/mcr2/ros2_ws/src/install/signal_decomposition/lib/python3.10/site-packages:/home/mcr2/ros2_ws/src/install/signal_msg/local/lib/python3.10/dist-packages:${PYTHONPATH} /usr/bin/python3 setup.py egg_info --egg-base ../build/signal_decomposition build --build-base /home/mcr2/ros2_ws/src/build/signal_decomposition/build install --record /home/mcr2/ros2_ws/src/build/signal_decomposition/install.log --single-version-externally-managed
[5.548s] DEBUG:colcon.colcon_core.event_handler.log_command:Invoking command in '/home/mcr2/ros2_ws/src/sphere_msgs': AMENT_PREFIX_PATH=/home/mcr2/ros2_ws/src/install/msgs_clase:${AMENT_PREFIX_PATH} CMAKE_PREFIX_PATH=/home/mcr2/ros2_ws/src/install/msgs_clase:${CMAKE_PREFIX_PATH} LD_LIBRARY_PATH=/home/mcr2/ros2_ws/src/install/msgs_clase/lib:${LD_LIBRARY_PATH} PYTHONPATH=/home/mcr2/ros2_ws/src/build/sphere_msgs/prefix_override:/home/mcr2/ros2_ws/src/install/sphere_msgs/lib/python3.10/site-packages:/home/mcr2/ros2_ws/src/install/msgs_clase/local/lib/python3.10/dist-packages:${PYTHONPATH} /usr/bin/python3 setup.py egg_info --egg-base ../build/sphere_msgs build --build-base /home/mcr2/ros2_ws/src/build/sphere_msgs/build install --record /home/mcr2/ros2_ws/src/build/sphere_msgs/install.log --single-version-externally-managed
[5.684s] DEBUG:colcon.colcon_core.event_handler.log_command:Invoked command in '/home/mcr2/ros2_ws/src/signal_decomposition' returned '0': AMENT_PREFIX_PATH=/home/mcr2/ros2_ws/src/install/signal_msg:${AMENT_PREFIX_PATH} CMAKE_PREFIX_PATH=/home/mcr2/ros2_ws/src/install/signal_msg:${CMAKE_PREFIX_PATH} LD_LIBRARY_PATH=/home/mcr2/ros2_ws/src/install/signal_msg/lib:${LD_LIBRARY_PATH} PYTHONPATH=/home/mcr2/ros2_ws/src/build/signal_decomposition/prefix_override:/home/mcr2/ros2_ws/src/install/signal_decomposition/lib/python3.10/site-packages:/home/mcr2/ros2_ws/src/install/signal_msg/local/lib/python3.10/dist-packages:${PYTHONPATH} /usr/bin/python3 setup.py egg_info --egg-base ../build/signal_decomposition build --build-base /home/mcr2/ros2_ws/src/build/signal_decomposition/build install --record /home/mcr2/ros2_ws/src/build/signal_decomposition/install.log --single-version-externally-managed
[5.704s] Level 1:colcon.colcon_core.environment:checking '/home/mcr2/ros2_ws/src/install/signal_decomposition' for CMake module files
[5.705s] Level 1:colcon.colcon_core.environment:checking '/home/mcr2/ros2_ws/src/install/signal_decomposition' for CMake config files
[5.707s] Level 1:colcon.colcon_core.environment:checking '/home/mcr2/ros2_ws/src/install/signal_decomposition/lib'
[5.707s] Level 1:colcon.colcon_core.environment:checking '/home/mcr2/ros2_ws/src/install/signal_decomposition/bin'
[5.707s] Level 1:colcon.colcon_core.environment:checking '/home/mcr2/ros2_ws/src/install/signal_decomposition/lib/pkgconfig/signal_decomposition.pc'
[5.707s] Level 1:colcon.colcon_core.environment:checking '/home/mcr2/ros2_ws/src/install/signal_decomposition/lib/python3.10/site-packages'
[5.707s] Level 1:colcon.colcon_core.shell:create_environment_hook('signal_decomposition', 'pythonpath')
[5.727s] INFO:colcon.colcon_core.shell:Creating environment hook '/home/mcr2/ros2_ws/src/install/signal_decomposition/share/signal_decomposition/hook/pythonpath.ps1'
[5.727s] INFO:colcon.colcon_core.shell:Creating environment descriptor '/home/mcr2/ros2_ws/src/install/signal_decomposition/share/signal_decomposition/hook/pythonpath.dsv'
[5.728s] INFO:colcon.colcon_core.shell:Creating environment hook '/home/mcr2/ros2_ws/src/install/signal_decomposition/share/signal_decomposition/hook/pythonpath.sh'
[5.729s] Level 1:colcon.colcon_core.environment:checking '/home/mcr2/ros2_ws/src/install/signal_decomposition/bin'
[5.729s] Level 1:colcon.colcon_core.environment:create_environment_scripts_only(signal_decomposition)
[5.748s] INFO:colcon.colcon_core.shell:Creating package script '/home/mcr2/ros2_ws/src/install/signal_decomposition/share/signal_decomposition/package.ps1'
[5.749s] INFO:colcon.colcon_core.shell:Creating package descriptor '/home/mcr2/ros2_ws/src/install/signal_decomposition/share/signal_decomposition/package.dsv'
[5.750s] INFO:colcon.colcon_core.shell:Creating package script '/home/mcr2/ros2_ws/src/install/signal_decomposition/share/signal_decomposition/package.sh'
[5.751s] INFO:colcon.colcon_core.shell:Creating package script '/home/mcr2/ros2_ws/src/install/signal_decomposition/share/signal_decomposition/package.bash'
[5.751s] INFO:colcon.colcon_core.shell:Creating package script '/home/mcr2/ros2_ws/src/install/signal_decomposition/share/signal_decomposition/package.zsh'
[5.751s] Level 1:colcon.colcon_core.environment:create_file_with_runtime_dependencies(/home/mcr2/ros2_ws/src/install/signal_decomposition/share/colcon-core/packages/signal_decomposition)
[5.868s] DEBUG:colcon.colcon_core.event_handler.log_command:Invoked command in '/home/mcr2/ros2_ws/src/sphere_msgs' returned '0': AMENT_PREFIX_PATH=/home/mcr2/ros2_ws/src/install/msgs_clase:${AMENT_PREFIX_PATH} CMAKE_PREFIX_PATH=/home/mcr2/ros2_ws/src/install/msgs_clase:${CMAKE_PREFIX_PATH} LD_LIBRARY_PATH=/home/mcr2/ros2_ws/src/install/msgs_clase/lib:${LD_LIBRARY_PATH} PYTHONPATH=/home/mcr2/ros2_ws/src/build/sphere_msgs/prefix_override:/home/mcr2/ros2_ws/src/install/sphere_msgs/lib/python3.10/site-packages:/home/mcr2/ros2_ws/src/install/msgs_clase/local/lib/python3.10/dist-packages:${PYTHONPATH} /usr/bin/python3 setup.py egg_info --egg-base ../build/sphere_msgs build --build-base /home/mcr2/ros2_ws/src/build/sphere_msgs/build install --record /home/mcr2/ros2_ws/src/build/sphere_msgs/install.log --single-version-externally-managed
[5.880s] Level 1:colcon.colcon_core.environment:checking '/home/mcr2/ros2_ws/src/install/sphere_msgs' for CMake module files
[5.881s] Level 1:colcon.colcon_core.environment:checking '/home/mcr2/ros2_ws/src/install/sphere_msgs' for CMake config files
[5.882s] Level 1:colcon.colcon_core.environment:checking '/home/mcr2/ros2_ws/src/install/sphere_msgs/lib'
[5.882s] Level 1:colcon.colcon_core.environment:checking '/home/mcr2/ros2_ws/src/install/sphere_msgs/bin'
[5.882s] Level 1:colcon.colcon_core.environment:checking '/home/mcr2/ros2_ws/src/install/sphere_msgs/lib/pkgconfig/sphere_msgs.pc'
[5.883s] Level 1:colcon.colcon_core.environment:checking '/home/mcr2/ros2_ws/src/install/sphere_msgs/lib/python3.10/site-packages'
[5.883s] Level 1:colcon.colcon_core.shell:create_environment_hook('sphere_msgs', 'pythonpath')
[5.894s] INFO:colcon.colcon_core.shell:Creating environment hook '/home/mcr2/ros2_ws/src/install/sphere_msgs/share/sphere_msgs/hook/pythonpath.ps1'
[5.895s] INFO:colcon.colcon_core.shell:Creating environment descriptor '/home/mcr2/ros2_ws/src/install/sphere_msgs/share/sphere_msgs/hook/pythonpath.dsv'
[5.896s] INFO:colcon.colcon_core.shell:Creating environment hook '/home/mcr2/ros2_ws/src/install/sphere_msgs/share/sphere_msgs/hook/pythonpath.sh'
[5.896s] Level 1:colcon.colcon_core.environment:checking '/home/mcr2/ros2_ws/src/install/sphere_msgs/bin'
[5.896s] Level 1:colcon.colcon_core.environment:create_environment_scripts_only(sphere_msgs)
[5.925s] INFO:colcon.colcon_core.shell:Creating package script '/home/mcr2/ros2_ws/src/install/sphere_msgs/share/sphere_msgs/package.ps1'
[5.926s] INFO:colcon.colcon_core.shell:Creating package descriptor '/home/mcr2/ros2_ws/src/install/sphere_msgs/share/sphere_msgs/package.dsv'
[5.926s] INFO:colcon.colcon_core.shell:Creating package script '/home/mcr2/ros2_ws/src/install/sphere_msgs/share/sphere_msgs/package.sh'
[5.927s] INFO:colcon.colcon_core.shell:Creating package script '/home/mcr2/ros2_ws/src/install/sphere_msgs/share/sphere_msgs/package.bash'
[5.927s] INFO:colcon.colcon_core.shell:Creating package script '/home/mcr2/ros2_ws/src/install/sphere_msgs/share/sphere_msgs/package.zsh'
[5.927s] Level 1:colcon.colcon_core.environment:create_file_with_runtime_dependencies(/home/mcr2/ros2_ws/src/install/sphere_msgs/share/colcon-core/packages/sphere_msgs)
[5.928s] DEBUG:colcon.colcon_parallel_executor.executor.parallel:closing loop
[5.928s] DEBUG:colcon.colcon_parallel_executor.executor.parallel:loop closed
[5.929s] DEBUG:colcon.colcon_parallel_executor.executor.parallel:run_until_complete finished with '0'
[5.929s] DEBUG:colcon.colcon_core.event_reactor:joining thread
[5.955s] INFO:colcon.colcon_core.plugin_system:Skipping extension 'colcon_notification.desktop_notification.terminal_notifier': Not used on non-Darwin systems
[5.956s] INFO:colcon.colcon_core.plugin_system:Skipping extension 'colcon_notification.desktop_notification.win32': Not used on non-Windows systems
[5.956s] INFO:colcon.colcon_notification.desktop_notification:Sending desktop notification using 'notify2'
[5.973s] DEBUG:colcon.colcon_core.event_reactor:joined thread
[5.991s] INFO:colcon.colcon_core.shell:Creating prefix script '/home/mcr2/ros2_ws/src/install/local_setup.ps1'
[5.994s] INFO:colcon.colcon_core.shell:Creating prefix util module '/home/mcr2/ros2_ws/src/install/_local_setup_util_ps1.py'
[5.996s] INFO:colcon.colcon_core.shell:Creating prefix chain script '/home/mcr2/ros2_ws/src/install/setup.ps1'
[6.016s] INFO:colcon.colcon_core.shell:Creating prefix script '/home/mcr2/ros2_ws/src/install/local_setup.sh'
[6.017s] INFO:colcon.colcon_core.shell:Creating prefix util module '/home/mcr2/ros2_ws/src/install/_local_setup_util_sh.py'
[6.017s] INFO:colcon.colcon_core.shell:Creating prefix chain script '/home/mcr2/ros2_ws/src/install/setup.sh'
[6.032s] INFO:colcon.colcon_core.shell:Creating prefix script '/home/mcr2/ros2_ws/src/install/local_setup.bash'
[6.032s] INFO:colcon.colcon_core.shell:Creating prefix chain script '/home/mcr2/ros2_ws/src/install/setup.bash'
[6.046s] INFO:colcon.colcon_core.shell:Creating prefix script '/home/mcr2/ros2_ws/src/install/local_setup.zsh'
[6.047s] INFO:colcon.colcon_core.shell:Creating prefix chain script '/home/mcr2/ros2_ws/src/install/setup.zsh'
