[1.046s] DEBUG:colcon:Command line arguments: ['/usr/bin/colcon', 'build']
[1.046s] DEBUG:colcon:Parsed command line arguments: Namespace(log_base=None, log_level=None, verb_name='build', build_base='build', install_base='install', merge_install=False, symlink_install=False, test_result_base=None, continue_on_error=False, executor='parallel', parallel_workers=6, event_handlers=None, ignore_user_meta=False, metas=['./colcon.meta'], base_paths=['.'], packages_ignore=None, packages_ignore_regex=None, paths=None, packages_up_to=None, packages_up_to_regex=None, packages_above=None, packages_above_and_dependencies=None, packages_above_depth=None, packages_select_by_dep=None, packages_skip_by_dep=None, packages_skip_up_to=None, packages_select_build_failed=False, packages_skip_build_finished=False, packages_select_test_failures=False, packages_skip_test_passed=False, packages_select=None, packages_skip=None, packages_select_regex=None, packages_skip_regex=None, packages_start=None, packages_end=None, allow_overriding=[], cmake_args=None, cmake_target=None, cmake_target_skip_unavailable=False, cmake_clean_cache=False, cmake_clean_first=False, cmake_force_configure=False, ament_cmake_args=None, catkin_cmake_args=None, catkin_skip_building_tests=False, verb_parser=<colcon_defaults.argument_parser.defaults.DefaultArgumentsDecorator object at 0x7fbd3a653160>, verb_extension=<colcon_core.verb.build.BuildVerb object at 0x7fbd3a651090>, main=<bound method BuildVerb.main of <colcon_core.verb.build.BuildVerb object at 0x7fbd3a651090>>)
[1.095s] Level 1:colcon.colcon_core.package_discovery:discover_packages(colcon_meta) check parameters
[1.095s] Level 1:colcon.colcon_core.package_discovery:discover_packages(recursive) check parameters
[1.095s] Level 1:colcon.colcon_core.package_discovery:discover_packages(ignore) check parameters
[1.095s] Level 1:colcon.colcon_core.package_discovery:discover_packages(path) check parameters
[1.095s] Level 1:colcon.colcon_core.package_discovery:discover_packages(colcon_meta) discover
[1.095s] Level 1:colcon.colcon_core.package_discovery:discover_packages(recursive) discover
[1.095s] INFO:colcon.colcon_core.package_discovery:Crawling recursively for packages in '/home/mcr2/ros2_ws/src'
[1.095s] Level 1:colcon.colcon_core.package_identification:_identify(.) by extensions ['ignore', 'ignore_ament_install']
[1.095s] Level 1:colcon.colcon_core.package_identification:_identify(.) by extension 'ignore'
[1.095s] Level 1:colcon.colcon_core.package_identification:_identify(.) by extension 'ignore_ament_install'
[1.095s] Level 1:colcon.colcon_core.package_identification:_identify(.) by extensions ['colcon_pkg']
[1.095s] Level 1:colcon.colcon_core.package_identification:_identify(.) by extension 'colcon_pkg'
[1.095s] Level 1:colcon.colcon_core.package_identification:_identify(.) by extensions ['colcon_meta']
[1.095s] Level 1:colcon.colcon_core.package_identification:_identify(.) by extension 'colcon_meta'
[1.095s] Level 1:colcon.colcon_core.package_identification:_identify(.) by extensions ['ros']
[1.095s] Level 1:colcon.colcon_core.package_identification:_identify(.) by extension 'ros'
[1.106s] Level 1:colcon.colcon_core.package_identification:_identify(.) by extensions ['cmake', 'python']
[1.106s] Level 1:colcon.colcon_core.package_identification:_identify(.) by extension 'cmake'
[1.106s] Level 1:colcon.colcon_core.package_identification:_identify(.) by extension 'python'
[1.106s] Level 1:colcon.colcon_core.package_identification:_identify(.) by extensions ['python_setup_py']
[1.106s] Level 1:colcon.colcon_core.package_identification:_identify(.) by extension 'python_setup_py'
[1.106s] Level 1:colcon.colcon_core.package_identification:_identify(basic_comms) by extensions ['ignore', 'ignore_ament_install']
[1.106s] Level 1:colcon.colcon_core.package_identification:_identify(basic_comms) by extension 'ignore'
[1.106s] Level 1:colcon.colcon_core.package_identification:_identify(basic_comms) by extension 'ignore_ament_install'
[1.106s] Level 1:colcon.colcon_core.package_identification:_identify(basic_comms) by extensions ['colcon_pkg']
[1.106s] Level 1:colcon.colcon_core.package_identification:_identify(basic_comms) by extension 'colcon_pkg'
[1.106s] Level 1:colcon.colcon_core.package_identification:_identify(basic_comms) by extensions ['colcon_meta']
[1.106s] Level 1:colcon.colcon_core.package_identification:_identify(basic_comms) by extension 'colcon_meta'
[1.107s] Level 1:colcon.colcon_core.package_identification:_identify(basic_comms) by extensions ['ros']
[1.107s] Level 1:colcon.colcon_core.package_identification:_identify(basic_comms) by extension 'ros'
[1.109s] DEBUG:colcon.colcon_core.package_identification:Package 'basic_comms' with type 'ros.ament_python' and name 'basic_comms'
[1.109s] Level 1:colcon.colcon_core.package_identification:_identify(build) by extensions ['ignore', 'ignore_ament_install']
[1.109s] Level 1:colcon.colcon_core.package_identification:_identify(build) by extension 'ignore'
[1.109s] Level 1:colcon.colcon_core.package_identification:_identify(build) ignored
[1.109s] Level 1:colcon.colcon_core.package_identification:_identify(courseworks) by extensions ['ignore', 'ignore_ament_install']
[1.109s] Level 1:colcon.colcon_core.package_identification:_identify(courseworks) by extension 'ignore'
[1.109s] Level 1:colcon.colcon_core.package_identification:_identify(courseworks) by extension 'ignore_ament_install'
[1.109s] Level 1:colcon.colcon_core.package_identification:_identify(courseworks) by extensions ['colcon_pkg']
[1.109s] Level 1:colcon.colcon_core.package_identification:_identify(courseworks) by extension 'colcon_pkg'
[1.109s] Level 1:colcon.colcon_core.package_identification:_identify(courseworks) by extensions ['colcon_meta']
[1.109s] Level 1:colcon.colcon_core.package_identification:_identify(courseworks) by extension 'colcon_meta'
[1.110s] Level 1:colcon.colcon_core.package_identification:_identify(courseworks) by extensions ['ros']
[1.110s] Level 1:colcon.colcon_core.package_identification:_identify(courseworks) by extension 'ros'
[1.110s] DEBUG:colcon.colcon_core.package_identification:Package 'courseworks' with type 'ros.ament_python' and name 'courseworks'
[1.110s] Level 1:colcon.colcon_core.package_identification:_identify(courseworks_params) by extensions ['ignore', 'ignore_ament_install']
[1.110s] Level 1:colcon.colcon_core.package_identification:_identify(courseworks_params) by extension 'ignore'
[1.110s] Level 1:colcon.colcon_core.package_identification:_identify(courseworks_params) by extension 'ignore_ament_install'
[1.110s] Level 1:colcon.colcon_core.package_identification:_identify(courseworks_params) by extensions ['colcon_pkg']
[1.110s] Level 1:colcon.colcon_core.package_identification:_identify(courseworks_params) by extension 'colcon_pkg'
[1.111s] Level 1:colcon.colcon_core.package_identification:_identify(courseworks_params) by extensions ['colcon_meta']
[1.111s] Level 1:colcon.colcon_core.package_identification:_identify(courseworks_params) by extension 'colcon_meta'
[1.111s] Level 1:colcon.colcon_core.package_identification:_identify(courseworks_params) by extensions ['ros']
[1.111s] Level 1:colcon.colcon_core.package_identification:_identify(courseworks_params) by extension 'ros'
[1.111s] DEBUG:colcon.colcon_core.package_identification:Package 'courseworks_params' with type 'ros.ament_python' and name 'courseworks_params'
[1.111s] Level 1:colcon.colcon_core.package_identification:_identify(final_challenge) by extensions ['ignore', 'ignore_ament_install']
[1.111s] Level 1:colcon.colcon_core.package_identification:_identify(final_challenge) by extension 'ignore'
[1.112s] Level 1:colcon.colcon_core.package_identification:_identify(final_challenge) by extension 'ignore_ament_install'
[1.112s] Level 1:colcon.colcon_core.package_identification:_identify(final_challenge) by extensions ['colcon_pkg']
[1.112s] Level 1:colcon.colcon_core.package_identification:_identify(final_challenge) by extension 'colcon_pkg'
[1.112s] Level 1:colcon.colcon_core.package_identification:_identify(final_challenge) by extensions ['colcon_meta']
[1.112s] Level 1:colcon.colcon_core.package_identification:_identify(final_challenge) by extension 'colcon_meta'
[1.112s] Level 1:colcon.colcon_core.package_identification:_identify(final_challenge) by extensions ['ros']
[1.112s] Level 1:colcon.colcon_core.package_identification:_identify(final_challenge) by extension 'ros'
[1.112s] DEBUG:colcon.colcon_core.package_identification:Package 'final_challenge' with type 'ros.ament_python' and name 'final_challenge'
[1.112s] Level 1:colcon.colcon_core.package_identification:_identify(install) by extensions ['ignore', 'ignore_ament_install']
[1.112s] Level 1:colcon.colcon_core.package_identification:_identify(install) by extension 'ignore'
[1.112s] Level 1:colcon.colcon_core.package_identification:_identify(install) ignored
[1.113s] Level 1:colcon.colcon_core.package_identification:_identify(log) by extensions ['ignore', 'ignore_ament_install']
[1.113s] Level 1:colcon.colcon_core.package_identification:_identify(log) by extension 'ignore'
[1.113s] Level 1:colcon.colcon_core.package_identification:_identify(log) ignored
[1.113s] Level 1:colcon.colcon_core.package_identification:_identify(msgs_clase) by extensions ['ignore', 'ignore_ament_install']
[1.113s] Level 1:colcon.colcon_core.package_identification:_identify(msgs_clase) by extension 'ignore'
[1.113s] Level 1:colcon.colcon_core.package_identification:_identify(msgs_clase) by extension 'ignore_ament_install'
[1.113s] Level 1:colcon.colcon_core.package_identification:_identify(msgs_clase) by extensions ['colcon_pkg']
[1.113s] Level 1:colcon.colcon_core.package_identification:_identify(msgs_clase) by extension 'colcon_pkg'
[1.113s] Level 1:colcon.colcon_core.package_identification:_identify(msgs_clase) by extensions ['colcon_meta']
[1.113s] Level 1:colcon.colcon_core.package_identification:_identify(msgs_clase) by extension 'colcon_meta'
[1.113s] Level 1:colcon.colcon_core.package_identification:_identify(msgs_clase) by extensions ['ros']
[1.113s] Level 1:colcon.colcon_core.package_identification:_identify(msgs_clase) by extension 'ros'
[1.114s] DEBUG:colcon.colcon_core.package_identification:Package 'msgs_clase' with type 'ros.ament_cmake' and name 'msgs_clase'
[1.114s] Level 1:colcon.colcon_core.package_identification:_identify(signal_decomposition) by extensions ['ignore', 'ignore_ament_install']
[1.114s] Level 1:colcon.colcon_core.package_identification:_identify(signal_decomposition) by extension 'ignore'
[1.114s] Level 1:colcon.colcon_core.package_identification:_identify(signal_decomposition) by extension 'ignore_ament_install'
[1.114s] Level 1:colcon.colcon_core.package_identification:_identify(signal_decomposition) by extensions ['colcon_pkg']
[1.114s] Level 1:colcon.colcon_core.package_identification:_identify(signal_decomposition) by extension 'colcon_pkg'
[1.114s] Level 1:colcon.colcon_core.package_identification:_identify(signal_decomposition) by extensions ['colcon_meta']
[1.114s] Level 1:colcon.colcon_core.package_identification:_identify(signal_decomposition) by extension 'colcon_meta'
[1.114s] Level 1:colcon.colcon_core.package_identification:_identify(signal_decomposition) by extensions ['ros']
[1.114s] Level 1:colcon.colcon_core.package_identification:_identify(signal_decomposition) by extension 'ros'
[1.115s] DEBUG:colcon.colcon_core.package_identification:Package 'signal_decomposition' with type 'ros.ament_python' and name 'signal_decomposition'
[1.115s] Level 1:colcon.colcon_core.package_identification:_identify(signal_msg) by extensions ['ignore', 'ignore_ament_install']
[1.115s] Level 1:colcon.colcon_core.package_identification:_identify(signal_msg) by extension 'ignore'
[1.115s] Level 1:colcon.colcon_core.package_identification:_identify(signal_msg) by extension 'ignore_ament_install'
[1.115s] Level 1:colcon.colcon_core.package_identification:_identify(signal_msg) by extensions ['colcon_pkg']
[1.115s] Level 1:colcon.colcon_core.package_identification:_identify(signal_msg) by extension 'colcon_pkg'
[1.115s] Level 1:colcon.colcon_core.package_identification:_identify(signal_msg) by extensions ['colcon_meta']
[1.115s] Level 1:colcon.colcon_core.package_identification:_identify(signal_msg) by extension 'colcon_meta'
[1.115s] Level 1:colcon.colcon_core.package_identification:_identify(signal_msg) by extensions ['ros']
[1.115s] Level 1:colcon.colcon_core.package_identification:_identify(signal_msg) by extension 'ros'
[1.116s] DEBUG:colcon.colcon_core.package_identification:Package 'signal_msg' with type 'ros.ament_cmake' and name 'signal_msg'
[1.116s] Level 1:colcon.colcon_core.package_identification:_identify(sphere_msgs) by extensions ['ignore', 'ignore_ament_install']
[1.116s] Level 1:colcon.colcon_core.package_identification:_identify(sphere_msgs) by extension 'ignore'
[1.116s] Level 1:colcon.colcon_core.package_identification:_identify(sphere_msgs) by extension 'ignore_ament_install'
[1.116s] Level 1:colcon.colcon_core.package_identification:_identify(sphere_msgs) by extensions ['colcon_pkg']
[1.116s] Level 1:colcon.colcon_core.package_identification:_identify(sphere_msgs) by extension 'colcon_pkg'
[1.116s] Level 1:colcon.colcon_core.package_identification:_identify(sphere_msgs) by extensions ['colcon_meta']
[1.116s] Level 1:colcon.colcon_core.package_identification:_identify(sphere_msgs) by extension 'colcon_meta'
[1.116s] Level 1:colcon.colcon_core.package_identification:_identify(sphere_msgs) by extensions ['ros']
[1.116s] Level 1:colcon.colcon_core.package_identification:_identify(sphere_msgs) by extension 'ros'
[1.116s] DEBUG:colcon.colcon_core.package_identification:Package 'sphere_msgs' with type 'ros.ament_python' and name 'sphere_msgs'
[1.117s] Level 1:colcon.colcon_core.package_discovery:discover_packages(recursive) using defaults
[1.117s] Level 1:colcon.colcon_core.package_discovery:discover_packages(ignore) discover
[1.117s] Level 1:colcon.colcon_core.package_discovery:discover_packages(ignore) using defaults
[1.117s] Level 1:colcon.colcon_core.package_discovery:discover_packages(path) discover
[1.117s] Level 1:colcon.colcon_core.package_discovery:discover_packages(path) using defaults
[1.218s] Level 1:colcon.colcon_core.package_discovery:discover_packages(prefix_path) check parameters
[1.218s] Level 1:colcon.colcon_core.package_discovery:discover_packages(prefix_path) discover
[1.250s] DEBUG:colcon.colcon_installed_package_information.package_discovery:Found 18 installed packages in /home/mcr2/ros2_utilities_ws/install
[1.267s] DEBUG:colcon.colcon_installed_package_information.package_discovery:Found 360 installed packages in /opt/ros/humble
[1.279s] Level 1:colcon.colcon_core.package_discovery:discover_packages(prefix_path) using defaults
[1.383s] Level 5:colcon.colcon_core.verb:set package 'basic_comms' build argument 'cmake_args' from command line to 'None'
[1.383s] Level 5:colcon.colcon_core.verb:set package 'basic_comms' build argument 'cmake_target' from command line to 'None'
[1.383s] Level 5:colcon.colcon_core.verb:set package 'basic_comms' build argument 'cmake_target_skip_unavailable' from command line to 'False'
[1.383s] Level 5:colcon.colcon_core.verb:set package 'basic_comms' build argument 'cmake_clean_cache' from command line to 'False'
[1.384s] Level 5:colcon.colcon_core.verb:set package 'basic_comms' build argument 'cmake_clean_first' from command line to 'False'
[1.384s] Level 5:colcon.colcon_core.verb:set package 'basic_comms' build argument 'cmake_force_configure' from command line to 'False'
[1.384s] Level 5:colcon.colcon_core.verb:set package 'basic_comms' build argument 'ament_cmake_args' from command line to 'None'
[1.384s] Level 5:colcon.colcon_core.verb:set package 'basic_comms' build argument 'catkin_cmake_args' from command line to 'None'
[1.384s] Level 5:colcon.colcon_core.verb:set package 'basic_comms' build argument 'catkin_skip_building_tests' from command line to 'False'
[1.384s] DEBUG:colcon.colcon_core.verb:Building package 'basic_comms' with the following arguments: {'ament_cmake_args': None, 'build_base': '/home/mcr2/ros2_ws/src/build/basic_comms', 'catkin_cmake_args': None, 'catkin_skip_building_tests': False, 'cmake_args': None, 'cmake_clean_cache': False, 'cmake_clean_first': False, 'cmake_force_configure': False, 'cmake_target': None, 'cmake_target_skip_unavailable': False, 'install_base': '/home/mcr2/ros2_ws/src/install/basic_comms', 'merge_install': False, 'path': '/home/mcr2/ros2_ws/src/basic_comms', 'symlink_install': False, 'test_result_base': None}
[1.399s] Level 5:colcon.colcon_core.verb:set package 'courseworks' build argument 'cmake_args' from command line to 'None'
[1.399s] Level 5:colcon.colcon_core.verb:set package 'courseworks' build argument 'cmake_target' from command line to 'None'
[1.399s] Level 5:colcon.colcon_core.verb:set package 'courseworks' build argument 'cmake_target_skip_unavailable' from command line to 'False'
[1.399s] Level 5:colcon.colcon_core.verb:set package 'courseworks' build argument 'cmake_clean_cache' from command line to 'False'
[1.399s] Level 5:colcon.colcon_core.verb:set package 'courseworks' build argument 'cmake_clean_first' from command line to 'False'
[1.399s] Level 5:colcon.colcon_core.verb:set package 'courseworks' build argument 'cmake_force_configure' from command line to 'False'
[1.399s] Level 5:colcon.colcon_core.verb:set package 'courseworks' build argument 'ament_cmake_args' from command line to 'None'
[1.399s] Level 5:colcon.colcon_core.verb:set package 'courseworks' build argument 'catkin_cmake_args' from command line to 'None'
[1.399s] Level 5:colcon.colcon_core.verb:set package 'courseworks' build argument 'catkin_skip_building_tests' from command line to 'False'
[1.399s] DEBUG:colcon.colcon_core.verb:Building package 'courseworks' with the following arguments: {'ament_cmake_args': None, 'build_base': '/home/mcr2/ros2_ws/src/build/courseworks', 'catkin_cmake_args': None, 'catkin_skip_building_tests': False, 'cmake_args': None, 'cmake_clean_cache': False, 'cmake_clean_first': False, 'cmake_force_configure': False, 'cmake_target': None, 'cmake_target_skip_unavailable': False, 'install_base': '/home/mcr2/ros2_ws/src/install/courseworks', 'merge_install': False, 'path': '/home/mcr2/ros2_ws/src/courseworks', 'symlink_install': False, 'test_result_base': None}
[1.415s] Level 5:colcon.colcon_core.verb:set package 'courseworks_params' build argument 'cmake_args' from command line to 'None'
[1.415s] Level 5:colcon.colcon_core.verb:set package 'courseworks_params' build argument 'cmake_target' from command line to 'None'
[1.415s] Level 5:colcon.colcon_core.verb:set package 'courseworks_params' build argument 'cmake_target_skip_unavailable' from command line to 'False'
[1.415s] Level 5:colcon.colcon_core.verb:set package 'courseworks_params' build argument 'cmake_clean_cache' from command line to 'False'
[1.415s] Level 5:colcon.colcon_core.verb:set package 'courseworks_params' build argument 'cmake_clean_first' from command line to 'False'
[1.415s] Level 5:colcon.colcon_core.verb:set package 'courseworks_params' build argument 'cmake_force_configure' from command line to 'False'
[1.415s] Level 5:colcon.colcon_core.verb:set package 'courseworks_params' build argument 'ament_cmake_args' from command line to 'None'
[1.415s] Level 5:colcon.colcon_core.verb:set package 'courseworks_params' build argument 'catkin_cmake_args' from command line to 'None'
[1.415s] Level 5:colcon.colcon_core.verb:set package 'courseworks_params' build argument 'catkin_skip_building_tests' from command line to 'False'
[1.415s] DEBUG:colcon.colcon_core.verb:Building package 'courseworks_params' with the following arguments: {'ament_cmake_args': None, 'build_base': '/home/mcr2/ros2_ws/src/build/courseworks_params', 'catkin_cmake_args': None, 'catkin_skip_building_tests': False, 'cmake_args': None, 'cmake_clean_cache': False, 'cmake_clean_first': False, 'cmake_force_configure': False, 'cmake_target': None, 'cmake_target_skip_unavailable': False, 'install_base': '/home/mcr2/ros2_ws/src/install/courseworks_params', 'merge_install': False, 'path': '/home/mcr2/ros2_ws/src/courseworks_params', 'symlink_install': False, 'test_result_base': None}
[1.430s] Level 5:colcon.colcon_core.verb:set package 'final_challenge' build argument 'cmake_args' from command line to 'None'
[1.431s] Level 5:colcon.colcon_core.verb:set package 'final_challenge' build argument 'cmake_target' from command line to 'None'
[1.431s] Level 5:colcon.colcon_core.verb:set package 'final_challenge' build argument 'cmake_target_skip_unavailable' from command line to 'False'
[1.431s] Level 5:colcon.colcon_core.verb:set package 'final_challenge' build argument 'cmake_clean_cache' from command line to 'False'
[1.431s] Level 5:colcon.colcon_core.verb:set package 'final_challenge' build argument 'cmake_clean_first' from command line to 'False'
[1.431s] Level 5:colcon.colcon_core.verb:set package 'final_challenge' build argument 'cmake_force_configure' from command line to 'False'
[1.431s] Level 5:colcon.colcon_core.verb:set package 'final_challenge' build argument 'ament_cmake_args' from command line to 'None'
[1.431s] Level 5:colcon.colcon_core.verb:set package 'final_challenge' build argument 'catkin_cmake_args' from command line to 'None'
[1.431s] Level 5:colcon.colcon_core.verb:set package 'final_challenge' build argument 'catkin_skip_building_tests' from command line to 'False'
[1.431s] DEBUG:colcon.colcon_core.verb:Building package 'final_challenge' with the following arguments: {'ament_cmake_args': None, 'build_base': '/home/mcr2/ros2_ws/src/build/final_challenge', 'catkin_cmake_args': None, 'catkin_skip_building_tests': False, 'cmake_args': None, 'cmake_clean_cache': False, 'cmake_clean_first': False, 'cmake_force_configure': False, 'cmake_target': None, 'cmake_target_skip_unavailable': False, 'install_base': '/home/mcr2/ros2_ws/src/install/final_challenge', 'merge_install': False, 'path': '/home/mcr2/ros2_ws/src/final_challenge', 'symlink_install': False, 'test_result_base': None}
[1.446s] Level 5:colcon.colcon_core.verb:set package 'msgs_clase' build argument 'cmake_args' from command line to 'None'
[1.446s] Level 5:colcon.colcon_core.verb:set package 'msgs_clase' build argument 'cmake_target' from command line to 'None'
[1.446s] Level 5:colcon.colcon_core.verb:set package 'msgs_clase' build argument 'cmake_target_skip_unavailable' from command line to 'False'
[1.446s] Level 5:colcon.colcon_core.verb:set package 'msgs_clase' build argument 'cmake_clean_cache' from command line to 'False'
[1.446s] Level 5:colcon.colcon_core.verb:set package 'msgs_clase' build argument 'cmake_clean_first' from command line to 'False'
[1.446s] Level 5:colcon.colcon_core.verb:set package 'msgs_clase' build argument 'cmake_force_configure' from command line to 'False'
[1.446s] Level 5:colcon.colcon_core.verb:set package 'msgs_clase' build argument 'ament_cmake_args' from command line to 'None'
[1.446s] Level 5:colcon.colcon_core.verb:set package 'msgs_clase' build argument 'catkin_cmake_args' from command line to 'None'
[1.446s] Level 5:colcon.colcon_core.verb:set package 'msgs_clase' build argument 'catkin_skip_building_tests' from command line to 'False'
[1.446s] DEBUG:colcon.colcon_core.verb:Building package 'msgs_clase' with the following arguments: {'ament_cmake_args': None, 'build_base': '/home/mcr2/ros2_ws/src/build/msgs_clase', 'catkin_cmake_args': None, 'catkin_skip_building_tests': False, 'cmake_args': None, 'cmake_clean_cache': False, 'cmake_clean_first': False, 'cmake_force_configure': False, 'cmake_target': None, 'cmake_target_skip_unavailable': False, 'install_base': '/home/mcr2/ros2_ws/src/install/msgs_clase', 'merge_install': False, 'path': '/home/mcr2/ros2_ws/src/msgs_clase', 'symlink_install': False, 'test_result_base': None}
[1.461s] Level 5:colcon.colcon_core.verb:set package 'signal_msg' build argument 'cmake_args' from command line to 'None'
[1.461s] Level 5:colcon.colcon_core.verb:set package 'signal_msg' build argument 'cmake_target' from command line to 'None'
[1.461s] Level 5:colcon.colcon_core.verb:set package 'signal_msg' build argument 'cmake_target_skip_unavailable' from command line to 'False'
[1.461s] Level 5:colcon.colcon_core.verb:set package 'signal_msg' build argument 'cmake_clean_cache' from command line to 'False'
[1.461s] Level 5:colcon.colcon_core.verb:set package 'signal_msg' build argument 'cmake_clean_first' from command line to 'False'
[1.461s] Level 5:colcon.colcon_core.verb:set package 'signal_msg' build argument 'cmake_force_configure' from command line to 'False'
[1.461s] Level 5:colcon.colcon_core.verb:set package 'signal_msg' build argument 'ament_cmake_args' from command line to 'None'
[1.462s] Level 5:colcon.colcon_core.verb:set package 'signal_msg' build argument 'catkin_cmake_args' from command line to 'None'
[1.462s] Level 5:colcon.colcon_core.verb:set package 'signal_msg' build argument 'catkin_skip_building_tests' from command line to 'False'
[1.462s] DEBUG:colcon.colcon_core.verb:Building package 'signal_msg' with the following arguments: {'ament_cmake_args': None, 'build_base': '/home/mcr2/ros2_ws/src/build/signal_msg', 'catkin_cmake_args': None, 'catkin_skip_building_tests': False, 'cmake_args': None, 'cmake_clean_cache': False, 'cmake_clean_first': False, 'cmake_force_configure': False, 'cmake_target': None, 'cmake_target_skip_unavailable': False, 'install_base': '/home/mcr2/ros2_ws/src/install/signal_msg', 'merge_install': False, 'path': '/home/mcr2/ros2_ws/src/signal_msg', 'symlink_install': False, 'test_result_base': None}
[1.477s] Level 5:colcon.colcon_core.verb:set package 'signal_decomposition' build argument 'cmake_args' from command line to 'None'
[1.477s] Level 5:colcon.colcon_core.verb:set package 'signal_decomposition' build argument 'cmake_target' from command line to 'None'
[1.477s] Level 5:colcon.colcon_core.verb:set package 'signal_decomposition' build argument 'cmake_target_skip_unavailable' from command line to 'False'
[1.477s] Level 5:colcon.colcon_core.verb:set package 'signal_decomposition' build argument 'cmake_clean_cache' from command line to 'False'
[1.477s] Level 5:colcon.colcon_core.verb:set package 'signal_decomposition' build argument 'cmake_clean_first' from command line to 'False'
[1.477s] Level 5:colcon.colcon_core.verb:set package 'signal_decomposition' build argument 'cmake_force_configure' from command line to 'False'
[1.477s] Level 5:colcon.colcon_core.verb:set package 'signal_decomposition' build argument 'ament_cmake_args' from command line to 'None'
[1.477s] Level 5:colcon.colcon_core.verb:set package 'signal_decomposition' build argument 'catkin_cmake_args' from command line to 'None'
[1.477s] Level 5:colcon.colcon_core.verb:set package 'signal_decomposition' build argument 'catkin_skip_building_tests' from command line to 'False'
[1.477s] DEBUG:colcon.colcon_core.verb:Building package 'signal_decomposition' with the following arguments: {'ament_cmake_args': None, 'build_base': '/home/mcr2/ros2_ws/src/build/signal_decomposition', 'catkin_cmake_args': None, 'catkin_skip_building_tests': False, 'cmake_args': None, 'cmake_clean_cache': False, 'cmake_clean_first': False, 'cmake_force_configure': False, 'cmake_target': None, 'cmake_target_skip_unavailable': False, 'install_base': '/home/mcr2/ros2_ws/src/install/signal_decomposition', 'merge_install': False, 'path': '/home/mcr2/ros2_ws/src/signal_decomposition', 'symlink_install': False, 'test_result_base': None}
[1.492s] Level 5:colcon.colcon_core.verb:set package 'sphere_msgs' build argument 'cmake_args' from command line to 'None'
[1.492s] Level 5:colcon.colcon_core.verb:set package 'sphere_msgs' build argument 'cmake_target' from command line to 'None'
[1.492s] Level 5:colcon.colcon_core.verb:set package 'sphere_msgs' build argument 'cmake_target_skip_unavailable' from command line to 'False'
[1.492s] Level 5:colcon.colcon_core.verb:set package 'sphere_msgs' build argument 'cmake_clean_cache' from command line to 'False'
[1.492s] Level 5:colcon.colcon_core.verb:set package 'sphere_msgs' build argument 'cmake_clean_first' from command line to 'False'
[1.492s] Level 5:colcon.colcon_core.verb:set package 'sphere_msgs' build argument 'cmake_force_configure' from command line to 'False'
[1.492s] Level 5:colcon.colcon_core.verb:set package 'sphere_msgs' build argument 'ament_cmake_args' from command line to 'None'
[1.493s] Level 5:colcon.colcon_core.verb:set package 'sphere_msgs' build argument 'catkin_cmake_args' from command line to 'None'
[1.493s] Level 5:colcon.colcon_core.verb:set package 'sphere_msgs' build argument 'catkin_skip_building_tests' from command line to 'False'
[1.493s] DEBUG:colcon.colcon_core.verb:Building package 'sphere_msgs' with the following arguments: {'ament_cmake_args': None, 'build_base': '/home/mcr2/ros2_ws/src/build/sphere_msgs', 'catkin_cmake_args': None, 'catkin_skip_building_tests': False, 'cmake_args': None, 'cmake_clean_cache': False, 'cmake_clean_first': False, 'cmake_force_configure': False, 'cmake_target': None, 'cmake_target_skip_unavailable': False, 'install_base': '/home/mcr2/ros2_ws/src/install/sphere_msgs', 'merge_install': False, 'path': '/home/mcr2/ros2_ws/src/sphere_msgs', 'symlink_install': False, 'test_result_base': None}
[1.508s] INFO:colcon.colcon_core.executor:Executing jobs using 'parallel' executor
[1.524s] DEBUG:colcon.colcon_parallel_executor.executor.parallel:run_until_complete
[1.524s] INFO:colcon.colcon_ros.task.ament_cmake.build:Building ROS package in '/home/mcr2/ros2_ws/src/msgs_clase' with build type 'ament_cmake'
[1.524s] INFO:colcon.colcon_cmake.task.cmake.build:Building CMake package in '/home/mcr2/ros2_ws/src/msgs_clase'
[1.543s] INFO:colcon.colcon_core.plugin_system:Skipping extension 'colcon_core.shell.bat': Not used on non-Windows systems
[1.543s] INFO:colcon.colcon_core.shell:Skip shell extension 'powershell' for command environment: Not usable outside of PowerShell
[1.543s] DEBUG:colcon.colcon_core.shell:Skip shell extension 'dsv' for command environment
[1.600s] INFO:colcon.colcon_ros.task.ament_cmake.build:Building ROS package in '/home/mcr2/ros2_ws/src/signal_msg' with build type 'ament_cmake'
[1.600s] INFO:colcon.colcon_cmake.task.cmake.build:Building CMake package in '/home/mcr2/ros2_ws/src/signal_msg'
[1.616s] INFO:colcon.colcon_core.shell:Skip shell extension 'powershell' for command environment: Not usable outside of PowerShell
[1.616s] DEBUG:colcon.colcon_core.shell:Skip shell extension 'dsv' for command environment
[1.655s] INFO:colcon.colcon_ros.task.ament_python.build:Building ROS package in '/home/mcr2/ros2_ws/src/basic_comms' with build type 'ament_python'
[1.656s] Level 1:colcon.colcon_core.shell:create_environment_hook('basic_comms', 'ament_prefix_path')
[1.675s] INFO:colcon.colcon_core.shell:Creating environment hook '/home/mcr2/ros2_ws/src/install/basic_comms/share/basic_comms/hook/ament_prefix_path.ps1'
[1.676s] INFO:colcon.colcon_core.shell:Creating environment descriptor '/home/mcr2/ros2_ws/src/install/basic_comms/share/basic_comms/hook/ament_prefix_path.dsv'
[1.676s] INFO:colcon.colcon_core.shell:Creating environment hook '/home/mcr2/ros2_ws/src/install/basic_comms/share/basic_comms/hook/ament_prefix_path.sh'
[1.694s] INFO:colcon.colcon_core.shell:Skip shell extension 'powershell' for command environment: Not usable outside of PowerShell
[1.694s] DEBUG:colcon.colcon_core.shell:Skip shell extension 'dsv' for command environment
[1.747s] INFO:colcon.colcon_ros.task.ament_python.build:Building ROS package in '/home/mcr2/ros2_ws/src/courseworks' with build type 'ament_python'
[1.747s] Level 1:colcon.colcon_core.shell:create_environment_hook('courseworks', 'ament_prefix_path')
[1.764s] INFO:colcon.colcon_core.shell:Creating environment hook '/home/mcr2/ros2_ws/src/install/courseworks/share/courseworks/hook/ament_prefix_path.ps1'
[1.765s] INFO:colcon.colcon_core.shell:Creating environment descriptor '/home/mcr2/ros2_ws/src/install/courseworks/share/courseworks/hook/ament_prefix_path.dsv'
[1.766s] INFO:colcon.colcon_core.shell:Creating environment hook '/home/mcr2/ros2_ws/src/install/courseworks/share/courseworks/hook/ament_prefix_path.sh'
[1.783s] INFO:colcon.colcon_core.shell:Skip shell extension 'powershell' for command environment: Not usable outside of PowerShell
[1.783s] DEBUG:colcon.colcon_core.shell:Skip shell extension 'dsv' for command environment
[1.833s] INFO:colcon.colcon_ros.task.ament_python.build:Building ROS package in '/home/mcr2/ros2_ws/src/courseworks_params' with build type 'ament_python'
[1.833s] Level 1:colcon.colcon_core.shell:create_environment_hook('courseworks_params', 'ament_prefix_path')
[1.845s] INFO:colcon.colcon_core.shell:Creating environment hook '/home/mcr2/ros2_ws/src/install/courseworks_params/share/courseworks_params/hook/ament_prefix_path.ps1'
[1.846s] INFO:colcon.colcon_core.shell:Creating environment descriptor '/home/mcr2/ros2_ws/src/install/courseworks_params/share/courseworks_params/hook/ament_prefix_path.dsv'
[1.846s] INFO:colcon.colcon_core.shell:Creating environment hook '/home/mcr2/ros2_ws/src/install/courseworks_params/share/courseworks_params/hook/ament_prefix_path.sh'
[1.858s] INFO:colcon.colcon_core.shell:Skip shell extension 'powershell' for command environment: Not usable outside of PowerShell
[1.858s] DEBUG:colcon.colcon_core.shell:Skip shell extension 'dsv' for command environment
[1.903s] INFO:colcon.colcon_ros.task.ament_python.build:Building ROS package in '/home/mcr2/ros2_ws/src/final_challenge' with build type 'ament_python'
[1.903s] Level 1:colcon.colcon_core.shell:create_environment_hook('final_challenge', 'ament_prefix_path')
[1.920s] INFO:colcon.colcon_core.shell:Creating environment hook '/home/mcr2/ros2_ws/src/install/final_challenge/share/final_challenge/hook/ament_prefix_path.ps1'
[1.921s] INFO:colcon.colcon_core.shell:Creating environment descriptor '/home/mcr2/ros2_ws/src/install/final_challenge/share/final_challenge/hook/ament_prefix_path.dsv'
[1.921s] INFO:colcon.colcon_core.shell:Creating environment hook '/home/mcr2/ros2_ws/src/install/final_challenge/share/final_challenge/hook/ament_prefix_path.sh'
[1.936s] INFO:colcon.colcon_core.shell:Skip shell extension 'powershell' for command environment: Not usable outside of PowerShell
[1.936s] DEBUG:colcon.colcon_core.shell:Skip shell extension 'dsv' for command environment
[1.980s] DEBUG:colcon.colcon_core.event_handler.log_command:Invoking command in '/home/mcr2/ros2_ws/src/build/msgs_clase': CMAKE_PREFIX_PATH=${CMAKE_PREFIX_PATH}:/opt/ros/humble /usr/bin/cmake --build /home/mcr2/ros2_ws/src/build/msgs_clase -- -j6 -l6
[1.983s] DEBUG:colcon.colcon_core.event_handler.log_command:Invoking command in '/home/mcr2/ros2_ws/src/build/signal_msg': CMAKE_PREFIX_PATH=${CMAKE_PREFIX_PATH}:/opt/ros/humble /usr/bin/cmake --build /home/mcr2/ros2_ws/src/build/signal_msg -- -j6 -l6
[2.273s] INFO:colcon.colcon_core.task.python.build:Building Python package in '/home/mcr2/ros2_ws/src/basic_comms'
[2.303s] INFO:colcon.colcon_core.shell:Skip shell extension 'powershell' for command environment: Not usable outside of PowerShell
[2.303s] DEBUG:colcon.colcon_core.shell:Skip shell extension 'dsv' for command environment
[2.602s] INFO:colcon.colcon_core.task.python.build:Building Python package in '/home/mcr2/ros2_ws/src/courseworks'
[2.614s] INFO:colcon.colcon_core.shell:Skip shell extension 'powershell' for command environment: Not usable outside of PowerShell
[2.614s] DEBUG:colcon.colcon_core.shell:Skip shell extension 'dsv' for command environment
[2.855s] INFO:colcon.colcon_core.task.python.build:Building Python package in '/home/mcr2/ros2_ws/src/courseworks_params'
[2.868s] INFO:colcon.colcon_core.shell:Skip shell extension 'powershell' for command environment: Not usable outside of PowerShell
[2.868s] DEBUG:colcon.colcon_core.shell:Skip shell extension 'dsv' for command environment
[2.926s] DEBUG:colcon.colcon_core.event_handler.log_command:Invoked command in '/home/mcr2/ros2_ws/src/build/signal_msg' returned '0': CMAKE_PREFIX_PATH=${CMAKE_PREFIX_PATH}:/opt/ros/humble /usr/bin/cmake --build /home/mcr2/ros2_ws/src/build/signal_msg -- -j6 -l6
[2.927s] DEBUG:colcon.colcon_core.event_handler.log_command:Invoked command in '/home/mcr2/ros2_ws/src/build/msgs_clase' returned '0': CMAKE_PREFIX_PATH=${CMAKE_PREFIX_PATH}:/opt/ros/humble /usr/bin/cmake --build /home/mcr2/ros2_ws/src/build/msgs_clase -- -j6 -l6
[3.170s] INFO:colcon.colcon_core.task.python.build:Building Python package in '/home/mcr2/ros2_ws/src/final_challenge'
[3.183s] INFO:colcon.colcon_core.shell:Skip shell extension 'powershell' for command environment: Not usable outside of PowerShell
[3.183s] DEBUG:colcon.colcon_core.shell:Skip shell extension 'dsv' for command environment
[3.239s] DEBUG:colcon.colcon_core.event_handler.log_command:Invoking command in '/home/mcr2/ros2_ws/src/build/signal_msg': CMAKE_PREFIX_PATH=${CMAKE_PREFIX_PATH}:/opt/ros/humble /usr/bin/cmake --install /home/mcr2/ros2_ws/src/build/signal_msg
[3.241s] DEBUG:colcon.colcon_core.event_handler.log_command:Invoking command in '/home/mcr2/ros2_ws/src/build/msgs_clase': CMAKE_PREFIX_PATH=${CMAKE_PREFIX_PATH}:/opt/ros/humble /usr/bin/cmake --install /home/mcr2/ros2_ws/src/build/msgs_clase
[3.309s] Level 1:colcon.colcon_core.environment:create_environment_scripts_only(msgs_clase)
[3.314s] DEBUG:colcon.colcon_core.event_handler.log_command:Invoked command in '/home/mcr2/ros2_ws/src/build/msgs_clase' returned '0': CMAKE_PREFIX_PATH=${CMAKE_PREFIX_PATH}:/opt/ros/humble /usr/bin/cmake --install /home/mcr2/ros2_ws/src/build/msgs_clase
[3.328s] Level 1:colcon.colcon_core.environment:checking '/home/mcr2/ros2_ws/src/install/msgs_clase' for CMake module files
[3.329s] Level 1:colcon.colcon_core.environment:checking '/home/mcr2/ros2_ws/src/install/msgs_clase' for CMake config files
[3.329s] Level 1:colcon.colcon_core.shell:create_environment_hook('msgs_clase', 'cmake_prefix_path')
[3.349s] INFO:colcon.colcon_core.shell:Creating environment hook '/home/mcr2/ros2_ws/src/install/msgs_clase/share/msgs_clase/hook/cmake_prefix_path.ps1'
[3.350s] INFO:colcon.colcon_core.shell:Creating environment descriptor '/home/mcr2/ros2_ws/src/install/msgs_clase/share/msgs_clase/hook/cmake_prefix_path.dsv'
[3.351s] INFO:colcon.colcon_core.shell:Creating environment hook '/home/mcr2/ros2_ws/src/install/msgs_clase/share/msgs_clase/hook/cmake_prefix_path.sh'
[3.352s] Level 1:colcon.colcon_core.environment:checking '/home/mcr2/ros2_ws/src/install/msgs_clase/lib'
[3.352s] Level 1:colcon.colcon_core.shell:create_environment_hook('msgs_clase', 'ld_library_path_lib')
[3.373s] INFO:colcon.colcon_core.shell:Creating environment hook '/home/mcr2/ros2_ws/src/install/msgs_clase/share/msgs_clase/hook/ld_library_path_lib.ps1'
[3.373s] INFO:colcon.colcon_core.shell:Creating environment descriptor '/home/mcr2/ros2_ws/src/install/msgs_clase/share/msgs_clase/hook/ld_library_path_lib.dsv'
[3.374s] INFO:colcon.colcon_core.shell:Creating environment hook '/home/mcr2/ros2_ws/src/install/msgs_clase/share/msgs_clase/hook/ld_library_path_lib.sh'
[3.375s] Level 1:colcon.colcon_core.environment:checking '/home/mcr2/ros2_ws/src/install/msgs_clase/bin'
[3.375s] Level 1:colcon.colcon_core.environment:checking '/home/mcr2/ros2_ws/src/install/msgs_clase/lib/pkgconfig/msgs_clase.pc'
[3.375s] Level 1:colcon.colcon_core.environment:checking '/home/mcr2/ros2_ws/src/install/msgs_clase/lib/python3.10/site-packages'
[3.375s] Level 1:colcon.colcon_core.environment:checking '/home/mcr2/ros2_ws/src/install/msgs_clase/bin'
[3.395s] INFO:colcon.colcon_core.shell:Creating package script '/home/mcr2/ros2_ws/src/install/msgs_clase/share/msgs_clase/package.ps1'
[3.396s] INFO:colcon.colcon_core.shell:Creating package descriptor '/home/mcr2/ros2_ws/src/install/msgs_clase/share/msgs_clase/package.dsv'
[3.397s] INFO:colcon.colcon_core.shell:Creating package script '/home/mcr2/ros2_ws/src/install/msgs_clase/share/msgs_clase/package.sh'
[3.398s] INFO:colcon.colcon_core.shell:Creating package script '/home/mcr2/ros2_ws/src/install/msgs_clase/share/msgs_clase/package.bash'
[3.399s] INFO:colcon.colcon_core.shell:Creating package script '/home/mcr2/ros2_ws/src/install/msgs_clase/share/msgs_clase/package.zsh'
[3.400s] Level 1:colcon.colcon_core.environment:create_file_with_runtime_dependencies(/home/mcr2/ros2_ws/src/install/msgs_clase/share/colcon-core/packages/msgs_clase)
[3.411s] Level 1:colcon.colcon_core.environment:create_environment_scripts_only(signal_msg)
[3.411s] DEBUG:colcon.colcon_core.event_handler.log_command:Invoked command in '/home/mcr2/ros2_ws/src/build/signal_msg' returned '0': CMAKE_PREFIX_PATH=${CMAKE_PREFIX_PATH}:/opt/ros/humble /usr/bin/cmake --install /home/mcr2/ros2_ws/src/build/signal_msg
[3.424s] Level 1:colcon.colcon_core.environment:checking '/home/mcr2/ros2_ws/src/install/signal_msg' for CMake module files
[3.425s] Level 1:colcon.colcon_core.environment:checking '/home/mcr2/ros2_ws/src/install/signal_msg' for CMake config files
[3.425s] Level 1:colcon.colcon_core.shell:create_environment_hook('signal_msg', 'cmake_prefix_path')
[3.437s] INFO:colcon.colcon_core.shell:Creating environment hook '/home/mcr2/ros2_ws/src/install/signal_msg/share/signal_msg/hook/cmake_prefix_path.ps1'
[3.437s] INFO:colcon.colcon_core.shell:Creating environment descriptor '/home/mcr2/ros2_ws/src/install/signal_msg/share/signal_msg/hook/cmake_prefix_path.dsv'
[3.438s] INFO:colcon.colcon_core.shell:Creating environment hook '/home/mcr2/ros2_ws/src/install/signal_msg/share/signal_msg/hook/cmake_prefix_path.sh'
[3.438s] Level 1:colcon.colcon_core.environment:checking '/home/mcr2/ros2_ws/src/install/signal_msg/lib'
[3.439s] Level 1:colcon.colcon_core.shell:create_environment_hook('signal_msg', 'ld_library_path_lib')
[3.450s] INFO:colcon.colcon_core.shell:Creating environment hook '/home/mcr2/ros2_ws/src/install/signal_msg/share/signal_msg/hook/ld_library_path_lib.ps1'
[3.451s] INFO:colcon.colcon_core.shell:Creating environment descriptor '/home/mcr2/ros2_ws/src/install/signal_msg/share/signal_msg/hook/ld_library_path_lib.dsv'
[3.451s] INFO:colcon.colcon_core.shell:Creating environment hook '/home/mcr2/ros2_ws/src/install/signal_msg/share/signal_msg/hook/ld_library_path_lib.sh'
[3.451s] Level 1:colcon.colcon_core.environment:checking '/home/mcr2/ros2_ws/src/install/signal_msg/bin'
[3.451s] Level 1:colcon.colcon_core.environment:checking '/home/mcr2/ros2_ws/src/install/signal_msg/lib/pkgconfig/signal_msg.pc'
[3.452s] Level 1:colcon.colcon_core.environment:checking '/home/mcr2/ros2_ws/src/install/signal_msg/lib/python3.10/site-packages'
[3.452s] Level 1:colcon.colcon_core.environment:checking '/home/mcr2/ros2_ws/src/install/signal_msg/bin'
[3.463s] INFO:colcon.colcon_core.shell:Creating package script '/home/mcr2/ros2_ws/src/install/signal_msg/share/signal_msg/package.ps1'
[3.464s] INFO:colcon.colcon_core.shell:Creating package descriptor '/home/mcr2/ros2_ws/src/install/signal_msg/share/signal_msg/package.dsv'
[3.465s] INFO:colcon.colcon_core.shell:Creating package script '/home/mcr2/ros2_ws/src/install/signal_msg/share/signal_msg/package.sh'
[3.465s] INFO:colcon.colcon_core.shell:Creating package script '/home/mcr2/ros2_ws/src/install/signal_msg/share/signal_msg/package.bash'
[3.465s] INFO:colcon.colcon_core.shell:Creating package script '/home/mcr2/ros2_ws/src/install/signal_msg/share/signal_msg/package.zsh'
[3.466s] Level 1:colcon.colcon_core.environment:create_file_with_runtime_dependencies(/home/mcr2/ros2_ws/src/install/signal_msg/share/colcon-core/packages/signal_msg)
[3.628s] Level 1:colcon.colcon_core.environment:create_environment_scripts_only(msgs_clase)
[3.651s] Level 1:colcon.colcon_core.environment:checking '/home/mcr2/ros2_ws/src/install/msgs_clase' for CMake module files
[3.652s] Level 1:colcon.colcon_core.environment:checking '/home/mcr2/ros2_ws/src/install/msgs_clase' for CMake config files
[3.652s] Level 1:colcon.colcon_core.shell:create_environment_hook('msgs_clase', 'cmake_prefix_path')
[3.668s] INFO:colcon.colcon_core.shell:Creating environment hook '/home/mcr2/ros2_ws/src/install/msgs_clase/share/msgs_clase/hook/cmake_prefix_path.ps1'
[3.669s] INFO:colcon.colcon_core.shell:Creating environment descriptor '/home/mcr2/ros2_ws/src/install/msgs_clase/share/msgs_clase/hook/cmake_prefix_path.dsv'
[3.669s] INFO:colcon.colcon_core.shell:Creating environment hook '/home/mcr2/ros2_ws/src/install/msgs_clase/share/msgs_clase/hook/cmake_prefix_path.sh'
[3.671s] Level 1:colcon.colcon_core.environment:checking '/home/mcr2/ros2_ws/src/install/msgs_clase/lib'
[3.671s] Level 1:colcon.colcon_core.shell:create_environment_hook('msgs_clase', 'ld_library_path_lib')
[3.685s] INFO:colcon.colcon_core.shell:Creating environment hook '/home/mcr2/ros2_ws/src/install/msgs_clase/share/msgs_clase/hook/ld_library_path_lib.ps1'
[3.685s] INFO:colcon.colcon_core.shell:Creating environment descriptor '/home/mcr2/ros2_ws/src/install/msgs_clase/share/msgs_clase/hook/ld_library_path_lib.dsv'
[3.685s] INFO:colcon.colcon_core.shell:Creating environment hook '/home/mcr2/ros2_ws/src/install/msgs_clase/share/msgs_clase/hook/ld_library_path_lib.sh'
[3.686s] Level 1:colcon.colcon_core.environment:checking '/home/mcr2/ros2_ws/src/install/msgs_clase/bin'
[3.686s] Level 1:colcon.colcon_core.environment:checking '/home/mcr2/ros2_ws/src/install/msgs_clase/lib/pkgconfig/msgs_clase.pc'
[3.686s] Level 1:colcon.colcon_core.environment:checking '/home/mcr2/ros2_ws/src/install/msgs_clase/lib/python3.10/site-packages'
[3.686s] Level 1:colcon.colcon_core.environment:checking '/home/mcr2/ros2_ws/src/install/msgs_clase/bin'
[3.698s] INFO:colcon.colcon_core.shell:Creating package script '/home/mcr2/ros2_ws/src/install/msgs_clase/share/msgs_clase/package.ps1'
[3.699s] INFO:colcon.colcon_core.shell:Creating package descriptor '/home/mcr2/ros2_ws/src/install/msgs_clase/share/msgs_clase/package.dsv'
[3.699s] INFO:colcon.colcon_core.shell:Creating package script '/home/mcr2/ros2_ws/src/install/msgs_clase/share/msgs_clase/package.sh'
[3.700s] INFO:colcon.colcon_core.shell:Creating package script '/home/mcr2/ros2_ws/src/install/msgs_clase/share/msgs_clase/package.bash'
[3.700s] INFO:colcon.colcon_core.shell:Creating package script '/home/mcr2/ros2_ws/src/install/msgs_clase/share/msgs_clase/package.zsh'
[3.700s] Level 1:colcon.colcon_core.environment:create_file_with_runtime_dependencies(/home/mcr2/ros2_ws/src/install/msgs_clase/share/colcon-core/packages/msgs_clase)
[3.702s] INFO:colcon.colcon_ros.task.ament_python.build:Building ROS package in '/home/mcr2/ros2_ws/src/sphere_msgs' with build type 'ament_python'
[3.702s] Level 1:colcon.colcon_core.shell:create_environment_hook('sphere_msgs', 'ament_prefix_path')
[3.714s] INFO:colcon.colcon_core.shell:Creating environment hook '/home/mcr2/ros2_ws/src/install/sphere_msgs/share/sphere_msgs/hook/ament_prefix_path.ps1'
[3.714s] INFO:colcon.colcon_core.shell:Creating environment descriptor '/home/mcr2/ros2_ws/src/install/sphere_msgs/share/sphere_msgs/hook/ament_prefix_path.dsv'
[3.715s] INFO:colcon.colcon_core.shell:Creating environment hook '/home/mcr2/ros2_ws/src/install/sphere_msgs/share/sphere_msgs/hook/ament_prefix_path.sh'
[3.729s] INFO:colcon.colcon_core.shell:Skip shell extension 'powershell' for command environment: Not usable outside of PowerShell
[3.729s] DEBUG:colcon.colcon_core.shell:Skip shell extension 'dsv' for command environment
[3.773s] DEBUG:colcon.colcon_core.event_handler.log_command:Invoking command in '/home/mcr2/ros2_ws/src/final_challenge': PYTHONPATH=/home/mcr2/ros2_ws/src/build/final_challenge/prefix_override:/home/mcr2/ros2_ws/src/install/final_challenge/lib/python3.10/site-packages:${PYTHONPATH} /usr/bin/python3 setup.py egg_info --egg-base ../build/final_challenge build --build-base /home/mcr2/ros2_ws/src/build/final_challenge/build install --record /home/mcr2/ros2_ws/src/build/final_challenge/install.log --single-version-externally-managed
[3.773s] DEBUG:colcon.colcon_core.event_handler.log_command:Invoking command in '/home/mcr2/ros2_ws/src/courseworks': PYTHONPATH=/home/mcr2/ros2_ws/src/build/courseworks/prefix_override:/home/mcr2/ros2_ws/src/install/courseworks/lib/python3.10/site-packages:${PYTHONPATH} /usr/bin/python3 setup.py egg_info --egg-base ../build/courseworks build --build-base /home/mcr2/ros2_ws/src/build/courseworks/build install --record /home/mcr2/ros2_ws/src/build/courseworks/install.log --single-version-externally-managed
[3.775s] DEBUG:colcon.colcon_core.event_handler.log_command:Invoking command in '/home/mcr2/ros2_ws/src/courseworks_params': PYTHONPATH=/home/mcr2/ros2_ws/src/build/courseworks_params/prefix_override:/home/mcr2/ros2_ws/src/install/courseworks_params/lib/python3.10/site-packages:${PYTHONPATH} /usr/bin/python3 setup.py egg_info --egg-base ../build/courseworks_params build --build-base /home/mcr2/ros2_ws/src/build/courseworks_params/build install --record /home/mcr2/ros2_ws/src/build/courseworks_params/install.log --single-version-externally-managed
[3.795s] Level 1:colcon.colcon_core.environment:create_environment_scripts_only(signal_msg)
[3.814s] Level 1:colcon.colcon_core.environment:checking '/home/mcr2/ros2_ws/src/install/signal_msg' for CMake module files
[3.815s] Level 1:colcon.colcon_core.environment:checking '/home/mcr2/ros2_ws/src/install/signal_msg' for CMake config files
[3.815s] Level 1:colcon.colcon_core.shell:create_environment_hook('signal_msg', 'cmake_prefix_path')
[3.836s] INFO:colcon.colcon_core.shell:Creating environment hook '/home/mcr2/ros2_ws/src/install/signal_msg/share/signal_msg/hook/cmake_prefix_path.ps1'
[3.837s] INFO:colcon.colcon_core.shell:Creating environment descriptor '/home/mcr2/ros2_ws/src/install/signal_msg/share/signal_msg/hook/cmake_prefix_path.dsv'
[3.837s] INFO:colcon.colcon_core.shell:Creating environment hook '/home/mcr2/ros2_ws/src/install/signal_msg/share/signal_msg/hook/cmake_prefix_path.sh'
[3.838s] Level 1:colcon.colcon_core.environment:checking '/home/mcr2/ros2_ws/src/install/signal_msg/lib'
[3.838s] Level 1:colcon.colcon_core.shell:create_environment_hook('signal_msg', 'ld_library_path_lib')
[3.858s] INFO:colcon.colcon_core.shell:Creating environment hook '/home/mcr2/ros2_ws/src/install/signal_msg/share/signal_msg/hook/ld_library_path_lib.ps1'
[3.859s] INFO:colcon.colcon_core.shell:Creating environment descriptor '/home/mcr2/ros2_ws/src/install/signal_msg/share/signal_msg/hook/ld_library_path_lib.dsv'
[3.859s] INFO:colcon.colcon_core.shell:Creating environment hook '/home/mcr2/ros2_ws/src/install/signal_msg/share/signal_msg/hook/ld_library_path_lib.sh'
[3.860s] Level 1:colcon.colcon_core.environment:checking '/home/mcr2/ros2_ws/src/install/signal_msg/bin'
[3.860s] Level 1:colcon.colcon_core.environment:checking '/home/mcr2/ros2_ws/src/install/signal_msg/lib/pkgconfig/signal_msg.pc'
[3.861s] Level 1:colcon.colcon_core.environment:checking '/home/mcr2/ros2_ws/src/install/signal_msg/lib/python3.10/site-packages'
[3.861s] Level 1:colcon.colcon_core.environment:checking '/home/mcr2/ros2_ws/src/install/signal_msg/bin'
[3.881s] INFO:colcon.colcon_core.shell:Creating package script '/home/mcr2/ros2_ws/src/install/signal_msg/share/signal_msg/package.ps1'
[3.883s] INFO:colcon.colcon_core.shell:Creating package descriptor '/home/mcr2/ros2_ws/src/install/signal_msg/share/signal_msg/package.dsv'
[3.884s] INFO:colcon.colcon_core.shell:Creating package script '/home/mcr2/ros2_ws/src/install/signal_msg/share/signal_msg/package.sh'
[3.884s] INFO:colcon.colcon_core.shell:Creating package script '/home/mcr2/ros2_ws/src/install/signal_msg/share/signal_msg/package.bash'
[3.885s] INFO:colcon.colcon_core.shell:Creating package script '/home/mcr2/ros2_ws/src/install/signal_msg/share/signal_msg/package.zsh'
[3.886s] Level 1:colcon.colcon_core.environment:create_file_with_runtime_dependencies(/home/mcr2/ros2_ws/src/install/signal_msg/share/colcon-core/packages/signal_msg)
[3.890s] DEBUG:colcon.colcon_core.event_handler.log_command:Invoking command in '/home/mcr2/ros2_ws/src/basic_comms': PYTHONPATH=/home/mcr2/ros2_ws/src/build/basic_comms/prefix_override:/home/mcr2/ros2_ws/src/install/basic_comms/lib/python3.10/site-packages:${PYTHONPATH} /usr/bin/python3 setup.py egg_info --egg-base ../build/basic_comms build --build-base /home/mcr2/ros2_ws/src/build/basic_comms/build install --record /home/mcr2/ros2_ws/src/build/basic_comms/install.log --single-version-externally-managed
[3.893s] INFO:colcon.colcon_ros.task.ament_python.build:Building ROS package in '/home/mcr2/ros2_ws/src/signal_decomposition' with build type 'ament_python'
[3.894s] Level 1:colcon.colcon_core.shell:create_environment_hook('signal_decomposition', 'ament_prefix_path')
[3.914s] INFO:colcon.colcon_core.shell:Creating environment hook '/home/mcr2/ros2_ws/src/install/signal_decomposition/share/signal_decomposition/hook/ament_prefix_path.ps1'
[3.915s] INFO:colcon.colcon_core.shell:Creating environment descriptor '/home/mcr2/ros2_ws/src/install/signal_decomposition/share/signal_decomposition/hook/ament_prefix_path.dsv'
[3.915s] INFO:colcon.colcon_core.shell:Creating environment hook '/home/mcr2/ros2_ws/src/install/signal_decomposition/share/signal_decomposition/hook/ament_prefix_path.sh'
[3.939s] INFO:colcon.colcon_core.shell:Skip shell extension 'powershell' for command environment: Not usable outside of PowerShell
[3.939s] DEBUG:colcon.colcon_core.shell:Skip shell extension 'dsv' for command environment
[4.277s] INFO:colcon.colcon_core.task.python.build:Building Python package in '/home/mcr2/ros2_ws/src/sphere_msgs'
[4.289s] INFO:colcon.colcon_core.shell:Skip shell extension 'powershell' for command environment: Not usable outside of PowerShell
[4.289s] DEBUG:colcon.colcon_core.shell:Skip shell extension 'dsv' for command environment
[4.596s] INFO:colcon.colcon_core.task.python.build:Building Python package in '/home/mcr2/ros2_ws/src/signal_decomposition'
[4.608s] INFO:colcon.colcon_core.shell:Skip shell extension 'powershell' for command environment: Not usable outside of PowerShell
[4.608s] DEBUG:colcon.colcon_core.shell:Skip shell extension 'dsv' for command environment
[4.647s] DEBUG:colcon.colcon_core.event_handler.log_command:Invoked command in '/home/mcr2/ros2_ws/src/final_challenge' returned '0': PYTHONPATH=/home/mcr2/ros2_ws/src/build/final_challenge/prefix_override:/home/mcr2/ros2_ws/src/install/final_challenge/lib/python3.10/site-packages:${PYTHONPATH} /usr/bin/python3 setup.py egg_info --egg-base ../build/final_challenge build --build-base /home/mcr2/ros2_ws/src/build/final_challenge/build install --record /home/mcr2/ros2_ws/src/build/final_challenge/install.log --single-version-externally-managed
[4.658s] Level 1:colcon.colcon_core.environment:checking '/home/mcr2/ros2_ws/src/install/final_challenge' for CMake module files
[4.659s] Level 1:colcon.colcon_core.environment:checking '/home/mcr2/ros2_ws/src/install/final_challenge' for CMake config files
[4.659s] Level 1:colcon.colcon_core.environment:checking '/home/mcr2/ros2_ws/src/install/final_challenge/lib'
[4.659s] Level 1:colcon.colcon_core.environment:checking '/home/mcr2/ros2_ws/src/install/final_challenge/bin'
[4.659s] Level 1:colcon.colcon_core.environment:checking '/home/mcr2/ros2_ws/src/install/final_challenge/lib/pkgconfig/final_challenge.pc'
[4.660s] Level 1:colcon.colcon_core.environment:checking '/home/mcr2/ros2_ws/src/install/final_challenge/lib/python3.10/site-packages'
[4.660s] Level 1:colcon.colcon_core.shell:create_environment_hook('final_challenge', 'pythonpath')
[4.671s] INFO:colcon.colcon_core.shell:Creating environment hook '/home/mcr2/ros2_ws/src/install/final_challenge/share/final_challenge/hook/pythonpath.ps1'
[4.671s] INFO:colcon.colcon_core.shell:Creating environment descriptor '/home/mcr2/ros2_ws/src/install/final_challenge/share/final_challenge/hook/pythonpath.dsv'
[4.671s] INFO:colcon.colcon_core.shell:Creating environment hook '/home/mcr2/ros2_ws/src/install/final_challenge/share/final_challenge/hook/pythonpath.sh'
[4.672s] Level 1:colcon.colcon_core.environment:checking '/home/mcr2/ros2_ws/src/install/final_challenge/bin'
[4.672s] Level 1:colcon.colcon_core.environment:create_environment_scripts_only(final_challenge)
[4.687s] INFO:colcon.colcon_core.shell:Creating package script '/home/mcr2/ros2_ws/src/install/final_challenge/share/final_challenge/package.ps1'
[4.688s] INFO:colcon.colcon_core.shell:Creating package descriptor '/home/mcr2/ros2_ws/src/install/final_challenge/share/final_challenge/package.dsv'
[4.688s] INFO:colcon.colcon_core.shell:Creating package script '/home/mcr2/ros2_ws/src/install/final_challenge/share/final_challenge/package.sh'
[4.689s] INFO:colcon.colcon_core.shell:Creating package script '/home/mcr2/ros2_ws/src/install/final_challenge/share/final_challenge/package.bash'
[4.689s] INFO:colcon.colcon_core.shell:Creating package script '/home/mcr2/ros2_ws/src/install/final_challenge/share/final_challenge/package.zsh'
[4.690s] Level 1:colcon.colcon_core.environment:create_file_with_runtime_dependencies(/home/mcr2/ros2_ws/src/install/final_challenge/share/colcon-core/packages/final_challenge)
[4.692s] DEBUG:colcon.colcon_core.event_handler.log_command:Invoked command in '/home/mcr2/ros2_ws/src/basic_comms' returned '0': PYTHONPATH=/home/mcr2/ros2_ws/src/build/basic_comms/prefix_override:/home/mcr2/ros2_ws/src/install/basic_comms/lib/python3.10/site-packages:${PYTHONPATH} /usr/bin/python3 setup.py egg_info --egg-base ../build/basic_comms build --build-base /home/mcr2/ros2_ws/src/build/basic_comms/build install --record /home/mcr2/ros2_ws/src/build/basic_comms/install.log --single-version-externally-managed
[4.705s] Level 1:colcon.colcon_core.environment:checking '/home/mcr2/ros2_ws/src/install/basic_comms' for CMake module files
[4.706s] Level 1:colcon.colcon_core.environment:checking '/home/mcr2/ros2_ws/src/install/basic_comms' for CMake config files
[4.706s] Level 1:colcon.colcon_core.environment:checking '/home/mcr2/ros2_ws/src/install/basic_comms/lib'
[4.706s] Level 1:colcon.colcon_core.environment:checking '/home/mcr2/ros2_ws/src/install/basic_comms/bin'
[4.706s] Level 1:colcon.colcon_core.environment:checking '/home/mcr2/ros2_ws/src/install/basic_comms/lib/pkgconfig/basic_comms.pc'
[4.707s] Level 1:colcon.colcon_core.environment:checking '/home/mcr2/ros2_ws/src/install/basic_comms/lib/python3.10/site-packages'
[4.707s] Level 1:colcon.colcon_core.shell:create_environment_hook('basic_comms', 'pythonpath')
[4.723s] INFO:colcon.colcon_core.shell:Creating environment hook '/home/mcr2/ros2_ws/src/install/basic_comms/share/basic_comms/hook/pythonpath.ps1'
[4.723s] INFO:colcon.colcon_core.shell:Creating environment descriptor '/home/mcr2/ros2_ws/src/install/basic_comms/share/basic_comms/hook/pythonpath.dsv'
[4.724s] INFO:colcon.colcon_core.shell:Creating environment hook '/home/mcr2/ros2_ws/src/install/basic_comms/share/basic_comms/hook/pythonpath.sh'
[4.724s] Level 1:colcon.colcon_core.environment:checking '/home/mcr2/ros2_ws/src/install/basic_comms/bin'
[4.724s] Level 1:colcon.colcon_core.environment:create_environment_scripts_only(basic_comms)
[4.740s] INFO:colcon.colcon_core.shell:Creating package script '/home/mcr2/ros2_ws/src/install/basic_comms/share/basic_comms/package.ps1'
[4.741s] INFO:colcon.colcon_core.shell:Creating package descriptor '/home/mcr2/ros2_ws/src/install/basic_comms/share/basic_comms/package.dsv'
[4.741s] INFO:colcon.colcon_core.shell:Creating package script '/home/mcr2/ros2_ws/src/install/basic_comms/share/basic_comms/package.sh'
[4.742s] INFO:colcon.colcon_core.shell:Creating package script '/home/mcr2/ros2_ws/src/install/basic_comms/share/basic_comms/package.bash'
[4.742s] INFO:colcon.colcon_core.shell:Creating package script '/home/mcr2/ros2_ws/src/install/basic_comms/share/basic_comms/package.zsh'
[4.743s] Level 1:colcon.colcon_core.environment:create_file_with_runtime_dependencies(/home/mcr2/ros2_ws/src/install/basic_comms/share/colcon-core/packages/basic_comms)
[4.745s] DEBUG:colcon.colcon_core.event_handler.log_command:Invoked command in '/home/mcr2/ros2_ws/src/courseworks_params' returned '0': PYTHONPATH=/home/mcr2/ros2_ws/src/build/courseworks_params/prefix_override:/home/mcr2/ros2_ws/src/install/courseworks_params/lib/python3.10/site-packages:${PYTHONPATH} /usr/bin/python3 setup.py egg_info --egg-base ../build/courseworks_params build --build-base /home/mcr2/ros2_ws/src/build/courseworks_params/build install --record /home/mcr2/ros2_ws/src/build/courseworks_params/install.log --single-version-externally-managed
[4.761s] Level 1:colcon.colcon_core.environment:checking '/home/mcr2/ros2_ws/src/install/courseworks_params' for CMake module files
[4.762s] Level 1:colcon.colcon_core.environment:checking '/home/mcr2/ros2_ws/src/install/courseworks_params' for CMake config files
[4.762s] Level 1:colcon.colcon_core.environment:checking '/home/mcr2/ros2_ws/src/install/courseworks_params/lib'
[4.762s] Level 1:colcon.colcon_core.environment:checking '/home/mcr2/ros2_ws/src/install/courseworks_params/bin'
[4.762s] Level 1:colcon.colcon_core.environment:checking '/home/mcr2/ros2_ws/src/install/courseworks_params/lib/pkgconfig/courseworks_params.pc'
[4.763s] Level 1:colcon.colcon_core.environment:checking '/home/mcr2/ros2_ws/src/install/courseworks_params/lib/python3.10/site-packages'
[4.763s] Level 1:colcon.colcon_core.shell:create_environment_hook('courseworks_params', 'pythonpath')
[4.779s] INFO:colcon.colcon_core.shell:Creating environment hook '/home/mcr2/ros2_ws/src/install/courseworks_params/share/courseworks_params/hook/pythonpath.ps1'
[4.780s] INFO:colcon.colcon_core.shell:Creating environment descriptor '/home/mcr2/ros2_ws/src/install/courseworks_params/share/courseworks_params/hook/pythonpath.dsv'
[4.780s] INFO:colcon.colcon_core.shell:Creating environment hook '/home/mcr2/ros2_ws/src/install/courseworks_params/share/courseworks_params/hook/pythonpath.sh'
[4.781s] Level 1:colcon.colcon_core.environment:checking '/home/mcr2/ros2_ws/src/install/courseworks_params/bin'
[4.781s] Level 1:colcon.colcon_core.environment:create_environment_scripts_only(courseworks_params)
[4.798s] INFO:colcon.colcon_core.shell:Creating package script '/home/mcr2/ros2_ws/src/install/courseworks_params/share/courseworks_params/package.ps1'
[4.798s] INFO:colcon.colcon_core.shell:Creating package descriptor '/home/mcr2/ros2_ws/src/install/courseworks_params/share/courseworks_params/package.dsv'
[4.799s] INFO:colcon.colcon_core.shell:Creating package script '/home/mcr2/ros2_ws/src/install/courseworks_params/share/courseworks_params/package.sh'
[4.799s] INFO:colcon.colcon_core.shell:Creating package script '/home/mcr2/ros2_ws/src/install/courseworks_params/share/courseworks_params/package.bash'
[4.800s] INFO:colcon.colcon_core.shell:Creating package script '/home/mcr2/ros2_ws/src/install/courseworks_params/share/courseworks_params/package.zsh'
[4.800s] Level 1:colcon.colcon_core.environment:create_file_with_runtime_dependencies(/home/mcr2/ros2_ws/src/install/courseworks_params/share/colcon-core/packages/courseworks_params)
[4.804s] DEBUG:colcon.colcon_core.event_handler.log_command:Invoked command in '/home/mcr2/ros2_ws/src/courseworks' returned '0': PYTHONPATH=/home/mcr2/ros2_ws/src/build/courseworks/prefix_override:/home/mcr2/ros2_ws/src/install/courseworks/lib/python3.10/site-packages:${PYTHONPATH} /usr/bin/python3 setup.py egg_info --egg-base ../build/courseworks build --build-base /home/mcr2/ros2_ws/src/build/courseworks/build install --record /home/mcr2/ros2_ws/src/build/courseworks/install.log --single-version-externally-managed
[4.815s] Level 1:colcon.colcon_core.environment:checking '/home/mcr2/ros2_ws/src/install/courseworks' for CMake module files
[4.816s] Level 1:colcon.colcon_core.environment:checking '/home/mcr2/ros2_ws/src/install/courseworks' for CMake config files
[4.816s] Level 1:colcon.colcon_core.environment:checking '/home/mcr2/ros2_ws/src/install/courseworks/lib'
[4.816s] Level 1:colcon.colcon_core.environment:checking '/home/mcr2/ros2_ws/src/install/courseworks/bin'
[4.816s] Level 1:colcon.colcon_core.environment:checking '/home/mcr2/ros2_ws/src/install/courseworks/lib/pkgconfig/courseworks.pc'
[4.816s] Level 1:colcon.colcon_core.environment:checking '/home/mcr2/ros2_ws/src/install/courseworks/lib/python3.10/site-packages'
[4.816s] Level 1:colcon.colcon_core.shell:create_environment_hook('courseworks', 'pythonpath')
[4.831s] INFO:colcon.colcon_core.shell:Creating environment hook '/home/mcr2/ros2_ws/src/install/courseworks/share/courseworks/hook/pythonpath.ps1'
[4.832s] INFO:colcon.colcon_core.shell:Creating environment descriptor '/home/mcr2/ros2_ws/src/install/courseworks/share/courseworks/hook/pythonpath.dsv'
[4.832s] INFO:colcon.colcon_core.shell:Creating environment hook '/home/mcr2/ros2_ws/src/install/courseworks/share/courseworks/hook/pythonpath.sh'
[4.833s] Level 1:colcon.colcon_core.environment:checking '/home/mcr2/ros2_ws/src/install/courseworks/bin'
[4.833s] Level 1:colcon.colcon_core.environment:create_environment_scripts_only(courseworks)
[4.850s] INFO:colcon.colcon_core.shell:Creating package script '/home/mcr2/ros2_ws/src/install/courseworks/share/courseworks/package.ps1'
[4.851s] INFO:colcon.colcon_core.shell:Creating package descriptor '/home/mcr2/ros2_ws/src/install/courseworks/share/courseworks/package.dsv'
[4.852s] INFO:colcon.colcon_core.shell:Creating package script '/home/mcr2/ros2_ws/src/install/courseworks/share/courseworks/package.sh'
[4.852s] INFO:colcon.colcon_core.shell:Creating package script '/home/mcr2/ros2_ws/src/install/courseworks/share/courseworks/package.bash'
[4.853s] INFO:colcon.colcon_core.shell:Creating package script '/home/mcr2/ros2_ws/src/install/courseworks/share/courseworks/package.zsh'
[4.853s] Level 1:colcon.colcon_core.environment:create_file_with_runtime_dependencies(/home/mcr2/ros2_ws/src/install/courseworks/share/colcon-core/packages/courseworks)
[5.257s] DEBUG:colcon.colcon_core.event_handler.log_command:Invoking command in '/home/mcr2/ros2_ws/src/sphere_msgs': AMENT_PREFIX_PATH=/home/mcr2/ros2_ws/src/install/msgs_clase:${AMENT_PREFIX_PATH} CMAKE_PREFIX_PATH=/home/mcr2/ros2_ws/src/install/msgs_clase:${CMAKE_PREFIX_PATH} LD_LIBRARY_PATH=/home/mcr2/ros2_ws/src/install/msgs_clase/lib:${LD_LIBRARY_PATH} PYTHONPATH=/home/mcr2/ros2_ws/src/build/sphere_msgs/prefix_override:/home/mcr2/ros2_ws/src/install/sphere_msgs/lib/python3.10/site-packages:/home/mcr2/ros2_ws/src/install/msgs_clase/local/lib/python3.10/dist-packages:${PYTHONPATH} /usr/bin/python3 setup.py egg_info --egg-base ../build/sphere_msgs build --build-base /home/mcr2/ros2_ws/src/build/sphere_msgs/build install --record /home/mcr2/ros2_ws/src/build/sphere_msgs/install.log --single-version-externally-managed
[5.260s] DEBUG:colcon.colcon_core.event_handler.log_command:Invoking command in '/home/mcr2/ros2_ws/src/signal_decomposition': AMENT_PREFIX_PATH=/home/mcr2/ros2_ws/src/install/signal_msg:${AMENT_PREFIX_PATH} CMAKE_PREFIX_PATH=/home/mcr2/ros2_ws/src/install/signal_msg:${CMAKE_PREFIX_PATH} LD_LIBRARY_PATH=/home/mcr2/ros2_ws/src/install/signal_msg/lib:${LD_LIBRARY_PATH} PYTHONPATH=/home/mcr2/ros2_ws/src/build/signal_decomposition/prefix_override:/home/mcr2/ros2_ws/src/install/signal_decomposition/lib/python3.10/site-packages:/home/mcr2/ros2_ws/src/install/signal_msg/local/lib/python3.10/dist-packages:${PYTHONPATH} /usr/bin/python3 setup.py egg_info --egg-base ../build/signal_decomposition build --build-base /home/mcr2/ros2_ws/src/build/signal_decomposition/build install --record /home/mcr2/ros2_ws/src/build/signal_decomposition/install.log --single-version-externally-managed
[5.498s] DEBUG:colcon.colcon_core.event_handler.log_command:Invoked command in '/home/mcr2/ros2_ws/src/sphere_msgs' returned '0': AMENT_PREFIX_PATH=/home/mcr2/ros2_ws/src/install/msgs_clase:${AMENT_PREFIX_PATH} CMAKE_PREFIX_PATH=/home/mcr2/ros2_ws/src/install/msgs_clase:${CMAKE_PREFIX_PATH} LD_LIBRARY_PATH=/home/mcr2/ros2_ws/src/install/msgs_clase/lib:${LD_LIBRARY_PATH} PYTHONPATH=/home/mcr2/ros2_ws/src/build/sphere_msgs/prefix_override:/home/mcr2/ros2_ws/src/install/sphere_msgs/lib/python3.10/site-packages:/home/mcr2/ros2_ws/src/install/msgs_clase/local/lib/python3.10/dist-packages:${PYTHONPATH} /usr/bin/python3 setup.py egg_info --egg-base ../build/sphere_msgs build --build-base /home/mcr2/ros2_ws/src/build/sphere_msgs/build install --record /home/mcr2/ros2_ws/src/build/sphere_msgs/install.log --single-version-externally-managed
[5.517s] Level 1:colcon.colcon_core.environment:checking '/home/mcr2/ros2_ws/src/install/sphere_msgs' for CMake module files
[5.518s] Level 1:colcon.colcon_core.environment:checking '/home/mcr2/ros2_ws/src/install/sphere_msgs' for CMake config files
[5.518s] Level 1:colcon.colcon_core.environment:checking '/home/mcr2/ros2_ws/src/install/sphere_msgs/lib'
[5.518s] Level 1:colcon.colcon_core.environment:checking '/home/mcr2/ros2_ws/src/install/sphere_msgs/bin'
[5.518s] Level 1:colcon.colcon_core.environment:checking '/home/mcr2/ros2_ws/src/install/sphere_msgs/lib/pkgconfig/sphere_msgs.pc'
[5.518s] Level 1:colcon.colcon_core.environment:checking '/home/mcr2/ros2_ws/src/install/sphere_msgs/lib/python3.10/site-packages'
[5.518s] Level 1:colcon.colcon_core.shell:create_environment_hook('sphere_msgs', 'pythonpath')
[5.530s] INFO:colcon.colcon_core.shell:Creating environment hook '/home/mcr2/ros2_ws/src/install/sphere_msgs/share/sphere_msgs/hook/pythonpath.ps1'
[5.530s] INFO:colcon.colcon_core.shell:Creating environment descriptor '/home/mcr2/ros2_ws/src/install/sphere_msgs/share/sphere_msgs/hook/pythonpath.dsv'
[5.531s] INFO:colcon.colcon_core.shell:Creating environment hook '/home/mcr2/ros2_ws/src/install/sphere_msgs/share/sphere_msgs/hook/pythonpath.sh'
[5.531s] Level 1:colcon.colcon_core.environment:checking '/home/mcr2/ros2_ws/src/install/sphere_msgs/bin'
[5.532s] Level 1:colcon.colcon_core.environment:create_environment_scripts_only(sphere_msgs)
[5.545s] INFO:colcon.colcon_core.shell:Creating package script '/home/mcr2/ros2_ws/src/install/sphere_msgs/share/sphere_msgs/package.ps1'
[5.546s] INFO:colcon.colcon_core.shell:Creating package descriptor '/home/mcr2/ros2_ws/src/install/sphere_msgs/share/sphere_msgs/package.dsv'
[5.547s] INFO:colcon.colcon_core.shell:Creating package script '/home/mcr2/ros2_ws/src/install/sphere_msgs/share/sphere_msgs/package.sh'
[5.547s] INFO:colcon.colcon_core.shell:Creating package script '/home/mcr2/ros2_ws/src/install/sphere_msgs/share/sphere_msgs/package.bash'
[5.548s] INFO:colcon.colcon_core.shell:Creating package script '/home/mcr2/ros2_ws/src/install/sphere_msgs/share/sphere_msgs/package.zsh'
[5.548s] Level 1:colcon.colcon_core.environment:create_file_with_runtime_dependencies(/home/mcr2/ros2_ws/src/install/sphere_msgs/share/colcon-core/packages/sphere_msgs)
[5.558s] DEBUG:colcon.colcon_core.event_handler.log_command:Invoked command in '/home/mcr2/ros2_ws/src/signal_decomposition' returned '0': AMENT_PREFIX_PATH=/home/mcr2/ros2_ws/src/install/signal_msg:${AMENT_PREFIX_PATH} CMAKE_PREFIX_PATH=/home/mcr2/ros2_ws/src/install/signal_msg:${CMAKE_PREFIX_PATH} LD_LIBRARY_PATH=/home/mcr2/ros2_ws/src/install/signal_msg/lib:${LD_LIBRARY_PATH} PYTHONPATH=/home/mcr2/ros2_ws/src/build/signal_decomposition/prefix_override:/home/mcr2/ros2_ws/src/install/signal_decomposition/lib/python3.10/site-packages:/home/mcr2/ros2_ws/src/install/signal_msg/local/lib/python3.10/dist-packages:${PYTHONPATH} /usr/bin/python3 setup.py egg_info --egg-base ../build/signal_decomposition build --build-base /home/mcr2/ros2_ws/src/build/signal_decomposition/build install --record /home/mcr2/ros2_ws/src/build/signal_decomposition/install.log --single-version-externally-managed
[5.569s] Level 1:colcon.colcon_core.environment:checking '/home/mcr2/ros2_ws/src/install/signal_decomposition' for CMake module files
[5.570s] Level 1:colcon.colcon_core.environment:checking '/home/mcr2/ros2_ws/src/install/signal_decomposition' for CMake config files
[5.570s] Level 1:colcon.colcon_core.environment:checking '/home/mcr2/ros2_ws/src/install/signal_decomposition/lib'
[5.570s] Level 1:colcon.colcon_core.environment:checking '/home/mcr2/ros2_ws/src/install/signal_decomposition/bin'
[5.571s] Level 1:colcon.colcon_core.environment:checking '/home/mcr2/ros2_ws/src/install/signal_decomposition/lib/pkgconfig/signal_decomposition.pc'
[5.571s] Level 1:colcon.colcon_core.environment:checking '/home/mcr2/ros2_ws/src/install/signal_decomposition/lib/python3.10/site-packages'
[5.571s] Level 1:colcon.colcon_core.shell:create_environment_hook('signal_decomposition', 'pythonpath')
[5.590s] INFO:colcon.colcon_core.shell:Creating environment hook '/home/mcr2/ros2_ws/src/install/signal_decomposition/share/signal_decomposition/hook/pythonpath.ps1'
[5.591s] INFO:colcon.colcon_core.shell:Creating environment descriptor '/home/mcr2/ros2_ws/src/install/signal_decomposition/share/signal_decomposition/hook/pythonpath.dsv'
[5.591s] INFO:colcon.colcon_core.shell:Creating environment hook '/home/mcr2/ros2_ws/src/install/signal_decomposition/share/signal_decomposition/hook/pythonpath.sh'
[5.592s] Level 1:colcon.colcon_core.environment:checking '/home/mcr2/ros2_ws/src/install/signal_decomposition/bin'
[5.592s] Level 1:colcon.colcon_core.environment:create_environment_scripts_only(signal_decomposition)
[5.609s] INFO:colcon.colcon_core.shell:Creating package script '/home/mcr2/ros2_ws/src/install/signal_decomposition/share/signal_decomposition/package.ps1'
[5.609s] INFO:colcon.colcon_core.shell:Creating package descriptor '/home/mcr2/ros2_ws/src/install/signal_decomposition/share/signal_decomposition/package.dsv'
[5.610s] INFO:colcon.colcon_core.shell:Creating package script '/home/mcr2/ros2_ws/src/install/signal_decomposition/share/signal_decomposition/package.sh'
[5.610s] INFO:colcon.colcon_core.shell:Creating package script '/home/mcr2/ros2_ws/src/install/signal_decomposition/share/signal_decomposition/package.bash'
[5.611s] INFO:colcon.colcon_core.shell:Creating package script '/home/mcr2/ros2_ws/src/install/signal_decomposition/share/signal_decomposition/package.zsh'
[5.611s] Level 1:colcon.colcon_core.environment:create_file_with_runtime_dependencies(/home/mcr2/ros2_ws/src/install/signal_decomposition/share/colcon-core/packages/signal_decomposition)
[5.612s] DEBUG:colcon.colcon_parallel_executor.executor.parallel:closing loop
[5.612s] DEBUG:colcon.colcon_parallel_executor.executor.parallel:loop closed
[5.612s] DEBUG:colcon.colcon_parallel_executor.executor.parallel:run_until_complete finished with '0'
[5.612s] DEBUG:colcon.colcon_core.event_reactor:joining thread
[5.628s] INFO:colcon.colcon_core.plugin_system:Skipping extension 'colcon_notification.desktop_notification.terminal_notifier': Not used on non-Darwin systems
[5.628s] INFO:colcon.colcon_core.plugin_system:Skipping extension 'colcon_notification.desktop_notification.win32': Not used on non-Windows systems
[5.628s] INFO:colcon.colcon_notification.desktop_notification:Sending desktop notification using 'notify2'
[5.647s] DEBUG:colcon.colcon_core.event_reactor:joined thread
[5.659s] INFO:colcon.colcon_core.shell:Creating prefix script '/home/mcr2/ros2_ws/src/install/local_setup.ps1'
[5.660s] INFO:colcon.colcon_core.shell:Creating prefix util module '/home/mcr2/ros2_ws/src/install/_local_setup_util_ps1.py'
[5.661s] INFO:colcon.colcon_core.shell:Creating prefix chain script '/home/mcr2/ros2_ws/src/install/setup.ps1'
[5.676s] INFO:colcon.colcon_core.shell:Creating prefix script '/home/mcr2/ros2_ws/src/install/local_setup.sh'
[5.676s] INFO:colcon.colcon_core.shell:Creating prefix util module '/home/mcr2/ros2_ws/src/install/_local_setup_util_sh.py'
[5.677s] INFO:colcon.colcon_core.shell:Creating prefix chain script '/home/mcr2/ros2_ws/src/install/setup.sh'
[5.690s] INFO:colcon.colcon_core.shell:Creating prefix script '/home/mcr2/ros2_ws/src/install/local_setup.bash'
[5.691s] INFO:colcon.colcon_core.shell:Creating prefix chain script '/home/mcr2/ros2_ws/src/install/setup.bash'
[5.704s] INFO:colcon.colcon_core.shell:Creating prefix script '/home/mcr2/ros2_ws/src/install/local_setup.zsh'
[5.704s] INFO:colcon.colcon_core.shell:Creating prefix chain script '/home/mcr2/ros2_ws/src/install/setup.zsh'
