[2.173s] Invoking command in '/home/mcr2/ros2_ws/src/courseworks_params': PYTHONPATH=/home/mcr2/ros2_ws/src/build/courseworks_params/prefix_override:/home/mcr2/ros2_ws/src/install/courseworks_params/lib/python3.10/site-packages:${PYTHONPATH} /usr/bin/python3 setup.py egg_info --egg-base ../build/courseworks_params build --build-base /home/mcr2/ros2_ws/src/build/courseworks_params/build install --record /home/mcr2/ros2_ws/src/build/courseworks_params/install.log --single-version-externally-managed
[2.417s] running egg_info
[2.420s] writing ../build/courseworks_params/courseworks_params.egg-info/PKG-INFO
[2.421s] writing dependency_links to ../build/courseworks_params/courseworks_params.egg-info/dependency_links.txt
[2.421s] writing entry points to ../build/courseworks_params/courseworks_params.egg-info/entry_points.txt
[2.421s] writing requirements to ../build/courseworks_params/courseworks_params.egg-info/requires.txt
[2.421s] writing top-level names to ../build/courseworks_params/courseworks_params.egg-info/top_level.txt
[2.423s] reading manifest file '../build/courseworks_params/courseworks_params.egg-info/SOURCES.txt'
[2.423s] adding license file 'LICENSE'
[2.424s] writing manifest file '../build/courseworks_params/courseworks_params.egg-info/SOURCES.txt'
[2.424s] running build
[2.424s] running build_py
[2.424s] running install
[2.425s] /usr/lib/python3/dist-packages/setuptools/command/install.py:34: SetuptoolsDeprecationWarning: setup.py install is deprecated. Use build and pip and other standards-based tools.
[2.425s]   warnings.warn(
[2.426s] running install_lib
[2.426s] running install_data
[2.429s] running install_egg_info
[2.429s] removing '/home/mcr2/ros2_ws/src/install/courseworks_params/lib/python3.10/site-packages/courseworks_params-0.0.0-py3.10.egg-info' (and everything under it)
[2.437s] Copying ../build/courseworks_params/courseworks_params.egg-info to /home/mcr2/ros2_ws/src/install/courseworks_params/lib/python3.10/site-packages/courseworks_params-0.0.0-py3.10.egg-info
[2.437s] running install_scripts
[2.461s] Installing signal_params script to /home/mcr2/ros2_ws/src/install/courseworks_params/lib/courseworks_params
[2.461s] writing list of installed files to '/home/mcr2/ros2_ws/src/build/courseworks_params/install.log'
[2.765s] Invoked command in '/home/mcr2/ros2_ws/src/courseworks_params' returned '0': PYTHONPATH=/home/mcr2/ros2_ws/src/build/courseworks_params/prefix_override:/home/mcr2/ros2_ws/src/install/courseworks_params/lib/python3.10/site-packages:${PYTHONPATH} /usr/bin/python3 setup.py egg_info --egg-base ../build/courseworks_params build --build-base /home/mcr2/ros2_ws/src/build/courseworks_params/build install --record /home/mcr2/ros2_ws/src/build/courseworks_params/install.log --single-version-externally-managed
